007.000 AFR 00248828152
000.001 WPR 00248898660
000.004 RBE 00248899110
000.001 RBE 00248899389
000.002 WPR 00248899499
000.002 RBE 00248899869
000.005 AFR 00251937915
000.005 WPR 00251949606
000.005 RBE 00251950253
000.007 AFR 00251971128
000.003 AFR 00252144230
000.003 WPR 00252150302
000.003 RBE 00252163475
000.007 WPR 00252176398
000.007 RBE 00252176721
000.008 WPR 00252180618
000.019 WPR 00252180793
000.008 RBE 00252180930
000.019 RBE 00252181116
000.018 WPR 00252181206
000.018 RBE 00252181513
000.013 WPR 00252182448
000.013 RBE 00252182785
000.009 WPR 00252182956
000.015 WPR 00252183277
000.009 RBE 00252183311
000.010 WPR 00252183534
000.012 WPR 00252183552
000.016 WPR 00252183809
000.015 RBE 00252184002
000.016 RBE 00252184215
000.010 RBE 00252184243
000.012 RBE 00252184407
000.020 WPR 00252185059
000.020 RBE 00252185406
000.011 WPR 00252186257
000.017 WPR 00252186549
000.006 WPR 00252186620
000.011 RBE 00252186769
000.017 RBE 00252186938
000.006 RBE 00252187000
000.014 WPR 00252191702
000.014 RBE 00252192465
000.024 WPR 00252201753
000.023 WPR 00252202018
000.022 WPR 00252202121
000.021 WPR 00252202322
000.024 RBE 00252202418
000.021 RBE 00252212989
000.022 RBE 00252213039
000.023 RBE 00252213058
000 RTF 252577248
000 REP 0004567 0004569 0049030 0140228 0142459 0143493 0143675 0143913 0143914 0148082 00253051848
000.024 RPR 00253077278
000.022 RPR 00253079576
000.023 RPR 00253080511
000.021 RPR 00253092499
000.004 RPR 00253154385
000.002 RPR 00253165071
000.005 RPR 00253186803
000.003 RPR 00253189850
000.007 RPR 00253193705
000.020 RPR 00253193744
000.016 RPR 00253193783
000.014 RPR 00253194151
000.019 RPR 00253194220
000.017 RPR 00253195453
000.008 RPR 00253197108
000.006 RPR 00253197304
000.011 RPR 00253198320
000.018 RPR 00253200347
000.009 RPR 00253201721
000.010 RPR 00253211344
000.013 RPR 00253213433
000.001 RPR 00253415174
000.015 RPR 00253483698
000.012 RPR 00253486004
010 P 0054977 0056769 1322078 2911425 2912416 2913832 00255017519