00000000141 00000004920 00000024924 00072760342
00000000141 00000004920 00000024924 00072760342
00000000141 00000004920 00000024924 00072760342
00000000141 00000004920 00000024924 00072760342
00000000141 00000004920 00000024924 00072760342
00000000061 00000005842 00000025846 00073680050
00000000061 00000005842 00000025846 00073680050
00000000061 00000005842 00000025846 00073680050
00000000061 00000005842 00000025846 00073680050
00000000061 00000005842 00000025846 00073680050
00000000029 00000006810 00000026814 00074648606
00000000029 00000006810 00000026814 00074648606
00000000029 00000006810 00000026814 00074648606
00000000029 00000006810 00000026814 00074648606
00000000029 00000006810 00000026814 00074648606
00000000038 00000007819 00000027823 00075656816
00000000038 00000007819 00000027823 00075656816
00000000038 00000007819 00000027823 00075656816
00000000038 00000007819 00000027823 00075656816
00000000038 00000007819 00000027823 00075656816
00000000056 00000008838 00000028842 00076676033
00000000056 00000008838 00000028842 00076676033
00000000056 00000008838 00000028842 00076676033
00000000056 00000008838 00000028842 00076676033
00000000056 00000008838 00000028842 00076676033
00000000059 00000009841 00000029845 00077679350
00000000059 00000009841 00000029845 00077679350
00000000059 00000009841 00000029845 00077679350
00000000059 00000009841 00000029845 00077679350
00000000059 00000009841 00000029845 00077679350
00000000073 00000010856 00000030860 00078694012
00000000073 00000010856 00000030860 00078694012
00000000073 00000010856 00000030860 00078694012
00000000073 00000010856 00000030860 00078694012
00000000073 00000010856 00000030860 00078694012
00000000041 00000011824 00000031828 00079662436
00000000041 00000011824 00000031828 00079662436
00000000041 00000011824 00000031828 00079662436
00000000041 00000011824 00000031828 00079662436
00000000041 00000011824 00000031828 00079662436
00000000082 00000012865 00000012865 00080703560
00000000082 00000012865 00000012865 00080703560
00000000082 00000012865 00000012865 00080703560
00000000082 00000012865 00000012865 00080703560
00000000082 00000012865 00000012865 00080703560
00000000038 00000013821 00000013821 00081658973
00000000038 00000013821 00000013821 00081658973
00000000038 00000013821 00000013821 00081658973
00000000038 00000013821 00000013821 00081658973
00000000038 00000013821 00000013821 00081658973
00000000058 00000014841 00000014841 00082679732
00000000058 00000014841 00000014841 00082679732
00000000058 00000014841 00000014841 00082679732
00000000058 00000014841 00000014841 00082679732
00000000058 00000014841 00000014841 00082679732
00000000067 00000015850 00000015850 00083688001
00000000067 00000015850 00000015850 00083688001
00000000067 00000015850 00000015850 00083688001
00000000067 00000015850 00000015850 00083688001
00000000067 00000015850 00000015850 00083688001
00000000055 00000016839 00000016839 00084677474
00000000055 00000016839 00000016839 00084677474
00000000055 00000016839 00000016839 00084677474
00000000055 00000016839 00000016839 00084677474
00000000055 00000016839 00000016839 00084677474
00000000064 00000017848 00000017848 00085686719
00000000064 00000017848 00000017848 00085686719
00000000064 00000017848 00000017848 00085686719
00000000064 00000017848 00000017848 00085686719
00000000064 00000017848 00000017848 00085686719
00000000076 00000018860 00000018860 00086697978
00000000076 00000018860 00000018860 00086697978
00000000076 00000018860 00000018860 00086697978
00000000076 00000018860 00000018860 00086697978
00000000076 00000018860 00000018860 00086697978
00000000052 00000019837 00000019837 00087675106
00000000052 00000019837 00000019837 00087675106
00000000052 00000019837 00000019837 00087675106
00000000052 00000019837 00000019837 00087675106
00000000052 00000019837 00000019837 00087675106
00000000021 00000020806 00000020806 00088644543
00000000021 00000020806 00000020806 00088644543
00000000021 00000020806 00000020806 00088644543
00000000021 00000020806 00000020806 00088644543
00000000021 00000020806 00000020806 00088644543
00000000085 00000021870 00000021870 00089708670
00000000085 00000021870 00000021870 00089708670
00000000085 00000021870 00000021870 00089708670
00000000085 00000021870 00000021870 00089708670
00000000085 00000021870 00000021870 00089708670
00000000089 00000022874 00000022874 00090712740
00000000089 00000022874 00000022874 00090712740
00000000089 00000022874 00000022874 00090712740
00000000089 00000022874 00000022874 00090712740
00000000089 00000022874 00000022874 00090712740
00000000036 00000023821 00000023821 00091659254
00000000036 00000023821 00000023821 00091659254
00000000036 00000023821 00000023821 00091659254
00000000036 00000023821 00000023821 00091659254
00000000036 00000023821 00000023821 00091659254
00000000037 00000024823 00000024823 00092661326
00000000037 00000024823 00000024823 00092661326
00000000037 00000024823 00000024823 00092661326
00000000037 00000024823 00000024823 00092661326
00000000037 00000024823 00000024823 00092661326
00000000054 00000025840 00000025840 00093678422
00000000054 00000025840 00000025840 00093678422
00000000054 00000025840 00000025840 00093678422
00000000054 00000025840 00000025840 00093678422
00000000054 00000025840 00000025840 00093678422
00000000062 00000026848 00000026848 00094686447
00000000062 00000026848 00000026848 00094686447
00000000062 00000026848 00000026848 00094686447
00000000062 00000026848 00000026848 00094686447
00000000062 00000026848 00000026848 00094686447
00000000042 00000027828 00000027828 00095666049
00000000042 00000027828 00000027828 00095666049
00000000042 00000027828 00000027828 00095666049
00000000042 00000027828 00000027828 00095666049
00000000042 00000027828 00000027828 00095666049
00000000052 00000028838 00000028838 00096675786
00000000052 00000028838 00000028838 00096675786
00000000052 00000028838 00000028838 00096675786
00000000052 00000028838 00000028838 00096675786
00000000052 00000028838 00000028838 00096675786
00000000110 00000029896 00000029896 00097734189
00000000110 00000029896 00000029896 00097734189
00000000110 00000029896 00000029896 00097734189
00000000110 00000029896 00000029896 00097734189
00000000110 00000029896 00000029896 00097734189
00000000062 00000030849 00000030849 00098687340
00000000062 00000030849 00000030849 00098687340
00000000062 00000030849 00000030849 00098687340
00000000062 00000030849 00000030849 00098687340
00000000062 00000030849 00000030849 00098687340
00000000327 00000032114 00000032114 00099952496
00000000327 00000032114 00000032114 00099952496
00000000327 00000032114 00000032114 00099952496
00000000327 00000032114 00000032114 00099952496
00000000327 00000032114 00000032114 00099952496
00000000073 00000032860 00000012851 00100698515
00000000073 00000032860 00000012851 00100698515
00000000073 00000032860 00000012851 00100698515
00000000073 00000032860 00000012851 00100698515
00000000073 00000032860 00000012851 00100698515
00000000038 00000033825 00000013816 00101663431
00000000038 00000033825 00000013816 00101663431
00000000038 00000033825 00000013816 00101663431
00000000038 00000033825 00000013816 00101663431
00000000038 00000033825 00000013816 00101663431
00000000059 00000034846 00000014837 00102683777
00000000059 00000034846 00000014837 00102683777
00000000059 00000034846 00000014837 00102683777
00000000059 00000034846 00000014837 00102683777
00000000059 00000034846 00000014837 00102683777
00000000063 00000035851 00000015842 00103689487
00000000063 00000035851 00000015842 00103689487
00000000063 00000035851 00000015842 00103689487
00000000063 00000035851 00000015842 00103689487
00000000063 00000035851 00000015842 00103689487
00000000072 00000036860 00000016851 00104698613
00000000072 00000036860 00000016851 00104698613
00000000072 00000036860 00000016851 00104698613
00000000072 00000036860 00000016851 00104698613
00000000072 00000036860 00000016851 00104698613
00000000076 00000037864 00000017855 00105702185
00000000076 00000037864 00000017855 00105702185
00000000076 00000037864 00000017855 00105702185
00000000076 00000037864 00000017855 00105702185
00000000076 00000037864 00000017855 00105702185
00000000043 00000038831 00000018822 00106669360
00000000043 00000038831 00000018822 00106669360
00000000043 00000038831 00000018822 00106669360
00000000043 00000038831 00000018822 00106669360
00000000043 00000038831 00000018822 00106669360
00000000062 00000039850 00000019841 00107688529
00000000062 00000039850 00000019841 00107688529
00000000062 00000039850 00000019841 00107688529
00000000062 00000039850 00000019841 00107688529
00000000062 00000039850 00000019841 00107688529
00000000094 00000040883 00000020874 00108721177
00000000094 00000040883 00000020874 00108721177
00000000094 00000040883 00000020874 00108721177
00000000094 00000040883 00000020874 00108721177
00000000094 00000040883 00000020874 00108721177
00000000059 00000041848 00000021839 00109686758
00000000059 00000041848 00000021839 00109686758
00000000059 00000041848 00000021839 00109686758
00000000059 00000041848 00000021839 00109686758
00000000059 00000041848 00000021839 00109686758
00000000130 00000042919 00000022910 00110757087
00000000130 00000042919 00000022910 00110757087
00000000130 00000042919 00000022910 00110757087
00000000130 00000042919 00000022910 00110757087
00000000130 00000042919 00000022910 00110757087
00000000081 00000043870 00000023861 00111708324
00000000081 00000043870 00000023861 00111708324
00000000081 00000043870 00000023861 00111708324
00000000081 00000043870 00000023861 00111708324
00000000081 00000043870 00000023861 00111708324
00000000073 00000044862 00000024853 00112699950
00000000073 00000044862 00000024853 00112699950
00000000073 00000044862 00000024853 00112699950
00000000073 00000044862 00000024853 00112699950
00000000073 00000044862 00000024853 00112699950
00000000060 00000045849 00000025840 00113687640
00000000060 00000045849 00000025840 00113687640
00000000060 00000045849 00000025840 00113687640
00000000060 00000045849 00000025840 00113687640
00000000060 00000045849 00000025840 00113687640
00000000068 00000046858 00000026849 00114695888
00000000068 00000046858 00000026849 00114695888
00000000068 00000046858 00000026849 00114695888
00000000068 00000046858 00000026849 00114695888
00000000068 00000046858 00000026849 00114695888
00000000107 00000047897 00000027888 00115735543
00000000107 00000047897 00000027888 00115735543
00000000107 00000047897 00000027888 00115735543
00000000107 00000047897 00000027888 00115735543
00000000107 00000047897 00000027888 00115735543
00000000090 00000048880 00000028871 00116718434
00000000090 00000048880 00000028871 00116718434
00000000090 00000048880 00000028871 00116718434
00000000090 00000048880 00000028871 00116718434
00000000090 00000048880 00000028871 00116718434
00000000287 00000050077 00000030068 00117915690
00000000287 00000050077 00000030068 00117915690
00000000287 00000050077 00000030068 00117915690
00000000287 00000050077 00000030068 00117915690
00000000287 00000050077 00000030068 00117915690
00000000056 00000050846 00000030837 00118684564
00000000056 00000050846 00000030837 00118684564
00000000056 00000050846 00000030837 00118684564
00000000056 00000050846 00000030837 00118684564
00000000056 00000050846 00000030837 00118684564
00000000257 00000052048 00000032039 00119886184
00000000257 00000052048 00000032039 00119886184
00000000257 00000052048 00000032039 00119886184
00000000257 00000052048 00000032039 00119886184
00000000257 00000052048 00000032039 00119886184
00000000082 00000052873 00000012861 00120711443
00000000082 00000052873 00000012861 00120711443
00000000082 00000052873 00000012861 00120711443
00000000082 00000052873 00000012861 00120711443
00000000082 00000052873 00000012861 00120711443
00000000037 00000053828 00000013816 00121666569
00000000037 00000053828 00000013816 00121666569
00000000037 00000053828 00000013816 00121666569
00000000037 00000053828 00000013816 00121666569
00000000037 00000053828 00000013816 00121666569
00000000046 00000054837 00000014825 00122675472
00000000046 00000054837 00000014825 00122675472
00000000046 00000054837 00000014825 00122675472
00000000046 00000054837 00000014825 00122675472
00000000046 00000054837 00000014825 00122675472
00000000041 00000055832 00000015820 00123669942
00000000041 00000055832 00000015820 00123669942
00000000041 00000055832 00000015820 00123669942
00000000041 00000055832 00000015820 00123669942
00000000041 00000055832 00000015820 00123669942
00000000055 00000056847 00000016835 00124685446
00000000055 00000056847 00000016835 00124685446
00000000055 00000056847 00000016835 00124685446
00000000055 00000056847 00000016835 00124685446
00000000055 00000056847 00000016835 00124685446
00000000057 00000057849 00000017837 00125687428
00000000057 00000057849 00000017837 00125687428
00000000057 00000057849 00000017837 00125687428
00000000057 00000057849 00000017837 00125687428
00000000057 00000057849 00000017837 00125687428
00000000027 00000058819 00000018807 00126657582
00000000027 00000058819 00000018807 00126657582
00000000027 00000058819 00000018807 00126657582
00000000027 00000058819 00000018807 00126657582
00000000027 00000058819 00000018807 00126657582
00000000043 00000059835 00000019823 00127673542
00000000043 00000059835 00000019823 00127673542
00000000043 00000059835 00000019823 00127673542
00000000043 00000059835 00000019823 00127673542
00000000043 00000059835 00000019823 00127673542
00000000053 00000060845 00000020833 00128683682
00000000053 00000060845 00000020833 00128683682
00000000053 00000060845 00000020833 00128683682
00000000053 00000060845 00000020833 00128683682
00000000053 00000060845 00000020833 00128683682
00000000043 00000061836 00000021824 00129674506
00000000043 00000061836 00000021824 00129674506
00000000043 00000061836 00000021824 00129674506
00000000043 00000061836 00000021824 00129674506
00000000043 00000061836 00000021824 00129674506
00000000089 00000062882 00000022870 00130720421
00000000089 00000062882 00000022870 00130720421
00000000089 00000062882 00000022870 00130720421
00000000089 00000062882 00000022870 00130720421
00000000089 00000062882 00000022870 00130720421
00000000111 00000063904 00000023892 00131742052
00000000111 00000063904 00000023892 00131742052
00000000111 00000063904 00000023892 00131742052
00000000111 00000063904 00000023892 00131742052
00000000111 00000063904 00000023892 00131742052
00000000045 00000064838 00000024826 00132676415
00000000045 00000064838 00000024826 00132676415
00000000045 00000064838 00000024826 00132676415
00000000045 00000064838 00000024826 00132676415
00000000045 00000064838 00000024826 00132676415
00000000031 00000065824 00000025812 00133662550
00000000031 00000065824 00000025812 00133662550
00000000031 00000065824 00000025812 00133662550
00000000031 00000065824 00000025812 00133662550
00000000031 00000065824 00000025812 00133662550
00000000078 00000066872 00000026860 00134710509
00000000078 00000066872 00000026860 00134710509
00000000078 00000066872 00000026860 00134710509
00000000078 00000066872 00000026860 00134710509
00000000078 00000066872 00000026860 00134710509
00000000082 00000067876 00000027864 00135713937
00000000082 00000067876 00000027864 00135713937
00000000082 00000067876 00000027864 00135713937
00000000082 00000067876 00000027864 00135713937
00000000082 00000067876 00000027864 00135713937
00000000070 00000068864 00000028852 00136701888
00000000070 00000068864 00000028852 00136701888
00000000070 00000068864 00000028852 00136701888
00000000070 00000068864 00000028852 00136701888
00000000070 00000068864 00000028852 00136701888
00000000069 00000069863 00000029851 00137701616
00000000069 00000069863 00000029851 00137701616
00000000069 00000069863 00000029851 00137701616
00000000069 00000069863 00000029851 00137701616
00000000069 00000069863 00000029851 00137701616
00000000304 00000071098 00000031086 00138935851
00000000304 00000071098 00000031086 00138935851
00000000304 00000071098 00000031086 00138935851
00000000304 00000071098 00000031086 00138935851
00000000304 00000071098 00000031086 00138935851
00000000094 00000071889 00000031877 00139727109
00000000094 00000071889 00000031877 00139727109
00000000094 00000071889 00000031877 00139727109
00000000094 00000071889 00000031877 00139727109
00000000094 00000071889 00000031877 00139727109
00000000441 00000073236 00000033224 00141074649
00000000441 00000073236 00000033224 00141074649
00000000441 00000073236 00000033224 00141074649
00000000441 00000073236 00000033224 00141074649
00000000441 00000073236 00000033224 00141074649
00000000084 00000073879 00000013863 00141717022
00000000084 00000073879 00000013863 00141717022
00000000084 00000073879 00000013863 00141717022
00000000084 00000073879 00000013863 00141717022
00000000084 00000073879 00000013863 00141717022
00000000089 00000074884 00000014868 00142722737
00000000089 00000074884 00000014868 00142722737
00000000089 00000074884 00000014868 00142722737
00000000089 00000074884 00000014868 00142722737
00000000089 00000074884 00000014868 00142722737
00000000316 00000076111 00000016095 00143948816
00000000316 00000076111 00000016095 00143948816
00000000316 00000076111 00000016095 00143948816
00000000316 00000076111 00000016095 00143948816
00000000316 00000076111 00000016095 00143948816
00000000085 00000076881 00000016865 00144718959
00000000085 00000076881 00000016865 00144718959
00000000085 00000076881 00000016865 00144718959
00000000085 00000076881 00000016865 00144718959
00000000085 00000076881 00000016865 00144718959
00000000351 00000078147 00000018131 00145985323
00000000351 00000078147 00000018131 00145985323
00000000351 00000078147 00000018131 00145985323
00000000351 00000078147 00000018131 00145985323
00000000351 00000078147 00000018131 00145985323
00000000051 00000078847 00000014830 00146685087
00000000051 00000078847 00000014830 00146685087
00000000051 00000078847 00000014830 00146685087
00000000051 00000078847 00000014830 00146685087
00000000051 00000078847 00000014830 00146685087
00000000090 00000079886 00000015869 00147724225
00000000090 00000079886 00000015869 00147724225
00000000090 00000079886 00000015869 00147724225
00000000090 00000079886 00000015869 00147724225
00000000090 00000079886 00000015869 00147724225
00000000066 00000080862 00000016845 00148699883
00000000066 00000080862 00000016845 00148699883
00000000066 00000080862 00000016845 00148699883
00000000066 00000080862 00000016845 00148699883
00000000066 00000080862 00000016845 00148699883
00000000077 00000081873 00000017856 00149711139
00000000077 00000081873 00000017856 00149711139
00000000077 00000081873 00000017856 00149711139
00000000077 00000081873 00000017856 00149711139
00000000077 00000081873 00000017856 00149711139
00000000046 00000082843 00000018826 00150681706
00000000046 00000082843 00000018826 00150681706
00000000046 00000082843 00000018826 00150681706
00000000046 00000082843 00000018826 00150681706
00000000046 00000082843 00000018826 00150681706
00000000040 00000083837 00000019820 00151674935
00000000040 00000083837 00000019820 00151674935
00000000040 00000083837 00000019820 00151674935
00000000040 00000083837 00000019820 00151674935
00000000040 00000083837 00000019820 00151674935
00000000058 00000084855 00000020838 00152693470
00000000058 00000084855 00000020838 00152693470
00000000058 00000084855 00000020838 00152693470
00000000058 00000084855 00000020838 00152693470
00000000058 00000084855 00000020838 00152693470
00000000038 00000085835 00000021818 00153673657
00000000038 00000085835 00000021818 00153673657
00000000038 00000085835 00000021818 00153673657
00000000038 00000085835 00000021818 00153673657
00000000038 00000085835 00000021818 00153673657
00000000102 00000086899 00000022882 00154737715
00000000102 00000086899 00000022882 00154737715
00000000102 00000086899 00000022882 00154737715
00000000102 00000086899 00000022882 00154737715
00000000102 00000086899 00000022882 00154737715
00000000076 00000087874 00000023857 00155712580
00000000076 00000087874 00000023857 00155712580
00000000076 00000087874 00000023857 00155712580
00000000076 00000087874 00000023857 00155712580
00000000076 00000087874 00000023857 00155712580
00000000084 00000088882 00000024865 00156720513
00000000084 00000088882 00000024865 00156720513
00000000084 00000088882 00000024865 00156720513
00000000084 00000088882 00000024865 00156720513
00000000084 00000088882 00000024865 00156720513
00000000034 00000089832 00000025815 00157670739
00000000034 00000089832 00000025815 00157670739
00000000034 00000089832 00000025815 00157670739
00000000034 00000089832 00000025815 00157670739
00000000034 00000089832 00000025815 00157670739
00000000047 00000090845 00000026828 00158682847
00000000047 00000090845 00000026828 00158682847
00000000047 00000090845 00000026828 00158682847
00000000047 00000090845 00000026828 00158682847
00000000047 00000090845 00000026828 00158682847
00000000045 00000091849 00000027832 00159687609
00000000045 00000091849 00000027832 00159687609
00000000045 00000091849 00000027832 00159687609
00000000045 00000091849 00000027832 00159687609
00000000045 00000091849 00000027832 00159687609
00000000061 00000092865 00000028848 00160703614
00000000061 00000092865 00000028848 00160703614
00000000061 00000092865 00000028848 00160703614
00000000061 00000092865 00000028848 00160703614
00000000061 00000092865 00000028848 00160703614
00000000052 00000093856 00000029839 00161693861
00000000052 00000093856 00000029839 00161693861
00000000052 00000093856 00000029839 00161693861
00000000052 00000093856 00000029839 00161693861
00000000052 00000093856 00000029839 00161693861
00000000069 00000094873 00000030856 00162711461
00000000069 00000094873 00000030856 00162711461
00000000069 00000094873 00000030856 00162711461
00000000069 00000094873 00000030856 00162711461
00000000069 00000094873 00000030856 00162711461
00000000090 00000095894 00000031877 00163732570
00000000090 00000095894 00000031877 00163732570
00000000090 00000095894 00000031877 00163732570
00000000090 00000095894 00000031877 00163732570
00000000090 00000095894 00000031877 00163732570
00000000071 00000036860 00000012855 00164714686
00000000071 00000036860 00000012855 00164714686
00000000071 00000036860 00000012855 00164714686
00000000071 00000036860 00000012855 00164714686
00000000071 00000036860 00000012855 00164714686
00000000039 00000037828 00000013823 00165681909
00000000039 00000037828 00000013823 00165681909
00000000039 00000037828 00000013823 00165681909
00000000039 00000037828 00000013823 00165681909
00000000039 00000037828 00000013823 00165681909
00000000068 00000038857 00000014852 00166711266
00000000068 00000038857 00000014852 00166711266
00000000068 00000038857 00000014852 00166711266
00000000068 00000038857 00000014852 00166711266
00000000068 00000038857 00000014852 00166711266
00000000087 00000039876 00000015871 00167730105
00000000087 00000039876 00000015871 00167730105
00000000087 00000039876 00000015871 00167730105
00000000087 00000039876 00000015871 00167730105
00000000087 00000039876 00000015871 00167730105
00000000054 00000040843 00000016838 00168697462
00000000054 00000040843 00000016838 00168697462
00000000054 00000040843 00000016838 00168697462
00000000054 00000040843 00000016838 00168697462
00000000054 00000040843 00000016838 00168697462
00000000051 00000041840 00000017835 00169694077
00000000051 00000041840 00000017835 00169694077
00000000051 00000041840 00000017835 00169694077
00000000051 00000041840 00000017835 00169694077
00000000051 00000041840 00000017835 00169694077
00000000038 00000042828 00000018823 00170682326
00000000038 00000042828 00000018823 00170682326
00000000038 00000042828 00000018823 00170682326
00000000038 00000042828 00000018823 00170682326
00000000038 00000042828 00000018823 00170682326
00000000048 00000043838 00000019833 00171692394
00000000048 00000043838 00000019833 00171692394
00000000048 00000043838 00000019833 00171692394
00000000048 00000043838 00000019833 00171692394
00000000048 00000043838 00000019833 00171692394
00000000056 00000044846 00000020841 00172700101
00000000056 00000044846 00000020841 00172700101
00000000056 00000044846 00000020841 00172700101
00000000056 00000044846 00000020841 00172700101
00000000056 00000044846 00000020841 00172700101
00000000055 00000045845 00000021840 00173699664
00000000055 00000045845 00000021840 00173699664
00000000055 00000045845 00000021840 00173699664
00000000055 00000045845 00000021840 00173699664
00000000055 00000045845 00000021840 00173699664
00000000113 00000046903 00000022898 00174757757
00000000113 00000046903 00000022898 00174757757
00000000113 00000046903 00000022898 00174757757
00000000113 00000046903 00000022898 00174757757
00000000113 00000046903 00000022898 00174757757
00000000042 00000047833 00000023828 00175686918
00000000042 00000047833 00000023828 00175686918
00000000042 00000047833 00000023828 00175686918
00000000042 00000047833 00000023828 00175686918
00000000042 00000047833 00000023828 00175686918
00000000072 00000048863 00000024858 00176717353
00000000072 00000048863 00000024858 00176717353
00000000072 00000048863 00000024858 00176717353
00000000072 00000048863 00000024858 00176717353
00000000072 00000048863 00000024858 00176717353
00000000027 00000049818 00000025813 00177672556
00000000027 00000049818 00000025813 00177672556
00000000027 00000049818 00000025813 00177672556
00000000027 00000049818 00000025813 00177672556
00000000027 00000049818 00000025813 00177672556
00000000034 00000050825 00000026820 00178678849
00000000034 00000050825 00000026820 00178678849
00000000034 00000050825 00000026820 00178678849
00000000034 00000050825 00000026820 00178678849
00000000034 00000050825 00000026820 00178678849
00000000078 00000051869 00000027864 00179723438
00000000078 00000051869 00000027864 00179723438
00000000078 00000051869 00000027864 00179723438
00000000078 00000051869 00000027864 00179723438
00000000078 00000051869 00000027864 00179723438
00000000035 00000052827 00000028822 00180681367
00000000035 00000052827 00000028822 00180681367
00000000035 00000052827 00000028822 00180681367
00000000035 00000052827 00000028822 00180681367
00000000035 00000052827 00000028822 00180681367
00000000034 00000053826 00000029821 00181679829
00000000034 00000053826 00000029821 00181679829
00000000034 00000053826 00000029821 00181679829
00000000034 00000053826 00000029821 00181679829
00000000034 00000053826 00000029821 00181679829
00000000326 00000055118 00000031113 00182972333
00000000326 00000055118 00000031113 00182972333
00000000326 00000055118 00000031113 00182972333
00000000326 00000055118 00000031113 00182972333
00000000326 00000055118 00000031113 00182972333
00000000051 00000055843 00000031838 00183697321
00000000051 00000055843 00000031838 00183697321
00000000051 00000055843 00000031838 00183697321
00000000051 00000055843 00000031838 00183697321
00000000051 00000055843 00000031838 00183697321
00000000194 00000056986 00000032981 00184840292
00000000194 00000056986 00000032981 00184840292
00000000194 00000056986 00000032981 00184840292
00000000194 00000056986 00000032981 00184840292
00000000194 00000056986 00000032981 00184840292
00000000068 00000057861 00000013846 00185715410
00000000068 00000057861 00000013846 00185715410
00000000068 00000057861 00000013846 00185715410
00000000068 00000057861 00000013846 00185715410
00000000068 00000057861 00000013846 00185715410
00000000057 00000058850 00000014835 00186703953
00000000057 00000058850 00000014835 00186703953
00000000057 00000058850 00000014835 00186703953
00000000057 00000058850 00000014835 00186703953
00000000057 00000058850 00000014835 00186703953
00000000040 00000059833 00000015818 00187686826
00000000040 00000059833 00000015818 00187686826
00000000040 00000059833 00000015818 00187686826
00000000040 00000059833 00000015818 00187686826
00000000040 00000059833 00000015818 00187686826
00000000060 00000060853 00000016838 00188707073
00000000060 00000060853 00000016838 00188707073
00000000060 00000060853 00000016838 00188707073
00000000060 00000060853 00000016838 00188707073
00000000060 00000060853 00000016838 00188707073
00000000061 00000061854 00000017839 00189707959
00000000061 00000061854 00000017839 00189707959
00000000061 00000061854 00000017839 00189707959
00000000061 00000061854 00000017839 00189707959
00000000061 00000061854 00000017839 00189707959
00000000026 00000062819 00000018804 00190673719
00000000026 00000062819 00000018804 00190673719
00000000026 00000062819 00000018804 00190673719
00000000026 00000062819 00000018804 00190673719
00000000026 00000062819 00000018804 00190673719
00000000054 00000063848 00000019833 00191702169
00000000054 00000063848 00000019833 00191702169
00000000054 00000063848 00000019833 00191702169
00000000054 00000063848 00000019833 00191702169
00000000054 00000063848 00000019833 00191702169
00000000052 00000064846 00000020831 00192699903
00000000052 00000064846 00000020831 00192699903
00000000052 00000064846 00000020831 00192699903
00000000052 00000064846 00000020831 00192699903
00000000052 00000064846 00000020831 00192699903
00000000063 00000065857 00000021842 00193711642
00000000063 00000065857 00000021842 00193711642
00000000063 00000065857 00000021842 00193711642
00000000063 00000065857 00000021842 00193711642
00000000063 00000065857 00000021842 00193711642
00000000162 00000066956 00000022941 00194810446
00000000162 00000066956 00000022941 00194810446
00000000162 00000066956 00000022941 00194810446
00000000162 00000066956 00000022941 00194810446
00000000162 00000066956 00000022941 00194810446
00000000071 00000067865 00000023850 00195718958
00000000071 00000067865 00000023850 00195718958
00000000071 00000067865 00000023850 00195718958
00000000071 00000067865 00000023850 00195718958
00000000071 00000067865 00000023850 00195718958
00000000052 00000068847 00000024832 00196700975
00000000052 00000068847 00000024832 00196700975
00000000052 00000068847 00000024832 00196700975
00000000052 00000068847 00000024832 00196700975
00000000052 00000068847 00000024832 00196700975
00000000082 00000069877 00000025862 00197731211
00000000082 00000069877 00000025862 00197731211
00000000082 00000069877 00000025862 00197731211
00000000082 00000069877 00000025862 00197731211
00000000082 00000069877 00000025862 00197731211
00000000069 00000070864 00000026849 00198718621
00000000069 00000070864 00000026849 00198718621
00000000069 00000070864 00000026849 00198718621
00000000069 00000070864 00000026849 00198718621
00000000069 00000070864 00000026849 00198718621
00000000061 00000071856 00000027841 00199710462
00000000061 00000071856 00000027841 00199710462
00000000061 00000071856 00000027841 00199710462
00000000061 00000071856 00000027841 00199710462
00000000061 00000071856 00000027841 00199710462
00000000143 00000072938 00000028923 00200792646
00000000143 00000072938 00000028923 00200792646
00000000143 00000072938 00000028923 00200792646
00000000143 00000072938 00000028923 00200792646
00000000143 00000072938 00000028923 00200792646
00000000076 00000073872 00000029857 00201725906
00000000076 00000073872 00000029857 00201725906
00000000076 00000073872 00000029857 00201725906
00000000076 00000073872 00000029857 00201725906
00000000076 00000073872 00000029857 00201725906
00000000088 00000074884 00000030869 00202738235
00000000088 00000074884 00000030869 00202738235
00000000088 00000074884 00000030869 00202738235
00000000088 00000074884 00000030869 00202738235
00000000088 00000074884 00000030869 00202738235
00000000180 00000075976 00000031961 00203830362
00000000180 00000075976 00000031961 00203830362
00000000180 00000075976 00000031961 00203830362
00000000180 00000075976 00000031961 00203830362
00000000180 00000075976 00000031961 00203830362
00000000048 00000076844 00000012826 00204697807
00000000048 00000076844 00000012826 00204697807
00000000048 00000076844 00000012826 00204697807
00000000048 00000076844 00000012826 00204697807
00000000048 00000076844 00000012826 00204697807
00000000050 00000077846 00000013828 00205700508
00000000050 00000077846 00000013828 00205700508
00000000050 00000077846 00000013828 00205700508
00000000050 00000077846 00000013828 00205700508
00000000050 00000077846 00000013828 00205700508
00000000072 00000078869 00000014851 00206723156
00000000072 00000078869 00000014851 00206723156
00000000072 00000078869 00000014851 00206723156
00000000072 00000078869 00000014851 00206723156
00000000072 00000078869 00000014851 00206723156
00000000064 00000079861 00000015843 00207714917
00000000064 00000079861 00000015843 00207714917
00000000064 00000079861 00000015843 00207714917
00000000064 00000079861 00000015843 00207714917
00000000064 00000079861 00000015843 00207714917
00000000101 00000080898 00000016880 00208752422
00000000101 00000080898 00000016880 00208752422
00000000101 00000080898 00000016880 00208752422
00000000101 00000080898 00000016880 00208752422
00000000101 00000080898 00000016880 00208752422
00000000074 00000081871 00000017853 00209725445
00000000074 00000081871 00000017853 00209725445
00000000074 00000081871 00000017853 00209725445
00000000074 00000081871 00000017853 00209725445
00000000074 00000081871 00000017853 00209725445
00000000055 00000082852 00000018834 00210706760
00000000055 00000082852 00000018834 00210706760
00000000055 00000082852 00000018834 00210706760
00000000055 00000082852 00000018834 00210706760
00000000055 00000082852 00000018834 00210706760
00000000060 00000083858 00000019840 00211712126
00000000060 00000083858 00000019840 00211712126
00000000060 00000083858 00000019840 00211712126
00000000060 00000083858 00000019840 00211712126
00000000060 00000083858 00000019840 00211712126
00000000061 00000084859 00000020841 00212713078
00000000061 00000084859 00000020841 00212713078
00000000061 00000084859 00000020841 00212713078
00000000061 00000084859 00000020841 00212713078
00000000061 00000084859 00000020841 00212713078
00000000045 00000085843 00000021825 00213696814
00000000045 00000085843 00000021825 00213696814
00000000045 00000085843 00000021825 00213696814
00000000045 00000085843 00000021825 00213696814
00000000045 00000085843 00000021825 00213696814
00000000169 00000086967 00000022949 00214821724
00000000169 00000086967 00000022949 00214821724
00000000169 00000086967 00000022949 00214821724
00000000169 00000086967 00000022949 00214821724
00000000169 00000086967 00000022949 00214821724
00000000083 00000087881 00000023863 00215735531
00000000083 00000087881 00000023863 00215735531
00000000083 00000087881 00000023863 00215735531
00000000083 00000087881 00000023863 00215735531
00000000083 00000087881 00000023863 00215735531
00000000074 00000088873 00000024855 00216727486
00000000074 00000088873 00000024855 00216727486
00000000074 00000088873 00000024855 00216727486
00000000074 00000088873 00000024855 00216727486
00000000074 00000088873 00000024855 00216727486
00000000050 00000089849 00000025831 00217702999
00000000050 00000089849 00000025831 00217702999
00000000050 00000089849 00000025831 00217702999
00000000050 00000089849 00000025831 00217702999
00000000050 00000089849 00000025831 00217702999
00000000067 00000090866 00000026848 00218720616
00000000067 00000090866 00000026848 00218720616
00000000067 00000090866 00000026848 00218720616
00000000067 00000090866 00000026848 00218720616
00000000067 00000090866 00000026848 00218720616
00000000056 00000091855 00000027837 00219709671
00000000056 00000091855 00000027837 00219709671
00000000056 00000091855 00000027837 00219709671
00000000056 00000091855 00000027837 00219709671
00000000056 00000091855 00000027837 00219709671
00000000053 00000092852 00000028834 00220706476
00000000053 00000092852 00000028834 00220706476
00000000053 00000092852 00000028834 00220706476
00000000053 00000092852 00000028834 00220706476
00000000053 00000092852 00000028834 00220706476
00000000061 00000093860 00000029842 00221714519
00000000061 00000093860 00000029842 00221714519
00000000061 00000093860 00000029842 00221714519
00000000061 00000093860 00000029842 00221714519
00000000061 00000093860 00000029842 00221714519
00000000417 00000095217 00000031199 00223071344
00000000417 00000095217 00000031199 00223071344
00000000417 00000095217 00000031199 00223071344
00000000417 00000095217 00000031199 00223071344
00000000417 00000095217 00000031199 00223071344
00000000038 00000095838 00000031820 00223692435
00000000038 00000095838 00000031820 00223692435
00000000038 00000095838 00000031820 00223692435
00000000038 00000095838 00000031820 00223692435
00000000038 00000095838 00000031820 00223692435
00000000106 00000096906 00000032888 00224760150
00000000106 00000096906 00000032888 00224760150
00000000106 00000096906 00000032888 00224760150
00000000106 00000096906 00000032888 00224760150
00000000106 00000096906 00000032888 00224760150
00000000027 00000037810 00000013805 00225681343
00000000027 00000037810 00000013805 00225681343
00000000027 00000037810 00000013805 00225681343
00000000027 00000037810 00000013805 00225681343
00000000027 00000037810 00000013805 00225681343
00000000046 00000038829 00000014824 00226700136
00000000046 00000038829 00000014824 00226700136
00000000046 00000038829 00000014824 00226700136
00000000046 00000038829 00000014824 00226700136
00000000046 00000038829 00000014824 00226700136
00000000042 00000039826 00000015821 00227697125
00000000042 00000039826 00000015821 00227697125
00000000042 00000039826 00000015821 00227697125
00000000042 00000039826 00000015821 00227697125
00000000042 00000039826 00000015821 00227697125
00000000056 00000040840 00000016835 00228710916
00000000056 00000040840 00000016835 00228710916
00000000056 00000040840 00000016835 00228710916
00000000056 00000040840 00000016835 00228710916
00000000056 00000040840 00000016835 00228710916
00000000056 00000041840 00000017835 00229710909
00000000056 00000041840 00000017835 00229710909
00000000056 00000041840 00000017835 00229710909
00000000056 00000041840 00000017835 00229710909
00000000056 00000041840 00000017835 00229710909
00000000051 00000042835 00000018830 00230705915
00000000051 00000042835 00000018830 00230705915
00000000051 00000042835 00000018830 00230705915
00000000051 00000042835 00000018830 00230705915
00000000051 00000042835 00000018830 00230705915
00000000052 00000043836 00000019831 00231707093
00000000052 00000043836 00000019831 00231707093
00000000052 00000043836 00000019831 00231707093
00000000052 00000043836 00000019831 00231707093
00000000052 00000043836 00000019831 00231707093
00000000045 00000044830 00000020825 00232700929
00000000045 00000044830 00000020825 00232700929
00000000045 00000044830 00000020825 00232700929
00000000045 00000044830 00000020825 00232700929
00000000045 00000044830 00000020825 00232700929
00000000059 00000045844 00000021839 00233715590
00000000059 00000045844 00000021839 00233715590
00000000059 00000045844 00000021839 00233715590
00000000059 00000045844 00000021839 00233715590
00000000059 00000045844 00000021839 00233715590
00000000148 00000046933 00000022928 00234804624
00000000148 00000046933 00000022928 00234804624
00000000148 00000046933 00000022928 00234804624
00000000148 00000046933 00000022928 00234804624
00000000148 00000046933 00000022928 00234804624
00000000056 00000047841 00000023836 00235711778
00000000056 00000047841 00000023836 00235711778
00000000056 00000047841 00000023836 00235711778
00000000056 00000047841 00000023836 00235711778
00000000056 00000047841 00000023836 00235711778
00000000055 00000048840 00000024835 00236711237
00000000055 00000048840 00000024835 00236711237
00000000055 00000048840 00000024835 00236711237
00000000055 00000048840 00000024835 00236711237
00000000055 00000048840 00000024835 00236711237
00000000055 00000049841 00000025836 00237712016
00000000055 00000049841 00000025836 00237712016
00000000055 00000049841 00000025836 00237712016
00000000055 00000049841 00000025836 00237712016
00000000055 00000049841 00000025836 00237712016
00000000091 00000050877 00000026872 00238747996
00000000091 00000050877 00000026872 00238747996
00000000091 00000050877 00000026872 00238747996
00000000091 00000050877 00000026872 00238747996
00000000091 00000050877 00000026872 00238747996
00000000053 00000051839 00000027834 00239710549
00000000053 00000051839 00000027834 00239710549
00000000053 00000051839 00000027834 00239710549
00000000053 00000051839 00000027834 00239710549
00000000053 00000051839 00000027834 00239710549
00000000059 00000052845 00000028840 00240716479
00000000059 00000052845 00000028840 00240716479
00000000059 00000052845 00000028840 00240716479
00000000059 00000052845 00000028840 00240716479
00000000059 00000052845 00000028840 00240716479
00000000158 00000053944 00000029939 00241815552
00000000158 00000053944 00000029939 00241815552
00000000158 00000053944 00000029939 00241815552
00000000158 00000053944 00000029939 00241815552
00000000158 00000053944 00000029939 00241815552
00000000073 00000054860 00000030855 00242731349
00000000073 00000054860 00000030855 00242731349
00000000073 00000054860 00000030855 00242731349
00000000073 00000054860 00000030855 00242731349
00000000073 00000054860 00000030855 00242731349
00000000104 00000055891 00000011882 00243762045
00000000104 00000055891 00000011882 00243762045
00000000104 00000055891 00000011882 00243762045
00000000104 00000055891 00000011882 00243762045
00000000104 00000055891 00000011882 00243762045
00000000058 00000056845 00000012836 00244716023
00000000058 00000056845 00000012836 00244716023
00000000058 00000056845 00000012836 00244716023
00000000058 00000056845 00000012836 00244716023
00000000058 00000056845 00000012836 00244716023
00000000087 00000057874 00000013865 00245745237
00000000087 00000057874 00000013865 00245745237
00000000087 00000057874 00000013865 00245745237
00000000087 00000057874 00000013865 00245745237
00000000087 00000057874 00000013865 00245745237
00000000052 00000058839 00000014830 00246710514
00000000052 00000058839 00000014830 00246710514
00000000052 00000058839 00000014830 00246710514
00000000052 00000058839 00000014830 00246710514
00000000052 00000058839 00000014830 00246710514
00000000080 00000059868 00000015859 00247739155
00000000080 00000059868 00000015859 00247739155
00000000080 00000059868 00000015859 00247739155
00000000080 00000059868 00000015859 00247739155
00000000080 00000059868 00000015859 00247739155
00000000045 00000060833 00000016824 00248704608
00000000045 00000060833 00000016824 00248704608
00000000045 00000060833 00000016824 00248704608
00000000045 00000060833 00000016824 00248704608
00000000045 00000060833 00000016824 00248704608
00000000046 00000061834 00000017825 00249705540
00000000046 00000061834 00000017825 00249705540
00000000046 00000061834 00000017825 00249705540
00000000046 00000061834 00000017825 00249705540
00000000046 00000061834 00000017825 00249705540
00000000050 00000062838 00000018829 00250709729
00000000050 00000062838 00000018829 00250709729
00000000050 00000062838 00000018829 00250709729
00000000050 00000062838 00000018829 00250709729
00000000050 00000062838 00000018829 00250709729
00000000027 00000063815 00000019806 00251686362
00000000027 00000063815 00000019806 00251686362
00000000027 00000063815 00000019806 00251686362
00000000027 00000063815 00000019806 00251686362
00000000027 00000063815 00000019806 00251686362
00000000822 00000065611 00000021602 00253481833
00000000822 00000065611 00000021602 00253481833
00000000822 00000065611 00000021602 00253481833
00000000822 00000065611 00000021602 00253481833
00000000822 00000065611 00000021602 00253481833
00000000021 00000066575 00000022566 00254446339
00000000021 00000066575 00000022566 00254446339
00000000021 00000066575 00000022566 00254446339
00000000021 00000066575 00000022566 00254446339
00000000021 00000066575 00000022566 00254446339
00000000046 00000067600 00000023591 00255471039
00000000046 00000067600 00000023591 00255471039
00000000046 00000067600 00000023591 00255471039
00000000046 00000067600 00000023591 00255471039
00000000046 00000067600 00000023591 00255471039
00000000046 00000068600 00000024591 00256471296
00000000046 00000068600 00000024591 00256471296
00000000046 00000068600 00000024591 00256471296
00000000046 00000068600 00000024591 00256471296
00000000046 00000068600 00000024591 00256471296
00000000023 00000069578 00000025569 00257449144
00000000023 00000069578 00000025569 00257449144
00000000023 00000069578 00000025569 00257449144
00000000023 00000069578 00000025569 00257449144
00000000023 00000069578 00000025569 00257449144
00000000038 00000070593 00000026584 00258464287
00000000038 00000070593 00000026584 00258464287
00000000038 00000070593 00000026584 00258464287
00000000038 00000070593 00000026584 00258464287
00000000038 00000070593 00000026584 00258464287
00000000045 00000071600 00000027591 00259471019
00000000045 00000071600 00000027591 00259471019
00000000045 00000071600 00000027591 00259471019
00000000045 00000071600 00000027591 00259471019
00000000045 00000071600 00000027591 00259471019
00000000046 00000072601 00000028592 00260472610
00000000046 00000072601 00000028592 00260472610
00000000046 00000072601 00000028592 00260472610
00000000046 00000072601 00000028592 00260472610
00000000046 00000072601 00000028592 00260472610
00000000068 00000073623 00000029614 00261494218
00000000068 00000073623 00000029614 00261494218
00000000068 00000073623 00000029614 00261494218
00000000068 00000073623 00000029614 00261494218
00000000068 00000073623 00000029614 00261494218
00000000021 00000074576 00000030567 00262447680
00000000021 00000074576 00000030567 00262447680
00000000021 00000074576 00000030567 00262447680
00000000021 00000074576 00000030567 00262447680
00000000021 00000074576 00000030567 00262447680
00000000040 00000075596 00000031587 00263467488
00000000040 00000075596 00000031587 00263467488
00000000040 00000075596 00000031587 00263467488
00000000040 00000075596 00000031587 00263467488
00000000040 00000075596 00000031587 00263467488
00000000025 00000076581 00000032572 00264452188
00000000025 00000076581 00000032572 00264452188
00000000025 00000076581 00000032572 00264452188
00000000025 00000076581 00000032572 00264452188
00000000025 00000076581 00000032572 00264452188
00000000022 00000077578 00000033569 00265449317
00000000022 00000077578 00000033569 00265449317
00000000022 00000077578 00000033569 00265449317
00000000022 00000077578 00000033569 00265449317
00000000022 00000077578 00000033569 00265449317
00000000282 00000078838 00000034829 00266709212
00000000282 00000078838 00000034829 00266709212
00000000282 00000078838 00000034829 00266709212
00000000282 00000078838 00000034829 00266709212
00000000282 00000078838 00000034829 00266709212
00000000084 00000079640 00000035631 00267510858
00000000084 00000079640 00000035631 00267510858
00000000084 00000079640 00000035631 00267510858
00000000084 00000079640 00000035631 00267510858
00000000084 00000079640 00000035631 00267510858
00000000040 00000080597 00000036588 00268468538
00000000040 00000080597 00000036588 00268468538
00000000040 00000080597 00000036588 00268468538
00000000040 00000080597 00000036588 00268468538
00000000040 00000080597 00000036588 00268468538
00000000053 00000081610 00000037601 00269481703
00000000053 00000081610 00000037601 00269481703
00000000053 00000081610 00000037601 00269481703
00000000053 00000081610 00000037601 00269481703
00000000053 00000081610 00000037601 00269481703
00000000392 00000082949 00000038940 00270819933
00000000392 00000082949 00000038940 00270819933
00000000392 00000082949 00000038940 00270819933
00000000392 00000082949 00000038940 00270819933
00000000392 00000082949 00000038940 00270819933
00000000028 00000083585 00000019566 00271455889
00000000028 00000083585 00000019566 00271455889
00000000028 00000083585 00000019566 00271455889
00000000028 00000083585 00000019566 00271455889
00000000028 00000083585 00000019566 00271455889
00000000024 00000084581 00000020562 00272452023
00000000024 00000084581 00000020562 00272452023
00000000024 00000084581 00000020562 00272452023
00000000024 00000084581 00000020562 00272452023
00000000024 00000084581 00000020562 00272452023
00000000018 00000085576 00000021557 00273447669
00000000018 00000085576 00000021557 00273447669
00000000018 00000085576 00000021557 00273447669
00000000018 00000085576 00000021557 00273447669
00000000018 00000085576 00000021557 00273447669
00000000052 00000086610 00000022591 00274481275
00000000052 00000086610 00000022591 00274481275
00000000052 00000086610 00000022591 00274481275
00000000052 00000086610 00000022591 00274481275
00000000052 00000086610 00000022591 00274481275
00000000020 00000087578 00000023559 00275449076
00000000020 00000087578 00000023559 00275449076
00000000020 00000087578 00000023559 00275449076
00000000020 00000087578 00000023559 00275449076
00000000020 00000087578 00000023559 00275449076
00000000021 00000088579 00000024560 00276450706
00000000021 00000088579 00000024560 00276450706
00000000021 00000088579 00000024560 00276450706
00000000021 00000088579 00000024560 00276450706
00000000021 00000088579 00000024560 00276450706
00000000088 00000089646 00000025627 00277517207
00000000088 00000089646 00000025627 00277517207
00000000088 00000089646 00000025627 00277517207
00000000088 00000089646 00000025627 00277517207
00000000088 00000089646 00000025627 00277517207
00000000020 00000090578 00000016557 00278449724
00000000020 00000090578 00000016557 00278449724
00000000020 00000090578 00000016557 00278449724
00000000020 00000090578 00000016557 00278449724
00000000020 00000090578 00000016557 00278449724
00000000024 00000091583 00000017562 00279454106
00000000024 00000091583 00000017562 00279454106
00000000024 00000091583 00000017562 00279454106
00000000024 00000091583 00000017562 00279454106
00000000024 00000091583 00000017562 00279454106
00000000031 00000092590 00000018569 00280461704
00000000031 00000092590 00000018569 00280461704
00000000031 00000092590 00000018569 00280461704
00000000031 00000092590 00000018569 00280461704
00000000031 00000092590 00000018569 00280461704
00000000032 00000093591 00000019570 00281462520
00000000032 00000093591 00000019570 00281462520
00000000032 00000093591 00000019570 00281462520
00000000032 00000093591 00000019570 00281462520
00000000032 00000093591 00000019570 00281462520
00000000029 00000094588 00000020567 00282458801
00000000029 00000094588 00000020567 00282458801
00000000029 00000094588 00000020567 00282458801
00000000029 00000094588 00000020567 00282458801
00000000029 00000094588 00000020567 00282458801
00000000046 00000095605 00000021584 00283476176
00000000046 00000095605 00000021584 00283476176
00000000046 00000095605 00000021584 00283476176
00000000046 00000095605 00000021584 00283476176
00000000046 00000095605 00000021584 00283476176
00000000020 00000096580 00000022559 00284451675
00000000020 00000096580 00000022559 00284451675
00000000020 00000096580 00000022559 00284451675
00000000020 00000096580 00000022559 00284451675
00000000020 00000096580 00000022559 00284451675
00000000016 00000097576 00000023555 00285447309
00000000016 00000097576 00000023555 00285447309
00000000016 00000097576 00000023555 00285447309
00000000016 00000097576 00000023555 00285447309
00000000016 00000097576 00000023555 00285447309
00000000024 00000098584 00000024563 00286455098
00000000024 00000098584 00000024563 00286455098
00000000024 00000098584 00000024563 00286455098
00000000024 00000098584 00000024563 00286455098
00000000024 00000098584 00000024563 00286455098
00000000026 00000099586 00000025565 00287457753
00000000026 00000099586 00000025565 00287457753
00000000026 00000099586 00000025565 00287457753
00000000026 00000099586 00000025565 00287457753
00000000026 00000099586 00000025565 00287457753
00000000025 00000100585 00000026564 00288456624
00000000025 00000100585 00000026564 00288456624
00000000025 00000100585 00000026564 00288456624
00000000025 00000100585 00000026564 00288456624
00000000025 00000100585 00000026564 00288456624
00000000043 00000101604 00000027583 00289475076
00000000043 00000101604 00000027583 00289475076
00000000043 00000101604 00000027583 00289475076
00000000043 00000101604 00000027583 00289475076
00000000043 00000101604 00000027583 00289475076
00000000041 00000102602 00000028581 00290473535
00000000041 00000102602 00000028581 00290473535
00000000041 00000102602 00000028581 00290473535
00000000041 00000102602 00000028581 00290473535
00000000041 00000102602 00000028581 00290473535
00000000026 00000103587 00000029566 00291458266
00000000026 00000103587 00000029566 00291458266
00000000026 00000103587 00000029566 00291458266
00000000026 00000103587 00000029566 00291458266
00000000026 00000103587 00000029566 00291458266
00000000082 00000104643 00000030622 00292514696
00000000082 00000104643 00000030622 00292514696
00000000082 00000104643 00000030622 00292514696
00000000082 00000104643 00000030622 00292514696
00000000082 00000104643 00000030622 00292514696
00000000024 00000105585 00000031564 00293456722
00000000024 00000105585 00000031564 00293456722
00000000024 00000105585 00000031564 00293456722
00000000024 00000105585 00000031564 00293456722
00000000024 00000105585 00000031564 00293456722
00000000030 00000106592 00000032571 00294463592
00000000030 00000106592 00000032571 00294463592
00000000030 00000106592 00000032571 00294463592
00000000030 00000106592 00000032571 00294463592
00000000030 00000106592 00000032571 00294463592
00000000033 00000107595 00000033574 00295466788
00000000033 00000107595 00000033574 00295466788
00000000033 00000107595 00000033574 00295466788
00000000033 00000107595 00000033574 00295466788
00000000033 00000107595 00000033574 00295466788
00000000086 00000108648 00000034627 00296518812
00000000086 00000108648 00000034627 00296518812
00000000086 00000108648 00000034627 00296518812
00000000086 00000108648 00000034627 00296518812
00000000086 00000108648 00000034627 00296518812
00000000036 00000049586 00000015580 00297474824
00000000036 00000049586 00000015580 00297474824
00000000036 00000049586 00000015580 00297474824
00000000036 00000049586 00000015580 00297474824
00000000036 00000049586 00000015580 00297474824
00000000042 00000050592 00000016586 00298481702
00000000042 00000050592 00000016586 00298481702
00000000042 00000050592 00000016586 00298481702
00000000042 00000050592 00000016586 00298481702
00000000042 00000050592 00000016586 00298481702
00000000025 00000051575 00000017569 00299464726
00000000025 00000051575 00000017569 00299464726
00000000025 00000051575 00000017569 00299464726
00000000025 00000051575 00000017569 00299464726
00000000025 00000051575 00000017569 00299464726
00000000027 00000052578 00000018572 00300467580
00000000027 00000052578 00000018572 00300467580
00000000027 00000052578 00000018572 00300467580
00000000027 00000052578 00000018572 00300467580
00000000027 00000052578 00000018572 00300467580
00000000033 00000053584 00000019578 00301473736
00000000033 00000053584 00000019578 00301473736
00000000033 00000053584 00000019578 00301473736
00000000033 00000053584 00000019578 00301473736
00000000033 00000053584 00000019578 00301473736
00000000031 00000054582 00000020576 00302470931
00000000031 00000054582 00000020576 00302470931
00000000031 00000054582 00000020576 00302470931
00000000031 00000054582 00000020576 00302470931
00000000031 00000054582 00000020576 00302470931
00000000025 00000055576 00000021570 00303464901
00000000025 00000055576 00000021570 00303464901
00000000025 00000055576 00000021570 00303464901
00000000025 00000055576 00000021570 00303464901
00000000025 00000055576 00000021570 00303464901
00000000027 00000056578 00000022572 00304466998
00000000027 00000056578 00000022572 00304466998
00000000027 00000056578 00000022572 00304466998
00000000027 00000056578 00000022572 00304466998
00000000027 00000056578 00000022572 00304466998
00000000033 00000057585 00000023579 00305474597
00000000033 00000057585 00000023579 00305474597
00000000033 00000057585 00000023579 00305474597
00000000033 00000057585 00000023579 00305474597
00000000033 00000057585 00000023579 00305474597
00000000037 00000058589 00000024583 00306477869
00000000037 00000058589 00000024583 00306477869
00000000037 00000058589 00000024583 00306477869
00000000037 00000058589 00000024583 00306477869
00000000037 00000058589 00000024583 00306477869
00000000024 00000059576 00000025570 00307465078
00000000024 00000059576 00000025570 00307465078
00000000024 00000059576 00000025570 00307465078
00000000024 00000059576 00000025570 00307465078
00000000024 00000059576 00000025570 00307465078
00000000082 00000060634 00000026628 00308522876
00000000082 00000060634 00000026628 00308522876
00000000082 00000060634 00000026628 00308522876
00000000082 00000060634 00000026628 00308522876
00000000082 00000060634 00000026628 00308522876
00000000025 00000061577 00000027571 00309466458
00000000025 00000061577 00000027571 00309466458
00000000025 00000061577 00000027571 00309466458
00000000025 00000061577 00000027571 00309466458
00000000025 00000061577 00000027571 00309466458
00000000035 00000062587 00000028581 00310476729
00000000035 00000062587 00000028581 00310476729
00000000035 00000062587 00000028581 00310476729
00000000035 00000062587 00000028581 00310476729
00000000035 00000062587 00000028581 00310476729
00000000041 00000063594 00000029588 00311483257
00000000041 00000063594 00000029588 00311483257
00000000041 00000063594 00000029588 00311483257
00000000041 00000063594 00000029588 00311483257
00000000041 00000063594 00000029588 00311483257
00000000183 00000064736 00000030730 00312625721
00000000183 00000064736 00000030730 00312625721
00000000183 00000064736 00000030730 00312625721
00000000183 00000064736 00000030730 00312625721
00000000183 00000064736 00000030730 00312625721
00000000393 00000065946 00000031940 00313834979
00000000393 00000065946 00000031940 00313834979
00000000393 00000065946 00000031940 00313834979
00000000393 00000065946 00000031940 00313834979
00000000393 00000065946 00000031940 00313834979
00000000065 00000066618 00000012608 00314507686
00000000065 00000066618 00000012608 00314507686
00000000065 00000066618 00000012608 00314507686
00000000065 00000066618 00000012608 00314507686
00000000065 00000066618 00000012608 00314507686
00000000039 00000067592 00000013582 00315481416
00000000039 00000067592 00000013582 00315481416
00000000039 00000067592 00000013582 00315481416
00000000039 00000067592 00000013582 00315481416
00000000039 00000067592 00000013582 00315481416
00000000066 00000068620 00000014610 00316508834
00000000066 00000068620 00000014610 00316508834
00000000066 00000068620 00000014610 00316508834
00000000066 00000068620 00000014610 00316508834
00000000066 00000068620 00000014610 00316508834
00000000062 00000069616 00000015606 00317505415
00000000062 00000069616 00000015606 00317505415
00000000062 00000069616 00000015606 00317505415
00000000062 00000069616 00000015606 00317505415
00000000062 00000069616 00000015606 00317505415
00000000067 00000070621 00000016611 00318510666
00000000067 00000070621 00000016611 00318510666
00000000067 00000070621 00000016611 00318510666
00000000067 00000070621 00000016611 00318510666
00000000067 00000070621 00000016611 00318510666
00000000028 00000071582 00000017572 00319471103
00000000028 00000071582 00000017572 00319471103
00000000028 00000071582 00000017572 00319471103
00000000028 00000071582 00000017572 00319471103
00000000028 00000071582 00000017572 00319471103
00000000044 00000072598 00000018588 00320487489
00000000044 00000072598 00000018588 00320487489
00000000044 00000072598 00000018588 00320487489
00000000044 00000072598 00000018588 00320487489
00000000044 00000072598 00000018588 00320487489
00000000348 00000073903 00000019893 00321792164
00000000348 00000073903 00000019893 00321792164
00000000348 00000073903 00000019893 00321792164
00000000348 00000073903 00000019893 00321792164
00000000348 00000073903 00000019893 00321792164
00000000032 00000074587 00000010575 00322476118
00000000032 00000074587 00000010575 00322476118
00000000032 00000074587 00000010575 00322476118
00000000032 00000074587 00000010575 00322476118
00000000032 00000074587 00000010575 00322476118
00000000033 00000075588 00000011576 00323477414
00000000033 00000075588 00000011576 00323477414
00000000033 00000075588 00000011576 00323477414
00000000033 00000075588 00000011576 00323477414
00000000033 00000075588 00000011576 00323477414
00000000022 00000076577 00000012565 00324466097
00000000022 00000076577 00000012565 00324466097
00000000022 00000076577 00000012565 00324466097
00000000022 00000076577 00000012565 00324466097
00000000022 00000076577 00000012565 00324466097
00000000033 00000077588 00000013576 00325477195
00000000033 00000077588 00000013576 00325477195
00000000033 00000077588 00000013576 00325477195
00000000033 00000077588 00000013576 00325477195
00000000033 00000077588 00000013576 00325477195
00000000030 00000078585 00000014573 00326474565
00000000030 00000078585 00000014573 00326474565
00000000030 00000078585 00000014573 00326474565
00000000030 00000078585 00000014573 00326474565
00000000030 00000078585 00000014573 00326474565
00000000028 00000079584 00000015572 00327472906
00000000028 00000079584 00000015572 00327472906
00000000028 00000079584 00000015572 00327472906
00000000028 00000079584 00000015572 00327472906
00000000028 00000079584 00000015572 00327472906
00000000030 00000080586 00000016574 00328474815
00000000030 00000080586 00000016574 00328474815
00000000030 00000080586 00000016574 00328474815
00000000030 00000080586 00000016574 00328474815
00000000030 00000080586 00000016574 00328474815
00000000030 00000081586 00000017574 00329474828
00000000030 00000081586 00000017574 00329474828
00000000030 00000081586 00000017574 00329474828
00000000030 00000081586 00000017574 00329474828
00000000030 00000081586 00000017574 00329474828
00000000018 00000082574 00000018562 00330463400
00000000018 00000082574 00000018562 00330463400
00000000018 00000082574 00000018562 00330463400
00000000018 00000082574 00000018562 00330463400
00000000018 00000082574 00000018562 00330463400
00000000022 00000083578 00000019566 00331467764
00000000022 00000083578 00000019566 00331467764
00000000022 00000083578 00000019566 00331467764
00000000022 00000083578 00000019566 00331467764
00000000022 00000083578 00000019566 00331467764
00000000021 00000084578 00000020566 00332467464
00000000021 00000084578 00000020566 00332467464
00000000021 00000084578 00000020566 00332467464
00000000021 00000084578 00000020566 00332467464
00000000021 00000084578 00000020566 00332467464
00000000062 00000085619 00000021607 00333508024
00000000062 00000085619 00000021607 00333508024
00000000062 00000085619 00000021607 00333508024
00000000062 00000085619 00000021607 00333508024
00000000062 00000085619 00000021607 00333508024
00000000042 00000086599 00000022587 00334488368
00000000042 00000086599 00000022587 00334488368
00000000042 00000086599 00000022587 00334488368
00000000042 00000086599 00000022587 00334488368
00000000042 00000086599 00000022587 00334488368
00000000021 00000087578 00000023566 00335467010
00000000021 00000087578 00000023566 00335467010
00000000021 00000087578 00000023566 00335467010
00000000021 00000087578 00000023566 00335467010
00000000021 00000087578 00000023566 00335467010
00000000042 00000088599 00000024587 00336487902
00000000042 00000088599 00000024587 00336487902
00000000042 00000088599 00000024587 00336487902
00000000042 00000088599 00000024587 00336487902
00000000042 00000088599 00000024587 00336487902
00000000017 00000089575 00000025563 00337464124
00000000017 00000089575 00000025563 00337464124
00000000017 00000089575 00000025563 00337464124
00000000017 00000089575 00000025563 00337464124
00000000017 00000089575 00000025563 00337464124
00000000031 00000090589 00000026577 00338477899
00000000031 00000090589 00000026577 00338477899
00000000031 00000090589 00000026577 00338477899
00000000031 00000090589 00000026577 00338477899
00000000031 00000090589 00000026577 00338477899
00000000035 00000091593 00000027581 00339481896
00000000035 00000091593 00000027581 00339481896
00000000035 00000091593 00000027581 00339481896
00000000035 00000091593 00000027581 00339481896
00000000035 00000091593 00000027581 00339481896
00000000024 00000092582 00000028570 00340471170
00000000024 00000092582 00000028570 00340471170
00000000024 00000092582 00000028570 00340471170
00000000024 00000092582 00000028570 00340471170
00000000024 00000092582 00000028570 00340471170
00000000025 00000093583 00000029571 00341472427
00000000025 00000093583 00000029571 00341472427
00000000025 00000093583 00000029571 00341472427
00000000025 00000093583 00000029571 00341472427
00000000025 00000093583 00000029571 00341472427
00000000023 00000094582 00000030570 00342471435
00000000023 00000094582 00000030570 00342471435
00000000023 00000094582 00000030570 00342471435
00000000023 00000094582 00000030570 00342471435
00000000023 00000094582 00000030570 00342471435
00000000035 00000095594 00000031582 00343483256
00000000035 00000095594 00000031582 00343483256
00000000035 00000095594 00000031582 00343483256
00000000035 00000095594 00000031582 00343483256
00000000035 00000095594 00000031582 00343483256
00000000062 00000036610 00000012605 00344510127
00000000062 00000036610 00000012605 00344510127
00000000062 00000036610 00000012605 00344510127
00000000062 00000036610 00000012605 00344510127
00000000062 00000036610 00000012605 00344510127
00000000051 00000037599 00000013594 00345499115
00000000051 00000037599 00000013594 00345499115
00000000051 00000037599 00000013594 00345499115
00000000051 00000037599 00000013594 00345499115
00000000051 00000037599 00000013594 00345499115
00000000047 00000038595 00000014590 00346495528
00000000047 00000038595 00000014590 00346495528
00000000047 00000038595 00000014590 00346495528
00000000047 00000038595 00000014590 00346495528
00000000047 00000038595 00000014590 00346495528
00000000028 00000039577 00000015572 00347477092
00000000028 00000039577 00000015572 00347477092
00000000028 00000039577 00000015572 00347477092
00000000028 00000039577 00000015572 00347477092
00000000028 00000039577 00000015572 00347477092
00000000028 00000040577 00000016572 00348477219
00000000028 00000040577 00000016572 00348477219
00000000028 00000040577 00000016572 00348477219
00000000028 00000040577 00000016572 00348477219
00000000028 00000040577 00000016572 00348477219
00000000022 00000041571 00000017566 00349470790
00000000022 00000041571 00000017566 00349470790
00000000022 00000041571 00000017566 00349470790
00000000022 00000041571 00000017566 00349470790
00000000022 00000041571 00000017566 00349470790
00000000027 00000042576 00000018571 00350476596
00000000027 00000042576 00000018571 00350476596
00000000027 00000042576 00000018571 00350476596
00000000027 00000042576 00000018571 00350476596
00000000027 00000042576 00000018571 00350476596
00000000040 00000043589 00000019584 00351489320
00000000040 00000043589 00000019584 00351489320
00000000040 00000043589 00000019584 00351489320
00000000040 00000043589 00000019584 00351489320
00000000040 00000043589 00000019584 00351489320
00000000023 00000044578 00000020573 00352478224
00000000023 00000044578 00000020573 00352478224
00000000023 00000044578 00000020573 00352478224
00000000023 00000044578 00000020573 00352478224
00000000023 00000044578 00000020573 00352478224
00000000041 00000045597 00000021592 00353497299
00000000041 00000045597 00000021592 00353497299
00000000041 00000045597 00000021592 00353497299
00000000041 00000045597 00000021592 00353497299
00000000041 00000045597 00000021592 00353497299
00000000072 00000046628 00000022623 00354527973
00000000072 00000046628 00000022623 00354527973
00000000072 00000046628 00000022623 00354527973
00000000072 00000046628 00000022623 00354527973
00000000072 00000046628 00000022623 00354527973
00000000024 00000047580 00000023575 00355480391
00000000024 00000047580 00000023575 00355480391
00000000024 00000047580 00000023575 00355480391
00000000024 00000047580 00000023575 00355480391
00000000024 00000047580 00000023575 00355480391
00000000032 00000048588 00000024583 00356488113
00000000032 00000048588 00000024583 00356488113
00000000032 00000048588 00000024583 00356488113
00000000032 00000048588 00000024583 00356488113
00000000032 00000048588 00000024583 00356488113
00000000040 00000049596 00000025591 00357496015
00000000040 00000049596 00000025591 00357496015
00000000040 00000049596 00000025591 00357496015
00000000040 00000049596 00000025591 00357496015
00000000040 00000049596 00000025591 00357496015
00000000022 00000050578 00000026573 00358478551
00000000022 00000050578 00000026573 00358478551
00000000022 00000050578 00000026573 00358478551
00000000022 00000050578 00000026573 00358478551
00000000022 00000050578 00000026573 00358478551
00000000039 00000051596 00000027591 00359495982
00000000039 00000051596 00000027591 00359495982
00000000039 00000051596 00000027591 00359495982
00000000039 00000051596 00000027591 00359495982
00000000039 00000051596 00000027591 00359495982
00000000035 00000052592 00000028587 00360492467
00000000035 00000052592 00000028587 00360492467
00000000035 00000052592 00000028587 00360492467
00000000035 00000052592 00000028587 00360492467
00000000035 00000052592 00000028587 00360492467
00000000029 00000053586 00000029581 00361485784
00000000029 00000053586 00000029581 00361485784
00000000029 00000053586 00000029581 00361485784
00000000029 00000053586 00000029581 00361485784
00000000029 00000053586 00000029581 00361485784
00000000111 00000054668 00000030663 00362568294
00000000111 00000054668 00000030663 00362568294
00000000111 00000054668 00000030663 00362568294
00000000111 00000054668 00000030663 00362568294
00000000111 00000054668 00000030663 00362568294
00000000045 00000055602 00000031597 00363501818
00000000045 00000055602 00000031597 00363501818
00000000045 00000055602 00000031597 00363501818
00000000045 00000055602 00000031597 00363501818
00000000045 00000055602 00000031597 00363501818
00000000365 00000056923 00000032918 00364823070
00000000365 00000056923 00000032918 00364823070
00000000365 00000056923 00000032918 00364823070
00000000365 00000056923 00000032918 00364823070
00000000365 00000056923 00000032918 00364823070
00000000041 00000057599 00000013591 00365498926
00000000041 00000057599 00000013591 00365498926
00000000041 00000057599 00000013591 00365498926
00000000041 00000057599 00000013591 00365498926
00000000041 00000057599 00000013591 00365498926
00000000031 00000058589 00000014581 00366488994
00000000031 00000058589 00000014581 00366488994
00000000031 00000058589 00000014581 00366488994
00000000031 00000058589 00000014581 00366488994
00000000031 00000058589 00000014581 00366488994
00000000046 00000059604 00000015596 00367504620
00000000046 00000059604 00000015596 00367504620
00000000046 00000059604 00000015596 00367504620
00000000046 00000059604 00000015596 00367504620
00000000046 00000059604 00000015596 00367504620
00000000047 00000060605 00000016597 00368504935
00000000047 00000060605 00000016597 00368504935
00000000047 00000060605 00000016597 00368504935
00000000047 00000060605 00000016597 00368504935
00000000047 00000060605 00000016597 00368504935
00000000039 00000061598 00000017590 00369498208
00000000039 00000061598 00000017590 00369498208
00000000039 00000061598 00000017590 00369498208
00000000039 00000061598 00000017590 00369498208
00000000039 00000061598 00000017590 00369498208
00000000020 00000062579 00000018571 00370479696
00000000020 00000062579 00000018571 00370479696
00000000020 00000062579 00000018571 00370479696
00000000020 00000062579 00000018571 00370479696
00000000020 00000062579 00000018571 00370479696
00000000043 00000063602 00000019594 00371501818
00000000043 00000063602 00000019594 00371501818
00000000043 00000063602 00000019594 00371501818
00000000043 00000063602 00000019594 00371501818
00000000043 00000063602 00000019594 00371501818
00000000054 00000064613 00000020605 00372512763
00000000054 00000064613 00000020605 00372512763
00000000054 00000064613 00000020605 00372512763
00000000054 00000064613 00000020605 00372512763
00000000054 00000064613 00000020605 00372512763
00000000066 00000065625 00000021617 00373525615
00000000066 00000065625 00000021617 00373525615
00000000066 00000065625 00000021617 00373525615
00000000066 00000065625 00000021617 00373525615
00000000066 00000065625 00000021617 00373525615
00000000028 00000066587 00000022579 00374486900
00000000028 00000066587 00000022579 00374486900
00000000028 00000066587 00000022579 00374486900
00000000028 00000066587 00000022579 00374486900
00000000028 00000066587 00000022579 00374486900
00000000034 00000067594 00000023586 00375493914
00000000034 00000067594 00000023586 00375493914
00000000034 00000067594 00000023586 00375493914
00000000034 00000067594 00000023586 00375493914
00000000034 00000067594 00000023586 00375493914
00000000045 00000068605 00000024597 00376505313
00000000045 00000068605 00000024597 00376505313
00000000045 00000068605 00000024597 00376505313
00000000045 00000068605 00000024597 00376505313
00000000045 00000068605 00000024597 00376505313
00000000033 00000069593 00000025585 00377493284
00000000033 00000069593 00000025585 00377493284
00000000033 00000069593 00000025585 00377493284
00000000033 00000069593 00000025585 00377493284
00000000033 00000069593 00000025585 00377493284
00000000025 00000070585 00000026577 00378484942
00000000025 00000070585 00000026577 00378484942
00000000025 00000070585 00000026577 00378484942
00000000025 00000070585 00000026577 00378484942
00000000025 00000070585 00000026577 00378484942
00000000030 00000071590 00000027582 00379490276
00000000030 00000071590 00000027582 00379490276
00000000030 00000071590 00000027582 00379490276
00000000030 00000071590 00000027582 00379490276
00000000030 00000071590 00000027582 00379490276
00000000025 00000072586 00000028578 00380486448
00000000025 00000072586 00000028578 00380486448
00000000025 00000072586 00000028578 00380486448
00000000025 00000072586 00000028578 00380486448
00000000025 00000072586 00000028578 00380486448
00000000028 00000073589 00000029581 00381489648
00000000028 00000073589 00000029581 00381489648
00000000028 00000073589 00000029581 00381489648
00000000028 00000073589 00000029581 00381489648
00000000028 00000073589 00000029581 00381489648
00000000025 00000074586 00000030578 00382485865
00000000025 00000074586 00000030578 00382485865
00000000025 00000074586 00000030578 00382485865
00000000025 00000074586 00000030578 00382485865
00000000025 00000074586 00000030578 00382485865
00000000065 00000075626 00000031618 00383526509
00000000065 00000075626 00000031618 00383526509
00000000065 00000075626 00000031618 00383526509
00000000065 00000075626 00000031618 00383526509
00000000065 00000075626 00000031618 00383526509
00000000020 00000076581 00000013563 00384480900
00000000020 00000076581 00000013563 00384480900
00000000020 00000076581 00000013563 00384480900
00000000020 00000076581 00000013563 00384480900
00000000020 00000076581 00000013563 00384480900
00000000025 00000077587 00000014569 00385486750
00000000025 00000077587 00000014569 00385486750
00000000025 00000077587 00000014569 00385486750
00000000025 00000077587 00000014569 00385486750
00000000025 00000077587 00000014569 00385486750
00000000025 00000078587 00000015569 00386487493
00000000025 00000078587 00000015569 00386487493
00000000025 00000078587 00000015569 00386487493
00000000025 00000078587 00000015569 00386487493
00000000025 00000078587 00000015569 00386487493
00000000035 00000079597 00000016579 00387496971
00000000035 00000079597 00000016579 00387496971
00000000035 00000079597 00000016579 00387496971
00000000035 00000079597 00000016579 00387496971
00000000035 00000079597 00000016579 00387496971
00000000031 00000080593 00000017575 00388493013
00000000031 00000080593 00000017575 00388493013
00000000031 00000080593 00000017575 00388493013
00000000031 00000080593 00000017575 00388493013
00000000031 00000080593 00000017575 00388493013
00000000034 00000081596 00000018578 00389496214
00000000034 00000081596 00000018578 00389496214
00000000034 00000081596 00000018578 00389496214
00000000034 00000081596 00000018578 00389496214
00000000034 00000081596 00000018578 00389496214
00000000021 00000082584 00000019566 00390484200
00000000021 00000082584 00000019566 00390484200
00000000021 00000082584 00000019566 00390484200
00000000021 00000082584 00000019566 00390484200
00000000021 00000082584 00000019566 00390484200
00000000019 00000083582 00000020564 00391482657
00000000019 00000083582 00000020564 00391482657
00000000019 00000083582 00000020564 00391482657
00000000019 00000083582 00000020564 00391482657
00000000019 00000083582 00000020564 00391482657
00000000024 00000084587 00000021569 00392487595
00000000024 00000084587 00000021569 00392487595
00000000024 00000084587 00000021569 00392487595
00000000024 00000084587 00000021569 00392487595
00000000024 00000084587 00000021569 00392487595
00000000043 00000085606 00000022588 00393506002
00000000043 00000085606 00000022588 00393506002
00000000043 00000085606 00000022588 00393506002
00000000043 00000085606 00000022588 00393506002
00000000043 00000085606 00000022588 00393506002
00000000035 00000086598 00000023580 00394498427
00000000035 00000086598 00000023580 00394498427
00000000035 00000086598 00000023580 00394498427
00000000035 00000086598 00000023580 00394498427
00000000035 00000086598 00000023580 00394498427
00000000027 00000087590 00000024572 00395490418
00000000027 00000087590 00000024572 00395490418
00000000027 00000087590 00000024572 00395490418
00000000027 00000087590 00000024572 00395490418
00000000027 00000087590 00000024572 00395490418
00000000035 00000088599 00000025581 00396499406
00000000035 00000088599 00000025581 00396499406
00000000035 00000088599 00000025581 00396499406
00000000035 00000088599 00000025581 00396499406
00000000035 00000088599 00000025581 00396499406
00000000038 00000089602 00000026584 00397501877
00000000038 00000089602 00000026584 00397501877
00000000038 00000089602 00000026584 00397501877
00000000038 00000089602 00000026584 00397501877
00000000038 00000089602 00000026584 00397501877
00000000026 00000090590 00000027572 00398490626
00000000026 00000090590 00000027572 00398490626
00000000026 00000090590 00000027572 00398490626
00000000026 00000090590 00000027572 00398490626
00000000026 00000090590 00000027572 00398490626
00000000024 00000091588 00000028570 00399488543
00000000024 00000091588 00000028570 00399488543
00000000024 00000091588 00000028570 00399488543
00000000024 00000091588 00000028570 00399488543
00000000024 00000091588 00000028570 00399488543
00000000051 00000092615 00000029597 00400515458
00000000051 00000092615 00000029597 00400515458
00000000051 00000092615 00000029597 00400515458
00000000051 00000092615 00000029597 00400515458
00000000051 00000092615 00000029597 00400515458
00000000159 00000093724 00000030706 00401623815
00000000159 00000093724 00000030706 00401623815
00000000159 00000093724 00000030706 00401623815
00000000159 00000093724 00000030706 00401623815
00000000159 00000093724 00000030706 00401623815
00000000029 00000094594 00000031576 00402494195
00000000029 00000094594 00000031576 00402494195
00000000029 00000094594 00000031576 00402494195
00000000029 00000094594 00000031576 00402494195
00000000029 00000094594 00000031576 00402494195
00000000118 00000095683 00000032665 00403583186
00000000118 00000095683 00000032665 00403583186
00000000118 00000095683 00000032665 00403583186
00000000118 00000095683 00000032665 00403583186
00000000118 00000095683 00000032665 00403583186
00000000037 00000036585 00000013575 00404502253
00000000037 00000036585 00000013575 00404502253
00000000037 00000036585 00000013575 00404502253
00000000037 00000036585 00000013575 00404502253
00000000037 00000036585 00000013575 00404502253
00000000022 00000037570 00000014560 00405487437
00000000022 00000037570 00000014560 00405487437
00000000022 00000037570 00000014560 00405487437
00000000022 00000037570 00000014560 00405487437
00000000022 00000037570 00000014560 00405487437
00000000025 00000038574 00000015564 00406491463
00000000025 00000038574 00000015564 00406491463
00000000025 00000038574 00000015564 00406491463
00000000025 00000038574 00000015564 00406491463
00000000025 00000038574 00000015564 00406491463
00000000030 00000039579 00000016569 00407496363
00000000030 00000039579 00000016569 00407496363
00000000030 00000039579 00000016569 00407496363
00000000030 00000039579 00000016569 00407496363
00000000030 00000039579 00000016569 00407496363
00000000033 00000040582 00000017572 00408498996
00000000033 00000040582 00000017572 00408498996
00000000033 00000040582 00000017572 00408498996
00000000033 00000040582 00000017572 00408498996
00000000033 00000040582 00000017572 00408498996
00000000024 00000041572 00000018562 00409489004
00000000024 00000041572 00000018562 00409489004
00000000024 00000041572 00000018562 00409489004
00000000024 00000041572 00000018562 00409489004
00000000024 00000041572 00000018562 00409489004
00000000028 00000042576 00000019566 00410493496
00000000028 00000042576 00000019566 00410493496
00000000028 00000042576 00000019566 00410493496
00000000028 00000042576 00000019566 00410493496
00000000028 00000042576 00000019566 00410493496
00000000038 00000043587 00000020577 00411504014
00000000038 00000043587 00000020577 00411504014
00000000038 00000043587 00000020577 00411504014
00000000038 00000043587 00000020577 00411504014
00000000038 00000043587 00000020577 00411504014
00000000036 00000044585 00000021575 00412501934
00000000036 00000044585 00000021575 00412501934
00000000036 00000044585 00000021575 00412501934
00000000036 00000044585 00000021575 00412501934
00000000036 00000044585 00000021575 00412501934
00000000036 00000045585 00000022575 00413501846
00000000036 00000045585 00000022575 00413501846
00000000036 00000045585 00000022575 00413501846
00000000036 00000045585 00000022575 00413501846
00000000036 00000045585 00000022575 00413501846
00000000041 00000046590 00000023580 00414507721
00000000041 00000046590 00000023580 00414507721
00000000041 00000046590 00000023580 00414507721
00000000041 00000046590 00000023580 00414507721
00000000041 00000046590 00000023580 00414507721
00000000026 00000047582 00000024572 00415499492
00000000026 00000047582 00000024572 00415499492
00000000026 00000047582 00000024572 00415499492
00000000026 00000047582 00000024572 00415499492
00000000026 00000047582 00000024572 00415499492
00000000039 00000048595 00000025585 00416512517
00000000039 00000048595 00000025585 00416512517
00000000039 00000048595 00000025585 00416512517
00000000039 00000048595 00000025585 00416512517
00000000039 00000048595 00000025585 00416512517
00000000040 00000049596 00000026586 00417513520
00000000040 00000049596 00000026586 00417513520
00000000040 00000049596 00000026586 00417513520
00000000040 00000049596 00000026586 00417513520
00000000040 00000049596 00000026586 00417513520
00000000028 00000050584 00000027574 00418501158
00000000028 00000050584 00000027574 00418501158
00000000028 00000050584 00000027574 00418501158
00000000028 00000050584 00000027574 00418501158
00000000028 00000050584 00000027574 00418501158
00000000043 00000051599 00000028589 00419516139
00000000043 00000051599 00000028589 00419516139
00000000043 00000051599 00000028589 00419516139
00000000043 00000051599 00000028589 00419516139
00000000043 00000051599 00000028589 00419516139
00000000080 00000052636 00000029626 00420552867
00000000080 00000052636 00000029626 00420552867
00000000080 00000052636 00000029626 00420552867
00000000080 00000052636 00000029626 00420552867
00000000080 00000052636 00000029626 00420552867
00000000025 00000053582 00000030572 00421498944
00000000025 00000053582 00000030572 00421498944
00000000025 00000053582 00000030572 00421498944
00000000025 00000053582 00000030572 00421498944
00000000025 00000053582 00000030572 00421498944
00000000347 00000054904 00000031894 00422821707
00000000347 00000054904 00000031894 00422821707
00000000347 00000054904 00000031894 00422821707
00000000347 00000054904 00000031894 00422821707
00000000347 00000054904 00000031894 00422821707
00000000050 00000055607 00000012587 00423524373
00000000050 00000055607 00000012587 00423524373
00000000050 00000055607 00000012587 00423524373
00000000050 00000055607 00000012587 00423524373
00000000050 00000055607 00000012587 00423524373
00000000027 00000056584 00000013564 00424501176
00000000027 00000056584 00000013564 00424501176
00000000027 00000056584 00000013564 00424501176
00000000027 00000056584 00000013564 00424501176
00000000027 00000056584 00000013564 00424501176
00000000053 00000057610 00000014590 00425526938
00000000053 00000057610 00000014590 00425526938
00000000053 00000057610 00000014590 00425526938
00000000053 00000057610 00000014590 00425526938
00000000053 00000057610 00000014590 00425526938
00000000032 00000058590 00000015570 00426507521
00000000032 00000058590 00000015570 00426507521
00000000032 00000058590 00000015570 00426507521
00000000032 00000058590 00000015570 00426507521
00000000032 00000058590 00000015570 00426507521
00000000048 00000059606 00000016586 00427522873
00000000048 00000059606 00000016586 00427522873
00000000048 00000059606 00000016586 00427522873
00000000048 00000059606 00000016586 00427522873
00000000048 00000059606 00000016586 00427522873
