S[0, 0] 6431.899 15247966
S[0, 1] 5425.827 15249944
S[0, 2] 4425.612 15249944
S[0, 3] 3425.475 15249993
S[0, 4] 2833.722 15660001
S[0, 5] 2002.006 15828476
S[0, 6] 1556.309 16382961
S[0, 7] 1297.472 17124307
C[[0, 0], 0] 8999.084 17815153
C[[0, 0], 1] 8006.431 17830547
C[[0, 0], 2] 7006.216 17830547
C[[0, 0], 3] 6006.03 17830547
C[[0, 0], 4] 5004.269 17830547
C[[0, 0], 5] 4004.078 17830547
C[[0, 0], 6] 3003.895 17830547
C[[0, 0], 7] 2003.712 17830547
S[0, 8] 1319.305 18146385
C[[0, 0], 8] 1481.876 18308957
S[0, 9] 1328.283 19155546
C[[0, 0], 9] 1500.873 19328135
S[0, 10] 1340.325 20167758
C[[0, 0], 10] 1500.741 20328174
S[0, 11] 1322.575 21150190
C[[0, 0], 11] 1492.764 21320379
S[0, 12] 1322.043 22149845
C[[0, 0], 12] 1486.635 22314437
S[0, 13] 1319.897 23147875
C[[0, 0], 13] 1495.167 23323144
S[0, 14] 1324.474 24152635
C[[0, 0], 14] 1467.659 24295820
S[0, 15] 1330.123 25158511
C[[0, 0], 15] 1516.928 25345316
S[0, 16] 1327.243 26156429
C[[0, 0], 16] 1478.581 26307767
S[0, 17] 1197.789 27027161
C[[0, 0], 17] 1504.993 27334365
S[0, 18] 1192.748 28022311
C[[0, 0], 18] 1487.967 28317530
S[0, 19] 1488.141 29317884
C[[0, 0], 19] 2076.314 29906056
S[0, 20] 1498.649 30328572
C[[0, 1], 0] 1932.811 30762734
S[0, 21] 1532.951 31363960
C[[0, 1], 1] 1811.265 31642274
S[0, 22] 1515.838 32347038
C[[0, 1], 2] 1788.812 32620011
S[0, 23] 1553.052 33384436
C[[0, 1], 3] 1850.524 33681908
S[0, 24] 1535.348 34366909
C[[0, 1], 4] 2942.471 35774032
S[0, 25] 2016.94 35848689
C[[0, 1], 5] 2974.55 36806299
CS[0, 0] 28267.812 8252.734 37082655
S[0, 26] 2970.861 37802786
S[0, 27] 1999.295 37831427
C[[0, 1], 6] 3048.743 37880668
S[0, 28] 1544.912 38377296
S[0, 29] 1486.977 39319582
C[[0, 1], 9] 1828.541 39661147
C[[0, 1], 8] 2828.762 39661147
C[[0, 1], 7] 3829.015 39661147
S[0, 30] 1504.356 40337143
C[[0, 1], 10] 1843.353 40676140
S[0, 31] 1534.469 41367442
C[[0, 1], 11] 1876.189 41709162
S[0, 32] 1536.924 42370084
C[[0, 1], 12] 1850.268 42683428
S[0, 33] 1550.356 43383694
C[[0, 1], 13] 1869.937 43703275
S[0, 34] 1522.021 44355547
C[[0, 1], 14] 1810.25 44643776
S[0, 35] 1542.708 45376393
C[[0, 1], 15] 1827.912 45661597
S[0, 36] 1524.155 46358018
C[[0, 1], 16] 1847.386 46681249
S[0, 37] 1552.311 47386371
C[[0, 1], 17] 1890.674 47724734
S[0, 38] 1515.623 48349868
C[[0, 1], 18] 1824.066 48658311
S[0, 39] 1308.857 49143286
C[[0, 1], 19] 1862.035 49696464
S[0, 40] 1296.518 50131133
C[[0, 2], 0] 1895.474 50730089
S[0, 41] 1303.884 51138696
C[[0, 2], 1] 1863.389 51698201
S[0, 42] 1493.977 52328973
C[[0, 2], 2] 1818.349 52653346
S[0, 43] 1503.518 53338689
C[[0, 2], 3] 1865.472 53700643
S[0, 44] 1533.054 54368404
C[[0, 2], 4] 1855.477 54690827
S[0, 45] 1519.802 55355331
C[[0, 2], 5] 1909.702 55745231
S[0, 46] 1539.775 56375491
C[[0, 2], 6] 1807.03 56642746
S[0, 47] 1533.998 57369889
C[[0, 2], 7] 1985.846 57821737
S[0, 48] 1522.597 58358674
C[[0, 2], 8] 1863.173 58699250
S[0, 49] 1509.185 59345440
CS[0, 1] 30855.943 10851.251 59685866
C[[0, 2], 9] 1922.686 59758941
S[0, 50] 1303.725 60140165
C[[0, 2], 10] 1875.969 60712409
S[0, 51] 1534.08 61370701
C[[0, 2], 11] 1936.868 61773489
S[0, 52] 1478.153 62314956
C[[0, 2], 12] 1786.489 62623292
S[0, 53] 1493.754 63330739
C[[0, 2], 13] 1797.406 63634391
S[0, 54] 1503.106 64340281
C[[0, 2], 14] 1862.627 64699802
S[0, 55] 1505.619 65342976
C[[0, 2], 15] 1852.691 65690048
S[0, 56] 1535.063 66372613
C[[0, 2], 16] 1828.133 66665682
S[0, 57] 1533.694 67371425
C[[0, 2], 17] 1884.662 67722393
S[0, 58] 1521.931 68359844
C[[0, 2], 18] 1841.043 68678956
S[0, 59] 1497.361 69335459
C[[0, 2], 19] 2228.754 70066853
C[[0, 3], 0] 2039.378 70877652
C[[0, 3], 1] 1897.621 71741079
S[1, 0] 2924.242 71762517
S[1, 1] 1949.448 71792906
SS0 63789.062 3764.615 72602880
C[[0, 3], 2] 1808.04 72651681
S[1, 2] 1808.091 72651732
S[1, 3] 1782.446 73626264
C[[0, 3], 3] 1813.962 73657780
C[[0, 3], 4] 1758.998 74603009
S[1, 4] 1759.083 74603094
C[[0, 3], 5] 1779.605 75623802
S[1, 5] 1779.694 75623892
S[1, 6] 1778.714 76623133
C[[0, 3], 6] 1878.445 76722864
S[1, 7] 1806.419 77651031
C[[0, 3], 7] 1806.5 77651112
S[1, 8] 1742.786 78587586
C[[0, 3], 8] 1849.333 78694134
S[1, 9] 1423.508 79268494
C[[0, 3], 9] 1851.243 79696229
CS[0, 2] 31535.077 11531.418 80369692
S[1, 10] 1573.35 80418521
C[[0, 3], 10] 1858.517 80703689
S[1, 11] 1407.766 81253122
C[[0, 3], 11] 1764.881 81610237
S[1, 12] 1492.253 82337792
C[[0, 3], 12] 1834.349 82679888
S[1, 13] 1734.415 83580133
C[[0, 3], 13] 1816.209 83661927
S[1, 14] 1732.473 84578370
C[[0, 3], 14] 1831.704 84677602
S[1, 15] 1740.653 85586729
C[[0, 3], 15] 1840.843 85686919
S[1, 16] 1770.957 86617219
C[[0, 3], 16] 1851.838 86698100
S[1, 17] 1745.743 87592196
C[[0, 3], 17] 1801.475 87647928
S[1, 18] 1734.837 88581466
S[1, 19] 1515.508 89362323
C[[0, 3], 18] 2772.657 89619286
C[[0, 3], 19] 1818.82 89665635
S[1, 20] 1736.553 90583550
C[[0, 4], 0] 1865.874 90712871
S[1, 21] 1415.301 91262479
C[[0, 4], 1] 1857.321 91704499
S[1, 22] 1694.17 92541518
S[1, 23] 1405.478 93253011
C[[0, 4], 2] 2812.874 93660222
C[[0, 4], 3] 1812.689 93660222
S[1, 24] 1425.261 94272986
C[[0, 4], 4] 1793.76 94641485
S[1, 25] 1504.492 95352398
C[[0, 4], 5] 1763.946 95611852
S[1, 26] 1751.31 96599398
C[[0, 4], 6] 1782.974 96631062
S[1, 27] 1741.92 97590198
C[[0, 4], 7] 1886.032 97734310
S[1, 28] 1742.946 98591399
C[[0, 4], 8] 1806.666 98655118
S[1, 29] 2103.993 99952622
C[[0, 4], 9] 2104.044 99952673
CS[0, 3] 31114.452 11105.729 99952726
S[1, 30] 1739.06 100587872
C[[0, 4], 10] 1823.938 100672751
S[1, 31] 1859.896 101708889
C[[0, 4], 11] 1859.998 101708991
S[1, 32] 1729.353 102578525
C[[0, 4], 12] 1789.977 102639149
S[1, 33] 1420.375 103269732
C[[0, 4], 13] 1761.142 103610498
S[1, 34] 1409.387 104258932
C[[0, 4], 14] 1804.378 104653923
S[1, 35] 1410.683 105260406
C[[0, 4], 15] 1852.594 105702317
S[1, 36] 1399.846 106249754
C[[0, 4], 16] 1809.234 106659142
S[1, 37] 1509.263 107359359
C[[0, 4], 17] 1838.563 107688659
S[1, 38] 1759.472 108609750
C[[0, 4], 18] 1864.678 108714956
S[1, 39] 1514.885 109365348
C[[0, 4], 19] 1815.888 109666351
S[1, 40] 1906.579 110757218
C[[0, 5], 0] 1906.629 110757269
S[1, 41] 1763.475 111614297
C[[0, 5], 1] 1812.523 111663344
S[1, 42] 1755.817 112606814
C[[0, 5], 2] 1827.368 112678365
S[1, 43] 1740.007 113591183
C[[0, 5], 3] 1792.664 113643840
S[1, 44] 1719.036 114570385
C[[0, 5], 4] 1844.674 114696024
S[1, 45] 1789.433 115640971
C[[0, 5], 5] 1841.568 115693106
S[1, 46] 1803.217 116654936
C[[0, 5], 6] 1866.841 116718562
S[1, 47] 1747.49 117599388
C[[0, 5], 7] 1821.401 117673299
S[1, 48] 1439.356 118291442
C[[0, 5], 8] 1879.188 118731274
CS[0, 4] 30974.085 10970.443 119821082
S[1, 49] 2034.033 119886311
C[[0, 5], 9] 2084.235 119936513
S[1, 50] 1806.624 120659088
C[[0, 5], 10] 1859.104 120711568
S[1, 51] 1395.269 121247923
C[[0, 5], 11] 1782.753 121635407
S[1, 52] 1486.177 122339022
C[[0, 5], 12] 1792.226 122645071
S[1, 53] 1761.221 123614248
C[[0, 5], 13] 1793.823 123646850
S[1, 54] 1737.454 124590674
C[[0, 5], 14] 1832.365 124685585
S[1, 55] 1759.445 125612845
C[[0, 5], 15] 1786.57 125639970
S[1, 56] 1774.268 126627857
C[[0, 5], 16] 1855.554 126709143
S[1, 57] 1756.52 127610307
C[[0, 5], 17] 1783.488 127637275
S[1, 58] 1759.448 128613425
C[[0, 5], 18] 1794.788 128648765
S[1, 59] 1500.71 129354882
C[[0, 5], 19] 1811.034 129665206
S[2, 0] 985.45 129839813
C[[0, 6], 0] 1866.183 130720547
S[2, 1] 1777.611 131632165
C[[0, 6], 1] 1853.758 131708313
SS1 63151.396 3135.307 131989670
S[2, 2] 1770.54 132625280
C[[0, 6], 2] 1803.492 132658233
S[2, 3] 1492.555 133347476
C[[0, 6], 3] 1845.396 133700317
S[2, 4] 1777.721 134632819
C[[1, 0], 0] 1824.768 134679866
C[[1, 0], 1] 1832.989 135688310
S[2, 5] 1833.076 135688397
S[2, 6] 1815.404 136670916
C[[1, 0], 2] 1815.489 136671001
S[2, 7] 1422.022 137277734
C[[1, 0], 3] 1820.266 137675979
S[2, 8] 1966.756 138822662
C[[1, 0], 4] 2080.095 138936002
S[2, 9] 1749.409 139605496
C[[1, 0], 5] 1871.149 139727236
S[2, 10] 1426.897 140283166
CS[0, 5] 32224.165 12220.441 141074805
S[2, 11] 1419.26 141275710
C[[1, 0], 6] 2768.669 141624938
C[[1, 0], 7] 1768.488 141624938
S[2, 12] 1427.455 142284090
C[[1, 0], 8] 1826.776 142683411
S[2, 13] 1419.566 143276406
C[[1, 0], 9] 2092.182 143949022
S[2, 14] 1488.412 144345442
C[[1, 0], 10] 1803.329 144660359
S[2, 15] 1497.679 145354897
CS[0, 6] 17074.202 13073.467 145928565
C[[1, 0], 11] 2128.227 145985446
S[2, 16] 1491.193 146348602
C[[1, 0], 12] 1808.826 146666235
S[2, 17] 1509.507 147367114
C[[1, 0], 13] 1866.784 147724391
S[2, 18] 1754.567 148612362
C[[1, 0], 14] 1804.676 148662471
S[2, 19] 1796.597 149654583
C[[1, 0], 15] 1816.509 149674495
S[2, 20] 1744.618 150602791
C[[1, 0], 16] 1771.049 150629222
S[2, 21] 1727.368 151585735
C[[1, 0], 17] 1788.907 151647274
S[2, 22] 1774.175 152632724
C[[1, 0], 18] 1835.047 152693596
S[2, 23] 1504.613 153363351
S[2, 24] 1764.242 154623166
C[[1, 0], 19] 2838.039 154696777
C[[1, 1], 0] 1837.853 154696777
S[2, 25] 1412.653 155271764
C[[1, 1], 1] 1824.599 155683710
S[2, 26] 1407.365 156266659
C[[1, 1], 2] 1861.347 156720641
S[2, 27] 1734.218 157593695
S[2, 28] 1421.825 158281488
C[[1, 1], 3] 2802.87 158662347
C[[1, 1], 4] 1802.684 158662347
S[2, 29] 1499.885 159359742
S[2, 30] 1759.167 160619214
C[[1, 1], 5] 2793.509 160653366
C[[1, 1], 6] 1793.319 160653366
S[2, 31] 1744.144 161604410
C[[1, 1], 7] 1796.515 161656781
S[2, 32] 1775.092 162635538
C[[1, 1], 8] 1829.509 162689954
S[2, 33] 1817.263 163677885
C[[1, 1], 9] 1872.073 163732695
CS[1, 0] 31656.048 11652.222 164511146
S[2, 34] 1757.252 164618063
C[[1, 1], 10] 1854.03 164714841
S[2, 35] 1753.015 165614003
S[2, 36] 1407.581 166268758
C[[1, 1], 11] 2781.618 166642606
C[[1, 1], 12] 1825.839 166687016
S[2, 37] 1393.773 167255130
C[[1, 1], 13] 1868.874 167730231
S[2, 38] 1395.622 168263384
S[2, 39] 1550.183 169418131
C[[1, 1], 15] 1771.509 169639458
C[[1, 1], 14] 2771.695 169639458
S[2, 40] 1485.543 170353678
C[[1, 1], 16] 1836.408 170704543
S[2, 41] 1489.983 171358307
C[[1, 1], 17] 1769.278 171637602
S[2, 42] 1768.637 172637144
C[[1, 1], 18] 1831.718 172700225
S[2, 43] 1489.868 173358567
S[2, 44] 1723.643 174592521
C[[1, 1], 19] 2776.446 174645145
C[[1, 2], 0] 1852.01 174720888
S[2, 45] 1430.918 175299976
S[2, 46] 1401.446 176270690
C[[1, 2], 2] 1848.242 176717486
C[[1, 2], 1] 2848.428 176717486
S[2, 47] 1410.109 177279547
C[[1, 2], 3] 1846.137 177715575
S[2, 48] 1735.424 178605044
S[2, 49] 1409.859 179279661
C[[1, 2], 4] 2825.119 179694739
C[[1, 2], 5] 1824.937 179694739
S[2, 50] 1775.306 180645296
C[[1, 2], 6] 1843.643 180713633
S[2, 51] 1690.193 181560370
C[[1, 2], 7] 1750.97 181621147
S[2, 52] 1489.997 182360360
C[[1, 2], 8] 2102.093 182972456
S[2, 53] 1488.6 183359148
C[[1, 2], 9] 1806.907 183677455
CS[1, 1] 31881.957 11872.003 184740881
C[[1, 2], 10] 1969.676 184840414
S[2, 54] 1969.731 184840470
S[2, 55] 1748.413 185619341
C[[1, 2], 11] 1844.609 185715538
S[2, 56] 1771.751 186642861
C[[1, 2], 12] 1833.033 186704143
S[2, 57] 1678.907 187550201
C[[1, 2], 13] 1740.617 187611911
S[2, 58] 1402.218 188273695
C[[1, 2], 14] 1858.999 188730476
S[2, 59] 1723.618 189595280
C[[1, 2], 15] 1771.113 189642775
S[3, 0] 895.825 189767670
C[[1, 2], 16] 1982.362 190854207
S[3, 1] 1760.941 191632969
C[[1, 2], 17] 1830.277 191702305
SS2 63043.955 3026.473 191898318
S[3, 2] 1410.18 192282405
C[[1, 2], 18] 1816.729 192688954
S[3, 3] 1484.22 193356657
C[[1, 2], 19] 1807.712 193680149
S[3, 4] 1509.27 194381897
C[[2, 0], 0] 1857.939 194730566
S[3, 5] 1765.958 195638776
C[[2, 0], 1] 1846.267 195719085
S[3, 6] 1773.997 196647002
C[[2, 0], 2] 1816.32 196689324
S[3, 7] 1785.577 197658771
C[[2, 0], 3] 1828.886 197702080
S[3, 8] 1786.094 198659475
C[[2, 0], 4] 1826.368 198699748
S[3, 9] 1793.013 199666576
C[[2, 0], 5] 1871.807 199745370
S[3, 10] 1735.653 200609416
C[[2, 0], 6] 1904.726 200778489
S[3, 11] 1467.866 201341821
C[[2, 0], 7] 1904.634 201778589
S[3, 12] 1736.19 202610315
C[[2, 0], 8] 1829.972 202704097
S[3, 13] 1848.272 203722575
CS[1, 3] 10850.032 10850.032 203722659
CS[1, 2] 30853.781 10850.032 203722659
C[[2, 0], 9] 1956.189 203830492
S[3, 14] 1417.645 204292132
C[[2, 0], 10] 1769.147 204643634
S[3, 15] 1476.724 205351394
C[[2, 0], 11] 1765.042 205639710
S[3, 16] 1510.251 206385098
C[[2, 0], 12] 1833.928 206708775
S[3, 17] 1782.825 207657854
S[3, 18] 1758.376 208633587
C[[2, 0], 13] 2830.493 208705521
C[[2, 0], 14] 1877.347 208752558
S[3, 19] 1733.108 209608490
C[[2, 0], 15] 1825.142 209700525
S[3, 20] 1751.463 210627041
C[[2, 0], 16] 1779.456 210655033
S[3, 21] 1740.971 211616708
C[[2, 0], 17] 1797.172 211672909
S[3, 22] 1427.091 212303005
C[[2, 0], 18] 1821.102 212697016
S[3, 23] 1281.14 213157240
C[[2, 0], 19] 1800.348 213676448
S[3, 24] 1471.412 214347703
C[[2, 1], 0] 1872.413 214748704
S[3, 25] 1433.221 215309699
C[[2, 1], 1] 1825.613 215702091
S[3, 26] 1477.947 216354612
C[[2, 1], 2] 1850.947 216727612
S[3, 27] 1738.681 217615528
S[3, 28] 1774.305 218651333
C[[2, 1], 3] 2819.712 218696560
C[[2, 1], 4] 1819.531 218696560
S[3, 29] 1728.359 219605570
S[3, 30] 1737.663 220615054
C[[2, 1], 6] 1778.794 220656185
C[[2, 1], 5] 2778.974 220656185
S[3, 31] 1775.357 221652934
C[[2, 1], 7] 1863.767 221741344
S[3, 32] 1856.843 222734597
C[[2, 1], 8] 2193.718 223071472
S[3, 33] 1736.335 223614252
S[3, 34] 1407.92 224286025
CS[2, 0] 31822.48 11818.816 224695107
C[[2, 1], 9] 2882.4 224760317
C[[2, 1], 10] 1882.212 224760317
S[3, 35] 1412.216 225290501
S[3, 36] 1484.331 226362799
C[[2, 1], 11] 2776.206 226654491
C[[2, 1], 12] 1870.894 226749362
S[3, 37] 1495.415 227374071
C[[2, 1], 13] 1795.179 227673835
S[3, 38] 1757.195 228636040
C[[2, 1], 14] 1793.77 228672616
S[3, 39] 1753.145 229632185
C[[2, 1], 15] 1787.047 229666087
S[3, 40] 1742.108 230621334
C[[2, 1], 16] 1770.953 230650179
S[3, 41] 1737.45 231616865
C[[2, 1], 17] 1810.608 231690023
S[3, 42] 1766.325 232645922
C[[2, 1], 18] 1854.565 232734162
S[3, 43] 1483.129 233362913
S[3, 44] 1776.21 234656177
C[[2, 1], 19] 2885.924 234765708
S[3, 45] 1405.944 235286097
C[[2, 2], 0] 2790.173 235670140
C[[2, 2], 1] 1789.987 235670140
S[3, 46] 1410.243 236290603
C[[2, 2], 2] 1796.374 236676734
S[3, 47] 1404.536 237285086
S[3, 48] 1429.301 238310030
C[[2, 2], 3] 2821.153 238701703
C[[2, 2], 4] 1867.388 238748117
S[3, 49] 1428.149 239309072
S[3, 50] 1392.947 240274050
C[[2, 2], 5] 2789.749 240670672
S[3, 51] 1490.549 241371831
C[[2, 2], 6] 2934.576 241815680
C[[2, 2], 7] 1934.397 241815680
S[3, 52] 1419.199 242300667
C[[2, 2], 8] 1835.342 242716810
CS[2, 1] 30726.262 10722.586 243602553
S[3, 53] 1797.429 243679076
S[3, 54] 1491.889 244373719
C[[2, 2], 9] 2774.45 244656097
S[3, 55] 1503.348 245385364
C[[2, 2], 10] 2811.17 245693000
C[[2, 2], 11] 1863.352 245745368
S[3, 56] 1745.908 246628100
C[[2, 2], 12] 1775.629 246657822
S[3, 57] 1779.311 247668141
C[[2, 2], 13] 1850.454 247739285
S[3, 58] 1709.439 248598458
C[[2, 2], 14] 2816.646 249705665
S[3, 59] 4228.872 252118072
C[[2, 2], 15] 5542.845 253432045
C[[2, 2], 16] 8939.074 257828456
C[[2, 2], 18] 7622.394 258512159
C[[2, 2], 17] 8622.577 258512159
C[[2, 3], 1] 4950.168 258840429
C[[2, 3], 0] 5950.327 258840429
C[[2, 2], 19] 6950.482 258840429
C[[2, 3], 2] 4666.284 259556730
C[[2, 3], 4] 3835.774 260726585
C[[2, 3], 3] 4835.954 260726585
C[[2, 3], 6] 1835.379 260726585
C[[2, 3], 5] 2835.58 260726585
S[4, 1] 11069.431 260959012
S[4, 0] 12069.631 260959012
S[4, 2] 10649.89 261539655
S[4, 6] 6844.988 261735435
S[4, 5] 7845.173 261735435
S[4, 3] 9845.487 261735435
S[4, 4] 8845.332 261735435
S[4, 7] 5844.803 261735435
S[4, 8] 4885.359 261776170
S[4, 9] 3885.165 261776170
S[4, 10] 2884.964 261776170
S[4, 11] 2441.012 262332538
S[4, 12] 1477.072 262368789
SS3 73740.965 13723.428 262612810
C[[2, 3], 7] 2758.238 262649764
C[[2, 3], 8] 1758.047 262649764
S[4, 13] 1474.139 263366041
C[[2, 3], 9] 1738.604 263630506
S[4, 14] 1738.326 264630408
C[[3, 0], 0] 1827.79 264719872
S[4, 15] 1788.3 265680570
C[[3, 0], 1] 1856.754 265749024
S[4, 16] 1958.293 266850745
S[4, 17] 1392.682 267285359
C[[3, 0], 3] 1826.384 267719061
C[[3, 0], 2] 2826.608 267719061
S[4, 18] 1444.898 268337749
C[[3, 0], 4] 1800.833 268693685
S[4, 19] 1580.84 269473873
C[[3, 0], 5] 1805.808 269698841
CS[2, 2] 37940.096 17929.961 270820064
C[[3, 0], 6] 2030.131 270923358
S[4, 20] 2030.213 270923441
S[4, 21] 1755.468 271648874
C[[3, 0], 7] 1806.502 271699908
S[4, 22] 1451.943 272345523
C[[3, 0], 8] 1814.624 272708204
S[4, 23] 1719.616 273613383
S[4, 24] 1514.196 274408138
C[[3, 0], 9] 2781.562 274675329
C[[3, 0], 10] 1818.846 274712788
S[4, 25] 1500.549 275394672
C[[3, 0], 11] 1830.412 275724534
S[4, 26] 1759.079 276653381
CS[2, 3] 24577.866 14575.886 277467968
S[4, 27] 1759.634 277654115
C[[3, 0], 13] 1795.824 277690306
C[[3, 0], 12] 2796.004 277690306
S[4, 28] 1768.264 278662928
C[[3, 0], 14] 1803.88 278698544
S[4, 29] 1716.57 279611412
C[[3, 0], 15] 1791.255 279686097
S[4, 30] 1416.628 280311649
C[[3, 0], 16] 1823.015 280718036
S[4, 31] 1707.917 281603119
S[4, 32] 1492.839 282388229
C[[3, 0], 17] 2777.739 282672942
C[[3, 0], 18] 1817.093 282712483
S[4, 33] 1493.967 283389537
C[[3, 0], 19] 1801.701 283697271
S[4, 34] 1802.754 284698516
S[4, 35] 1744.754 285640702
C[[3, 1], 1] 1782.788 285678736
C[[3, 1], 0] 2782.974 285678736
S[4, 36] 1770.048 286666171
C[[3, 1], 2] 1810.55 286706673
S[4, 37] 1734.046 287630344
C[[3, 1], 3] 1765.333 287661631
S[4, 38] 1725.893 288622365
C[[3, 1], 4] 1817.559 288714031
S[4, 39] 1751.33 289647983
C[[3, 1], 5] 1792.129 289688782
S[4, 40] 1764.739 290661572
C[[3, 1], 6] 1795.943 290692776
S[4, 41] 1711.044 291608061
C[[3, 1], 7] 1836.026 291733043
S[4, 42] 1779.786 292676993
C[[3, 1], 8] 2830.338 293727545
S[4, 43] 2080.853 293978234
C[[3, 1], 9] 2132.372 294029753
S[4, 44] 1410.008 294307564
S[4, 45] 1487.817 295385561
C[[3, 1], 10] 2847.893 295745449
C[[3, 1], 11] 1847.705 295745449
CS[3, 0] 33568.903 13565.223 296460986
S[4, 46] 1815.786 296713713
C[[3, 1], 12] 1885.91 296783837
S[4, 47] 1703.346 297601459
C[[3, 1], 13] 1757.322 297655435
S[4, 48] 1483.606 298381922
C[[3, 1], 14] 1813.376 298711692
S[4, 49] 1501.904 299400398
C[[3, 1], 15] 1767.268 299665762
S[4, 50] 1742.657 300641325
C[[3, 1], 16] 1799.742 300698410
S[4, 51] 1730.578 301629433
C[[3, 1], 17] 1828.002 301726856
S[4, 52] 1749.49 302648516
C[[3, 1], 18] 1831.497 302730523
S[4, 53] 1498.78 303397988
C[[3, 1], 19] 1808.448 303707656
S[4, 54] 1900.708 304800097
C[[3, 2], 0] 1900.792 304800182
S[4, 55] 1440.861 305340434
C[[3, 2], 1] 1780.254 305679827
S[4, 56] 1491.429 306391181
C[[3, 2], 2] 1868.119 306767871
S[4, 57] 1498.162 307398096
C[[3, 2], 3] 1785.886 307685820
S[4, 58] 1597.221 308497333
C[[3, 2], 4] 1766.094 308666206
S[4, 59] 1727.604 309627897
C[[3, 2], 5] 1780.908 309681201
S[5, 0] 924.086 309824557
S[5, 1] 1725.076 311625725
C[[3, 2], 6] 2761.685 311662156
C[[3, 2], 7] 1803.11 311703759
SS4 63205.396 3194.307 312094778
S[5, 2] 1763.644 312664472
C[[3, 2], 8] 1840.926 312741754
S[5, 3] 1492.013 313393022
CS[3, 1] 30939.362 10935.735 313835125
C[[3, 2], 9] 2034.565 313935575
S[5, 4] 1715.829 314617033
C[[4, 0], 0] 1782.376 314683580
S[5, 5] 1832.873 315734262
C[[4, 0], 1] 1885.516 315786905
S[5, 6] 1739.101 316640687
S[5, 7] 1716.556 317618318
C[[4, 0], 2] 2811.527 317713113
C[[4, 0], 3] 1811.351 317713113
S[5, 8] 1403.799 318305736
C[[4, 0], 4] 1852.911 318754848
S[5, 9] 1395.828 319297949
C[[4, 0], 5] 2158.531 320060652
S[5, 10] 1492.398 320394702
C[[4, 0], 6] 1838.168 320740472
S[5, 11] 1889.842 321792330
CS[3, 2] 18892.999 8891.184 321792388
C[[4, 0], 7] 1930.64 321833128
S[5, 12] 1722.339 322625011
S[5, 13] 1742.72 323645562
C[[4, 0], 9] 1792.09 323694932
C[[4, 0], 8] 2792.26 323694932
S[5, 14] 1733.318 324636346
C[[4, 0], 10] 1790.904 324693935
S[5, 15] 1770.002 325673215
C[[4, 0], 11] 1804.661 325707874
S[5, 16] 1699.382 326602779
C[[4, 0], 12] 1764.558 326667955
S[5, 17] 1490.589 327394175
C[[4, 0], 13] 1829.251 327732837
S[5, 18] 1727.111 328630893
C[[4, 0], 14] 1802.497 328706279
S[5, 19] 1708.605 329612573
S[5, 20] 1747.952 330652108
C[[4, 0], 15] 2770.912 330674880
C[[4, 0], 16] 1827.548 330731704
S[5, 21] 1775.604 331679971
C[[4, 0], 17] 1810.592 331714959
S[5, 22] 1745.898 332650450
C[[4, 0], 18] 1782.24 332686792
S[5, 23] 1483.18 333387916
C[[4, 0], 19] 1836.326 333741062
S[5, 24] 1745.358 334650271
C[[4, 1], 0] 1886.275 334791188
S[5, 25] 1415.804 335320914
S[5, 26] 1425.713 336330998
C[[4, 1], 1] 2764.851 336669961
C[[4, 1], 2] 1764.676 336669961
S[5, 27] 1495.662 337401122
C[[4, 1], 3] 1863.686 337769146
S[5, 28] 1747.978 338653625
C[[4, 1], 4] 1852.006 338757653
S[5, 29] 1734.584 339640415
S[5, 30] 1732.686 340638700
C[[4, 1], 5] 2778.584 340684415
C[[4, 1], 6] 1778.401 340684415
S[5, 31] 1725.521 341631729
C[[4, 1], 7] 1807.639 341713848
S[5, 32] 1727.612 342634011
C[[4, 1], 8] 1814.858 342721257
S[5, 33] 1736.928 343643505
C[[4, 1], 9] 1837.312 343743889
CS[4, 0] 31538.44 11534.731 344439644
S[5, 34] 1740.407 344647159
S[5, 35] 1762.346 345669279
C[[4, 1], 11] 1815.985 345722919
C[[4, 1], 10] 2816.166 345722919
S[5, 36] 1777.253 346684371
C[[4, 1], 12] 1834.072 346741190
S[5, 37] 1738.808 347646124
S[5, 38] 1426.379 348333878
C[[4, 1], 14] 1751.419 348658919
C[[4, 1], 13] 2751.603 348658919
S[5, 39] 1499.188 349406864
C[[4, 1], 15] 1816.304 349723980
S[5, 40] 1495.012 350402878
S[5, 41] 1715.253 351623299
C[[4, 1], 16] 2763.037 351670903
S[5, 42] 1722.83 352631051
C[[4, 1], 17] 2826.336 352734382
C[[4, 1], 18] 1855.871 352764092
S[5, 43] 1507.645 353416110
C[[4, 1], 19] 1758.136 353666601
C[[4, 2], 0] 1819.297 354727937
S[5, 44] 1819.39 354728030
S[5, 45] 1737.828 355646650
C[[4, 2], 1] 1789.336 355698158
S[5, 46] 1726.646 356635643
C[[4, 2], 2] 1804.566 356713563
S[5, 47] 1895.922 357805107
C[[4, 2], 3] 1896.011 357805197
S[5, 48] 1770.942 358680303
C[[4, 2], 4] 1915.431 358824792
S[5, 49] 1429.751 359339303
C[[4, 2], 5] 1845.155 359754707
S[5, 50] 1481.443 360391178
C[[4, 2], 6] 1825.014 360734749
S[5, 51] 1728.303 361638222
S[5, 52] 2226.311 363136418
C[[4, 2], 8] 2226.405 363136512
C[[4, 2], 7] 3226.593 363136512
S[5, 53] 1764.29 363674567
C[[4, 2], 9] 1804.348 363714625
CS[4, 1] 31918.29 11914.563 364823203
S[5, 54] 1983.299 364893771
C[[4, 2], 10] 2031.11 364941582
S[5, 55] 1761.46 365672111
C[[4, 2], 11] 1880.155 365790806
S[5, 56] 1762.438 366673274
C[[4, 2], 12] 2784.535 367695370
S[5, 57] 1829.39 367740412
C[[4, 2], 13] 1878.107 367789129
S[5, 58] 1696.931 368608139
S[5, 59] 1489.441 369406619
C[[4, 2], 14] 2811.746 369722955
C[[4, 2], 15] 1840.87 369758048
S[6, 0] 956.744 369874054
SS5 62675.613 2658.774 371576084
S[6, 1] 1732.36 371649863
C[[4, 2], 17] 1798.316 371715819
C[[4, 2], 16] 2798.509 371715819
S[6, 2] 1514.755 372432444
C[[4, 2], 18] 1831.777 372749466
S[6, 3] 1758.223 373676089
C[[5, 0], 0] 1857.879 373775745
S[6, 4] 1729.97 374648024
C[[5, 0], 1] 1771.657 374689712
S[6, 5] 1891.635 375809875
C[[5, 0], 2] 1971.171 375889411
S[6, 6] 1738.408 376656829
C[[5, 0], 3] 1773.227 376691648
C[[5, 0], 4] 1742.631 377661236
S[6, 7] 1742.687 377661292
S[6, 8] 1486.731 378405519
C[[5, 0], 5] 1817.617 378736405
S[6, 9] 1751.854 379670841
C[[5, 0], 6] 1893.032 379812019
S[6, 10] 1766.499 380685667
C[[5, 0], 7] 2034.827 380953995
S[6, 11] 1740.72 381660073
C[[5, 0], 8] 1822.097 381741449
S[6, 12] 1750.249 382669791
C[[5, 0], 9] 1794.294 382713836
CS[4, 2] 30561.91 11552.684 383470550
S[6, 13] 1748.012 383667733
S[6, 14] 1394.059 384313964
C[[5, 0], 10] 2777.338 384697059
C[[5, 0], 11] 1805.596 384725501
S[6, 15] 1396.819 385322436
C[[5, 0], 12] 1810.493 385736110
S[6, 16] 1403.953 386329757
C[[5, 0], 13] 1824.888 386750692
S[6, 17] 1717.141 387643124
S[6, 18] 1497.324 388423496
C[[5, 0], 14] 2787.55 388713533
C[[5, 0], 15] 1787.361 388713533
S[6, 19] 1490.989 389417334
C[[5, 0], 16] 1792.486 389718831
S[6, 20] 1502.859 390429395
C[[5, 0], 17] 1828.093 390754628
S[6, 21] 1698.269 391624987
C[[5, 0], 18] 1772.691 391699409
S[6, 22] 1493.423 392420319
C[[5, 0], 19] 1786.635 392713531
S[6, 23] 1695.833 393622916
C[[5, 1], 0] 1805.221 393732304
S[6, 24] 1807.319 394734580
C[[5, 1], 1] 1857.445 394784706
S[6, 25] 1661.026 395588485
C[[5, 1], 2] 1732.313 395659772
S[6, 26] 1494.52 396422184
C[[5, 1], 3] 1828.641 396756305
S[6, 27] 1487.949 397415790
C[[5, 1], 4] 1786.871 397714712
S[6, 28] 1751.356 398679385
C[[5, 1], 5] 1796.987 398725016
S[6, 29] 1736.673 399664881
C[[5, 1], 6] 1883.788 399811996
S[6, 30] 1742.771 400671192
C[[5, 1], 7] 1862.369 400790790
S[6, 31] 1668.775 401603736
C[[5, 1], 8] 1809.439 401744400
S[6, 32] 1735.228 402670369
C[[5, 1], 9] 1801.011 402736152
CS[5, 0] 31594.432 11585.215 403512298
S[6, 33] 1734.183 403669501
C[[5, 1], 10] 1821.653 403756972
S[6, 34] 1740.404 404675912
C[[5, 1], 11] 1791.229 404726737
S[6, 35] 1720.147 405655843
C[[5, 1], 12] 1769.537 405705233
S[6, 36] 1753.636 406689514
C[[5, 1], 13] 1794.423 406730301
S[6, 37] 1745.959 407682016
C[[5, 1], 14] 1795.456 407731512
S[6, 38] 1480.931 408417192
C[[5, 1], 15] 1796.258 408732520
S[6, 39] 1488.018 409424442
C[[5, 1], 16] 1820.796 409757220
S[6, 40] 1703.699 410640330
S[6, 41] 1759.581 411696402
C[[5, 1], 17] 2791.316 411727947
C[[5, 1], 18] 1791.126 411727947
S[6, 42] 1469.116 412406123
C[[5, 1], 19] 2733.732 413670739
S[6, 43] 1853.197 413790390
C[[5, 2], 0] 1853.291 413790484
S[6, 44] 1731.309 414668683
S[6, 45] 1699.489 415637042
C[[5, 2], 1] 2793.51 415730884
C[[5, 2], 2] 1793.331 415730884
S[6, 46] 1417.562 416355302
C[[5, 2], 3] 1784.007 416721747
S[6, 47] 1467.747 417405670
C[[5, 2], 4] 1801.142 417739065
S[6, 48] 1512.597 418450701
C[[5, 2], 5] 1748.417 418686521
S[6, 49] 1711.603 419649894
C[[5, 2], 6] 1801.45 419739741
S[6, 50] 2133.687 421072163
C[[5, 2], 7] 2744.775 421683251
S[6, 51] 1784.337 421722996
C[[5, 2], 8] 1861.353 421800012
CS[5, 1] 30848.033 10837.923 422775115
C[[5, 2], 9] 1936.898 422875742
S[6, 52] 1936.974 422875818
S[6, 53] 1696.281 423635318
S[6, 54] 1494.121 424433334
C[[5, 2], 11] 1812.709 424751922
C[[5, 2], 10] 2812.885 424751922
S[6, 55] 1489.354 425428758
S[6, 56] 1698.542 426638126
C[[5, 2], 12] 2779.76 426719164
