000.001 WPR 00250199870
000.001 RBE 00250201317
000.004 WPR 00250206797
000.004 RBE 00250207321
000.003 WPR 00250217550
000.003 RBE 00250218172
000.005 AFR 00252934503
000.005 WPR 00252945408
000.005 RBE 00252945722
000.013 AFR 00253288825
000.002 AFR 00253405919
000.002 WPR 00253417652
000.002 RBE 00253418040
000.013 WPR 00253433105
000.013 RBE 00253433529
000.017 WPR 00253437417
000.007 WPR 00253451796
000.019 WPR 00253451828
000.017 RBE 00253451870
000.016 WPR 00253451886
000.014 WPR 00253451906
000.007 RBE 00253451920
000.008 WPR 00253451925
000.016 RBE 00253451933
000.014 RBE 00253451955
000.008 RBE 00253451954
000.019 RBE 00253451991
000.011 WPR 00253452007
000.018 WPR 00253452023
000.011 RBE 00253452033
000.009 WPR 00253452061
000.018 RBE 00253452076
000.010 WPR 00253452082
000.009 RBE 00253452095
000.010 RBE 00253452118
000.020 WPR 00253452119
000.020 RBE 00253452145
000.006 WPR 00253452213
000.006 RBE 00253452242
000.015 WPR 00253452789
000.015 RBE 00253452817
000.012 WPR 00253452829
000.012 RBE 00253452855
000.024 WPR 00253461636
000.024 RBE 00253461975
000.023 WPR 00253463639
000.022 WPR 00253463730
000.021 WPR 00253464277
000.022 RBE 00253464389
000.023 RBE 00253464402
000.021 RBE 00253465068
000 RTF 254080293
000 REP 0004889 0004891 0063901 0155455 0157673 0158849 0159042 0159306 0159308 0162990 00254560375
000.022 RPR 00254571381
000.023 RPR 00254572845
000.024 RPR 00254576754
000.021 RPR 00254579805
000.003 RPR 00254655250
000.004 RPR 00254666561
000.002 RPR 00254671712
000.018 RPR 00254681397
000.005 RPR 00254684721
000.016 RPR 00254686013
000.019 RPR 00254686108
000.010 RPR 00254689358
000.020 RPR 00254691924
000.008 RPR 00254692214
000.017 RPR 00254694576
000.014 RPR 00254694924
000.009 RPR 00254695761
000.006 RPR 00254696221
000.011 RPR 00254696922
000.007 RPR 00254704381
000.013 RPR 00254715738
000.001 RPR 00254910180
000.012 RPR 00254971538
000.015 RPR 00254977883
