00000000118 00000003991 00000023995 00073128855
00000000118 00000003991 00000023995 00073128855
00000000118 00000003991 00000023995 00073128855
00000000118 00000003991 00000023995 00073128855
00000000118 00000003991 00000023995 00073128855
00000000031 00000004906 00000024910 00074039816
00000000031 00000004906 00000024910 00074039816
00000000031 00000004906 00000024910 00074039816
00000000031 00000004906 00000024910 00074039816
00000000031 00000004906 00000024910 00074039816
00000000054 00000005929 00000025933 00075062567
00000000054 00000005929 00000025933 00075062567
00000000054 00000005929 00000025933 00075062567
00000000054 00000005929 00000025933 00075062567
00000000054 00000005929 00000025933 00075062567
00000000031 00000006906 00000026910 00076039613
00000000031 00000006906 00000026910 00076039613
00000000031 00000006906 00000026910 00076039613
00000000031 00000006906 00000026910 00076039613
00000000031 00000006906 00000026910 00076039613
00000000063 00000007938 00000027942 00077072127
00000000063 00000007938 00000027942 00077072127
00000000063 00000007938 00000027942 00077072127
00000000063 00000007938 00000027942 00077072127
00000000063 00000007938 00000027942 00077072127
00000000066 00000008941 00000028945 00078074753
00000000066 00000008941 00000028945 00078074753
00000000066 00000008941 00000028945 00078074753
00000000066 00000008941 00000028945 00078074753
00000000066 00000008941 00000028945 00078074753
00000000223 00000010099 00000030103 00079233227
00000000223 00000010099 00000030103 00079233227
00000000223 00000010099 00000030103 00079233227
00000000223 00000010099 00000030103 00079233227
00000000223 00000010099 00000030103 00079233227
00000000072 00000010948 00000030952 00080082439
00000000072 00000010948 00000030952 00080082439
00000000072 00000010948 00000030952 00080082439
00000000072 00000010948 00000030952 00080082439
00000000072 00000010948 00000030952 00080082439
00000000052 00000011928 00000031932 00081062024
00000000052 00000011928 00000031932 00081062024
00000000052 00000011928 00000031932 00081062024
00000000052 00000011928 00000031932 00081062024
00000000052 00000011928 00000031932 00081062024
00000000064 00000012940 00000012940 00082074321
00000000064 00000012940 00000012940 00082074321
00000000064 00000012940 00000012940 00082074321
00000000064 00000012940 00000012940 00082074321
00000000064 00000012940 00000012940 00082074321
00000000041 00000013917 00000013917 00083051522
00000000041 00000013917 00000013917 00083051522
00000000041 00000013917 00000013917 00083051522
00000000041 00000013917 00000013917 00083051522
00000000041 00000013917 00000013917 00083051522
00000000037 00000014914 00000014914 00084047737
00000000037 00000014914 00000014914 00084047737
00000000037 00000014914 00000014914 00084047737
00000000037 00000014914 00000014914 00084047737
00000000037 00000014914 00000014914 00084047737
00000000043 00000015920 00000015920 00085053537
00000000043 00000015920 00000015920 00085053537
00000000043 00000015920 00000015920 00085053537
00000000043 00000015920 00000015920 00085053537
00000000043 00000015920 00000015920 00085053537
00000000037 00000016914 00000016914 00086048089
00000000037 00000016914 00000016914 00086048089
00000000037 00000016914 00000016914 00086048089
00000000037 00000016914 00000016914 00086048089
00000000037 00000016914 00000016914 00086048089
00000000036 00000017913 00000017913 00087047302
00000000036 00000017913 00000017913 00087047302
00000000036 00000017913 00000017913 00087047302
00000000036 00000017913 00000017913 00087047302
00000000036 00000017913 00000017913 00087047302
00000000044 00000018922 00000018922 00088056189
00000000044 00000018922 00000018922 00088056189
00000000044 00000018922 00000018922 00088056189
00000000044 00000018922 00000018922 00088056189
00000000044 00000018922 00000018922 00088056189
00000000138 00000020016 00000020016 00089149951
00000000138 00000020016 00000020016 00089149951
00000000138 00000020016 00000020016 00089149951
00000000138 00000020016 00000020016 00089149951
00000000138 00000020016 00000020016 00089149951
00000000024 00000020902 00000020902 00090035612
00000000024 00000020902 00000020902 00090035612
00000000024 00000020902 00000020902 00090035612
00000000024 00000020902 00000020902 00090035612
00000000024 00000020902 00000020902 00090035612
00000000031 00000021909 00000021909 00091042700
00000000031 00000021909 00000021909 00091042700
00000000031 00000021909 00000021909 00091042700
00000000031 00000021909 00000021909 00091042700
00000000031 00000021909 00000021909 00091042700
00000000073 00000022951 00000022951 00092084542
00000000073 00000022951 00000022951 00092084542
00000000073 00000022951 00000022951 00092084542
00000000073 00000022951 00000022951 00092084542
00000000073 00000022951 00000022951 00092084542
00000000027 00000023906 00000023906 00093040359
00000000027 00000023906 00000023906 00093040359
00000000027 00000023906 00000023906 00093040359
00000000027 00000023906 00000023906 00093040359
00000000027 00000023906 00000023906 00093040359
00000000024 00000024903 00000024903 00094037344
00000000024 00000024903 00000024903 00094037344
00000000024 00000024903 00000024903 00094037344
00000000024 00000024903 00000024903 00094037344
00000000024 00000024903 00000024903 00094037344
00000000031 00000025910 00000025910 00095043826
00000000031 00000025910 00000025910 00095043826
00000000031 00000025910 00000025910 00095043826
00000000031 00000025910 00000025910 00095043826
00000000031 00000025910 00000025910 00095043826
00000000051 00000026930 00000026930 00096063972
00000000051 00000026930 00000026930 00096063972
00000000051 00000026930 00000026930 00096063972
00000000051 00000026930 00000026930 00096063972
00000000051 00000026930 00000026930 00096063972
00000000028 00000027907 00000027907 00097041174
00000000028 00000027907 00000027907 00097041174
00000000028 00000027907 00000027907 00097041174
00000000028 00000027907 00000027907 00097041174
00000000028 00000027907 00000027907 00097041174
00000000029 00000028909 00000028909 00098043080
00000000029 00000028909 00000028909 00098043080
00000000029 00000028909 00000028909 00098043080
00000000029 00000028909 00000028909 00098043080
00000000029 00000028909 00000028909 00098043080
00000000043 00000029923 00000029923 00099057261
00000000043 00000029923 00000029923 00099057261
00000000043 00000029923 00000029923 00099057261
00000000043 00000029923 00000029923 00099057261
00000000043 00000029923 00000029923 00099057261
00000000449 00000031329 00000031329 00100463434
00000000449 00000031329 00000031329 00100463434
00000000449 00000031329 00000031329 00100463434
00000000449 00000031329 00000031329 00100463434
00000000449 00000031329 00000031329 00100463434
00000000055 00000031935 00000031935 00101069391
00000000055 00000031935 00000031935 00101069391
00000000055 00000031935 00000031935 00101069391
00000000055 00000031935 00000031935 00101069391
00000000055 00000031935 00000031935 00101069391
00000000339 00000033219 00000033219 00102352769
00000000339 00000033219 00000033219 00102352769
00000000339 00000033219 00000033219 00102352769
00000000339 00000033219 00000033219 00102352769
00000000339 00000033219 00000033219 00102352769
00000000024 00000033905 00000013901 00103039321
00000000024 00000033905 00000013901 00103039321
00000000024 00000033905 00000013901 00103039321
00000000024 00000033905 00000013901 00103039321
00000000024 00000033905 00000013901 00103039321
00000000042 00000034923 00000014919 00104056866
00000000042 00000034923 00000014919 00104056866
00000000042 00000034923 00000014919 00104056866
00000000042 00000034923 00000014919 00104056866
00000000042 00000034923 00000014919 00104056866
00000000033 00000035914 00000015910 00105048085
00000000033 00000035914 00000015910 00105048085
00000000033 00000035914 00000015910 00105048085
00000000033 00000035914 00000015910 00105048085
00000000033 00000035914 00000015910 00105048085
00000000040 00000036921 00000016917 00106054810
00000000040 00000036921 00000016917 00106054810
00000000040 00000036921 00000016917 00106054810
00000000040 00000036921 00000016917 00106054810
00000000040 00000036921 00000016917 00106054810
00000000038 00000037919 00000017915 00107053363
00000000038 00000037919 00000017915 00107053363
00000000038 00000037919 00000017915 00107053363
00000000038 00000037919 00000017915 00107053363
00000000038 00000037919 00000017915 00107053363
00000000043 00000038925 00000018921 00108059164
00000000043 00000038925 00000018921 00108059164
00000000043 00000038925 00000018921 00108059164
00000000043 00000038925 00000018921 00108059164
00000000043 00000038925 00000018921 00108059164
00000000022 00000039904 00000019900 00109037858
00000000022 00000039904 00000019900 00109037858
00000000022 00000039904 00000019900 00109037858
00000000022 00000039904 00000019900 00109037858
00000000022 00000039904 00000019900 00109037858
00000000031 00000040913 00000020909 00110047101
00000000031 00000040913 00000020909 00110047101
00000000031 00000040913 00000020909 00110047101
00000000031 00000040913 00000020909 00110047101
00000000031 00000040913 00000020909 00110047101
00000000070 00000041952 00000021948 00111085589
00000000070 00000041952 00000021948 00111085589
00000000070 00000041952 00000021948 00111085589
00000000070 00000041952 00000021948 00111085589
00000000070 00000041952 00000021948 00111085589
00000000031 00000042913 00000022909 00112047232
00000000031 00000042913 00000022909 00112047232
00000000031 00000042913 00000022909 00112047232
00000000031 00000042913 00000022909 00112047232
00000000031 00000042913 00000022909 00112047232
00000000062 00000043944 00000023940 00113078278
00000000062 00000043944 00000023940 00113078278
00000000062 00000043944 00000023940 00113078278
00000000062 00000043944 00000023940 00113078278
00000000062 00000043944 00000023940 00113078278
00000000044 00000044927 00000024923 00114060733
00000000044 00000044927 00000024923 00114060733
00000000044 00000044927 00000024923 00114060733
00000000044 00000044927 00000024923 00114060733
00000000044 00000044927 00000024923 00114060733
00000000030 00000045913 00000025909 00115047282
00000000030 00000045913 00000025909 00115047282
00000000030 00000045913 00000025909 00115047282
00000000030 00000045913 00000025909 00115047282
00000000030 00000045913 00000025909 00115047282
00000000031 00000046914 00000026910 00116048075
00000000031 00000046914 00000026910 00116048075
00000000031 00000046914 00000026910 00116048075
00000000031 00000046914 00000026910 00116048075
00000000031 00000046914 00000026910 00116048075
00000000047 00000047930 00000027926 00117064216
00000000047 00000047930 00000027926 00117064216
00000000047 00000047930 00000027926 00117064216
00000000047 00000047930 00000027926 00117064216
00000000047 00000047930 00000027926 00117064216
00000000029 00000048912 00000028908 00118046522
00000000029 00000048912 00000028908 00118046522
00000000029 00000048912 00000028908 00118046522
00000000029 00000048912 00000028908 00118046522
00000000029 00000048912 00000028908 00118046522
00000000045 00000049929 00000029925 00119062571
00000000045 00000049929 00000029925 00119062571
00000000045 00000049929 00000029925 00119062571
00000000045 00000049929 00000029925 00119062571
00000000045 00000049929 00000029925 00119062571
00000000043 00000050927 00000030923 00120060892
00000000043 00000050927 00000030923 00120060892
00000000043 00000050927 00000030923 00120060892
00000000043 00000050927 00000030923 00120060892
00000000043 00000050927 00000030923 00120060892
00000000038 00000051922 00000031918 00121055718
00000000038 00000051922 00000031918 00121055718
00000000038 00000051922 00000031918 00121055718
00000000038 00000051922 00000031918 00121055718
00000000038 00000051922 00000031918 00121055718
00000000078 00000052962 00000012954 00122095651
00000000078 00000052962 00000012954 00122095651
00000000078 00000052962 00000012954 00122095651
00000000078 00000052962 00000012954 00122095651
00000000078 00000052962 00000012954 00122095651
00000000027 00000053911 00000013903 00123045245
00000000027 00000053911 00000013903 00123045245
00000000027 00000053911 00000013903 00123045245
00000000027 00000053911 00000013903 00123045245
00000000027 00000053911 00000013903 00123045245
00000000037 00000054922 00000014914 00124056373
00000000037 00000054922 00000014914 00124056373
00000000037 00000054922 00000014914 00124056373
00000000037 00000054922 00000014914 00124056373
00000000037 00000054922 00000014914 00124056373
00000000045 00000055930 00000015922 00125063545
00000000045 00000055930 00000015922 00125063545
00000000045 00000055930 00000015922 00125063545
00000000045 00000055930 00000015922 00125063545
00000000045 00000055930 00000015922 00125063545
00000000064 00000056949 00000016941 00126082913
00000000064 00000056949 00000016941 00126082913
00000000064 00000056949 00000016941 00126082913
00000000064 00000056949 00000016941 00126082913
00000000064 00000056949 00000016941 00126082913
00000000022 00000057907 00000017899 00127041417
00000000022 00000057907 00000017899 00127041417
00000000022 00000057907 00000017899 00127041417
00000000022 00000057907 00000017899 00127041417
00000000022 00000057907 00000017899 00127041417
00000000040 00000058925 00000018917 00128058978
00000000040 00000058925 00000018917 00128058978
00000000040 00000058925 00000018917 00128058978
00000000040 00000058925 00000018917 00128058978
00000000040 00000058925 00000018917 00128058978
00000000026 00000059911 00000019903 00129045172
00000000026 00000059911 00000019903 00129045172
00000000026 00000059911 00000019903 00129045172
00000000026 00000059911 00000019903 00129045172
00000000026 00000059911 00000019903 00129045172
00000000020 00000060906 00000020898 00130040278
00000000020 00000060906 00000020898 00130040278
00000000020 00000060906 00000020898 00130040278
00000000020 00000060906 00000020898 00130040278
00000000020 00000060906 00000020898 00130040278
00000000031 00000061917 00000021909 00131050690
00000000031 00000061917 00000021909 00131050690
00000000031 00000061917 00000021909 00131050690
00000000031 00000061917 00000021909 00131050690
00000000031 00000061917 00000021909 00131050690
00000000180 00000063066 00000023058 00132200295
00000000180 00000063066 00000023058 00132200295
00000000180 00000063066 00000023058 00132200295
00000000180 00000063066 00000023058 00132200295
00000000180 00000063066 00000023058 00132200295
00000000030 00000063916 00000023908 00133050066
00000000030 00000063916 00000023908 00133050066
00000000030 00000063916 00000023908 00133050066
00000000030 00000063916 00000023908 00133050066
00000000030 00000063916 00000023908 00133050066
00000000027 00000064913 00000024905 00134047497
00000000027 00000064913 00000024905 00134047497
00000000027 00000064913 00000024905 00134047497
00000000027 00000064913 00000024905 00134047497
00000000027 00000064913 00000024905 00134047497
00000000032 00000065919 00000025911 00135052761
00000000032 00000065919 00000025911 00135052761
00000000032 00000065919 00000025911 00135052761
00000000032 00000065919 00000025911 00135052761
00000000032 00000065919 00000025911 00135052761
00000000083 00000066970 00000026962 00136104503
00000000083 00000066970 00000026962 00136104503
00000000083 00000066970 00000026962 00136104503
00000000083 00000066970 00000026962 00136104503
00000000083 00000066970 00000026962 00136104503
00000000198 00000068085 00000028077 00137219490
00000000198 00000068085 00000028077 00137219490
00000000198 00000068085 00000028077 00137219490
00000000198 00000068085 00000028077 00137219490
00000000198 00000068085 00000028077 00137219490
00000000028 00000068915 00000028907 00138048866
00000000028 00000068915 00000028907 00138048866
00000000028 00000068915 00000028907 00138048866
00000000028 00000068915 00000028907 00138048866
00000000028 00000068915 00000028907 00138048866
00000000028 00000069915 00000029907 00139049074
00000000028 00000069915 00000029907 00139049074
00000000028 00000069915 00000029907 00139049074
00000000028 00000069915 00000029907 00139049074
00000000028 00000069915 00000029907 00139049074
00000000082 00000070970 00000030962 00140104200
00000000082 00000070970 00000030962 00140104200
00000000082 00000070970 00000030962 00140104200
00000000082 00000070970 00000030962 00140104200
00000000082 00000070970 00000030962 00140104200
00000000490 00000072378 00000032370 00141512088
00000000490 00000072378 00000032370 00141512088
00000000490 00000072378 00000032370 00141512088
00000000490 00000072378 00000032370 00141512088
00000000490 00000072378 00000032370 00141512088
00000000441 00000073329 00000033321 00142463382
00000000441 00000073329 00000033321 00142463382
00000000441 00000073329 00000033321 00142463382
00000000441 00000073329 00000033321 00142463382
00000000441 00000073329 00000033321 00142463382
00000000426 00000074314 00000034306 00143447987
00000000426 00000074314 00000034306 00143447987
00000000426 00000074314 00000034306 00143447987
00000000426 00000074314 00000034306 00143447987
00000000426 00000074314 00000034306 00143447987
00000000262 00000075150 00000015138 00144284432
00000000262 00000075150 00000015138 00144284432
00000000262 00000075150 00000015138 00144284432
00000000262 00000075150 00000015138 00144284432
00000000262 00000075150 00000015138 00144284432
00000000036 00000075925 00000015913 00145059333
00000000036 00000075925 00000015913 00145059333
00000000036 00000075925 00000015913 00145059333
00000000036 00000075925 00000015913 00145059333
00000000036 00000075925 00000015913 00145059333
00000000057 00000076946 00000016934 00146079809
00000000057 00000076946 00000016934 00146079809
00000000057 00000076946 00000016934 00146079809
00000000057 00000076946 00000016934 00146079809
00000000057 00000076946 00000016934 00146079809
00000000098 00000077987 00000014975 00147121086
00000000098 00000077987 00000014975 00147121086
00000000098 00000077987 00000014975 00147121086
00000000098 00000077987 00000014975 00147121086
00000000098 00000077987 00000014975 00147121086
00000000024 00000078913 00000015901 00148047354
00000000024 00000078913 00000015901 00148047354
00000000024 00000078913 00000015901 00148047354
00000000024 00000078913 00000015901 00148047354
00000000024 00000078913 00000015901 00148047354
00000000022 00000079911 00000016899 00149045081
00000000022 00000079911 00000016899 00149045081
00000000022 00000079911 00000016899 00149045081
00000000022 00000079911 00000016899 00149045081
00000000022 00000079911 00000016899 00149045081
00000000026 00000080916 00000017904 00150049693
00000000026 00000080916 00000017904 00150049693
00000000026 00000080916 00000017904 00150049693
00000000026 00000080916 00000017904 00150049693
00000000026 00000080916 00000017904 00150049693
00000000056 00000081946 00000018934 00151079972
00000000056 00000081946 00000018934 00151079972
00000000056 00000081946 00000018934 00151079972
00000000056 00000081946 00000018934 00151079972
00000000056 00000081946 00000018934 00151079972
00000000021 00000082911 00000019899 00152045177
00000000021 00000082911 00000019899 00152045177
00000000021 00000082911 00000019899 00152045177
00000000021 00000082911 00000019899 00152045177
00000000021 00000082911 00000019899 00152045177
00000000036 00000083926 00000020914 00153059949
00000000036 00000083926 00000020914 00153059949
00000000036 00000083926 00000020914 00153059949
00000000036 00000083926 00000020914 00153059949
00000000036 00000083926 00000020914 00153059949
00000000026 00000084916 00000021904 00154050067
00000000026 00000084916 00000021904 00154050067
00000000026 00000084916 00000021904 00154050067
00000000026 00000084916 00000021904 00154050067
00000000026 00000084916 00000021904 00154050067
00000000036 00000085927 00000022915 00155061123
00000000036 00000085927 00000022915 00155061123
00000000036 00000085927 00000022915 00155061123
00000000036 00000085927 00000022915 00155061123
00000000036 00000085927 00000022915 00155061123
00000000029 00000086920 00000023908 00156053844
00000000029 00000086920 00000023908 00156053844
00000000029 00000086920 00000023908 00156053844
00000000029 00000086920 00000023908 00156053844
00000000029 00000086920 00000023908 00156053844
00000000045 00000087936 00000024924 00157069927
00000000045 00000087936 00000024924 00157069927
00000000045 00000087936 00000024924 00157069927
00000000045 00000087936 00000024924 00157069927
00000000045 00000087936 00000024924 00157069927
00000000047 00000088938 00000025926 00158072162
00000000047 00000088938 00000025926 00158072162
00000000047 00000088938 00000025926 00158072162
00000000047 00000088938 00000025926 00158072162
00000000047 00000088938 00000025926 00158072162
00000000035 00000089926 00000026914 00159060104
00000000035 00000089926 00000026914 00159060104
00000000035 00000089926 00000026914 00159060104
00000000035 00000089926 00000026914 00159060104
00000000035 00000089926 00000026914 00159060104
00000000024 00000090915 00000027903 00160048801
00000000024 00000090915 00000027903 00160048801
00000000024 00000090915 00000027903 00160048801
00000000024 00000090915 00000027903 00160048801
00000000024 00000090915 00000027903 00160048801
00000000047 00000091939 00000028927 00161072917
00000000047 00000091939 00000028927 00161072917
00000000047 00000091939 00000028927 00161072917
00000000047 00000091939 00000028927 00161072917
00000000047 00000091939 00000028927 00161072917
00000000515 00000093407 00000030395 00162541398
00000000515 00000093407 00000030395 00162541398
00000000515 00000093407 00000030395 00162541398
00000000515 00000093407 00000030395 00162541398
00000000515 00000093407 00000030395 00162541398
00000000040 00000093932 00000030920 00163065810
00000000040 00000093932 00000030920 00163065810
00000000040 00000093932 00000030920 00163065810
00000000040 00000093932 00000030920 00163065810
00000000040 00000093932 00000030920 00163065810
00000000030 00000094922 00000031910 00164056264
00000000030 00000094922 00000031910 00164056264
00000000030 00000094922 00000031910 00164056264
00000000030 00000094922 00000031910 00164056264
00000000030 00000094922 00000031910 00164056264
00000000042 00000035922 00000012918 00165068020
00000000042 00000035922 00000012918 00165068020
00000000042 00000035922 00000012918 00165068020
00000000042 00000035922 00000012918 00165068020
00000000042 00000035922 00000012918 00165068020
00000000033 00000036914 00000013910 00166059968
00000000033 00000036914 00000013910 00166059968
00000000033 00000036914 00000013910 00166059968
00000000033 00000036914 00000013910 00166059968
00000000033 00000036914 00000013910 00166059968
00000000038 00000037919 00000014915 00167064717
00000000038 00000037919 00000014915 00167064717
00000000038 00000037919 00000014915 00167064717
00000000038 00000037919 00000014915 00167064717
00000000038 00000037919 00000014915 00167064717
00000000033 00000038914 00000015910 00168059519
00000000033 00000038914 00000015910 00168059519
00000000033 00000038914 00000015910 00168059519
00000000033 00000038914 00000015910 00168059519
00000000033 00000038914 00000015910 00168059519
00000000037 00000039918 00000016914 00169063808
00000000037 00000039918 00000016914 00169063808
00000000037 00000039918 00000016914 00169063808
00000000037 00000039918 00000016914 00169063808
00000000037 00000039918 00000016914 00169063808
00000000035 00000040916 00000017912 00170062154
00000000035 00000040916 00000017912 00170062154
00000000035 00000040916 00000017912 00170062154
00000000035 00000040916 00000017912 00170062154
00000000035 00000040916 00000017912 00170062154
00000000040 00000041922 00000018918 00171068009
00000000040 00000041922 00000018918 00171068009
00000000040 00000041922 00000018918 00171068009
00000000040 00000041922 00000018918 00171068009
00000000040 00000041922 00000018918 00171068009
00000000035 00000042917 00000019913 00172063356
00000000035 00000042917 00000019913 00172063356
00000000035 00000042917 00000019913 00172063356
00000000035 00000042917 00000019913 00172063356
00000000035 00000042917 00000019913 00172063356
00000000023 00000043905 00000020901 00173051435
00000000023 00000043905 00000020901 00173051435
00000000023 00000043905 00000020901 00173051435
00000000023 00000043905 00000020901 00173051435
00000000023 00000043905 00000020901 00173051435
00000000108 00000044990 00000021986 00174136319
00000000108 00000044990 00000021986 00174136319
00000000108 00000044990 00000021986 00174136319
00000000108 00000044990 00000021986 00174136319
00000000108 00000044990 00000021986 00174136319
00000000052 00000045934 00000022930 00175080062
00000000052 00000045934 00000022930 00175080062
00000000052 00000045934 00000022930 00175080062
00000000052 00000045934 00000022930 00175080062
00000000052 00000045934 00000022930 00175080062
00000000109 00000046992 00000023988 00176137906
00000000109 00000046992 00000023988 00176137906
00000000109 00000046992 00000023988 00176137906
00000000109 00000046992 00000023988 00176137906
00000000109 00000046992 00000023988 00176137906
00000000024 00000047907 00000024903 00177052761
00000000024 00000047907 00000024903 00177052761
00000000024 00000047907 00000024903 00177052761
00000000024 00000047907 00000024903 00177052761
00000000024 00000047907 00000024903 00177052761
00000000022 00000048905 00000025901 00178050666
00000000022 00000048905 00000025901 00178050666
00000000022 00000048905 00000025901 00178050666
00000000022 00000048905 00000025901 00178050666
00000000022 00000048905 00000025901 00178050666
00000000033 00000049916 00000026912 00179062077
00000000033 00000049916 00000026912 00179062077
00000000033 00000049916 00000026912 00179062077
00000000033 00000049916 00000026912 00179062077
00000000033 00000049916 00000026912 00179062077
00000000033 00000050916 00000027912 00180061811
00000000033 00000050916 00000027912 00180061811
00000000033 00000050916 00000027912 00180061811
00000000033 00000050916 00000027912 00180061811
00000000033 00000050916 00000027912 00180061811
00000000052 00000051935 00000028931 00181081166
00000000052 00000051935 00000028931 00181081166
00000000052 00000051935 00000028931 00181081166
00000000052 00000051935 00000028931 00181081166
00000000052 00000051935 00000028931 00181081166
00000000061 00000052945 00000029941 00182090508
00000000061 00000052945 00000029941 00182090508
00000000061 00000052945 00000029941 00182090508
00000000061 00000052945 00000029941 00182090508
00000000061 00000052945 00000029941 00182090508
00000000434 00000054318 00000031314 00183463920
00000000434 00000054318 00000031314 00183463920
00000000434 00000054318 00000031314 00183463920
00000000434 00000054318 00000031314 00183463920
00000000434 00000054318 00000031314 00183463920
00000000040 00000054924 00000031920 00184069833
00000000040 00000054924 00000031920 00184069833
00000000040 00000054924 00000031920 00184069833
00000000040 00000054924 00000031920 00184069833
00000000040 00000054924 00000031920 00184069833
00000000901 00000056785 00000033781 00185931293
00000000901 00000056785 00000033781 00185931293
00000000901 00000056785 00000033781 00185931293
00000000901 00000056785 00000033781 00185931293
00000000901 00000056785 00000033781 00185931293
00000000024 00000056908 00000013900 00186053581
00000000024 00000056908 00000013900 00186053581
00000000024 00000056908 00000013900 00186053581
00000000024 00000056908 00000013900 00186053581
00000000024 00000056908 00000013900 00186053581
00000000026 00000057911 00000014903 00187057256
00000000026 00000057911 00000014903 00187057256
00000000026 00000057911 00000014903 00187057256
00000000026 00000057911 00000014903 00187057256
00000000026 00000057911 00000014903 00187057256
00000000023 00000058908 00000015900 00188054452
00000000023 00000058908 00000015900 00188054452
00000000023 00000058908 00000015900 00188054452
00000000023 00000058908 00000015900 00188054452
00000000023 00000058908 00000015900 00188054452
00000000027 00000059912 00000016904 00189058289
00000000027 00000059912 00000016904 00189058289
00000000027 00000059912 00000016904 00189058289
00000000027 00000059912 00000016904 00189058289
00000000027 00000059912 00000016904 00189058289
00000000032 00000060917 00000017909 00190063143
00000000032 00000060917 00000017909 00190063143
00000000032 00000060917 00000017909 00190063143
00000000032 00000060917 00000017909 00190063143
00000000032 00000060917 00000017909 00190063143
00000000043 00000061928 00000018920 00191073940
00000000043 00000061928 00000018920 00191073940
00000000043 00000061928 00000018920 00191073940
00000000043 00000061928 00000018920 00191073940
00000000043 00000061928 00000018920 00191073940
00000000033 00000062918 00000019910 00192064121
00000000033 00000062918 00000019910 00192064121
00000000033 00000062918 00000019910 00192064121
00000000033 00000062918 00000019910 00192064121
00000000033 00000062918 00000019910 00192064121
00000000037 00000063923 00000020915 00193068598
00000000037 00000063923 00000020915 00193068598
00000000037 00000063923 00000020915 00193068598
00000000037 00000063923 00000020915 00193068598
00000000037 00000063923 00000020915 00193068598
00000000047 00000064933 00000021925 00194079172
00000000047 00000064933 00000021925 00194079172
00000000047 00000064933 00000021925 00194079172
00000000047 00000064933 00000021925 00194079172
00000000047 00000064933 00000021925 00194079172
00000000091 00000065977 00000022969 00195122958
00000000091 00000065977 00000022969 00195122958
00000000091 00000065977 00000022969 00195122958
00000000091 00000065977 00000022969 00195122958
00000000091 00000065977 00000022969 00195122958
00000000095 00000066981 00000023973 00196126980
00000000095 00000066981 00000023973 00196126980
00000000095 00000066981 00000023973 00196126980
00000000095 00000066981 00000023973 00196126980
00000000095 00000066981 00000023973 00196126980
00000000037 00000067923 00000024915 00197068765
00000000037 00000067923 00000024915 00197068765
00000000037 00000067923 00000024915 00197068765
00000000037 00000067923 00000024915 00197068765
00000000037 00000067923 00000024915 00197068765
00000000073 00000068960 00000025952 00198106484
00000000073 00000068960 00000025952 00198106484
00000000073 00000068960 00000025952 00198106484
00000000073 00000068960 00000025952 00198106484
00000000073 00000068960 00000025952 00198106484
00000000104 00000069991 00000026983 00199136658
00000000104 00000069991 00000026983 00199136658
00000000104 00000069991 00000026983 00199136658
00000000104 00000069991 00000026983 00199136658
00000000104 00000069991 00000026983 00199136658
00000000042 00000070929 00000027921 00200075365
00000000042 00000070929 00000027921 00200075365
00000000042 00000070929 00000027921 00200075365
00000000042 00000070929 00000027921 00200075365
00000000042 00000070929 00000027921 00200075365
00000000093 00000071980 00000028972 00201125862
00000000093 00000071980 00000028972 00201125862
00000000093 00000071980 00000028972 00201125862
00000000093 00000071980 00000028972 00201125862
00000000093 00000071980 00000028972 00201125862
00000000043 00000072930 00000029922 00202075887
00000000043 00000072930 00000029922 00202075887
00000000043 00000072930 00000029922 00202075887
00000000043 00000072930 00000029922 00202075887
00000000043 00000072930 00000029922 00202075887
00000000357 00000074245 00000031237 00203390765
00000000357 00000074245 00000031237 00203390765
00000000357 00000074245 00000031237 00203390765
00000000357 00000074245 00000031237 00203390765
00000000357 00000074245 00000031237 00203390765
00000000030 00000074918 00000031910 00204064231
00000000030 00000074918 00000031910 00204064231
00000000030 00000074918 00000031910 00204064231
00000000030 00000074918 00000031910 00204064231
00000000030 00000074918 00000031910 00204064231
00000000709 00000076597 00000033589 00205743272
00000000709 00000076597 00000033589 00205743272
00000000709 00000076597 00000033589 00205743272
00000000709 00000076597 00000033589 00205743272
00000000709 00000076597 00000033589 00205743272
00000000037 00000076925 00000013914 00206070820
00000000037 00000076925 00000013914 00206070820
00000000037 00000076925 00000013914 00206070820
00000000037 00000076925 00000013914 00206070820
00000000037 00000076925 00000013914 00206070820
00000000065 00000077953 00000014942 00207098746
00000000065 00000077953 00000014942 00207098746
00000000065 00000077953 00000014942 00207098746
00000000065 00000077953 00000014942 00207098746
00000000065 00000077953 00000014942 00207098746
00000000040 00000078929 00000015918 00208075256
00000000040 00000078929 00000015918 00208075256
00000000040 00000078929 00000015918 00208075256
00000000040 00000078929 00000015918 00208075256
00000000040 00000078929 00000015918 00208075256
00000000057 00000079946 00000016935 00209091770
00000000057 00000079946 00000016935 00209091770
00000000057 00000079946 00000016935 00209091770
00000000057 00000079946 00000016935 00209091770
00000000057 00000079946 00000016935 00209091770
00000000024 00000080913 00000017902 00210058604
00000000024 00000080913 00000017902 00210058604
00000000024 00000080913 00000017902 00210058604
00000000024 00000080913 00000017902 00210058604
00000000024 00000080913 00000017902 00210058604
00000000024 00000081913 00000018902 00211059324
00000000024 00000081913 00000018902 00211059324
00000000024 00000081913 00000018902 00211059324
00000000024 00000081913 00000018902 00211059324
00000000024 00000081913 00000018902 00211059324
00000000029 00000082918 00000019907 00212064417
00000000029 00000082918 00000019907 00212064417
00000000029 00000082918 00000019907 00212064417
00000000029 00000082918 00000019907 00212064417
00000000029 00000082918 00000019907 00212064417
00000000040 00000083929 00000020918 00213075257
00000000040 00000083929 00000020918 00213075257
00000000040 00000083929 00000020918 00213075257
00000000040 00000083929 00000020918 00213075257
00000000040 00000083929 00000020918 00213075257
00000000082 00000084972 00000021961 00214117989
00000000082 00000084972 00000021961 00214117989
00000000082 00000084972 00000021961 00214117989
00000000082 00000084972 00000021961 00214117989
00000000082 00000084972 00000021961 00214117989
00000000020 00000085910 00000022899 00215056518
00000000020 00000085910 00000022899 00215056518
00000000020 00000085910 00000022899 00215056518
00000000020 00000085910 00000022899 00215056518
00000000020 00000085910 00000022899 00215056518
00000000024 00000086914 00000023903 00216060187
00000000024 00000086914 00000023903 00216060187
00000000024 00000086914 00000023903 00216060187
00000000024 00000086914 00000023903 00216060187
00000000024 00000086914 00000023903 00216060187
00000000024 00000087914 00000024903 00217059645
00000000024 00000087914 00000024903 00217059645
00000000024 00000087914 00000024903 00217059645
00000000024 00000087914 00000024903 00217059645
00000000024 00000087914 00000024903 00217059645
00000000035 00000088925 00000025914 00218071116
00000000035 00000088925 00000025914 00218071116
00000000035 00000088925 00000025914 00218071116
00000000035 00000088925 00000025914 00218071116
00000000035 00000088925 00000025914 00218071116
00000000038 00000089929 00000026918 00219075493
00000000038 00000089929 00000026918 00219075493
00000000038 00000089929 00000026918 00219075493
00000000038 00000089929 00000026918 00219075493
00000000038 00000089929 00000026918 00219075493
00000000024 00000090915 00000027904 00220060789
00000000024 00000090915 00000027904 00220060789
00000000024 00000090915 00000027904 00220060789
00000000024 00000090915 00000027904 00220060789
00000000024 00000090915 00000027904 00220060789
00000000020 00000091911 00000028900 00221057449
00000000020 00000091911 00000028900 00221057449
00000000020 00000091911 00000028900 00221057449
00000000020 00000091911 00000028900 00221057449
00000000020 00000091911 00000028900 00221057449
00000000125 00000093016 00000030005 00222162078
00000000125 00000093016 00000030005 00222162078
00000000125 00000093016 00000030005 00222162078
00000000125 00000093016 00000030005 00222162078
00000000125 00000093016 00000030005 00222162078
00000000336 00000094227 00000031216 00223372766
00000000336 00000094227 00000031216 00223372766
00000000336 00000094227 00000031216 00223372766
00000000336 00000094227 00000031216 00223372766
00000000336 00000094227 00000031216 00223372766
00000000037 00000094928 00000031917 00224074403
00000000037 00000094928 00000031917 00224074403
00000000037 00000094928 00000031917 00224074403
00000000037 00000094928 00000031917 00224074403
00000000037 00000094928 00000031917 00224074403
00000000510 00000096402 00000033391 00225548500
00000000510 00000096402 00000033391 00225548500
00000000510 00000096402 00000033391 00225548500
00000000510 00000096402 00000033391 00225548500
00000000510 00000096402 00000033391 00225548500
00000000023 00000036904 00000013900 00226061429
00000000023 00000036904 00000013900 00226061429
00000000023 00000036904 00000013900 00226061429
00000000023 00000036904 00000013900 00226061429
00000000023 00000036904 00000013900 00226061429
00000000037 00000037918 00000014914 00227075422
00000000037 00000037918 00000014914 00227075422
00000000037 00000037918 00000014914 00227075422
00000000037 00000037918 00000014914 00227075422
00000000037 00000037918 00000014914 00227075422
00000000019 00000038900 00000015896 00228057457
00000000019 00000038900 00000015896 00228057457
00000000019 00000038900 00000015896 00228057457
00000000019 00000038900 00000015896 00228057457
00000000019 00000038900 00000015896 00228057457
00000000021 00000039902 00000016898 00229059058
00000000021 00000039902 00000016898 00229059058
00000000021 00000039902 00000016898 00229059058
00000000021 00000039902 00000016898 00229059058
00000000021 00000039902 00000016898 00229059058
00000000026 00000040908 00000017904 00230065152
00000000026 00000040908 00000017904 00230065152
00000000026 00000040908 00000017904 00230065152
00000000026 00000040908 00000017904 00230065152
00000000026 00000040908 00000017904 00230065152
00000000031 00000041913 00000018909 00231070476
00000000031 00000041913 00000018909 00231070476
00000000031 00000041913 00000018909 00231070476
00000000031 00000041913 00000018909 00231070476
00000000031 00000041913 00000018909 00231070476
00000000030 00000042912 00000019908 00232069044
00000000030 00000042912 00000019908 00232069044
00000000030 00000042912 00000019908 00232069044
00000000030 00000042912 00000019908 00232069044
00000000030 00000042912 00000019908 00232069044
00000000030 00000043912 00000020908 00233069494
00000000030 00000043912 00000020908 00233069494
00000000030 00000043912 00000020908 00233069494
00000000030 00000043912 00000020908 00233069494
00000000030 00000043912 00000020908 00233069494
00000000103 00000044985 00000021981 00234142366
00000000103 00000044985 00000021981 00234142366
00000000103 00000044985 00000021981 00234142366
00000000103 00000044985 00000021981 00234142366
00000000103 00000044985 00000021981 00234142366
00000000096 00000045978 00000022974 00235134623
00000000096 00000045978 00000022974 00235134623
00000000096 00000045978 00000022974 00235134623
00000000096 00000045978 00000022974 00235134623
00000000096 00000045978 00000022974 00235134623
00000000037 00000046920 00000023916 00236076976
00000000037 00000046920 00000023916 00236076976
00000000037 00000046920 00000023916 00236076976
00000000037 00000046920 00000023916 00236076976
00000000037 00000046920 00000023916 00236076976
00000000041 00000047924 00000024920 00237080885
00000000041 00000047924 00000024920 00237080885
00000000041 00000047924 00000024920 00237080885
00000000041 00000047924 00000024920 00237080885
00000000041 00000047924 00000024920 00237080885
00000000062 00000048945 00000025941 00238102210
00000000062 00000048945 00000025941 00238102210
00000000062 00000048945 00000025941 00238102210
00000000062 00000048945 00000025941 00238102210
00000000062 00000048945 00000025941 00238102210
00000000140 00000050023 00000027019 00239180041
00000000140 00000050023 00000027019 00239180041
00000000140 00000050023 00000027019 00239180041
00000000140 00000050023 00000027019 00239180041
00000000140 00000050023 00000027019 00239180041
00000000033 00000050916 00000027912 00240073013
00000000033 00000050916 00000027912 00240073013
00000000033 00000050916 00000027912 00240073013
00000000033 00000050916 00000027912 00240073013
00000000033 00000050916 00000027912 00240073013
00000000049 00000051933 00000028929 00241089579
00000000049 00000051933 00000028929 00241089579
00000000049 00000051933 00000028929 00241089579
00000000049 00000051933 00000028929 00241089579
00000000049 00000051933 00000028929 00241089579
00000000061 00000052945 00000029941 00242101828
00000000061 00000052945 00000029941 00242101828
00000000061 00000052945 00000029941 00242101828
00000000061 00000052945 00000029941 00242101828
00000000061 00000052945 00000029941 00242101828
00000000689 00000054573 00000031569 00243729939
00000000689 00000054573 00000031569 00243729939
00000000689 00000054573 00000031569 00243729939
00000000689 00000054573 00000031569 00243729939
00000000689 00000054573 00000031569 00243729939
00000000058 00000054942 00000031938 00244099269
00000000058 00000054942 00000031938 00244099269
00000000058 00000054942 00000031938 00244099269
00000000058 00000054942 00000031938 00244099269
00000000058 00000054942 00000031938 00244099269
00000000812 00000056696 00000033692 00245853395
00000000812 00000056696 00000033692 00245853395
00000000812 00000056696 00000033692 00245853395
00000000812 00000056696 00000033692 00245853395
00000000812 00000056696 00000033692 00245853395
00000000024 00000056909 00000013901 00246065958
00000000024 00000056909 00000013901 00246065958
00000000024 00000056909 00000013901 00246065958
00000000024 00000056909 00000013901 00246065958
00000000024 00000056909 00000013901 00246065958
00000000041 00000057926 00000014918 00247082974
00000000041 00000057926 00000014918 00247082974
00000000041 00000057926 00000014918 00247082974
00000000041 00000057926 00000014918 00247082974
00000000041 00000057926 00000014918 00247082974
00000000036 00000058921 00000015913 00248078064
00000000036 00000058921 00000015913 00248078064
00000000036 00000058921 00000015913 00248078064
00000000036 00000058921 00000015913 00248078064
00000000036 00000058921 00000015913 00248078064
00000000043 00000059928 00000016920 00249085213
00000000043 00000059928 00000016920 00249085213
00000000043 00000059928 00000016920 00249085213
00000000043 00000059928 00000016920 00249085213
00000000043 00000059928 00000016920 00249085213
00000000048 00000060933 00000017925 00250089587
00000000048 00000060933 00000017925 00250089587
00000000048 00000060933 00000017925 00250089587
00000000048 00000060933 00000017925 00250089587
00000000048 00000060933 00000017925 00250089587
00000000048 00000061934 00000018926 00251090865
00000000048 00000061934 00000018926 00251090865
00000000048 00000061934 00000018926 00251090865
00000000048 00000061934 00000018926 00251090865
00000000048 00000061934 00000018926 00251090865
00000000050 00000062936 00000019928 00252093063
00000000050 00000062936 00000019928 00252093063
00000000050 00000062936 00000019928 00252093063
00000000050 00000062936 00000019928 00252093063
00000000050 00000062936 00000019928 00252093063
00000000034 00000063920 00000020912 00253077037
00000000034 00000063920 00000020912 00253077037
00000000034 00000063920 00000020912 00253077037
00000000034 00000063920 00000020912 00253077037
00000000034 00000063920 00000020912 00253077037
00000000931 00000065817 00000022809 00254974143
00000000931 00000065817 00000022809 00254974143
00000000931 00000065817 00000022809 00254974143
00000000931 00000065817 00000022809 00254974143
00000000931 00000065817 00000022809 00254974143
00000000061 00000066819 00000023811 00255976482
00000000061 00000066819 00000023811 00255976482
00000000061 00000066819 00000023811 00255976482
00000000061 00000066819 00000023811 00255976482
00000000061 00000066819 00000023811 00255976482
00000000126 00000067885 00000024877 00257042014
00000000126 00000067885 00000024877 00257042014
00000000126 00000067885 00000024877 00257042014
00000000126 00000067885 00000024877 00257042014
00000000126 00000067885 00000024877 00257042014
00000000035 00000068794 00000025786 00257950917
00000000035 00000068794 00000025786 00257950917
00000000035 00000068794 00000025786 00257950917
00000000035 00000068794 00000025786 00257950917
00000000035 00000068794 00000025786 00257950917
00000000032 00000069797 00000026789 00258953868
00000000032 00000069797 00000026789 00258953868
00000000032 00000069797 00000026789 00258953868
00000000032 00000069797 00000026789 00258953868
00000000032 00000069797 00000026789 00258953868
00000000052 00000070817 00000027809 00259973806
00000000052 00000070817 00000027809 00259973806
00000000052 00000070817 00000027809 00259973806
00000000052 00000070817 00000027809 00259973806
00000000052 00000070817 00000027809 00259973806
00000000095 00000071861 00000028853 00261018434
00000000095 00000071861 00000028853 00261018434
00000000095 00000071861 00000028853 00261018434
00000000095 00000071861 00000028853 00261018434
00000000095 00000071861 00000028853 00261018434
00000000042 00000072808 00000029800 00261965411
00000000042 00000072808 00000029800 00261965411
00000000042 00000072808 00000029800 00261965411
00000000042 00000072808 00000029800 00261965411
00000000042 00000072808 00000029800 00261965411
00000000077 00000073843 00000030835 00262999636
00000000077 00000073843 00000030835 00262999636
00000000077 00000073843 00000030835 00262999636
00000000077 00000073843 00000030835 00262999636
00000000077 00000073843 00000030835 00262999636
00000000044 00000074810 00000031802 00263966595
00000000044 00000074810 00000031802 00263966595
00000000044 00000074810 00000031802 00263966595
00000000044 00000074810 00000031802 00263966595
00000000044 00000074810 00000031802 00263966595
00000000139 00000075905 00000032897 00265062332
00000000139 00000075905 00000032897 00265062332
00000000139 00000075905 00000032897 00265062332
00000000139 00000075905 00000032897 00265062332
00000000139 00000075905 00000032897 00265062332
00000000163 00000076929 00000033921 00266085738
00000000163 00000076929 00000033921 00266085738
00000000163 00000076929 00000033921 00266085738
00000000163 00000076929 00000033921 00266085738
00000000163 00000076929 00000033921 00266085738
00000000041 00000077808 00000034800 00266965094
00000000041 00000077808 00000034800 00266965094
00000000041 00000077808 00000034800 00266965094
00000000041 00000077808 00000034800 00266965094
00000000041 00000077808 00000034800 00266965094
00000000441 00000079208 00000036200 00268364798
00000000441 00000079208 00000036200 00268364798
00000000441 00000079208 00000036200 00268364798
00000000441 00000079208 00000036200 00268364798
00000000441 00000079208 00000036200 00268364798
00000000069 00000079836 00000036828 00268993073
00000000069 00000079836 00000036828 00268993073
00000000069 00000079836 00000036828 00268993073
00000000069 00000079836 00000036828 00268993073
00000000069 00000079836 00000036828 00268993073
00000000035 00000080802 00000037794 00269959265
00000000035 00000080802 00000037794 00269959265
00000000035 00000080802 00000037794 00269959265
00000000035 00000080802 00000037794 00269959265
00000000035 00000080802 00000037794 00269959265
00000000052 00000081819 00000038811 00270976067
00000000052 00000081819 00000038811 00270976067
00000000052 00000081819 00000038811 00270976067
00000000052 00000081819 00000038811 00270976067
00000000052 00000081819 00000038811 00270976067
00000000119 00000082887 00000039879 00272043534
00000000119 00000082887 00000039879 00272043534
00000000119 00000082887 00000039879 00272043534
00000000119 00000082887 00000039879 00272043534
00000000119 00000082887 00000039879 00272043534
00000000066 00000083834 00000040826 00272991252
00000000066 00000083834 00000040826 00272991252
00000000066 00000083834 00000040826 00272991252
00000000066 00000083834 00000040826 00272991252
00000000066 00000083834 00000040826 00272991252
00000000412 00000085180 00000042172 00274336610
00000000412 00000085180 00000042172 00274336610
00000000412 00000085180 00000042172 00274336610
00000000412 00000085180 00000042172 00274336610
00000000412 00000085180 00000042172 00274336610
00000000033 00000085801 00000022790 00274957605
00000000033 00000085801 00000022790 00274957605
00000000033 00000085801 00000022790 00274957605
00000000033 00000085801 00000022790 00274957605
00000000033 00000085801 00000022790 00274957605
00000000051 00000086819 00000023808 00275976374
00000000051 00000086819 00000023808 00275976374
00000000051 00000086819 00000023808 00275976374
00000000051 00000086819 00000023808 00275976374
00000000051 00000086819 00000023808 00275976374
00000000087 00000087856 00000024845 00277013039
00000000087 00000087856 00000024845 00277013039
00000000087 00000087856 00000024845 00277013039
00000000087 00000087856 00000024845 00277013039
00000000087 00000087856 00000024845 00277013039
00000000086 00000088855 00000025844 00278011721
00000000086 00000088855 00000025844 00278011721
00000000086 00000088855 00000025844 00278011721
00000000086 00000088855 00000025844 00278011721
00000000086 00000088855 00000025844 00278011721
00000000139 00000089908 00000026897 00279065374
00000000139 00000089908 00000026897 00279065374
00000000139 00000089908 00000026897 00279065374
00000000139 00000089908 00000026897 00279065374
00000000139 00000089908 00000026897 00279065374
00000000503 00000091272 00000028261 00280429091
00000000503 00000091272 00000028261 00280429091
00000000503 00000091272 00000028261 00280429091
00000000503 00000091272 00000028261 00280429091
00000000503 00000091272 00000028261 00280429091
00000000054 00000091823 00000028812 00280980061
00000000054 00000091823 00000028812 00280980061
00000000054 00000091823 00000028812 00280980061
00000000054 00000091823 00000028812 00280980061
00000000054 00000091823 00000028812 00280980061
00000000649 00000093419 00000030408 00282576290
00000000649 00000093419 00000030408 00282576290
00000000649 00000093419 00000030408 00282576290
00000000649 00000093419 00000030408 00282576290
00000000649 00000093419 00000030408 00282576290
00000000125 00000093895 00000019882 00283051821
00000000125 00000093895 00000019882 00283051821
00000000125 00000093895 00000019882 00283051821
00000000125 00000093895 00000019882 00283051821
00000000125 00000093895 00000019882 00283051821
00000000041 00000094811 00000020798 00283967930
00000000041 00000094811 00000020798 00283967930
00000000041 00000094811 00000020798 00283967930
00000000041 00000094811 00000020798 00283967930
00000000041 00000094811 00000020798 00283967930
00000000061 00000095831 00000021818 00284987993
00000000061 00000095831 00000021818 00284987993
00000000061 00000095831 00000021818 00284987993
00000000061 00000095831 00000021818 00284987993
00000000061 00000095831 00000021818 00284987993
00000000073 00000096843 00000022830 00285999706
00000000073 00000096843 00000022830 00285999706
00000000073 00000096843 00000022830 00285999706
00000000073 00000096843 00000022830 00285999706
00000000073 00000096843 00000022830 00285999706
00000000046 00000097816 00000023803 00286973169
00000000046 00000097816 00000023803 00286973169
00000000046 00000097816 00000023803 00286973169
00000000046 00000097816 00000023803 00286973169
00000000046 00000097816 00000023803 00286973169
00000000056 00000098827 00000024814 00287983850
00000000056 00000098827 00000024814 00287983850
00000000056 00000098827 00000024814 00287983850
00000000056 00000098827 00000024814 00287983850
00000000056 00000098827 00000024814 00287983850
00000000116 00000099887 00000025874 00289043871
00000000116 00000099887 00000025874 00289043871
00000000116 00000099887 00000025874 00289043871
00000000116 00000099887 00000025874 00289043871
00000000116 00000099887 00000025874 00289043871
00000000155 00000100926 00000026913 00290082844
00000000155 00000100926 00000026913 00290082844
00000000155 00000100926 00000026913 00290082844
00000000155 00000100926 00000026913 00290082844
00000000155 00000100926 00000026913 00290082844
00000000027 00000101798 00000027785 00290954822
00000000027 00000101798 00000027785 00290954822
00000000027 00000101798 00000027785 00290954822
00000000027 00000101798 00000027785 00290954822
00000000027 00000101798 00000027785 00290954822
00000000057 00000102828 00000028815 00291984629
00000000057 00000102828 00000028815 00291984629
00000000057 00000102828 00000028815 00291984629
00000000057 00000102828 00000028815 00291984629
00000000057 00000102828 00000028815 00291984629
00000000035 00000103807 00000029794 00292964119
00000000035 00000103807 00000029794 00292964119
00000000035 00000103807 00000029794 00292964119
00000000035 00000103807 00000029794 00292964119
00000000035 00000103807 00000029794 00292964119
00000000023 00000104795 00000030782 00293952532
00000000023 00000104795 00000030782 00293952532
00000000023 00000104795 00000030782 00293952532
00000000023 00000104795 00000030782 00293952532
00000000023 00000104795 00000030782 00293952532
00000000675 00000106447 00000032434 00295604375
00000000675 00000106447 00000032434 00295604375
00000000675 00000106447 00000032434 00295604375
00000000675 00000106447 00000032434 00295604375
00000000675 00000106447 00000032434 00295604375
00000000036 00000106808 00000032795 00295964591
00000000036 00000106808 00000032795 00295964591
00000000036 00000106808 00000032795 00295964591
00000000036 00000106808 00000032795 00295964591
00000000036 00000106808 00000032795 00295964591
00000000607 00000108379 00000034366 00297535711
00000000607 00000108379 00000034366 00297535711
00000000607 00000108379 00000034366 00297535711
00000000607 00000108379 00000034366 00297535711
00000000607 00000108379 00000034366 00297535711
00000000019 00000048781 00000014769 00297948533
00000000019 00000048781 00000014769 00297948533
00000000019 00000048781 00000014769 00297948533
00000000019 00000048781 00000014769 00297948533
00000000019 00000048781 00000014769 00297948533
00000000025 00000049787 00000015775 00298954718
00000000025 00000049787 00000015775 00298954718
00000000025 00000049787 00000015775 00298954718
00000000025 00000049787 00000015775 00298954718
00000000025 00000049787 00000015775 00298954718
00000000058 00000050820 00000016808 00299987894
00000000058 00000050820 00000016808 00299987894
00000000058 00000050820 00000016808 00299987894
00000000058 00000050820 00000016808 00299987894
00000000058 00000050820 00000016808 00299987894
00000000054 00000051816 00000017804 00300983637
00000000054 00000051816 00000017804 00300983637
00000000054 00000051816 00000017804 00300983637
00000000054 00000051816 00000017804 00300983637
00000000054 00000051816 00000017804 00300983637
00000000060 00000052822 00000018810 00301990028
00000000060 00000052822 00000018810 00301990028
00000000060 00000052822 00000018810 00301990028
00000000060 00000052822 00000018810 00301990028
00000000060 00000052822 00000018810 00301990028
00000000035 00000053798 00000019786 00302965600
00000000035 00000053798 00000019786 00302965600
00000000035 00000053798 00000019786 00302965600
00000000035 00000053798 00000019786 00302965600
00000000035 00000053798 00000019786 00302965600
00000000039 00000054802 00000020790 00303969537
00000000039 00000054802 00000020790 00303969537
00000000039 00000054802 00000020790 00303969537
00000000039 00000054802 00000020790 00303969537
00000000039 00000054802 00000020790 00303969537
00000000083 00000055846 00000021834 00305013927
00000000083 00000055846 00000021834 00305013927
00000000083 00000055846 00000021834 00305013927
00000000083 00000055846 00000021834 00305013927
00000000083 00000055846 00000021834 00305013927
00000000185 00000056948 00000022936 00306115861
00000000185 00000056948 00000022936 00306115861
00000000185 00000056948 00000022936 00306115861
00000000185 00000056948 00000022936 00306115861
00000000185 00000056948 00000022936 00306115861
00000000095 00000057858 00000023846 00307026363
00000000095 00000057858 00000023846 00307026363
00000000095 00000057858 00000023846 00307026363
00000000095 00000057858 00000023846 00307026363
00000000095 00000057858 00000023846 00307026363
00000000055 00000058818 00000024806 00307986432
00000000055 00000058818 00000024806 00307986432
00000000055 00000058818 00000024806 00307986432
00000000055 00000058818 00000024806 00307986432
00000000055 00000058818 00000024806 00307986432
00000000045 00000059809 00000025797 00308976861
00000000045 00000059809 00000025797 00308976861
00000000045 00000059809 00000025797 00308976861
00000000045 00000059809 00000025797 00308976861
00000000045 00000059809 00000025797 00308976861
00000000044 00000060808 00000026796 00309975689
00000000044 00000060808 00000026796 00309975689
00000000044 00000060808 00000026796 00309975689
00000000044 00000060808 00000026796 00309975689
00000000044 00000060808 00000026796 00309975689
00000000031 00000061795 00000027783 00310962612
00000000031 00000061795 00000027783 00310962612
00000000031 00000061795 00000027783 00310962612
00000000031 00000061795 00000027783 00310962612
00000000031 00000061795 00000027783 00310962612
00000000048 00000062812 00000028800 00311980071
00000000048 00000062812 00000028800 00311980071
00000000048 00000062812 00000028800 00311980071
00000000048 00000062812 00000028800 00311980071
00000000048 00000062812 00000028800 00311980071
00000000060 00000063824 00000029812 00312992035
00000000060 00000063824 00000029812 00312992035
00000000060 00000063824 00000029812 00312992035
00000000060 00000063824 00000029812 00312992035
00000000060 00000063824 00000029812 00312992035
00000000113 00000064878 00000030866 00314046195
00000000113 00000064878 00000030866 00314046195
00000000113 00000064878 00000030866 00314046195
00000000113 00000064878 00000030866 00314046195
00000000113 00000064878 00000030866 00314046195
00000000280 00000066045 00000032033 00315212707
00000000280 00000066045 00000032033 00315212707
00000000280 00000066045 00000032033 00315212707
00000000280 00000066045 00000032033 00315212707
00000000280 00000066045 00000032033 00315212707
00000000230 00000066995 00000032983 00316162542
00000000230 00000066995 00000032983 00316162542
00000000230 00000066995 00000032983 00316162542
00000000230 00000066995 00000032983 00316162542
00000000230 00000066995 00000032983 00316162542
00000000077 00000067842 00000013826 00317009823
00000000077 00000067842 00000013826 00317009823
00000000077 00000067842 00000013826 00317009823
00000000077 00000067842 00000013826 00317009823
00000000077 00000067842 00000013826 00317009823
00000000072 00000068837 00000014821 00318005413
00000000072 00000068837 00000014821 00318005413
00000000072 00000068837 00000014821 00318005413
00000000072 00000068837 00000014821 00318005413
00000000072 00000068837 00000014821 00318005413
00000000080 00000069846 00000015830 00319014260
00000000080 00000069846 00000015830 00319014260
00000000080 00000069846 00000015830 00319014260
00000000080 00000069846 00000015830 00319014260
00000000080 00000069846 00000015830 00319014260
00000000083 00000070849 00000016833 00320016614
00000000083 00000070849 00000016833 00320016614
00000000083 00000070849 00000016833 00320016614
00000000083 00000070849 00000016833 00320016614
00000000083 00000070849 00000016833 00320016614
00000000101 00000071867 00000017851 00321034747
00000000101 00000071867 00000017851 00321034747
00000000101 00000071867 00000017851 00321034747
00000000101 00000071867 00000017851 00321034747
00000000101 00000071867 00000017851 00321034747
00000000385 00000073151 00000019135 00322318938
00000000385 00000073151 00000019135 00322318938
00000000385 00000073151 00000019135 00322318938
00000000385 00000073151 00000019135 00322318938
00000000385 00000073151 00000019135 00322318938
00000000031 00000073797 00000019781 00322964674
00000000031 00000073797 00000019781 00322964674
00000000031 00000073797 00000019781 00322964674
00000000031 00000073797 00000019781 00322964674
00000000031 00000073797 00000019781 00322964674
00000000303 00000075070 00000021054 00324237543
00000000303 00000075070 00000021054 00324237543
00000000303 00000075070 00000021054 00324237543
00000000303 00000075070 00000021054 00324237543
00000000303 00000075070 00000021054 00324237543
00000000053 00000075820 00000012802 00324988513
00000000053 00000075820 00000012802 00324988513
00000000053 00000075820 00000012802 00324988513
00000000053 00000075820 00000012802 00324988513
00000000053 00000075820 00000012802 00324988513
00000000075 00000076842 00000013824 00326010093
00000000075 00000076842 00000013824 00326010093
00000000075 00000076842 00000013824 00326010093
00000000075 00000076842 00000013824 00326010093
00000000075 00000076842 00000013824 00326010093
00000000039 00000077806 00000014788 00326974109
00000000039 00000077806 00000014788 00326974109
00000000039 00000077806 00000014788 00326974109
00000000039 00000077806 00000014788 00326974109
00000000039 00000077806 00000014788 00326974109
00000000037 00000078804 00000015786 00327972229
00000000037 00000078804 00000015786 00327972229
00000000037 00000078804 00000015786 00327972229
00000000037 00000078804 00000015786 00327972229
00000000037 00000078804 00000015786 00327972229
00000000030 00000079798 00000016780 00328966013
00000000030 00000079798 00000016780 00328966013
00000000030 00000079798 00000016780 00328966013
00000000030 00000079798 00000016780 00328966013
00000000030 00000079798 00000016780 00328966013
00000000059 00000080827 00000017809 00329994964
00000000059 00000080827 00000017809 00329994964
00000000059 00000080827 00000017809 00329994964
00000000059 00000080827 00000017809 00329994964
00000000059 00000080827 00000017809 00329994964
00000000025 00000081793 00000018775 00330961092
00000000025 00000081793 00000018775 00330961092
00000000025 00000081793 00000018775 00330961092
00000000025 00000081793 00000018775 00330961092
00000000025 00000081793 00000018775 00330961092
00000000028 00000082796 00000019778 00331963993
00000000028 00000082796 00000019778 00331963993
00000000028 00000082796 00000019778 00331963993
00000000028 00000082796 00000019778 00331963993
00000000028 00000082796 00000019778 00331963993
