S[0, 0] 6116.015 16228570
S[0, 1] 5110.705 16230462
S[0, 2] 4110.526 16230499
S[0, 3] 3110.329 16230499
S[0, 4] 2151.565 16273578
S[0, 5] 1887.979 17010184
S[0, 6] 1366.829 17489221
S[0, 7] 1262.62 18385210
C[[0, 0], 0] 8776.136 18888686
C[[0, 0], 1] 7790.633 18910389
C[[0, 0], 2] 6836.327 18956299
C[[0, 0], 3] 5836.13 18956299
C[[0, 0], 4] 4834.286 18956299
C[[0, 0], 5] 3834.094 18956299
C[[0, 0], 6] 2833.907 18956299
C[[0, 0], 7] 1863.501 18986091
S[0, 8] 1297.317 19420105
C[[0, 0], 8] 1560.897 19683685
S[0, 9] 1316.208 20439177
S[0, 10] 1317.477 21440640
C[[0, 0], 9] 2505.203 21628172
C[[0, 0], 10] 1505.009 21628172
S[0, 11] 1336.019 22459371
C[[0, 0], 11] 1506.794 22630146
S[0, 12] 1330.609 23454155
C[[0, 0], 12] 1493.254 23616800
S[0, 13] 1332.43 24456157
C[[0, 0], 13] 1546.597 24670324
S[0, 14] 1332.471 25456381
C[[0, 0], 14] 1484.832 25608742
S[0, 15] 1218.422 26342515
C[[0, 0], 15] 1501.519 26625612
S[0, 16] 1199.771 27324642
C[[0, 0], 16] 1521.616 27646487
S[0, 17] 1209.968 28335015
C[[0, 0], 17] 1516.011 28641058
S[0, 18] 1278.357 29403576
C[[0, 0], 18] 1477.886 29603105
S[0, 19] 1489.815 30615263
C[[0, 0], 19] 2108.118 31233566
S[0, 20] 1340.815 31466445
C[[0, 1], 0] 1891.88 32017510
S[0, 21] 1500.666 32627346
C[[0, 1], 1] 1782.202 32908882
S[0, 22] 1353.647 33480513
C[[0, 1], 2] 1743.525 33870391
S[0, 23] 1298.851 34425895
C[[0, 1], 3] 2073.831 35200875
S[0, 24] 2265.999 36393216
C[[0, 1], 4] 2266.144 36393361
S[0, 25] 1781.813 36909241
C[[0, 1], 5] 2868.4 37995829
S[0, 26] 1933.738 38061335
CS[0, 0] 27959.124 7944.951 38070579
C[[0, 1], 6] 1959.039 38086637
S[0, 27] 1307.46 38435239
C[[0, 1], 7] 1846.147 38973926
S[0, 28] 1303.003 39430977
C[[0, 1], 8] 1732.63 39860604
S[0, 29] 1495.322 40623486
C[[0, 1], 9] 1837.334 40965498
S[0, 30] 1328.452 41456806
C[[0, 1], 10] 1740.881 41869235
S[0, 31] 1533.618 42662131
C[[0, 1], 11] 1892.058 43020570
S[0, 32] 1534.016 43662724
C[[0, 1], 12] 1903.335 44032043
S[0, 33] 1308.589 44437459
S[0, 34] 1508.248 45637302
C[[0, 1], 13] 2859.527 45988397
C[[0, 1], 14] 1891.365 46020419
S[0, 35] 1333.427 46462667
S[0, 36] 1536.933 47666408
C[[0, 1], 15] 2880.223 48009463
C[[0, 1], 16] 1879.988 48009463
S[0, 37] 1332.717 48462386
S[0, 38] 1505.578 49635436
C[[0, 1], 18] 1846.052 49975910
C[[0, 1], 17] 2846.241 49975910
S[0, 39] 1337.425 50467473
C[[0, 1], 19] 1771.456 50901504
S[0, 40] 1528.811 51659046
C[[0, 2], 0] 1824.731 51954966
S[0, 41] 1343.763 52474170
C[[0, 2], 1] 1722.985 52853392
S[0, 42] 1336.288 53466852
C[[0, 2], 2] 1828.765 53959329
S[0, 43] 1358.86 54489606
C[[0, 2], 3] 1731.937 54862683
S[0, 44] 1307.364 55438287
C[[0, 2], 4] 1790.875 55921798
S[0, 45] 1539.423 56670520
C[[0, 2], 5] 1926.683 57057780
S[0, 46] 1387.27 57518544
S[0, 47] 1863.02 58994469
C[[0, 2], 7] 1914.006 59045455
C[[0, 2], 6] 2914.181 59045455
S[0, 48] 1330.119 59461752
C[[0, 2], 8] 1710.378 59842011
S[0, 49] 2035.277 61167083
CS[0, 1] 31041.542 11036.937 61167172
C[[0, 2], 9] 2139.163 61270968
S[0, 50] 1345.569 61477555
C[[0, 2], 10] 1734.601 61866588
S[0, 51] 1307.416 62439590
C[[0, 2], 11] 1836.919 62969093
S[0, 52] 1309.037 63441388
C[[0, 2], 12] 1725.361 63857712
S[0, 53] 1496.739 64629279
C[[0, 2], 13] 1878.102 65010642
S[0, 54] 1330.32 65463040
C[[0, 2], 14] 1741.543 65874263
S[0, 55] 1539.674 66672574
C[[0, 2], 15] 1848.96 66981860
S[0, 56] 1336.178 67469267
C[[0, 2], 16] 1729.587 67862676
S[0, 57] 1274.221 68407490
C[[0, 2], 17] 1845.856 68979125
S[0, 58] 1340.502 69473987
C[[0, 2], 18] 1719.907 69853392
S[0, 59] 1449.888 70583549
C[[0, 2], 19] 2226.209 71359870
C[[0, 3], 0] 2156.118 72289941
C[[0, 3], 1] 1814.156 72949146
S[1, 0] 2844.636 72978459
SS0 62876.795 2853.44 72987260
S[1, 1] 2398.821 73533811
S[1, 2] 1591.926 73727102
C[[0, 3], 2] 1676.733 73811909
S[1, 3] 1405.295 74540647
C[[0, 3], 3] 1851.631 74986983
S[1, 4] 1415.101 75550643
C[[0, 3], 4] 1865.838 76001380
S[1, 5] 1407.984 76543707
C[[0, 3], 5] 1646.895 76782618
S[1, 6] 1415.999 77551908
C[[0, 3], 6] 1899.732 78035642
S[1, 7] 1425.388 78561474
C[[0, 3], 7] 1738.735 78874822
S[1, 8] 1520.275 79656542
C[[0, 3], 8] 1946.295 80082563
S[1, 9] 1720.113 80856559
C[[0, 3], 9] 1839.874 80976320
CS[0, 2] 31839.847 11836.259 81970082
S[1, 10] 1892.997 82029629
C[[0, 3], 10] 1937.811 82074444
S[1, 11] 1420.657 82557470
C[[0, 3], 11] 1830.15 82966963
S[1, 12] 1419.654 83556651
S[1, 13] 1395.303 84532490
C[[0, 3], 12] 2751.284 84888281
C[[0, 3], 13] 1840.625 84977812
S[1, 14] 1410.495 85547865
C[[0, 3], 14] 1840.051 85977421
S[1, 15] 1418.651 86556190
C[[0, 3], 15] 1832.299 86969838
S[1, 16] 1407.177 87544910
S[1, 17] 1409.517 88547422
C[[0, 3], 16] 2882.464 89020197
C[[0, 3], 17] 1926.297 89064202
S[1, 18] 1463.752 89601817
C[[0, 3], 18] 1805.987 89944052
S[1, 19] 1477.767 90616017
C[[0, 3], 19] 1807.984 90946234
S[1, 20] 1784.209 91922664
C[[0, 4], 0] 1930.324 92068779
S[1, 21] 1795.059 92933707
C[[0, 4], 1] 1833.102 92971750
S[1, 22] 1781.832 93920667
C[[0, 4], 2] 1817.561 93956396
S[1, 23] 1744.785 94883805
C[[0, 4], 3] 1842.15 94981170
S[1, 24] 1413.263 95552469
C[[0, 4], 4] 1878.598 96017804
S[1, 25] 1408.751 96548137
C[[0, 4], 5] 1768.333 96907719
S[1, 26] 1427.123 97566697
C[[0, 4], 6] 1754.125 97893699
S[1, 27] 1405.798 98545567
C[[0, 4], 7] 1772.761 98912530
S[1, 28] 1412.629 99552583
C[[0, 4], 8] 1988.901 100128855
S[1, 29] 1407.996 100548127
C[[0, 4], 9] 1821.744 100961875
S[1, 30] 1398.696 101539007
CS[0, 3] 32676.584 12671.952 102810407
S[1, 31] 1790.935 102931428
C[[0, 4], 10] 2840.826 102981137
C[[0, 4], 11] 1840.644 102981137
S[1, 32] 1582.083 103722769
C[[0, 4], 12] 2660.544 104801231
S[1, 33] 1715.106 104855970
C[[0, 4], 13] 1842.026 104982890
S[1, 34] 1571.232 105712281
C[[0, 4], 14] 1726.126 105867175
S[1, 35] 1407.968 106549182
C[[0, 4], 15] 1896.17 107037385
S[1, 36] 1644.71 107786138
C[[0, 4], 16] 1738.944 107880372
S[1, 37] 1418.351 108559958
C[[0, 4], 17] 1797.742 108939350
S[1, 38] 1396.876 109538664
C[[0, 4], 18] 1794.005 109935793
S[1, 39] 1284.074 110426047
S[1, 40] 1440.753 111582905
C[[0, 4], 19] 2737.719 111879692
C[[0, 5], 0] 1853.305 111995457
S[1, 41] 1416.181 112558510
C[[0, 5], 1] 1912.142 113054471
S[1, 42] 1433.856 113576363
S[1, 43] 1434.843 114577531
C[[0, 5], 2] 2749.566 114892074
C[[0, 5], 3] 1749.386 114892074
S[1, 44] 1553.637 115696509
C[[0, 5], 4] 1644.08 115786952
S[1, 45] 1424.425 116567479
C[[0, 5], 5] 1799.913 116942967
S[1, 46] 1421.119 117564359
C[[0, 5], 6] 1787.042 117930282
S[1, 47] 1520.542 118663958
C[[0, 5], 7] 1863.268 119006684
C[[0, 5], 8] 1787.218 119930818
S[1, 48] 1787.326 119930926
S[1, 49] 1719.738 120863511
C[[0, 5], 9] 1801.335 120945108
CS[0, 4] 31826.155 11822.458 121964610
S[1, 50] 1938.788 122082732
C[[0, 5], 10] 1938.864 122082808
S[1, 51] 1621.35 122765477
C[[0, 5], 11] 1791.384 122935511
S[1, 52] 1403.51 123547820
C[[0, 5], 12] 1859.741 124004051
S[1, 53] 1563.996 124708485
C[[0, 5], 13] 1639.557 124784046
S[1, 54] 1395.149 125539812
C[[0, 5], 14] 1803.199 125947862
S[1, 55] 1401.204 126546049
C[[0, 5], 15] 1708.084 126852929
S[1, 56] 1411.405 127556426
C[[0, 5], 16] 1796.252 127941273
S[1, 57] 1392.568 128537777
C[[0, 5], 17] 1838.553 128983762
S[1, 58] 1400.528 129545922
C[[0, 5], 18] 1707.481 129852875
S[1, 59] 1477.068 130622646
C[[0, 5], 19] 1749.352 130894930
S[2, 0] 1622.06 131767815
C[[0, 6], 0] 1743.254 131889009
SS1 62517.249 2505.317 132651072
S[2, 1] 1765.367 132911309
C[[0, 6], 1] 1829.632 132975574
S[2, 2] 1500.669 133646791
C[[0, 6], 2] 1812.289 133958411
S[2, 3] 1458.483 134604787
S[2, 4] 1518.284 135664808
C[[1, 0], 0] 2697.783 135844087
C[[1, 0], 1] 1783.644 135930168
S[2, 5] 1765.418 136912118
C[[1, 0], 2] 1957.71 137104410
S[2, 6] 1421.01 137567894
C[[1, 0], 3] 1793.915 137940799
S[2, 7] 1410.521 138557595
C[[1, 0], 4] 1875.346 139022420
S[2, 8] 1401.722 139548977
C[[1, 0], 5] 1924.688 140071943
S[2, 9] 1616.916 140764362
C[[1, 0], 6] 2209.164 141356609
S[2, 10] 1434.277 141581899
C[[1, 0], 7] 2315.932 142463554
S[2, 11] 1514.389 142662187
CS[0, 5] 33305.966 13302.363 143448118
S[2, 12] 1353.387 143501375
C[[1, 0], 8] 2850.835 143998632
C[[1, 0], 9] 1905.239 144053227
S[2, 13] 1786.574 144934745
S[2, 14] 1417.789 145566147
C[[1, 0], 11] 1854.648 146003006
C[[1, 0], 10] 2854.835 146003006
CS[0, 6] 16804.676 13804.127 146950431
S[2, 15] 1881.755 147030312
C[[1, 0], 12] 1936.907 147085464
S[2, 16] 1418.434 147567166
C[[1, 0], 13] 1867.366 148016098
S[2, 17] 1465.333 148614243
C[[1, 0], 14] 1822.613 148971523
S[2, 18] 1576.386 149725480
S[2, 19] 1741.561 150890837
C[[1, 0], 16] 1825.066 150974342
C[[1, 0], 15] 2825.248 150974342
S[2, 20] 1784.328 151933806
C[[1, 0], 17] 1828.113 151977590
S[2, 21] 1734.131 152883787
C[[1, 0], 18] 1860.677 153010333
S[2, 22] 1472.101 153621951
C[[1, 0], 19] 1845.13 153994980
S[2, 23] 1417.074 154567099
S[2, 24] 1414.172 155564382
C[[1, 1], 1] 1826.411 155976621
C[[1, 1], 0] 2826.596 155976621
S[2, 25] 1396.745 156547125
C[[1, 1], 2] 1654.901 156805281
S[2, 26] 1435.059 157585627
C[[1, 1], 3] 1737.068 157887636
S[2, 27] 1424.389 158575138
S[2, 28] 1397.667 159548599
C[[1, 1], 4] 2661.719 159812468
C[[1, 1], 5] 1849.95 160000882
S[2, 29] 1399.632 160550748
C[[1, 1], 6] 1709.495 160860611
S[2, 30] 1409.119 161560410
C[[1, 1], 7] 1812.892 161964182
S[2, 31] 1421.996 162573468
S[2, 32] 1503.318 163654973
C[[1, 1], 8] 2834.307 163985779
C[[1, 1], 9] 1834.124 163985779
CS[1, 0] 31790.278 11786.557 164936582
S[2, 33] 1904.609 165056444
C[[1, 1], 10] 1904.698 165056533
S[2, 34] 1725.256 165877277
C[[1, 1], 11] 1857.041 166009062
S[2, 35] 1592.147 166744348
C[[1, 1], 12] 1748.682 166900883
S[2, 36] 1406.009 167558389
C[[1, 1], 13] 1854.607 168006987
S[2, 37] 1566.401 168718959
C[[1, 1], 14] 1732.849 168885407
S[2, 38] 1410.682 169563406
C[[1, 1], 15] 1801.753 169954477
S[2, 39] 1409.793 170562678
C[[1, 1], 16] 1723.11 170875995
S[2, 40] 1435.221 171588322
C[[1, 1], 17] 1836.302 171989403
S[2, 41] 1406.189 172559451
C[[1, 1], 18] 1843.052 172996313
S[2, 42] 1333.143 173486631
C[[1, 1], 19] 1623.352 173776840
S[2, 43] 1521.26 174674931
C[[1, 2], 0] 1898.973 175052645
S[2, 44] 1612.257 175766109
C[[1, 2], 1] 1651.191 175805043
S[2, 45] 1763.095 176917127
C[[1, 2], 2] 1805.725 176959757
S[2, 46] 1764.161 177918384
C[[1, 2], 3] 1828.258 177982482
S[2, 47] 1635.176 178789579
C[[1, 2], 4] 1676.845 178831248
S[2, 48] 1426.16 179580748
C[[1, 2], 5] 1661.952 179816540
S[2, 49] 1440.177 180594952
C[[1, 2], 6] 1985.814 181140589
S[2, 50] 1428.394 181583351
C[[1, 2], 7] 1824.523 181979480
S[2, 51] 1410.662 182565794
C[[1, 2], 8] 1775.957 182931089
S[2, 52] 1422.511 183577827
C[[1, 2], 9] 1878.083 184033399
S[2, 53] 1404.885 184560382
C[[1, 2], 10] 2158.318 185313815
CS[1, 1] 32781.395 12777.749 185931420
S[2, 54] 1816.572 185972244
S[2, 55] 1448.481 186604339
C[[1, 2], 11] 2814.458 186970130
C[[1, 2], 12] 1850.744 187006603
S[2, 56] 1581.407 187737442
C[[1, 2], 13] 1687.16 187843195
S[2, 57] 1731.789 188888003
C[[1, 2], 14] 1847.74 189003954
S[2, 58] 1716.764 189873167
C[[1, 2], 15] 1818.651 189975054
S[2, 59] 1588.01 190744598
C[[1, 2], 16] 1699.929 190856517
S[3, 0] 1747.726 191904491
C[[1, 2], 17] 1869.662 192026427
S[3, 1] 1733.096 192890045
SS2 62866.108 2855.098 193011863
C[[1, 2], 18] 1900.288 193057237
S[3, 2] 1459.527 193616663
C[[1, 2], 19] 1782.955 193940091
S[3, 3] 1951.19 195108512
C[[2, 0], 0] 1951.269 195108591
S[3, 4] 1418.181 195575692
C[[2, 0], 1] 1710.643 195868154
S[3, 5] 1409.769 196567474
C[[2, 0], 2] 1773.437 196931142
S[3, 6] 1441.256 197599138
C[[2, 0], 3] 1789.514 197947396
S[3, 7] 1417.127 198575192
C[[2, 0], 4] 1812.075 198970140
S[3, 8] 1393.375 199551576
S[3, 9] 1400.78 200559164
C[[2, 0], 6] 1967.605 201125989
C[[2, 0], 5] 2967.788 201125989
S[3, 10] 1403.958 201562524
C[[2, 0], 7] 1904.762 202063328
S[3, 11] 1471.268 202630014
C[[2, 0], 8] 1826.912 202985657
S[3, 12] 1609.754 203768683
C[[2, 0], 9] 1725.911 203884840
S[3, 13] 2584.267 205743394
C[[2, 0], 10] 2584.32 205743447
CS[1, 3] 12586.175 12586.175 205743498
CS[1, 2] 32589.826 12586.175 205743498
S[3, 14] 1752.691 205912002
C[[2, 0], 11] 1839.86 205999171
S[3, 15] 1711.26 206870767
C[[2, 0], 12] 1805.294 206964801
S[3, 16] 1395.948 207555639
S[3, 17] 1435.432 208595303
C[[2, 0], 14] 1815.52 208975391
C[[2, 0], 13] 2815.7 208975391
S[3, 18] 1407.793 209567846
C[[2, 0], 15] 1843.601 210003654
S[3, 19] 1403.722 210563971
C[[2, 0], 16] 1807.386 210967635
S[3, 20] 1411.132 211571555
S[3, 21] 1403.498 212564105
C[[2, 0], 17] 2780.536 212940959
C[[2, 0], 18] 1780.352 212940959
S[3, 22] 1301.536 213462328
S[3, 23] 1407.896 214568868
C[[2, 0], 19] 2845.205 215005997
C[[2, 1], 0] 1845.025 215005997
S[3, 24] 1420.05 215581203
C[[2, 1], 1] 1703.232 215864385
S[3, 25] 1596.73 216758071
C[[2, 1], 2] 2637.331 217798672
S[3, 26] 1738.381 217899893
C[[2, 1], 3] 1887.112 218048624
S[3, 27] 1763.875 218925568
C[[2, 1], 4] 1811.815 218973508
S[3, 28] 1727.679 219889535
C[[2, 1], 5] 1818.753 219980609
S[3, 29] 1740.899 220902935
C[[2, 1], 6] 1870.917 221032953
S[3, 30] 1930.338 222092560
C[[2, 1], 7] 1999.976 222162198
S[3, 31] 1889.065 223051473
C[[2, 1], 8] 2199.292 223361700
S[3, 32] 1750.466 223913051
C[[2, 1], 9] 1820.408 223982993
S[3, 33] 1437.99 224600763
C[[2, 1], 10] 2315.954 225478727
CS[2, 0] 32321.503 12317.853 225478825
S[3, 34] 1465.966 225628937
S[3, 35] 1397.789 226560946
C[[2, 1], 11] 2759.48 226922451
C[[2, 1], 12] 1824.527 226987684
S[3, 36] 1411.147 227574480
C[[2, 1], 13] 1810.613 227973946
S[3, 37] 1474.927 228638446
C[[2, 1], 14] 1806.941 228970460
S[3, 38] 1706.93 229870628
C[[2, 1], 15] 1880.532 230044230
S[3, 39] 1571.668 230735546
S[3, 40] 1393.889 231557950
C[[2, 1], 16] 2826.303 231990181
C[[2, 1], 17] 1826.12 231990181
S[3, 41] 1751.223 232915480
C[[2, 1], 18] 1825.487 232989744
S[3, 42] 1495.302 233659741
C[[2, 1], 19] 1799.797 233964236
S[3, 43] 1797.192 234961811
C[[2, 2], 0] 1960.242 235124861
S[3, 44] 1415.801 235580600
C[[2, 2], 1] 1842.87 236007669
S[3, 45] 1421.868 236586850
S[3, 46] 1449.669 237614836
C[[2, 2], 2] 2787.361 237952343
C[[2, 2], 3] 1787.176 237952343
S[3, 47] 1406.285 238571635
C[[2, 2], 4] 1737.878 238903229
S[3, 48] 1447.407 239612939
C[[2, 2], 5] 1800.441 239965973
S[3, 49] 1443.153 240608871
C[[2, 2], 6] 1842.65 241008368
S[3, 50] 1402.904 241568802
C[[2, 2], 7] 1750.815 241916713
S[3, 51] 1515.802 242681867
C[[2, 2], 8] 1851.496 243017561
S[3, 52] 1582.95 243749196
C[[2, 2], 9] 1842.873 244009119
S[3, 53] 2027.885 245194312
C[[2, 2], 10] 2687.095 245853523
CS[2, 1] 32692.606 12688.959 245853579
S[3, 54] 1755.424 245922037
S[3, 55] 1404.566 246571361
C[[2, 2], 11] 2757.027 246923640
C[[2, 2], 12] 1827.838 246994633
S[3, 56] 1589.746 247756724
S[3, 57] 1400.803 248567972
C[[2, 2], 13] 2850.718 249017696
C[[2, 2], 14] 1850.527 249017696
S[3, 58] 1732.104 249899463
C[[2, 2], 15] 1834.792 250002151
S[3, 59] 3738.864 252906401
C[[2, 2], 16] 10354.597 259522134
C[[2, 2], 17] 10465.106 260632800
C[[2, 3], 0] 7533.312 260701525
C[[2, 2], 19] 8533.497 260701525
C[[2, 2], 18] 9533.683 260701525
C[[2, 3], 3] 5251.649 261420413
C[[2, 3], 2] 6251.833 261420413
C[[2, 3], 1] 7252.013 261420413
C[[2, 3], 4] 4691.011 261859959
S[4, 0] 12015.07 262182764
S[4, 1] 11014.922 262182764
S[4, 6] 6047.113 262215877
S[4, 5] 7047.297 262215877
S[4, 4] 8047.477 262215877
S[4, 2] 10047.849 262215877
S[4, 3] 9047.664 262215877
S[4, 7] 5410.895 262579842
S[4, 8] 4629.768 262798910
S[4, 9] 3705.002 262874326
S[4, 10] 2704.822 262874326
S[4, 11] 1799.533 262969216
C[[2, 3], 8] 1799.609 262969292
C[[2, 3], 7] 2799.788 262969292
C[[2, 3], 5] 4800.15 262969292
C[[2, 3], 6] 3799.968 262969292
SS3 73379.942 13369.013 263536707
S[4, 12] 1580.672 263750538
C[[2, 3], 9] 1619.749 263789615
S[4, 13] 1489.817 264659863
C[[2, 3], 10] 1892.408 265062454
S[4, 14] 1623.406 265793627
S[4, 15] 828.489 265998886
C[[3, 0], 0] 1828.744 265998965
S[4, 16] 783.93 266954516
C[[3, 0], 1] 1784.204 266954601
C[[3, 0], 2] 1731.446 267902032
S[4, 17] 1194.152 268364919
S[4, 18] 809.008 268979955
C[[3, 0], 3] 1809.273 268980040
C[[3, 0], 4] 1684.584 269855531
S[4, 19] 819.532 269990656
C[[3, 0], 5] 1773.928 270945052
S[4, 20] 830.3 271001597
C[[3, 0], 6] 1891.425 272062722
S[4, 21] 1721.687 272893177
C[[3, 0], 7] 1819.885 272991374
S[4, 22] 898.336 273070000
CS[2, 2] 41123.737 21120.143 274288356
C[[3, 0], 8] 2165.094 274336759
S[4, 23] 1400.214 274572052
C[[3, 0], 9] 1665.192 274837029
S[4, 24] 1616.004 275788020
C[[3, 0], 10] 1664.378 275836394
S[4, 25] 1719.323 276891515
C[[3, 0], 11] 1779.353 276951545
S[4, 26] 1730.589 277902960
C[[3, 0], 12] 1839.467 278011839
C[[3, 0], 13] 1892.948 279065497
S[4, 27] 1893.004 279065553
S[4, 28] 1405.316 279578040
C[[3, 0], 14] 1728.372 279901096
S[4, 29] 1421.81 280594712
C[[3, 0], 15] 1870.306 281043208
S[4, 30] 1409.673 281582750
C[[3, 0], 16] 2403.337 282576414
CS[2, 3] 29408.28 18406.272 282576493
S[4, 31] 1523.208 282696469
C[[3, 0], 17] 1865.682 283038943
S[4, 32] 1396.439 283576414
C[[3, 0], 18] 1870.582 284050557
S[4, 33] 1296.476 284476630
C[[3, 0], 19] 1793.601 284973755
S[4, 34] 1402.219 285582550
C[[3, 1], 0] 1800.321 285980652
S[4, 35] 1430.315 286610831
C[[3, 1], 1] 1731.583 286912099
S[4, 36] 1728.218 287908921
C[[3, 1], 2] 1728.315 287909018
S[4, 37] 1719.794 288900675
C[[3, 1], 3] 1863.107 289043988
S[4, 38] 1706.134 289887208
C[[3, 1], 4] 1901.897 290082971
S[4, 39] 930.505 290111754
C[[3, 1], 5] 1725.588 290906836
S[4, 40] 1269.994 291451465
C[[3, 1], 6] 1803.284 291984755
S[4, 41] 1626.49 292808149
S[4, 42] 1424.854 293606691
C[[3, 1], 8] 1733.96 293915797
C[[3, 1], 7] 2734.138 293915797
S[4, 43] 1409.679 294591689
C[[3, 1], 9] 2422.493 295604504
S[4, 44] 1442.96 295625149
C[[3, 1], 10] 1852.619 296034808
S[4, 45] 1419.597 296601966
CS[3, 0] 33460.971 13450.861 297631192
S[4, 46] 1473.037 297655593
C[[3, 1], 11] 2718.214 297900583
C[[3, 1], 12] 1750.814 297933370
S[4, 47] 1595.071 298777814
C[[3, 1], 13] 1728.765 298911508
S[4, 48] 1711.905 299894839
C[[3, 1], 14] 1884.653 300067587
S[4, 49] 1687.524 300870646
C[[3, 1], 15] 1800.634 300983756
S[4, 50] 1609.419 301792732
C[[3, 1], 16] 1793.552 301976865
S[4, 51] 1413.811 302597302
C[[3, 1], 17] 1841.263 303024754
S[4, 52] 1414.953 303598624
S[4, 53] 1283.772 304467625
C[[3, 1], 19] 1800.742 304984595
C[[3, 1], 18] 2800.924 304984595
S[4, 54] 1436.929 305620966
C[[3, 2], 0] 1781.54 305965577
S[4, 55] 1409.141 306593359
C[[3, 2], 1] 1842.207 307026425
S[4, 56] 1758.18 307942585
C[[3, 2], 2] 1862.829 308047234
S[4, 57] 1749.446 308934031
S[4, 58] 1410.941 309595702
C[[3, 2], 4] 1776.112 309960873
C[[3, 2], 3] 2776.288 309960873
S[4, 59] 830.556 310015498
C[[3, 2], 5] 1717.593 310902535
S[5, 0] 1435.07 311620197
C[[3, 2], 6] 1832.656 312017783
S[5, 1] 858.491 312043831
SS4 62627.605 2610.172 312795299
C[[3, 2], 7] 1795.563 312980903
S[5, 2] 1524.837 313710363
C[[3, 2], 8] 1755.013 313940539
S[5, 3] 2027.145 315212845
C[[4, 0], 0] 2027.195 315212895
S[5, 4] 1976.78 316162665
C[[4, 0], 1] 1976.833 316162718
CS[3, 1] 32645.196 12641.49 316825527
S[5, 5] 1808.462 316994520
S[5, 6] 1427.843 317614107
C[[4, 0], 2] 2723.622 317909680
C[[4, 0], 3] 1723.416 317909680
S[5, 7] 1420.311 318606759
C[[4, 0], 4] 1827.929 319014377
S[5, 8] 1397.404 319584033
S[5, 9] 1399.936 320586756
C[[4, 0], 6] 1848.063 321034884
C[[4, 0], 5] 2848.254 321034884
S[5, 10] 1402.788 321589787
C[[4, 0], 7] 1758.26 321945259
S[5, 11] 1391.23 322578416
C[[4, 0], 8] 1730.296 322917482
S[5, 12] 1399.188 323586570
CS[3, 2] 19962.281 10960.618 324146318
C[[4, 0], 9] 2036.187 324223569
S[5, 13] 1392.989 324580554
C[[4, 0], 10] 1801.083 324988649
S[5, 14] 1456.678 325644423
C[[4, 0], 11] 1822.468 326010213
S[5, 15] 1472.659 326660591
C[[4, 0], 12] 1828.334 327016266
S[5, 16] 1654.064 327842175
S[5, 17] 1629.454 328817746
C[[4, 0], 13] 2733.042 328921153
C[[4, 0], 14] 1753.655 328941947
S[5, 18] 1617.089 329805556
C[[4, 0], 15] 1806.618 329995085
S[5, 19] 1607.215 330795872
S[5, 20] 1583.433 331772264
C[[4, 0], 16] 2694.339 331882995
C[[4, 0], 17] 1728.39 331917221
