000.004 WPR 00250013442
000.004 RBE 00250014920
000.005 WPR 00250016179
000.003 WPR 00250016336
000.001 WPR 00250016478
000.003 RBE 00250016671
000.005 RBE 00250016814
000.001 RBE 00250017162
000.019 AFR 00252811251
000.016 AFR 00252983144
000.002 AFR 00253221659
000.002 WPR 00253235052
000.002 RBE 00253235850
000.009 WPR 00253250547
000.009 RBE 00253251152
000.016 WPR 00253251353
000.019 WPR 00253251446
000.019 RBE 00253252099
000.016 RBE 00253252098
000.007 WPR 00253252310
000.013 WPR 00253252615
000.007 RBE 00253253116
000.013 RBE 00253253300
000.008 WPR 00253254183
000.015 WPR 00253254410
000.012 WPR 00253254700
000.008 RBE 00253254855
000.010 WPR 00253254993
000.014 WPR 00253255048
000.015 RBE 00253255096
000.017 WPR 00253255119
000.012 RBE 00253255374
000.017 RBE 00253255483
000.020 WPR 00253255605
000.014 RBE 00253255769
000.010 RBE 00253256018
000.020 RBE 00253256314
000.006 WPR 00253256410
000.006 RBE 00253256753
000.018 WPR 00253259608
000.011 WPR 00253260203
000.018 RBE 00253260356
000.011 RBE 00253260952
000.022 WPR 00253269749
000.023 WPR 00253269773
000.024 WPR 00253269924
000.022 RBE 00253270406
000.023 RBE 00253270426
000.021 WPR 00253270509
000.024 RBE 00253270764
000.021 RBE 00253271464
000 RTF 253495871
000 REP 0004222 0004224 0048082 0135695 0137847 0139014 0139191 0139455 0139456 0142521 00253908746
000.024 RPR 00253937259
000.022 RPR 00253937817
000.023 RPR 00253937879
000.021 RPR 00253946626
000.005 RPR 00254021847
000.003 RPR 00254023947
000.004 RPR 00254029036
000.002 RPR 00254034289
000.008 RPR 00254039692
000.011 RPR 00254044935
000.006 RPR 00254045009
000.018 RPR 00254045677
000.010 RPR 00254047392
000.014 RPR 00254047898
000.013 RPR 00254047937
000.016 RPR 00254048166
000.017 RPR 00254048492
000.019 RPR 00254049829
000.009 RPR 00254050676
000.020 RPR 00254053284
000.007 RPR 00254053740
000.001 RPR 00254276748
000.012 RPR 00254319057
000.015 RPR 00254322634
