00000000098 00000005955 00000025958 00074902762
00000000098 00000005955 00000025958 00074902762
00000000098 00000005955 00000025958 00074902762
00000000098 00000005955 00000025958 00074902762
00000000098 00000005955 00000025958 00074902762
00000000022 00000006880 00000026883 00075823326
00000000022 00000006880 00000026883 00075823326
00000000022 00000006880 00000026883 00075823326
00000000022 00000006880 00000026883 00075823326
00000000022 00000006880 00000026883 00075823326
00000000023 00000007882 00000027885 00076824610
00000000023 00000007882 00000027885 00076824610
00000000023 00000007882 00000027885 00076824610
00000000023 00000007882 00000027885 00076824610
00000000023 00000007882 00000027885 00076824610
00000000099 00000008958 00000028961 00077901194
00000000099 00000008958 00000028961 00077901194
00000000099 00000008958 00000028961 00077901194
00000000099 00000008958 00000028961 00077901194
00000000099 00000008958 00000028961 00077901194
00000000022 00000009881 00000009881 00078823910
00000000022 00000009881 00000009881 00078823910
00000000022 00000009881 00000009881 00078823910
00000000022 00000009881 00000009881 00078823910
00000000022 00000009881 00000009881 00078823910
00000000025 00000010884 00000010884 00079827308
00000000025 00000010884 00000010884 00079827308
00000000025 00000010884 00000010884 00079827308
00000000025 00000010884 00000010884 00079827308
00000000025 00000010884 00000010884 00079827308
00000000021 00000011880 00000011880 00080822859
00000000021 00000011880 00000011880 00080822859
00000000021 00000011880 00000011880 00080822859
00000000021 00000011880 00000011880 00080822859
00000000021 00000011880 00000011880 00080822859
00000000025 00000012885 00000012885 00081827796
00000000025 00000012885 00000012885 00081827796
00000000025 00000012885 00000012885 00081827796
00000000025 00000012885 00000012885 00081827796
00000000025 00000012885 00000012885 00081827796
00000000023 00000013883 00000013883 00082825492
00000000023 00000013883 00000013883 00082825492
00000000023 00000013883 00000013883 00082825492
00000000023 00000013883 00000013883 00082825492
00000000023 00000013883 00000013883 00082825492
00000000033 00000014893 00000014893 00083836251
00000000033 00000014893 00000014893 00083836251
00000000033 00000014893 00000014893 00083836251
00000000033 00000014893 00000014893 00083836251
00000000033 00000014893 00000014893 00083836251
00000000019 00000015879 00000015879 00084821746
00000000019 00000015879 00000015879 00084821746
00000000019 00000015879 00000015879 00084821746
00000000019 00000015879 00000015879 00084821746
00000000019 00000015879 00000015879 00084821746
00000000018 00000016878 00000016878 00085821204
00000000018 00000016878 00000016878 00085821204
00000000018 00000016878 00000016878 00085821204
00000000018 00000016878 00000016878 00085821204
00000000018 00000016878 00000016878 00085821204
00000000033 00000017893 00000017893 00086836114
00000000033 00000017893 00000017893 00086836114
00000000033 00000017893 00000017893 00086836114
00000000033 00000017893 00000017893 00086836114
00000000033 00000017893 00000017893 00086836114
00000000028 00000018889 00000018889 00087831605
00000000028 00000018889 00000018889 00087831605
00000000028 00000018889 00000018889 00087831605
00000000028 00000018889 00000018889 00087831605
00000000028 00000018889 00000018889 00087831605
00000000034 00000019895 00000019895 00088837552
00000000034 00000019895 00000019895 00088837552
00000000034 00000019895 00000019895 00088837552
00000000034 00000019895 00000019895 00088837552
00000000034 00000019895 00000019895 00088837552
00000000020 00000020881 00000020881 00089824272
00000000020 00000020881 00000020881 00089824272
00000000020 00000020881 00000020881 00089824272
00000000020 00000020881 00000020881 00089824272
00000000020 00000020881 00000020881 00089824272
00000000013 00000021875 00000021875 00090818036
00000000013 00000021875 00000021875 00090818036
00000000013 00000021875 00000021875 00090818036
00000000013 00000021875 00000021875 00090818036
00000000013 00000021875 00000021875 00090818036
00000000026 00000022888 00000022888 00091830626
00000000026 00000022888 00000022888 00091830626
00000000026 00000022888 00000022888 00091830626
00000000026 00000022888 00000022888 00091830626
00000000026 00000022888 00000022888 00091830626
00000000025 00000023887 00000023887 00092830194
00000000025 00000023887 00000023887 00092830194
00000000025 00000023887 00000023887 00092830194
00000000025 00000023887 00000023887 00092830194
00000000025 00000023887 00000023887 00092830194
00000000020 00000024882 00000024882 00093824823
00000000020 00000024882 00000024882 00093824823
00000000020 00000024882 00000024882 00093824823
00000000020 00000024882 00000024882 00093824823
00000000020 00000024882 00000024882 00093824823
00000000028 00000025890 00000025890 00094833333
00000000028 00000025890 00000025890 00094833333
00000000028 00000025890 00000025890 00094833333
00000000028 00000025890 00000025890 00094833333
00000000028 00000025890 00000025890 00094833333
00000000036 00000026899 00000026899 00095841466
00000000036 00000026899 00000026899 00095841466
00000000036 00000026899 00000026899 00095841466
00000000036 00000026899 00000026899 00095841466
00000000036 00000026899 00000026899 00095841466
00000000153 00000028016 00000028016 00096958789
00000000153 00000028016 00000028016 00096958789
00000000153 00000028016 00000028016 00096958789
00000000153 00000028016 00000028016 00096958789
00000000153 00000028016 00000028016 00096958789
00000000032 00000028895 00000008885 00097837905
00000000032 00000028895 00000008885 00097837905
00000000032 00000028895 00000008885 00097837905
00000000032 00000028895 00000008885 00097837905
00000000032 00000028895 00000008885 00097837905
00000000028 00000029891 00000009881 00098834009
00000000028 00000029891 00000009881 00098834009
00000000028 00000029891 00000009881 00098834009
00000000028 00000029891 00000009881 00098834009
00000000028 00000029891 00000009881 00098834009
00000000037 00000030900 00000010890 00099842623
00000000037 00000030900 00000010890 00099842623
00000000037 00000030900 00000010890 00099842623
00000000037 00000030900 00000010890 00099842623
00000000037 00000030900 00000010890 00099842623
00000000034 00000031897 00000011887 00100839846
00000000034 00000031897 00000011887 00100839846
00000000034 00000031897 00000011887 00100839846
00000000034 00000031897 00000011887 00100839846
00000000034 00000031897 00000011887 00100839846
00000000017 00000032881 00000012871 00101823736
00000000017 00000032881 00000012871 00101823736
00000000017 00000032881 00000012871 00101823736
00000000017 00000032881 00000012871 00101823736
00000000017 00000032881 00000012871 00101823736
00000000025 00000033889 00000013879 00102831669
00000000025 00000033889 00000013879 00102831669
00000000025 00000033889 00000013879 00102831669
00000000025 00000033889 00000013879 00102831669
00000000025 00000033889 00000013879 00102831669
00000000023 00000034887 00000014877 00103830293
00000000023 00000034887 00000014877 00103830293
00000000023 00000034887 00000014877 00103830293
00000000023 00000034887 00000014877 00103830293
00000000023 00000034887 00000014877 00103830293
00000000028 00000035892 00000015882 00104835265
00000000028 00000035892 00000015882 00104835265
00000000028 00000035892 00000015882 00104835265
00000000028 00000035892 00000015882 00104835265
00000000028 00000035892 00000015882 00104835265
00000000079 00000036943 00000016933 00105885427
00000000079 00000036943 00000016933 00105885427
00000000079 00000036943 00000016933 00105885427
00000000079 00000036943 00000016933 00105885427
00000000079 00000036943 00000016933 00105885427
00000000019 00000037884 00000017874 00106827292
00000000019 00000037884 00000017874 00106827292
00000000019 00000037884 00000017874 00106827292
00000000019 00000037884 00000017874 00106827292
00000000019 00000037884 00000017874 00106827292
00000000023 00000038888 00000018878 00107830904
00000000023 00000038888 00000018878 00107830904
00000000023 00000038888 00000018878 00107830904
00000000023 00000038888 00000018878 00107830904
00000000023 00000038888 00000018878 00107830904
00000000026 00000039891 00000019881 00108833476
00000000026 00000039891 00000019881 00108833476
00000000026 00000039891 00000019881 00108833476
00000000026 00000039891 00000019881 00108833476
00000000026 00000039891 00000019881 00108833476
00000000035 00000040900 00000020890 00109842851
00000000035 00000040900 00000020890 00109842851
00000000035 00000040900 00000020890 00109842851
00000000035 00000040900 00000020890 00109842851
00000000035 00000040900 00000020890 00109842851
00000000015 00000041880 00000021870 00110822784
00000000015 00000041880 00000021870 00110822784
00000000015 00000041880 00000021870 00110822784
00000000015 00000041880 00000021870 00110822784
00000000015 00000041880 00000021870 00110822784
00000000023 00000042889 00000022879 00111832062
00000000023 00000042889 00000022879 00111832062
00000000023 00000042889 00000022879 00111832062
00000000023 00000042889 00000022879 00111832062
00000000023 00000042889 00000022879 00111832062
00000000020 00000043886 00000023876 00112828666
00000000020 00000043886 00000023876 00112828666
00000000020 00000043886 00000023876 00112828666
00000000020 00000043886 00000023876 00112828666
00000000020 00000043886 00000023876 00112828666
00000000031 00000044897 00000024887 00113839852
00000000031 00000044897 00000024887 00113839852
00000000031 00000044897 00000024887 00113839852
00000000031 00000044897 00000024887 00113839852
00000000031 00000044897 00000024887 00113839852
00000000124 00000045990 00000025980 00114932525
00000000124 00000045990 00000025980 00114932525
00000000124 00000045990 00000025980 00114932525
00000000124 00000045990 00000025980 00114932525
00000000124 00000045990 00000025980 00114932525
00000000149 00000047015 00000027005 00115958083
00000000149 00000047015 00000027005 00115958083
00000000149 00000047015 00000027005 00115958083
00000000149 00000047015 00000027005 00115958083
00000000149 00000047015 00000027005 00115958083
00000000052 00000047919 00000007905 00116862392
00000000052 00000047919 00000007905 00116862392
00000000052 00000047919 00000007905 00116862392
00000000052 00000047919 00000007905 00116862392
00000000052 00000047919 00000007905 00116862392
00000000038 00000048905 00000008891 00117847619
00000000038 00000048905 00000008891 00117847619
00000000038 00000048905 00000008891 00117847619
00000000038 00000048905 00000008891 00117847619
00000000038 00000048905 00000008891 00117847619
00000000034 00000049901 00000009887 00118844144
00000000034 00000049901 00000009887 00118844144
00000000034 00000049901 00000009887 00118844144
00000000034 00000049901 00000009887 00118844144
00000000034 00000049901 00000009887 00118844144
00000000026 00000050893 00000010879 00119835725
00000000026 00000050893 00000010879 00119835725
00000000026 00000050893 00000010879 00119835725
00000000026 00000050893 00000010879 00119835725
00000000026 00000050893 00000010879 00119835725
00000000033 00000051900 00000011886 00120842506
00000000033 00000051900 00000011886 00120842506
00000000033 00000051900 00000011886 00120842506
00000000033 00000051900 00000011886 00120842506
00000000033 00000051900 00000011886 00120842506
00000000031 00000052898 00000012884 00121840854
00000000031 00000052898 00000012884 00121840854
00000000031 00000052898 00000012884 00121840854
00000000031 00000052898 00000012884 00121840854
00000000031 00000052898 00000012884 00121840854
00000000032 00000053900 00000013886 00122843015
00000000032 00000053900 00000013886 00122843015
00000000032 00000053900 00000013886 00122843015
00000000032 00000053900 00000013886 00122843015
00000000032 00000053900 00000013886 00122843015
00000000018 00000054886 00000014872 00123829074
00000000018 00000054886 00000014872 00123829074
00000000018 00000054886 00000014872 00123829074
00000000018 00000054886 00000014872 00123829074
00000000018 00000054886 00000014872 00123829074
00000000027 00000055895 00000015881 00124838209
00000000027 00000055895 00000015881 00124838209
00000000027 00000055895 00000015881 00124838209
00000000027 00000055895 00000015881 00124838209
00000000027 00000055895 00000015881 00124838209
00000000018 00000056886 00000016872 00125828740
00000000018 00000056886 00000016872 00125828740
00000000018 00000056886 00000016872 00125828740
00000000018 00000056886 00000016872 00125828740
00000000018 00000056886 00000016872 00125828740
00000000024 00000057892 00000017878 00126835089
00000000024 00000057892 00000017878 00126835089
00000000024 00000057892 00000017878 00126835089
00000000024 00000057892 00000017878 00126835089
00000000024 00000057892 00000017878 00126835089
00000000029 00000058898 00000018884 00127841080
00000000029 00000058898 00000018884 00127841080
00000000029 00000058898 00000018884 00127841080
00000000029 00000058898 00000018884 00127841080
00000000029 00000058898 00000018884 00127841080
00000000016 00000059885 00000019871 00128828065
00000000016 00000059885 00000019871 00128828065
00000000016 00000059885 00000019871 00128828065
00000000016 00000059885 00000019871 00128828065
00000000016 00000059885 00000019871 00128828065
00000000063 00000060932 00000020918 00129874702
00000000063 00000060932 00000020918 00129874702
00000000063 00000060932 00000020918 00129874702
00000000063 00000060932 00000020918 00129874702
00000000063 00000060932 00000020918 00129874702
00000000023 00000061892 00000021878 00130834533
00000000023 00000061892 00000021878 00130834533
00000000023 00000061892 00000021878 00130834533
00000000023 00000061892 00000021878 00130834533
00000000023 00000061892 00000021878 00130834533
00000000035 00000062904 00000022890 00131846773
00000000035 00000062904 00000022890 00131846773
00000000035 00000062904 00000022890 00131846773
00000000035 00000062904 00000022890 00131846773
00000000035 00000062904 00000022890 00131846773
00000000054 00000063924 00000023910 00132866671
00000000054 00000063924 00000023910 00132866671
00000000054 00000063924 00000023910 00132866671
00000000054 00000063924 00000023910 00132866671
00000000054 00000063924 00000023910 00132866671
00000000068 00000064938 00000024924 00133880432
00000000068 00000064938 00000024924 00133880432
00000000068 00000064938 00000024924 00133880432
00000000068 00000064938 00000024924 00133880432
00000000068 00000064938 00000024924 00133880432
00000000059 00000065929 00000025915 00134871523
00000000059 00000065929 00000025915 00134871523
00000000059 00000065929 00000025915 00134871523
00000000059 00000065929 00000025915 00134871523
00000000059 00000065929 00000025915 00134871523
00000000021 00000066891 00000026877 00135833778
00000000021 00000066891 00000026877 00135833778
00000000021 00000066891 00000026877 00135833778
00000000021 00000066891 00000026877 00135833778
00000000021 00000066891 00000026877 00135833778
00000000221 00000068091 00000028077 00137034328
00000000221 00000068091 00000028077 00137034328
00000000221 00000068091 00000028077 00137034328
00000000221 00000068091 00000028077 00137034328
00000000221 00000068091 00000028077 00137034328
00000000059 00000068930 00000008912 00137873294
00000000059 00000068930 00000008912 00137873294
00000000059 00000068930 00000008912 00137873294
00000000059 00000068930 00000008912 00137873294
00000000059 00000068930 00000008912 00137873294
00000000039 00000069910 00000006892 00138852933
00000000039 00000069910 00000006892 00138852933
00000000039 00000069910 00000006892 00138852933
00000000039 00000069910 00000006892 00138852933
00000000039 00000069910 00000006892 00138852933
00000000023 00000070894 00000007876 00139837394
00000000023 00000070894 00000007876 00139837394
00000000023 00000070894 00000007876 00139837394
00000000023 00000070894 00000007876 00139837394
00000000023 00000070894 00000007876 00139837394
00000000018 00000071889 00000008871 00140831871
00000000018 00000071889 00000008871 00140831871
00000000018 00000071889 00000008871 00140831871
00000000018 00000071889 00000008871 00140831871
00000000018 00000071889 00000008871 00140831871
00000000031 00000072902 00000009884 00141845308
00000000031 00000072902 00000009884 00141845308
00000000031 00000072902 00000009884 00141845308
00000000031 00000072902 00000009884 00141845308
00000000031 00000072902 00000009884 00141845308
00000000029 00000073901 00000010883 00142843560
00000000029 00000073901 00000010883 00142843560
00000000029 00000073901 00000010883 00142843560
00000000029 00000073901 00000010883 00142843560
00000000029 00000073901 00000010883 00142843560
00000000024 00000074896 00000011878 00143838821
00000000024 00000074896 00000011878 00143838821
00000000024 00000074896 00000011878 00143838821
00000000024 00000074896 00000011878 00143838821
00000000024 00000074896 00000011878 00143838821
00000000024 00000075896 00000012878 00144838672
00000000024 00000075896 00000012878 00144838672
00000000024 00000075896 00000012878 00144838672
00000000024 00000075896 00000012878 00144838672
00000000024 00000075896 00000012878 00144838672
00000000013 00000076885 00000013867 00145828350
00000000013 00000076885 00000013867 00145828350
00000000013 00000076885 00000013867 00145828350
00000000013 00000076885 00000013867 00145828350
00000000013 00000076885 00000013867 00145828350
00000000016 00000077888 00000014870 00146830507
00000000016 00000077888 00000014870 00146830507
00000000016 00000077888 00000014870 00146830507
00000000016 00000077888 00000014870 00146830507
00000000016 00000077888 00000014870 00146830507
00000000034 00000078906 00000015888 00147849185
00000000034 00000078906 00000015888 00147849185
00000000034 00000078906 00000015888 00147849185
00000000034 00000078906 00000015888 00147849185
00000000034 00000078906 00000015888 00147849185
00000000027 00000079900 00000016882 00148842862
00000000027 00000079900 00000016882 00148842862
00000000027 00000079900 00000016882 00148842862
00000000027 00000079900 00000016882 00148842862
00000000027 00000079900 00000016882 00148842862
00000000033 00000080906 00000017888 00149848832
00000000033 00000080906 00000017888 00149848832
00000000033 00000080906 00000017888 00149848832
00000000033 00000080906 00000017888 00149848832
00000000033 00000080906 00000017888 00149848832
00000000040 00000081913 00000018895 00150856175
00000000040 00000081913 00000018895 00150856175
00000000040 00000081913 00000018895 00150856175
00000000040 00000081913 00000018895 00150856175
00000000040 00000081913 00000018895 00150856175
00000000031 00000082904 00000019886 00151847060
00000000031 00000082904 00000019886 00151847060
00000000031 00000082904 00000019886 00151847060
00000000031 00000082904 00000019886 00151847060
00000000031 00000082904 00000019886 00151847060
00000000020 00000083893 00000020875 00152835651
00000000020 00000083893 00000020875 00152835651
00000000020 00000083893 00000020875 00152835651
00000000020 00000083893 00000020875 00152835651
00000000020 00000083893 00000020875 00152835651
00000000018 00000084892 00000021874 00153834640
00000000018 00000084892 00000021874 00153834640
00000000018 00000084892 00000021874 00153834640
00000000018 00000084892 00000021874 00153834640
00000000018 00000084892 00000021874 00153834640
00000000020 00000085894 00000022876 00154836702
00000000020 00000085894 00000022876 00154836702
00000000020 00000085894 00000022876 00154836702
00000000020 00000085894 00000022876 00154836702
00000000020 00000085894 00000022876 00154836702
00000000026 00000086900 00000023882 00155842593
00000000026 00000086900 00000023882 00155842593
00000000026 00000086900 00000023882 00155842593
00000000026 00000086900 00000023882 00155842593
00000000026 00000086900 00000023882 00155842593
00000000022 00000087896 00000024878 00156838458
00000000022 00000087896 00000024878 00156838458
00000000022 00000087896 00000024878 00156838458
00000000022 00000087896 00000024878 00156838458
00000000022 00000087896 00000024878 00156838458
00000000021 00000088895 00000025877 00157837537
00000000021 00000088895 00000025877 00157837537
00000000021 00000088895 00000025877 00157837537
00000000021 00000088895 00000025877 00157837537
00000000021 00000088895 00000025877 00157837537
00000000157 00000090032 00000027014 00158974886
00000000157 00000090032 00000027014 00158974886
00000000157 00000090032 00000027014 00158974886
00000000157 00000090032 00000027014 00158974886
00000000157 00000090032 00000027014 00158974886
00000000020 00000030877 00000007873 00159838298
00000000020 00000030877 00000007873 00159838298
00000000020 00000030877 00000007873 00159838298
00000000020 00000030877 00000007873 00159838298
00000000020 00000030877 00000007873 00159838298
00000000029 00000031886 00000008882 00160846907
00000000029 00000031886 00000008882 00160846907
00000000029 00000031886 00000008882 00160846907
00000000029 00000031886 00000008882 00160846907
00000000029 00000031886 00000008882 00160846907
00000000021 00000032878 00000009874 00161838868
00000000021 00000032878 00000009874 00161838868
00000000021 00000032878 00000009874 00161838868
00000000021 00000032878 00000009874 00161838868
00000000021 00000032878 00000009874 00161838868
00000000024 00000033881 00000010877 00162841754
00000000024 00000033881 00000010877 00162841754
00000000024 00000033881 00000010877 00162841754
00000000024 00000033881 00000010877 00162841754
00000000024 00000033881 00000010877 00162841754
00000000022 00000034880 00000011876 00163841372
00000000022 00000034880 00000011876 00163841372
00000000022 00000034880 00000011876 00163841372
00000000022 00000034880 00000011876 00163841372
00000000022 00000034880 00000011876 00163841372
00000000018 00000035876 00000012872 00164836583
00000000018 00000035876 00000012872 00164836583
00000000018 00000035876 00000012872 00164836583
00000000018 00000035876 00000012872 00164836583
00000000018 00000035876 00000012872 00164836583
00000000016 00000036874 00000013870 00165835333
00000000016 00000036874 00000013870 00165835333
00000000016 00000036874 00000013870 00165835333
00000000016 00000036874 00000013870 00165835333
00000000016 00000036874 00000013870 00165835333
00000000033 00000037891 00000014887 00166852310
00000000033 00000037891 00000014887 00166852310
00000000033 00000037891 00000014887 00166852310
00000000033 00000037891 00000014887 00166852310
00000000033 00000037891 00000014887 00166852310
00000000020 00000038878 00000015874 00167838965
00000000020 00000038878 00000015874 00167838965
00000000020 00000038878 00000015874 00167838965
00000000020 00000038878 00000015874 00167838965
00000000020 00000038878 00000015874 00167838965
00000000017 00000039881 00000016877 00168842326
00000000017 00000039881 00000016877 00168842326
00000000017 00000039881 00000016877 00168842326
00000000017 00000039881 00000016877 00168842326
00000000017 00000039881 00000016877 00168842326
00000000030 00000040894 00000017890 00169854992
00000000030 00000040894 00000017890 00169854992
00000000030 00000040894 00000017890 00169854992
00000000030 00000040894 00000017890 00169854992
00000000030 00000040894 00000017890 00169854992
00000000024 00000041888 00000018884 00170848699
00000000024 00000041888 00000018884 00170848699
00000000024 00000041888 00000018884 00170848699
00000000024 00000041888 00000018884 00170848699
00000000024 00000041888 00000018884 00170848699
00000000025 00000042889 00000019885 00171849489
00000000025 00000042889 00000019885 00171849489
00000000025 00000042889 00000019885 00171849489
00000000025 00000042889 00000019885 00171849489
00000000025 00000042889 00000019885 00171849489
00000000018 00000043883 00000020879 00172843988
00000000018 00000043883 00000020879 00172843988
00000000018 00000043883 00000020879 00172843988
00000000018 00000043883 00000020879 00172843988
00000000018 00000043883 00000020879 00172843988
00000000018 00000044883 00000021879 00173843614
00000000018 00000044883 00000021879 00173843614
00000000018 00000044883 00000021879 00173843614
00000000018 00000044883 00000021879 00173843614
00000000018 00000044883 00000021879 00173843614
00000000022 00000045887 00000022883 00174847575
00000000022 00000045887 00000022883 00174847575
00000000022 00000045887 00000022883 00174847575
00000000022 00000045887 00000022883 00174847575
00000000022 00000045887 00000022883 00174847575
00000000057 00000046922 00000023918 00175882480
00000000057 00000046922 00000023918 00175882480
00000000057 00000046922 00000023918 00175882480
00000000057 00000046922 00000023918 00175882480
00000000057 00000046922 00000023918 00175882480
00000000028 00000047893 00000024889 00176854176
00000000028 00000047893 00000024889 00176854176
00000000028 00000047893 00000024889 00176854176
00000000028 00000047893 00000024889 00176854176
00000000028 00000047893 00000024889 00176854176
00000000037 00000048903 00000025899 00177863623
00000000037 00000048903 00000025899 00177863623
00000000037 00000048903 00000025899 00177863623
00000000037 00000048903 00000025899 00177863623
00000000037 00000048903 00000025899 00177863623
00000000071 00000049937 00000026933 00178898321
00000000071 00000049937 00000026933 00178898321
00000000071 00000049937 00000026933 00178898321
00000000071 00000049937 00000026933 00178898321
00000000071 00000049937 00000026933 00178898321
00000000190 00000051056 00000028052 00180016687
00000000190 00000051056 00000028052 00180016687
00000000190 00000051056 00000028052 00180016687
00000000190 00000051056 00000028052 00180016687
00000000190 00000051056 00000028052 00180016687
00000000033 00000051899 00000008892 00180860160
00000000033 00000051899 00000008892 00180860160
00000000033 00000051899 00000008892 00180860160
00000000033 00000051899 00000008892 00180860160
00000000033 00000051899 00000008892 00180860160
00000000033 00000052899 00000009892 00181859844
00000000033 00000052899 00000009892 00181859844
00000000033 00000052899 00000009892 00181859844
00000000033 00000052899 00000009892 00181859844
00000000033 00000052899 00000009892 00181859844
00000000032 00000053899 00000010892 00182859884
00000000032 00000053899 00000010892 00182859884
00000000032 00000053899 00000010892 00182859884
00000000032 00000053899 00000010892 00182859884
00000000032 00000053899 00000010892 00182859884
00000000043 00000054910 00000011903 00183871108
00000000043 00000054910 00000011903 00183871108
00000000043 00000054910 00000011903 00183871108
00000000043 00000054910 00000011903 00183871108
00000000043 00000054910 00000011903 00183871108
00000000038 00000055905 00000012898 00184866254
00000000038 00000055905 00000012898 00184866254
00000000038 00000055905 00000012898 00184866254
00000000038 00000055905 00000012898 00184866254
00000000038 00000055905 00000012898 00184866254
00000000041 00000056908 00000013901 00185868707
00000000041 00000056908 00000013901 00185868707
00000000041 00000056908 00000013901 00185868707
00000000041 00000056908 00000013901 00185868707
00000000041 00000056908 00000013901 00185868707
00000000028 00000057895 00000014888 00186855925
00000000028 00000057895 00000014888 00186855925
00000000028 00000057895 00000014888 00186855925
00000000028 00000057895 00000014888 00186855925
00000000028 00000057895 00000014888 00186855925
00000000017 00000058884 00000015877 00187845034
00000000017 00000058884 00000015877 00187845034
00000000017 00000058884 00000015877 00187845034
00000000017 00000058884 00000015877 00187845034
00000000017 00000058884 00000015877 00187845034
00000000016 00000059884 00000016877 00188844942
00000000016 00000059884 00000016877 00188844942
00000000016 00000059884 00000016877 00188844942
00000000016 00000059884 00000016877 00188844942
00000000016 00000059884 00000016877 00188844942
00000000028 00000060896 00000017889 00189857292
00000000028 00000060896 00000017889 00189857292
00000000028 00000060896 00000017889 00189857292
00000000028 00000060896 00000017889 00189857292
00000000028 00000060896 00000017889 00189857292
00000000021 00000061889 00000018882 00190850355
00000000021 00000061889 00000018882 00190850355
00000000021 00000061889 00000018882 00190850355
00000000021 00000061889 00000018882 00190850355
00000000021 00000061889 00000018882 00190850355
00000000030 00000062898 00000019891 00191859123
00000000030 00000062898 00000019891 00191859123
00000000030 00000062898 00000019891 00191859123
00000000030 00000062898 00000019891 00191859123
00000000030 00000062898 00000019891 00191859123
00000000063 00000063931 00000020924 00192892045
00000000063 00000063931 00000020924 00192892045
00000000063 00000063931 00000020924 00192892045
00000000063 00000063931 00000020924 00192892045
00000000063 00000063931 00000020924 00192892045
00000000026 00000064895 00000021888 00193855841
00000000026 00000064895 00000021888 00193855841
00000000026 00000064895 00000021888 00193855841
00000000026 00000064895 00000021888 00193855841
00000000026 00000064895 00000021888 00193855841
00000000031 00000065900 00000022893 00194860776
00000000031 00000065900 00000022893 00194860776
00000000031 00000065900 00000022893 00194860776
00000000031 00000065900 00000022893 00194860776
00000000031 00000065900 00000022893 00194860776
00000000049 00000066918 00000023911 00195878578
00000000049 00000066918 00000023911 00195878578
00000000049 00000066918 00000023911 00195878578
00000000049 00000066918 00000023911 00195878578
00000000049 00000066918 00000023911 00195878578
00000000034 00000067903 00000024896 00196863740
00000000034 00000067903 00000024896 00196863740
00000000034 00000067903 00000024896 00196863740
00000000034 00000067903 00000024896 00196863740
00000000034 00000067903 00000024896 00196863740
00000000219 00000069088 00000026081 00198049011
00000000219 00000069088 00000026081 00198049011
00000000219 00000069088 00000026081 00198049011
00000000219 00000069088 00000026081 00198049011
00000000219 00000069088 00000026081 00198049011
00000000032 00000069902 00000026895 00198862765
00000000032 00000069902 00000026895 00198862765
00000000032 00000069902 00000026895 00198862765
00000000032 00000069902 00000026895 00198862765
00000000032 00000069902 00000026895 00198862765
00000000127 00000070997 00000027990 00199958229
00000000127 00000070997 00000027990 00199958229
00000000127 00000070997 00000027990 00199958229
00000000127 00000070997 00000027990 00199958229
00000000127 00000070997 00000027990 00199958229
00000000027 00000071897 00000008886 00200858010
00000000027 00000071897 00000008886 00200858010
00000000027 00000071897 00000008886 00200858010
00000000027 00000071897 00000008886 00200858010
00000000027 00000071897 00000008886 00200858010
00000000031 00000072901 00000009890 00201862297
00000000031 00000072901 00000009890 00201862297
00000000031 00000072901 00000009890 00201862297
00000000031 00000072901 00000009890 00201862297
00000000031 00000072901 00000009890 00201862297
00000000034 00000073904 00000010893 00202864536
00000000034 00000073904 00000010893 00202864536
00000000034 00000073904 00000010893 00202864536
00000000034 00000073904 00000010893 00202864536
00000000034 00000073904 00000010893 00202864536
00000000034 00000074904 00000011893 00203864886
00000000034 00000074904 00000011893 00203864886
00000000034 00000074904 00000011893 00203864886
00000000034 00000074904 00000011893 00203864886
00000000034 00000074904 00000011893 00203864886
00000000031 00000075902 00000012891 00204862699
00000000031 00000075902 00000012891 00204862699
00000000031 00000075902 00000012891 00204862699
00000000031 00000075902 00000012891 00204862699
00000000031 00000075902 00000012891 00204862699
00000000036 00000076907 00000013896 00205867754
00000000036 00000076907 00000013896 00205867754
00000000036 00000076907 00000013896 00205867754
00000000036 00000076907 00000013896 00205867754
00000000036 00000076907 00000013896 00205867754
00000000019 00000077890 00000014879 00206850671
00000000019 00000077890 00000014879 00206850671
00000000019 00000077890 00000014879 00206850671
00000000019 00000077890 00000014879 00206850671
00000000019 00000077890 00000014879 00206850671
00000000021 00000078892 00000015881 00207853075
00000000021 00000078892 00000015881 00207853075
00000000021 00000078892 00000015881 00207853075
00000000021 00000078892 00000015881 00207853075
00000000021 00000078892 00000015881 00207853075
00000000036 00000079907 00000016896 00208867489
00000000036 00000079907 00000016896 00208867489
00000000036 00000079907 00000016896 00208867489
00000000036 00000079907 00000016896 00208867489
00000000036 00000079907 00000016896 00208867489
00000000027 00000080899 00000017888 00209859951
00000000027 00000080899 00000017888 00209859951
00000000027 00000080899 00000017888 00209859951
00000000027 00000080899 00000017888 00209859951
00000000027 00000080899 00000017888 00209859951
00000000019 00000081891 00000018880 00210852112
00000000019 00000081891 00000018880 00210852112
00000000019 00000081891 00000018880 00210852112
00000000019 00000081891 00000018880 00210852112
00000000019 00000081891 00000018880 00210852112
00000000025 00000082897 00000019886 00211858297
00000000025 00000082897 00000019886 00211858297
00000000025 00000082897 00000019886 00211858297
00000000025 00000082897 00000019886 00211858297
00000000025 00000082897 00000019886 00211858297
00000000022 00000083894 00000020883 00212854688
00000000022 00000083894 00000020883 00212854688
00000000022 00000083894 00000020883 00212854688
00000000022 00000083894 00000020883 00212854688
00000000022 00000083894 00000020883 00212854688
00000000023 00000084895 00000021884 00213855768
00000000023 00000084895 00000021884 00213855768
00000000023 00000084895 00000021884 00213855768
00000000023 00000084895 00000021884 00213855768
00000000023 00000084895 00000021884 00213855768
00000000024 00000085897 00000022886 00214857555
00000000024 00000085897 00000022886 00214857555
00000000024 00000085897 00000022886 00214857555
00000000024 00000085897 00000022886 00214857555
00000000024 00000085897 00000022886 00214857555
00000000059 00000086932 00000023921 00215892825
00000000059 00000086932 00000023921 00215892825
00000000059 00000086932 00000023921 00215892825
00000000059 00000086932 00000023921 00215892825
00000000059 00000086932 00000023921 00215892825
00000000031 00000087904 00000024893 00216865337
00000000031 00000087904 00000024893 00216865337
00000000031 00000087904 00000024893 00216865337
00000000031 00000087904 00000024893 00216865337
00000000031 00000087904 00000024893 00216865337
00000000025 00000088898 00000025887 00217858802
00000000025 00000088898 00000025887 00217858802
00000000025 00000088898 00000025887 00217858802
00000000025 00000088898 00000025887 00217858802
00000000025 00000088898 00000025887 00217858802
00000000140 00000090013 00000027002 00218974179
00000000140 00000090013 00000027002 00218974179
00000000140 00000090013 00000027002 00218974179
00000000140 00000090013 00000027002 00218974179
00000000140 00000090013 00000027002 00218974179
00000000018 00000030881 00000007872 00219852647
00000000018 00000030881 00000007872 00219852647
00000000018 00000030881 00000007872 00219852647
00000000018 00000030881 00000007872 00219852647
00000000018 00000030881 00000007872 00219852647
00000000025 00000031888 00000008879 00220859896
00000000025 00000031888 00000008879 00220859896
00000000025 00000031888 00000008879 00220859896
00000000025 00000031888 00000008879 00220859896
00000000025 00000031888 00000008879 00220859896
00000000034 00000032897 00000009888 00221868838
00000000034 00000032897 00000009888 00221868838
00000000034 00000032897 00000009888 00221868838
00000000034 00000032897 00000009888 00221868838
00000000034 00000032897 00000009888 00221868838
00000000016 00000033879 00000010870 00222850694
00000000016 00000033879 00000010870 00222850694
00000000016 00000033879 00000010870 00222850694
00000000016 00000033879 00000010870 00222850694
00000000016 00000033879 00000010870 00222850694
00000000036 00000034899 00000011890 00223870501
00000000036 00000034899 00000011890 00223870501
00000000036 00000034899 00000011890 00223870501
00000000036 00000034899 00000011890 00223870501
00000000036 00000034899 00000011890 00223870501
00000000038 00000035901 00000012892 00224872712
00000000038 00000035901 00000012892 00224872712
00000000038 00000035901 00000012892 00224872712
00000000038 00000035901 00000012892 00224872712
00000000038 00000035901 00000012892 00224872712
00000000026 00000036890 00000013881 00225861745
00000000026 00000036890 00000013881 00225861745
00000000026 00000036890 00000013881 00225861745
00000000026 00000036890 00000013881 00225861745
00000000026 00000036890 00000013881 00225861745
00000000035 00000037899 00000014890 00226871151
00000000035 00000037899 00000014890 00226871151
00000000035 00000037899 00000014890 00226871151
00000000035 00000037899 00000014890 00226871151
00000000035 00000037899 00000014890 00226871151
00000000029 00000038893 00000015884 00227865191
00000000029 00000038893 00000015884 00227865191
00000000029 00000038893 00000015884 00227865191
00000000029 00000038893 00000015884 00227865191
00000000029 00000038893 00000015884 00227865191
00000000041 00000039905 00000016896 00228877243
00000000041 00000039905 00000016896 00228877243
00000000041 00000039905 00000016896 00228877243
00000000041 00000039905 00000016896 00228877243
00000000041 00000039905 00000016896 00228877243
00000000014 00000040878 00000017869 00229849633
00000000014 00000040878 00000017869 00229849633
00000000014 00000040878 00000017869 00229849633
00000000014 00000040878 00000017869 00229849633
00000000014 00000040878 00000017869 00229849633
00000000020 00000041885 00000018876 00230857259
00000000020 00000041885 00000018876 00230857259
00000000020 00000041885 00000018876 00230857259
00000000020 00000041885 00000018876 00230857259
00000000020 00000041885 00000018876 00230857259
00000000039 00000042904 00000019895 00231876105
00000000039 00000042904 00000019895 00231876105
00000000039 00000042904 00000019895 00231876105
00000000039 00000042904 00000019895 00231876105
00000000039 00000042904 00000019895 00231876105
00000000017 00000043882 00000020873 00232854283
00000000017 00000043882 00000020873 00232854283
00000000017 00000043882 00000020873 00232854283
00000000017 00000043882 00000020873 00232854283
00000000017 00000043882 00000020873 00232854283
00000000022 00000044887 00000021878 00233859175
00000000022 00000044887 00000021878 00233859175
00000000022 00000044887 00000021878 00233859175
00000000022 00000044887 00000021878 00233859175
00000000022 00000044887 00000021878 00233859175
00000000037 00000045902 00000022893 00234873846
00000000037 00000045902 00000022893 00234873846
00000000037 00000045902 00000022893 00234873846
00000000037 00000045902 00000022893 00234873846
00000000037 00000045902 00000022893 00234873846
00000000060 00000046925 00000023916 00235896857
00000000060 00000046925 00000023916 00235896857
00000000060 00000046925 00000023916 00235896857
00000000060 00000046925 00000023916 00235896857
00000000060 00000046925 00000023916 00235896857
00000000022 00000047888 00000024879 00236859893
00000000022 00000047888 00000024879 00236859893
00000000022 00000047888 00000024879 00236859893
00000000022 00000047888 00000024879 00236859893
00000000022 00000047888 00000024879 00236859893
00000000094 00000048960 00000025951 00237931822
00000000094 00000048960 00000025951 00237931822
00000000094 00000048960 00000025951 00237931822
00000000094 00000048960 00000025951 00237931822
00000000094 00000048960 00000025951 00237931822
00000000146 00000050012 00000027003 00238983974
00000000146 00000050012 00000027003 00238983974
00000000146 00000050012 00000027003 00238983974
00000000146 00000050012 00000027003 00238983974
00000000146 00000050012 00000027003 00238983974
00000000033 00000050899 00000007886 00239871331
00000000033 00000050899 00000007886 00239871331
00000000033 00000050899 00000007886 00239871331
00000000033 00000050899 00000007886 00239871331
00000000033 00000050899 00000007886 00239871331
00000000016 00000051882 00000008869 00240853461
00000000016 00000051882 00000008869 00240853461
00000000016 00000051882 00000008869 00240853461
00000000016 00000051882 00000008869 00240853461
00000000016 00000051882 00000008869 00240853461
00000000014 00000052881 00000009868 00241852449
00000000014 00000052881 00000009868 00241852449
00000000014 00000052881 00000009868 00241852449
00000000014 00000052881 00000009868 00241852449
00000000014 00000052881 00000009868 00241852449
00000000023 00000053890 00000010877 00242861643
00000000023 00000053890 00000010877 00242861643
00000000023 00000053890 00000010877 00242861643
00000000023 00000053890 00000010877 00242861643
00000000023 00000053890 00000010877 00242861643
00000000022 00000054889 00000011876 00243861173
00000000022 00000054889 00000011876 00243861173
00000000022 00000054889 00000011876 00243861173
00000000022 00000054889 00000011876 00243861173
00000000022 00000054889 00000011876 00243861173
00000000055 00000055922 00000012909 00244893831
00000000055 00000055922 00000012909 00244893831
00000000055 00000055922 00000012909 00244893831
00000000055 00000055922 00000012909 00244893831
00000000055 00000055922 00000012909 00244893831
00000000023 00000056890 00000013877 00245862186
00000000023 00000056890 00000013877 00245862186
00000000023 00000056890 00000013877 00245862186
00000000023 00000056890 00000013877 00245862186
00000000023 00000056890 00000013877 00245862186
00000000033 00000057901 00000014888 00246872912
00000000033 00000057901 00000014888 00246872912
00000000033 00000057901 00000014888 00246872912
00000000033 00000057901 00000014888 00246872912
00000000033 00000057901 00000014888 00246872912
00000000023 00000058897 00000015884 00247869006
00000000023 00000058897 00000015884 00247869006
00000000023 00000058897 00000015884 00247869006
00000000023 00000058897 00000015884 00247869006
00000000023 00000058897 00000015884 00247869006
00000000058 00000059932 00000016919 00248903725
00000000058 00000059932 00000016919 00248903725
00000000058 00000059932 00000016919 00248903725
00000000058 00000059932 00000016919 00248903725
00000000058 00000059932 00000016919 00248903725
00000000026 00000060900 00000017887 00249871406
00000000026 00000060900 00000017887 00249871406
00000000026 00000060900 00000017887 00249871406
00000000026 00000060900 00000017887 00249871406
00000000026 00000060900 00000017887 00249871406
00000000030 00000061904 00000018891 00250876019
00000000030 00000061904 00000018891 00250876019
00000000030 00000061904 00000018891 00250876019
00000000030 00000061904 00000018891 00250876019
00000000030 00000061904 00000018891 00250876019
00000000026 00000062901 00000019888 00251873254
00000000026 00000062901 00000019888 00251873254
00000000026 00000062901 00000019888 00251873254
00000000026 00000062901 00000019888 00251873254
00000000026 00000062901 00000019888 00251873254
00000000030 00000063905 00000020892 00252876808
00000000030 00000063905 00000020892 00252876808
00000000030 00000063905 00000020892 00252876808
00000000030 00000063905 00000020892 00252876808
00000000030 00000063905 00000020892 00252876808
00000000440 00000065315 00000022302 00254286583
00000000440 00000065315 00000022302 00254286583
00000000440 00000065315 00000022302 00254286583
00000000440 00000065315 00000022302 00254286583
00000000440 00000065315 00000022302 00254286583
00000000022 00000066308 00000023295 00255279877
00000000022 00000066308 00000023295 00255279877
00000000022 00000066308 00000023295 00255279877
00000000022 00000066308 00000023295 00255279877
00000000022 00000066308 00000023295 00255279877
00000000029 00000067315 00000024302 00256287005
00000000029 00000067315 00000024302 00256287005
00000000029 00000067315 00000024302 00256287005
00000000029 00000067315 00000024302 00256287005
00000000029 00000067315 00000024302 00256287005
00000000043 00000068330 00000025317 00257301703
00000000043 00000068330 00000025317 00257301703
00000000043 00000068330 00000025317 00257301703
00000000043 00000068330 00000025317 00257301703
00000000043 00000068330 00000025317 00257301703
00000000024 00000069311 00000026298 00258283268
00000000024 00000069311 00000026298 00258283268
00000000024 00000069311 00000026298 00258283268
00000000024 00000069311 00000026298 00258283268
00000000024 00000069311 00000026298 00258283268
00000000021 00000070308 00000027295 00259280017
00000000021 00000070308 00000027295 00259280017
00000000021 00000070308 00000027295 00259280017
00000000021 00000070308 00000027295 00259280017
00000000021 00000070308 00000027295 00259280017
00000000025 00000071312 00000028299 00260283956
00000000025 00000071312 00000028299 00260283956
00000000025 00000071312 00000028299 00260283956
00000000025 00000071312 00000028299 00260283956
00000000025 00000071312 00000028299 00260283956
00000000023 00000072310 00000029297 00261281654
00000000023 00000072310 00000029297 00261281654
00000000023 00000072310 00000029297 00261281654
00000000023 00000072310 00000029297 00261281654
00000000023 00000072310 00000029297 00261281654
00000000023 00000073311 00000030298 00262282668
00000000023 00000073311 00000030298 00262282668
00000000023 00000073311 00000030298 00262282668
00000000023 00000073311 00000030298 00262282668
00000000023 00000073311 00000030298 00262282668
00000000024 00000074312 00000031299 00263283778
00000000024 00000074312 00000031299 00263283778
00000000024 00000074312 00000031299 00263283778
00000000024 00000074312 00000031299 00263283778
00000000024 00000074312 00000031299 00263283778
00000000017 00000075305 00000032292 00264277177
00000000017 00000075305 00000032292 00264277177
00000000017 00000075305 00000032292 00264277177
00000000017 00000075305 00000032292 00264277177
00000000017 00000075305 00000032292 00264277177
00000000021 00000076309 00000033296 00265280538
00000000021 00000076309 00000033296 00265280538
00000000021 00000076309 00000033296 00265280538
00000000021 00000076309 00000033296 00265280538
00000000021 00000076309 00000033296 00265280538
00000000025 00000077313 00000034300 00266285388
00000000025 00000077313 00000034300 00266285388
00000000025 00000077313 00000034300 00266285388
00000000025 00000077313 00000034300 00266285388
00000000025 00000077313 00000034300 00266285388
00000000102 00000078391 00000035378 00267362714
00000000102 00000078391 00000035378 00267362714
00000000102 00000078391 00000035378 00267362714
00000000102 00000078391 00000035378 00267362714
00000000102 00000078391 00000035378 00267362714
00000000276 00000079565 00000036552 00268537383
00000000276 00000079565 00000036552 00268537383
00000000276 00000079565 00000036552 00268537383
00000000276 00000079565 00000036552 00268537383
00000000276 00000079565 00000036552 00268537383
00000000110 00000080399 00000037386 00269371077
00000000110 00000080399 00000037386 00269371077
00000000110 00000080399 00000037386 00269371077
00000000110 00000080399 00000037386 00269371077
00000000110 00000080399 00000037386 00269371077
00000000021 00000081310 00000018294 00270281476
00000000021 00000081310 00000018294 00270281476
00000000021 00000081310 00000018294 00270281476
00000000021 00000081310 00000018294 00270281476
00000000021 00000081310 00000018294 00270281476
00000000034 00000082323 00000019307 00271294489
00000000034 00000082323 00000019307 00271294489
00000000034 00000082323 00000019307 00271294489
00000000034 00000082323 00000019307 00271294489
00000000034 00000082323 00000019307 00271294489
00000000023 00000083313 00000013296 00272284634
00000000023 00000083313 00000013296 00272284634
00000000023 00000083313 00000013296 00272284634
00000000023 00000083313 00000013296 00272284634
00000000023 00000083313 00000013296 00272284634
00000000021 00000084311 00000014294 00273282684
00000000021 00000084311 00000014294 00273282684
00000000021 00000084311 00000014294 00273282684
00000000021 00000084311 00000014294 00273282684
00000000021 00000084311 00000014294 00273282684
00000000021 00000085311 00000015294 00274283075
00000000021 00000085311 00000015294 00274283075
00000000021 00000085311 00000015294 00274283075
00000000021 00000085311 00000015294 00274283075
00000000021 00000085311 00000015294 00274283075
00000000023 00000086313 00000016296 00275285278
00000000023 00000086313 00000016296 00275285278
00000000023 00000086313 00000016296 00275285278
00000000023 00000086313 00000016296 00275285278
00000000023 00000086313 00000016296 00275285278
00000000020 00000087310 00000017293 00276282365
00000000020 00000087310 00000017293 00276282365
00000000020 00000087310 00000017293 00276282365
00000000020 00000087310 00000017293 00276282365
00000000020 00000087310 00000017293 00276282365
00000000016 00000088306 00000018289 00277277526
00000000016 00000088306 00000018289 00277277526
00000000016 00000088306 00000018289 00277277526
00000000016 00000088306 00000018289 00277277526
00000000016 00000088306 00000018289 00277277526
00000000026 00000089317 00000019300 00278288662
00000000026 00000089317 00000019300 00278288662
00000000026 00000089317 00000019300 00278288662
00000000026 00000089317 00000019300 00278288662
00000000026 00000089317 00000019300 00278288662
00000000026 00000090317 00000020300 00279289273
00000000026 00000090317 00000020300 00279289273
00000000026 00000090317 00000020300 00279289273
00000000026 00000090317 00000020300 00279289273
00000000026 00000090317 00000020300 00279289273
00000000034 00000091325 00000021308 00280296489
00000000034 00000091325 00000021308 00280296489
00000000034 00000091325 00000021308 00280296489
00000000034 00000091325 00000021308 00280296489
00000000034 00000091325 00000021308 00280296489
00000000033 00000092324 00000022307 00281296251
00000000033 00000092324 00000022307 00281296251
00000000033 00000092324 00000022307 00281296251
00000000033 00000092324 00000022307 00281296251
00000000033 00000092324 00000022307 00281296251
00000000035 00000093326 00000023309 00282297634
00000000035 00000093326 00000023309 00282297634
00000000035 00000093326 00000023309 00282297634
00000000035 00000093326 00000023309 00282297634
00000000035 00000093326 00000023309 00282297634
00000000048 00000094340 00000024323 00283312091
00000000048 00000094340 00000024323 00283312091
00000000048 00000094340 00000024323 00283312091
00000000048 00000094340 00000024323 00283312091
00000000048 00000094340 00000024323 00283312091
00000000018 00000095310 00000025293 00284282390
00000000018 00000095310 00000025293 00284282390
00000000018 00000095310 00000025293 00284282390
00000000018 00000095310 00000025293 00284282390
00000000018 00000095310 00000025293 00284282390
00000000038 00000096330 00000026313 00285302338
00000000038 00000096330 00000026313 00285302338
00000000038 00000096330 00000026313 00285302338
00000000038 00000096330 00000026313 00285302338
00000000038 00000096330 00000026313 00285302338
00000000020 00000097312 00000027295 00286283989
00000000020 00000097312 00000027295 00286283989
00000000020 00000097312 00000027295 00286283989
00000000020 00000097312 00000027295 00286283989
00000000020 00000097312 00000027295 00286283989
00000000031 00000038307 00000008302 00287294648
00000000031 00000038307 00000008302 00287294648
00000000031 00000038307 00000008302 00287294648
00000000031 00000038307 00000008302 00287294648
00000000031 00000038307 00000008302 00287294648
00000000021 00000039298 00000009293 00288285413
00000000021 00000039298 00000009293 00288285413
00000000021 00000039298 00000009293 00288285413
00000000021 00000039298 00000009293 00288285413
00000000021 00000039298 00000009293 00288285413
00000000025 00000040302 00000010297 00289289722
00000000025 00000040302 00000010297 00289289722
00000000025 00000040302 00000010297 00289289722
00000000025 00000040302 00000010297 00289289722
00000000025 00000040302 00000010297 00289289722
00000000026 00000041303 00000011298 00290290595
00000000026 00000041303 00000011298 00290290595
00000000026 00000041303 00000011298 00290290595
00000000026 00000041303 00000011298 00290290595
00000000026 00000041303 00000011298 00290290595
00000000033 00000042310 00000012305 00291298369
00000000033 00000042310 00000012305 00291298369
00000000033 00000042310 00000012305 00291298369
00000000033 00000042310 00000012305 00291298369
00000000033 00000042310 00000012305 00291298369
00000000036 00000043313 00000013308 00292300779
00000000036 00000043313 00000013308 00292300779
00000000036 00000043313 00000013308 00292300779
00000000036 00000043313 00000013308 00292300779
00000000036 00000043313 00000013308 00292300779
00000000018 00000044296 00000014291 00293283813
00000000018 00000044296 00000014291 00293283813
00000000018 00000044296 00000014291 00293283813
00000000018 00000044296 00000014291 00293283813
00000000018 00000044296 00000014291 00293283813
00000000021 00000045299 00000015294 00294286544
00000000021 00000045299 00000015294 00294286544
00000000021 00000045299 00000015294 00294286544
00000000021 00000045299 00000015294 00294286544
00000000021 00000045299 00000015294 00294286544
00000000035 00000046313 00000016308 00295301218
00000000035 00000046313 00000016308 00295301218
00000000035 00000046313 00000016308 00295301218
00000000035 00000046313 00000016308 00295301218
00000000035 00000046313 00000016308 00295301218
00000000027 00000047305 00000017300 00296292925
00000000027 00000047305 00000017300 00296292925
00000000027 00000047305 00000017300 00296292925
00000000027 00000047305 00000017300 00296292925
00000000027 00000047305 00000017300 00296292925
00000000030 00000048308 00000018303 00297295984
00000000030 00000048308 00000018303 00297295984
00000000030 00000048308 00000018303 00297295984
00000000030 00000048308 00000018303 00297295984
00000000030 00000048308 00000018303 00297295984
00000000021 00000049305 00000019300 00298293125
00000000021 00000049305 00000019300 00298293125
00000000021 00000049305 00000019300 00298293125
00000000021 00000049305 00000019300 00298293125
00000000021 00000049305 00000019300 00298293125
00000000040 00000050324 00000020319 00299311449
00000000040 00000050324 00000020319 00299311449
00000000040 00000050324 00000020319 00299311449
00000000040 00000050324 00000020319 00299311449
00000000040 00000050324 00000020319 00299311449
00000000018 00000051302 00000021297 00300290197
00000000018 00000051302 00000021297 00300290197
00000000018 00000051302 00000021297 00300290197
00000000018 00000051302 00000021297 00300290197
00000000018 00000051302 00000021297 00300290197
00000000018 00000052302 00000022297 00301289859
00000000018 00000052302 00000022297 00301289859
00000000018 00000052302 00000022297 00301289859
00000000018 00000052302 00000022297 00301289859
00000000018 00000052302 00000022297 00301289859
00000000024 00000053308 00000023303 00302295699
00000000024 00000053308 00000023303 00302295699
00000000024 00000053308 00000023303 00302295699
00000000024 00000053308 00000023303 00302295699
00000000024 00000053308 00000023303 00302295699
00000000066 00000054351 00000024346 00303338956
00000000066 00000054351 00000024346 00303338956
00000000066 00000054351 00000024346 00303338956
00000000066 00000054351 00000024346 00303338956
00000000066 00000054351 00000024346 00303338956
00000000017 00000055302 00000025297 00304290300
00000000017 00000055302 00000025297 00304290300
00000000017 00000055302 00000025297 00304290300
00000000017 00000055302 00000025297 00304290300
00000000017 00000055302 00000025297 00304290300
00000000021 00000056306 00000026301 00305294082
00000000021 00000056306 00000026301 00305294082
00000000021 00000056306 00000026301 00305294082
00000000021 00000056306 00000026301 00305294082
00000000021 00000056306 00000026301 00305294082
00000000060 00000057345 00000027340 00306332750
00000000060 00000057345 00000027340 00306332750
00000000060 00000057345 00000027340 00306332750
00000000060 00000057345 00000027340 00306332750
00000000060 00000057345 00000027340 00306332750
00000000049 00000058334 00000008325 00307322046
00000000049 00000058334 00000008325 00307322046
00000000049 00000058334 00000008325 00307322046
00000000049 00000058334 00000008325 00307322046
00000000049 00000058334 00000008325 00307322046
00000000020 00000059306 00000009297 00308293977
00000000020 00000059306 00000009297 00308293977
00000000020 00000059306 00000009297 00308293977
00000000020 00000059306 00000009297 00308293977
00000000020 00000059306 00000009297 00308293977
00000000033 00000060319 00000010310 00309307323
00000000033 00000060319 00000010310 00309307323
00000000033 00000060319 00000010310 00309307323
00000000033 00000060319 00000010310 00309307323
00000000033 00000060319 00000010310 00309307323
00000000030 00000061316 00000011307 00310304272
00000000030 00000061316 00000011307 00310304272
00000000030 00000061316 00000011307 00310304272
00000000030 00000061316 00000011307 00310304272
00000000030 00000061316 00000011307 00310304272
00000000026 00000062312 00000012303 00311300244
00000000026 00000062312 00000012303 00311300244
00000000026 00000062312 00000012303 00311300244
00000000026 00000062312 00000012303 00311300244
00000000026 00000062312 00000012303 00311300244
00000000047 00000063333 00000013324 00312320401
00000000047 00000063333 00000013324 00312320401
00000000047 00000063333 00000013324 00312320401
00000000047 00000063333 00000013324 00312320401
00000000047 00000063333 00000013324 00312320401
00000000043 00000064330 00000014321 00313317957
00000000043 00000064330 00000014321 00313317957
00000000043 00000064330 00000014321 00313317957
00000000043 00000064330 00000014321 00313317957
00000000043 00000064330 00000014321 00313317957
00000000041 00000065328 00000015319 00314315609
00000000041 00000065328 00000015319 00314315609
00000000041 00000065328 00000015319 00314315609
00000000041 00000065328 00000015319 00314315609
00000000041 00000065328 00000015319 00314315609
00000000048 00000066335 00000016326 00315322413
00000000048 00000066335 00000016326 00315322413
00000000048 00000066335 00000016326 00315322413
00000000048 00000066335 00000016326 00315322413
00000000048 00000066335 00000016326 00315322413
00000000038 00000067325 00000017316 00316312939
00000000038 00000067325 00000017316 00316312939
00000000038 00000067325 00000017316 00316312939
00000000038 00000067325 00000017316 00316312939
00000000038 00000067325 00000017316 00316312939
00000000061 00000068348 00000018339 00317335747
00000000061 00000068348 00000018339 00317335747
00000000061 00000068348 00000018339 00317335747
00000000061 00000068348 00000018339 00317335747
00000000061 00000068348 00000018339 00317335747
00000000027 00000069314 00000006303 00318301912
00000000027 00000069314 00000006303 00318301912
00000000027 00000069314 00000006303 00318301912
00000000027 00000069314 00000006303 00318301912
00000000027 00000069314 00000006303 00318301912
00000000015 00000070303 00000007292 00319290844
00000000015 00000070303 00000007292 00319290844
00000000015 00000070303 00000007292 00319290844
00000000015 00000070303 00000007292 00319290844
00000000015 00000070303 00000007292 00319290844
00000000022 00000071310 00000008299 00320297781
00000000022 00000071310 00000008299 00320297781
00000000022 00000071310 00000008299 00320297781
00000000022 00000071310 00000008299 00320297781
00000000022 00000071310 00000008299 00320297781
00000000021 00000072309 00000009298 00321297364
00000000021 00000072309 00000009298 00321297364
00000000021 00000072309 00000009298 00321297364
00000000021 00000072309 00000009298 00321297364
00000000021 00000072309 00000009298 00321297364
00000000016 00000073304 00000010293 00322291983
00000000016 00000073304 00000010293 00322291983
00000000016 00000073304 00000010293 00322291983
00000000016 00000073304 00000010293 00322291983
00000000016 00000073304 00000010293 00322291983
00000000024 00000074312 00000011301 00323299788
00000000024 00000074312 00000011301 00323299788
00000000024 00000074312 00000011301 00323299788
00000000024 00000074312 00000011301 00323299788
00000000024 00000074312 00000011301 00323299788
00000000038 00000075327 00000012316 00324314829
00000000038 00000075327 00000012316 00324314829
00000000038 00000075327 00000012316 00324314829
00000000038 00000075327 00000012316 00324314829
00000000038 00000075327 00000012316 00324314829
00000000023 00000076312 00000013301 00325299464
00000000023 00000076312 00000013301 00325299464
00000000023 00000076312 00000013301 00325299464
00000000023 00000076312 00000013301 00325299464
00000000023 00000076312 00000013301 00325299464
00000000021 00000077310 00000014299 00326297429
00000000021 00000077310 00000014299 00326297429
00000000021 00000077310 00000014299 00326297429
00000000021 00000077310 00000014299 00326297429
00000000021 00000077310 00000014299 00326297429
00000000046 00000078335 00000015324 00327322736
00000000046 00000078335 00000015324 00327322736
00000000046 00000078335 00000015324 00327322736
00000000046 00000078335 00000015324 00327322736
00000000046 00000078335 00000015324 00327322736
00000000023 00000079312 00000016301 00328299446
00000000023 00000079312 00000016301 00328299446
00000000023 00000079312 00000016301 00328299446
00000000023 00000079312 00000016301 00328299446
00000000023 00000079312 00000016301 00328299446
00000000028 00000080318 00000017307 00329305464
00000000028 00000080318 00000017307 00329305464
00000000028 00000080318 00000017307 00329305464
00000000028 00000080318 00000017307 00329305464
00000000028 00000080318 00000017307 00329305464
00000000032 00000081322 00000018311 00330309673
00000000032 00000081322 00000018311 00330309673
00000000032 00000081322 00000018311 00330309673
00000000032 00000081322 00000018311 00330309673
00000000032 00000081322 00000018311 00330309673
00000000032 00000082322 00000019311 00331309566
00000000032 00000082322 00000019311 00331309566
00000000032 00000082322 00000019311 00331309566
00000000032 00000082322 00000019311 00331309566
00000000032 00000082322 00000019311 00331309566
00000000018 00000083308 00000020297 00332295848
00000000018 00000083308 00000020297 00332295848
00000000018 00000083308 00000020297 00332295848
00000000018 00000083308 00000020297 00332295848
00000000018 00000083308 00000020297 00332295848
00000000024 00000084314 00000021303 00333301934
00000000024 00000084314 00000021303 00333301934
00000000024 00000084314 00000021303 00333301934
00000000024 00000084314 00000021303 00333301934
00000000024 00000084314 00000021303 00333301934
00000000058 00000085348 00000022337 00334335473
00000000058 00000085348 00000022337 00334335473
00000000058 00000085348 00000022337 00334335473
00000000058 00000085348 00000022337 00334335473
00000000058 00000085348 00000022337 00334335473
00000000015 00000086306 00000023295 00335294276
00000000015 00000086306 00000023295 00335294276
00000000015 00000086306 00000023295 00335294276
00000000015 00000086306 00000023295 00335294276
00000000015 00000086306 00000023295 00335294276
00000000018 00000087309 00000024298 00336296577
00000000018 00000087309 00000024298 00336296577
00000000018 00000087309 00000024298 00336296577
00000000018 00000087309 00000024298 00336296577
00000000018 00000087309 00000024298 00336296577
00000000030 00000088321 00000025310 00337309277
00000000030 00000088321 00000025310 00337309277
00000000030 00000088321 00000025310 00337309277
00000000030 00000088321 00000025310 00337309277
00000000030 00000088321 00000025310 00337309277
00000000037 00000089328 00000026317 00338315886
00000000037 00000089328 00000026317 00338315886
00000000037 00000089328 00000026317 00338315886
00000000037 00000089328 00000026317 00338315886
00000000037 00000089328 00000026317 00338315886
00000000017 00000030297 00000007293 00339296138
00000000017 00000030297 00000007293 00339296138
00000000017 00000030297 00000007293 00339296138
00000000017 00000030297 00000007293 00339296138
00000000017 00000030297 00000007293 00339296138
00000000027 00000031308 00000008304 00340306407
00000000027 00000031308 00000008304 00340306407
00000000027 00000031308 00000008304 00340306407
00000000027 00000031308 00000008304 00340306407
00000000027 00000031308 00000008304 00340306407
00000000021 00000032302 00000009298 00341301294
00000000021 00000032302 00000009298 00341301294
00000000021 00000032302 00000009298 00341301294
00000000021 00000032302 00000009298 00341301294
00000000021 00000032302 00000009298 00341301294
00000000019 00000033300 00000010296 00342299162
00000000019 00000033300 00000010296 00342299162
00000000019 00000033300 00000010296 00342299162
00000000019 00000033300 00000010296 00342299162
00000000019 00000033300 00000010296 00342299162
00000000030 00000034311 00000011307 00343309552
00000000030 00000034311 00000011307 00343309552
00000000030 00000034311 00000011307 00343309552
00000000030 00000034311 00000011307 00343309552
00000000030 00000034311 00000011307 00343309552
00000000020 00000035301 00000012297 00344299867
00000000020 00000035301 00000012297 00344299867
00000000020 00000035301 00000012297 00344299867
00000000020 00000035301 00000012297 00344299867
00000000020 00000035301 00000012297 00344299867
00000000022 00000036304 00000013300 00345302767
00000000022 00000036304 00000013300 00345302767
00000000022 00000036304 00000013300 00345302767
00000000022 00000036304 00000013300 00345302767
00000000022 00000036304 00000013300 00345302767
00000000028 00000037310 00000014306 00346308597
00000000028 00000037310 00000014306 00346308597
00000000028 00000037310 00000014306 00346308597
00000000028 00000037310 00000014306 00346308597
00000000028 00000037310 00000014306 00346308597
00000000023 00000038305 00000015301 00347304263
00000000023 00000038305 00000015301 00347304263
00000000023 00000038305 00000015301 00347304263
00000000023 00000038305 00000015301 00347304263
00000000023 00000038305 00000015301 00347304263
00000000023 00000039305 00000016301 00348303510
00000000023 00000039305 00000016301 00348303510
00000000023 00000039305 00000016301 00348303510
00000000023 00000039305 00000016301 00348303510
00000000023 00000039305 00000016301 00348303510
00000000021 00000040303 00000017299 00349301917
00000000021 00000040303 00000017299 00349301917
00000000021 00000040303 00000017299 00349301917
00000000021 00000040303 00000017299 00349301917
00000000021 00000040303 00000017299 00349301917
00000000017 00000041299 00000018295 00350297993
00000000017 00000041299 00000018295 00350297993
00000000017 00000041299 00000018295 00350297993
00000000017 00000041299 00000018295 00350297993
00000000017 00000041299 00000018295 00350297993
00000000028 00000042311 00000019307 00351309404
00000000028 00000042311 00000019307 00351309404
00000000028 00000042311 00000019307 00351309404
00000000028 00000042311 00000019307 00351309404
00000000028 00000042311 00000019307 00351309404
00000000025 00000043308 00000020304 00352306458
00000000025 00000043308 00000020304 00352306458
00000000025 00000043308 00000020304 00352306458
00000000025 00000043308 00000020304 00352306458
00000000025 00000043308 00000020304 00352306458
00000000022 00000044305 00000021301 00353303628
00000000022 00000044305 00000021301 00353303628
00000000022 00000044305 00000021301 00353303628
00000000022 00000044305 00000021301 00353303628
00000000022 00000044305 00000021301 00353303628
00000000018 00000045301 00000022297 00354300205
00000000018 00000045301 00000022297 00354300205
00000000018 00000045301 00000022297 00354300205
00000000018 00000045301 00000022297 00354300205
00000000018 00000045301 00000022297 00354300205
00000000031 00000046314 00000023310 00355313113
00000000031 00000046314 00000023310 00355313113
00000000031 00000046314 00000023310 00355313113
00000000031 00000046314 00000023310 00355313113
00000000031 00000046314 00000023310 00355313113
00000000046 00000047330 00000024326 00356329061
00000000046 00000047330 00000024326 00356329061
00000000046 00000047330 00000024326 00356329061
00000000046 00000047330 00000024326 00356329061
00000000046 00000047330 00000024326 00356329061
00000000021 00000048305 00000025301 00357304055
00000000021 00000048305 00000025301 00357304055
00000000021 00000048305 00000025301 00357304055
00000000021 00000048305 00000025301 00357304055
00000000021 00000048305 00000025301 00357304055
00000000034 00000049318 00000026314 00358316432
00000000034 00000049318 00000026314 00358316432
00000000034 00000049318 00000026314 00358316432
00000000034 00000049318 00000026314 00358316432
00000000034 00000049318 00000026314 00358316432
00000000019 00000050303 00000007295 00359302237
00000000019 00000050303 00000007295 00359302237
00000000019 00000050303 00000007295 00359302237
00000000019 00000050303 00000007295 00359302237
00000000019 00000050303 00000007295 00359302237
00000000019 00000051303 00000008295 00360302270
00000000019 00000051303 00000008295 00360302270
00000000019 00000051303 00000008295 00360302270
00000000019 00000051303 00000008295 00360302270
00000000019 00000051303 00000008295 00360302270
00000000027 00000052312 00000009304 00361311105
00000000027 00000052312 00000009304 00361311105
00000000027 00000052312 00000009304 00361311105
00000000027 00000052312 00000009304 00361311105
00000000027 00000052312 00000009304 00361311105
00000000023 00000053308 00000010300 00362306773
00000000023 00000053308 00000010300 00362306773
00000000023 00000053308 00000010300 00362306773
00000000023 00000053308 00000010300 00362306773
00000000023 00000053308 00000010300 00362306773
00000000033 00000054318 00000011310 00363316666
00000000033 00000054318 00000011310 00363316666
00000000033 00000054318 00000011310 00363316666
00000000033 00000054318 00000011310 00363316666
00000000033 00000054318 00000011310 00363316666
00000000022 00000055307 00000012299 00364306327
00000000022 00000055307 00000012299 00364306327
00000000022 00000055307 00000012299 00364306327
00000000022 00000055307 00000012299 00364306327
00000000022 00000055307 00000012299 00364306327
00000000034 00000056319 00000013311 00365317688
00000000034 00000056319 00000013311 00365317688
00000000034 00000056319 00000013311 00365317688
00000000034 00000056319 00000013311 00365317688
00000000034 00000056319 00000013311 00365317688
00000000030 00000057316 00000014308 00366315229
00000000030 00000057316 00000014308 00366315229
00000000030 00000057316 00000014308 00366315229
00000000030 00000057316 00000014308 00366315229
00000000030 00000057316 00000014308 00366315229
00000000030 00000058316 00000015308 00367315256
00000000030 00000058316 00000015308 00367315256
00000000030 00000058316 00000015308 00367315256
00000000030 00000058316 00000015308 00367315256
00000000030 00000058316 00000015308 00367315256
00000000017 00000059303 00000016295 00368301739
00000000017 00000059303 00000016295 00368301739
00000000017 00000059303 00000016295 00368301739
00000000017 00000059303 00000016295 00368301739
00000000017 00000059303 00000016295 00368301739
00000000028 00000060314 00000017306 00369313275
00000000028 00000060314 00000017306 00369313275
00000000028 00000060314 00000017306 00369313275
00000000028 00000060314 00000017306 00369313275
00000000028 00000060314 00000017306 00369313275
00000000032 00000061318 00000018310 00370316726
00000000032 00000061318 00000018310 00370316726
00000000032 00000061318 00000018310 00370316726
00000000032 00000061318 00000018310 00370316726
00000000032 00000061318 00000018310 00370316726
00000000037 00000062323 00000019315 00371322373
00000000037 00000062323 00000019315 00371322373
00000000037 00000062323 00000019315 00371322373
00000000037 00000062323 00000019315 00371322373
00000000037 00000062323 00000019315 00371322373
00000000027 00000063314 00000020306 00372312564
00000000027 00000063314 00000020306 00372312564
00000000027 00000063314 00000020306 00372312564
00000000027 00000063314 00000020306 00372312564
00000000027 00000063314 00000020306 00372312564
00000000033 00000064320 00000021312 00373318673
00000000033 00000064320 00000021312 00373318673
00000000033 00000064320 00000021312 00373318673
00000000033 00000064320 00000021312 00373318673
00000000033 00000064320 00000021312 00373318673
00000000019 00000065306 00000022298 00374305044
00000000019 00000065306 00000022298 00374305044
00000000019 00000065306 00000022298 00374305044
00000000019 00000065306 00000022298 00374305044
00000000019 00000065306 00000022298 00374305044
00000000020 00000066307 00000023299 00375306242
00000000020 00000066307 00000023299 00375306242
00000000020 00000066307 00000023299 00375306242
00000000020 00000066307 00000023299 00375306242
00000000020 00000066307 00000023299 00375306242
00000000019 00000067306 00000024298 00376304404
00000000019 00000067306 00000024298 00376304404
00000000019 00000067306 00000024298 00376304404
00000000019 00000067306 00000024298 00376304404
00000000019 00000067306 00000024298 00376304404
00000000020 00000068308 00000025300 00377306521
00000000020 00000068308 00000025300 00377306521
00000000020 00000068308 00000025300 00377306521
00000000020 00000068308 00000025300 00377306521
00000000020 00000068308 00000025300 00377306521
00000000032 00000069320 00000026312 00378318486
00000000032 00000069320 00000026312 00378318486
00000000032 00000069320 00000026312 00378318486
00000000032 00000069320 00000026312 00378318486
00000000032 00000069320 00000026312 00378318486
00000000029 00000070317 00000007306 00379315413
00000000029 00000070317 00000007306 00379315413
00000000029 00000070317 00000007306 00379315413
00000000029 00000070317 00000007306 00379315413
00000000029 00000070317 00000007306 00379315413
00000000022 00000071310 00000008299 00380309334
00000000022 00000071310 00000008299 00380309334
00000000022 00000071310 00000008299 00380309334
00000000022 00000071310 00000008299 00380309334
00000000022 00000071310 00000008299 00380309334
00000000019 00000072307 00000009296 00381305888
00000000019 00000072307 00000009296 00381305888
00000000019 00000072307 00000009296 00381305888
00000000019 00000072307 00000009296 00381305888
00000000019 00000072307 00000009296 00381305888
00000000021 00000073310 00000010299 00382309067
00000000021 00000073310 00000010299 00382309067
00000000021 00000073310 00000010299 00382309067
00000000021 00000073310 00000010299 00382309067
00000000021 00000073310 00000010299 00382309067
00000000019 00000074308 00000011297 00383306647
00000000019 00000074308 00000011297 00383306647
00000000019 00000074308 00000011297 00383306647
00000000019 00000074308 00000011297 00383306647
00000000019 00000074308 00000011297 00383306647
00000000027 00000075316 00000012305 00384314458
00000000027 00000075316 00000012305 00384314458
00000000027 00000075316 00000012305 00384314458
00000000027 00000075316 00000012305 00384314458
00000000027 00000075316 00000012305 00384314458
00000000017 00000076312 00000013301 00385311299
00000000017 00000076312 00000013301 00385311299
00000000017 00000076312 00000013301 00385311299
00000000017 00000076312 00000013301 00385311299
00000000017 00000076312 00000013301 00385311299
00000000021 00000077316 00000014305 00386314459
00000000021 00000077316 00000014305 00386314459
00000000021 00000077316 00000014305 00386314459
00000000021 00000077316 00000014305 00386314459
00000000021 00000077316 00000014305 00386314459
00000000023 00000078318 00000015307 00387316812
00000000023 00000078318 00000015307 00387316812
00000000023 00000078318 00000015307 00387316812
00000000023 00000078318 00000015307 00387316812
00000000023 00000078318 00000015307 00387316812
00000000032 00000079327 00000016316 00388326135
00000000032 00000079327 00000016316 00388326135
00000000032 00000079327 00000016316 00388326135
00000000032 00000079327 00000016316 00388326135
00000000032 00000079327 00000016316 00388326135
00000000022 00000080318 00000017307 00389316779
00000000022 00000080318 00000017307 00389316779
00000000022 00000080318 00000017307 00389316779
00000000022 00000080318 00000017307 00389316779
00000000022 00000080318 00000017307 00389316779
00000000042 00000081338 00000018327 00390336768
00000000042 00000081338 00000018327 00390336768
00000000042 00000081338 00000018327 00390336768
00000000042 00000081338 00000018327 00390336768
00000000042 00000081338 00000018327 00390336768
00000000017 00000082313 00000019302 00391312366
00000000017 00000082313 00000019302 00391312366
00000000017 00000082313 00000019302 00391312366
00000000017 00000082313 00000019302 00391312366
00000000017 00000082313 00000019302 00391312366
00000000044 00000083340 00000020329 00392339328
00000000044 00000083340 00000020329 00392339328
00000000044 00000083340 00000020329 00392339328
00000000044 00000083340 00000020329 00392339328
00000000044 00000083340 00000020329 00392339328
00000000052 00000084348 00000021337 00393346576
00000000052 00000084348 00000021337 00393346576
00000000052 00000084348 00000021337 00393346576
00000000052 00000084348 00000021337 00393346576
00000000052 00000084348 00000021337 00393346576
00000000039 00000085335 00000022324 00394333625
00000000039 00000085335 00000022324 00394333625
00000000039 00000085335 00000022324 00394333625
00000000039 00000085335 00000022324 00394333625
00000000039 00000085335 00000022324 00394333625
00000000027 00000086324 00000023313 00395323308
00000000027 00000086324 00000023313 00395323308
00000000027 00000086324 00000023313 00395323308
00000000027 00000086324 00000023313 00395323308
00000000027 00000086324 00000023313 00395323308
00000000022 00000087319 00000024308 00396318039
00000000022 00000087319 00000024308 00396318039
00000000022 00000087319 00000024308 00396318039
00000000022 00000087319 00000024308 00396318039
00000000022 00000087319 00000024308 00396318039
00000000026 00000088323 00000025312 00397321461
00000000026 00000088323 00000025312 00397321461
00000000026 00000088323 00000025312 00397321461
00000000026 00000088323 00000025312 00397321461
00000000026 00000088323 00000025312 00397321461
00000000018 00000089315 00000026304 00398313751
00000000018 00000089315 00000026304 00398313751
00000000018 00000089315 00000026304 00398313751
00000000018 00000089315 00000026304 00398313751
00000000018 00000089315 00000026304 00398313751
00000000020 00000030306 00000007302 00399316154
00000000020 00000030306 00000007302 00399316154
00000000020 00000030306 00000007302 00399316154
00000000020 00000030306 00000007302 00399316154
00000000020 00000030306 00000007302 00399316154
00000000016 00000031303 00000008299 00400312526
00000000016 00000031303 00000008299 00400312526
00000000016 00000031303 00000008299 00400312526
00000000016 00000031303 00000008299 00400312526
00000000016 00000031303 00000008299 00400312526
00000000026 00000032313 00000009309 00401322809
00000000026 00000032313 00000009309 00401322809
00000000026 00000032313 00000009309 00401322809
00000000026 00000032313 00000009309 00401322809
00000000026 00000032313 00000009309 00401322809
00000000031 00000033318 00000010314 00402327830
00000000031 00000033318 00000010314 00402327830
00000000031 00000033318 00000010314 00402327830
00000000031 00000033318 00000010314 00402327830
00000000031 00000033318 00000010314 00402327830
00000000036 00000034323 00000011319 00403333066
00000000036 00000034323 00000011319 00403333066
00000000036 00000034323 00000011319 00403333066
00000000036 00000034323 00000011319 00403333066
00000000036 00000034323 00000011319 00403333066
00000000026 00000035313 00000012309 00404322729
00000000026 00000035313 00000012309 00404322729
00000000026 00000035313 00000012309 00404322729
00000000026 00000035313 00000012309 00404322729
00000000026 00000035313 00000012309 00404322729
00000000036 00000036324 00000013320 00405334086
00000000036 00000036324 00000013320 00405334086
00000000036 00000036324 00000013320 00405334086
00000000036 00000036324 00000013320 00405334086
00000000036 00000036324 00000013320 00405334086
00000000029 00000037317 00000014313 00406326411
00000000029 00000037317 00000014313 00406326411
00000000029 00000037317 00000014313 00406326411
00000000029 00000037317 00000014313 00406326411
00000000029 00000037317 00000014313 00406326411
00000000024 00000038312 00000015308 00407321620
00000000024 00000038312 00000015308 00407321620
00000000024 00000038312 00000015308 00407321620
00000000024 00000038312 00000015308 00407321620
00000000024 00000038312 00000015308 00407321620
00000000021 00000039309 00000016305 00408318584
00000000021 00000039309 00000016305 00408318584
00000000021 00000039309 00000016305 00408318584
00000000021 00000039309 00000016305 00408318584
00000000021 00000039309 00000016305 00408318584
00000000030 00000040318 00000017314 00409327885
00000000030 00000040318 00000017314 00409327885
00000000030 00000040318 00000017314 00409327885
00000000030 00000040318 00000017314 00409327885
00000000030 00000040318 00000017314 00409327885
00000000026 00000041314 00000018310 00410323421
00000000026 00000041314 00000018310 00410323421
00000000026 00000041314 00000018310 00410323421
00000000026 00000041314 00000018310 00410323421
00000000026 00000041314 00000018310 00410323421
00000000025 00000042314 00000019310 00411323596
00000000025 00000042314 00000019310 00411323596
00000000025 00000042314 00000019310 00411323596
00000000025 00000042314 00000019310 00411323596
00000000025 00000042314 00000019310 00411323596
00000000018 00000043307 00000020303 00412317007
00000000018 00000043307 00000020303 00412317007
00000000018 00000043307 00000020303 00412317007
00000000018 00000043307 00000020303 00412317007
00000000018 00000043307 00000020303 00412317007
00000000022 00000044311 00000021307 00413320767
00000000022 00000044311 00000021307 00413320767
00000000022 00000044311 00000021307 00413320767
00000000022 00000044311 00000021307 00413320767
00000000022 00000044311 00000021307 00413320767
00000000030 00000045319 00000022315 00414328945
00000000030 00000045319 00000022315 00414328945
00000000030 00000045319 00000022315 00414328945
00000000030 00000045319 00000022315 00414328945
00000000030 00000045319 00000022315 00414328945
00000000048 00000046337 00000023333 00415346908
00000000048 00000046337 00000023333 00415346908
00000000048 00000046337 00000023333 00415346908
00000000048 00000046337 00000023333 00415346908
00000000048 00000046337 00000023333 00415346908
00000000016 00000047306 00000024302 00416315803
00000000016 00000047306 00000024302 00416315803
00000000016 00000047306 00000024302 00416315803
00000000016 00000047306 00000024302 00416315803
00000000016 00000047306 00000024302 00416315803
00000000024 00000048314 00000025310 00417324351
00000000024 00000048314 00000025310 00417324351
00000000024 00000048314 00000025310 00417324351
00000000024 00000048314 00000025310 00417324351
00000000024 00000048314 00000025310 00417324351
00000000023 00000049313 00000026309 00418322647
00000000023 00000049313 00000026309 00418322647
00000000023 00000049313 00000026309 00418322647
00000000023 00000049313 00000026309 00418322647
00000000023 00000049313 00000026309 00418322647
00000000021 00000050311 00000007303 00419320948
00000000021 00000050311 00000007303 00419320948
00000000021 00000050311 00000007303 00419320948
00000000021 00000050311 00000007303 00419320948
00000000021 00000050311 00000007303 00419320948
00000000031 00000051321 00000008313 00420330705
00000000031 00000051321 00000008313 00420330705
00000000031 00000051321 00000008313 00420330705
00000000031 00000051321 00000008313 00420330705
00000000031 00000051321 00000008313 00420330705
00000000020 00000052311 00000009303 00421321097
00000000020 00000052311 00000009303 00421321097
00000000020 00000052311 00000009303 00421321097
00000000020 00000052311 00000009303 00421321097
00000000020 00000052311 00000009303 00421321097
00000000017 00000053308 00000010300 00422318336
00000000017 00000053308 00000010300 00422318336
00000000017 00000053308 00000010300 00422318336
00000000017 00000053308 00000010300 00422318336
00000000017 00000053308 00000010300 00422318336
00000000022 00000054313 00000011305 00423322708
00000000022 00000054313 00000011305 00423322708
00000000022 00000054313 00000011305 00423322708
00000000022 00000054313 00000011305 00423322708
00000000022 00000054313 00000011305 00423322708
00000000026 00000055317 00000012309 00424326945
00000000026 00000055317 00000012309 00424326945
00000000026 00000055317 00000012309 00424326945
00000000026 00000055317 00000012309 00424326945
00000000026 00000055317 00000012309 00424326945
00000000019 00000056310 00000013302 00425319708
00000000019 00000056310 00000013302 00425319708
00000000019 00000056310 00000013302 00425319708
00000000019 00000056310 00000013302 00425319708
00000000019 00000056310 00000013302 00425319708
00000000031 00000057323 00000014315 00426332596
00000000031 00000057323 00000014315 00426332596
00000000031 00000057323 00000014315 00426332596
00000000031 00000057323 00000014315 00426332596
00000000031 00000057323 00000014315 00426332596
00000000021 00000058313 00000015305 00427323163
00000000021 00000058313 00000015305 00427323163
00000000021 00000058313 00000015305 00427323163
00000000021 00000058313 00000015305 00427323163
00000000021 00000058313 00000015305 00427323163
00000000019 00000059311 00000016303 00428321044
00000000019 00000059311 00000016303 00428321044
00000000019 00000059311 00000016303 00428321044
00000000019 00000059311 00000016303 00428321044
00000000019 00000059311 00000016303 00428321044
00000000036 00000060328 00000017320 00429337774
00000000036 00000060328 00000017320 00429337774
00000000036 00000060328 00000017320 00429337774
00000000036 00000060328 00000017320 00429337774
00000000036 00000060328 00000017320 00429337774
00000000034 00000061326 00000018318 00430336302
00000000034 00000061326 00000018318 00430336302
00000000034 00000061326 00000018318 00430336302
00000000034 00000061326 00000018318 00430336302
00000000034 00000061326 00000018318 00430336302
00000000046 00000062338 00000019330 00431347872
00000000046 00000062338 00000019330 00431347872
00000000046 00000062338 00000019330 00431347872
00000000046 00000062338 00000019330 00431347872
00000000046 00000062338 00000019330 00431347872
00000000040 00000063333 00000020325 00432342398
00000000040 00000063333 00000020325 00432342398
00000000040 00000063333 00000020325 00432342398
00000000040 00000063333 00000020325 00432342398
00000000040 00000063333 00000020325 00432342398
00000000051 00000064344 00000021336 00433353952
00000000051 00000064344 00000021336 00433353952
00000000051 00000064344 00000021336 00433353952
00000000051 00000064344 00000021336 00433353952
00000000051 00000064344 00000021336 00433353952
00000000028 00000065321 00000022313 00434330731
00000000028 00000065321 00000022313 00434330731
00000000028 00000065321 00000022313 00434330731
00000000028 00000065321 00000022313 00434330731
00000000028 00000065321 00000022313 00434330731
00000000035 00000066328 00000023320 00435337894
00000000035 00000066328 00000023320 00435337894
00000000035 00000066328 00000023320 00435337894
00000000035 00000066328 00000023320 00435337894
00000000035 00000066328 00000023320 00435337894
00000000020 00000067313 00000024305 00436323028
00000000020 00000067313 00000024305 00436323028
00000000020 00000067313 00000024305 00436323028
00000000020 00000067313 00000024305 00436323028
00000000020 00000067313 00000024305 00436323028
00000000035 00000068329 00000025321 00437338472
00000000035 00000068329 00000025321 00437338472
00000000035 00000068329 00000025321 00437338472
00000000035 00000068329 00000025321 00437338472
00000000035 00000068329 00000025321 00437338472
00000000039 00000069333 00000026325 00438342501
00000000039 00000069333 00000026325 00438342501
00000000039 00000069333 00000026325 00438342501
00000000039 00000069333 00000026325 00438342501
00000000039 00000069333 00000026325 00438342501
00000000019 00000070313 00000008302 00439323390
00000000019 00000070313 00000008302 00439323390
00000000019 00000070313 00000008302 00439323390
00000000019 00000070313 00000008302 00439323390
00000000019 00000070313 00000008302 00439323390
00000000018 00000071312 00000009301 00440322359
00000000018 00000071312 00000009301 00440322359
00000000018 00000071312 00000009301 00440322359
00000000018 00000071312 00000009301 00440322359
00000000018 00000071312 00000009301 00440322359
00000000027 00000072321 00000010310 00441331126
00000000027 00000072321 00000010310 00441331126
00000000027 00000072321 00000010310 00441331126
00000000027 00000072321 00000010310 00441331126
00000000027 00000072321 00000010310 00441331126
00000000043 00000073338 00000011327 00442347817
00000000043 00000073338 00000011327 00442347817
00000000043 00000073338 00000011327 00442347817
00000000043 00000073338 00000011327 00442347817
00000000043 00000073338 00000011327 00442347817
00000000036 00000074331 00000012320 00443341174
00000000036 00000074331 00000012320 00443341174
00000000036 00000074331 00000012320 00443341174
00000000036 00000074331 00000012320 00443341174
00000000036 00000074331 00000012320 00443341174
00000000029 00000075324 00000013313 00444334040
00000000029 00000075324 00000013313 00444334040
00000000029 00000075324 00000013313 00444334040
00000000029 00000075324 00000013313 00444334040
00000000029 00000075324 00000013313 00444334040
00000000030 00000076325 00000014314 00445335234
00000000030 00000076325 00000014314 00445335234
00000000030 00000076325 00000014314 00445335234
00000000030 00000076325 00000014314 00445335234
00000000030 00000076325 00000014314 00445335234
00000000025 00000077320 00000015309 00446330040
00000000025 00000077320 00000015309 00446330040
00000000025 00000077320 00000015309 00446330040
00000000025 00000077320 00000015309 00446330040
00000000025 00000077320 00000015309 00446330040
