S[0, 0] 5419.203 15342678
S[0, 1] 4886.76 15816114
S[0, 2] 4065.109 15994670
S[0, 3] 3338.496 16268238
S[0, 4] 2336.66 16268238
S[0, 5] 1527.248 16459002
S[0, 6] 682.914 16614861
S[0, 7] 1284.338 18216464
C[[0, 0], 0] 8822.34 18745814
C[[0, 0], 1] 7829.396 18758750
C[[0, 0], 2] 6829.189 18758750
C[[0, 0], 3] 5829.008 18758750
C[[0, 0], 4] 4827.172 18758750
C[[0, 0], 5] 3852.634 18784388
C[[0, 0], 6] 2852.441 18784388
C[[0, 0], 7] 1852.262 18784388
S[0, 8] 1304.778 19237075
C[[0, 0], 8] 1508.286 19440582
S[0, 9] 1340.199 20272664
C[[0, 0], 9] 1519.684 20452148
S[0, 10] 1319.371 21252010
C[[0, 0], 10] 1473.326 21405965
S[0, 11] 1335.298 22268100
C[[0, 0], 11] 1477.9 22410701
S[0, 12] 1312.857 23245817
C[[0, 0], 12] 1466.067 23399026
S[0, 13] 1314.932 24248077
C[[0, 0], 13] 1462.844 24395989
S[0, 14] 1301.258 25234585
C[[0, 0], 14] 1493.091 25426418
S[0, 15] 1322.405 26255920
C[[0, 0], 15] 1500.6 26434114
S[0, 16] 1333.282 27267589
C[[0, 0], 16] 1538.878 27473186
S[0, 17] 1310.071 28244572
C[[0, 0], 17] 1477.254 28411754
S[0, 18] 1308.221 29242905
C[[0, 0], 18] 1474.627 29409311
S[0, 19] 1492.169 30427024
C[[0, 0], 19] 2083.187 31018042
S[0, 20] 1519.511 31454541
S[0, 21] 1516.837 32452957
C[[0, 1], 0] 2718.846 32653876
C[[0, 1], 1] 2392.758 33328879
S[0, 22] 1448.493 33384787
S[0, 23] 1485.132 34421612
C[[0, 1], 2] 2656.088 34592382
S[0, 24] 2132.528 36069189
C[[0, 1], 4] 2983.356 36920019
C[[0, 1], 3] 3983.538 36920019
CS[0, 0] 27240.251 7227.783 37162810
C[[0, 1], 6] 2066.12 38003138
C[[0, 1], 5] 3066.303 38003138
S[0, 25] 3672.536 38609371
S[0, 26] 2672.353 38609371
S[0, 27] 1705.876 38643089
S[0, 28] 1476.089 39413492
C[[0, 1], 8] 1906.213 39843615
C[[0, 1], 7] 2906.403 39843615
S[0, 29] 1510.715 40448316
C[[0, 1], 9] 1836.851 40774453
S[0, 30] 1519.331 41457109
C[[0, 1], 10] 1862.962 41800741
S[0, 31] 1516.726 42454685
C[[0, 1], 11] 1842.344 42780304
S[0, 32] 1543.489 43481638
C[[0, 1], 12] 1892.437 43830587
S[0, 33] 1527.824 44466148
C[[0, 1], 13] 1861.575 44799899
S[0, 34] 1509.975 45448485
C[[0, 1], 14] 1907.821 45846331
S[0, 35] 1546.407 46485099
C[[0, 1], 15] 1875.306 46813998
S[0, 36] 1524.079 47462947
C[[0, 1], 16] 1860.092 47798961
S[0, 37] 1316.63 48255686
C[[0, 1], 17] 1845.99 48785045
S[0, 38] 1303.57 49242800
C[[0, 1], 18] 1868.15 49807381
S[0, 39] 1299.942 50239360
C[[0, 1], 19] 1534.994 50474412
S[0, 40] 1472.133 51411729
C[[0, 2], 0] 1528.436 51468033
S[0, 41] 1506.053 52445836
S[0, 42] 1527.557 53467526
C[[0, 2], 1] 3519.265 54459048
C[[0, 2], 2] 2519.078 54459048
S[0, 43] 1657.887 54598033
S[0, 44] 1537.484 55477810
C[[0, 2], 4] 1961.869 55902196
C[[0, 2], 3] 2962.05 55902196
CS[0, 1] 25967.273 5962.706 55902303
S[0, 45] 1514.777 56455239
S[0, 46] 1521.701 57462343
C[[0, 2], 5] 2911.742 57852203
C[[0, 2], 6] 1958.172 57898815
S[0, 47] 1534.439 58475267
C[[0, 2], 7] 1865.004 58805833
S[0, 48] 1525.692 59466711
S[0, 49] 1521.764 60462962
C[[0, 2], 8] 2828.058 60769078
S[0, 50] 1304.367 61245762
C[[0, 2], 9] 2825.277 61766475
C[[0, 2], 10] 1848.054 61789448
S[0, 51] 1306.743 62248323
S[0, 52] 1490.715 63432482
C[[0, 2], 11] 2799.902 63741483
C[[0, 2], 12] 1936.673 63878440
S[0, 53] 1445.514 64387465
S[0, 54] 1519.611 65461749
C[[0, 2], 13] 2837.431 65779382
C[[0, 2], 14] 1837.244 65779382
S[0, 55] 1534.113 66476429
C[[0, 2], 15] 1813.411 66755727
S[0, 56] 1310.696 67253185
C[[0, 2], 16] 1950.59 67893080
S[0, 57] 1452.33 68395000
C[[0, 2], 17] 1727.704 68670375
S[0, 58] 1479.78 69422635
C[[0, 2], 18] 1818.263 69761117
S[0, 59] 1508.344 70451373
C[[0, 2], 19] 2723.52 71666549
C[[0, 3], 0] 3173.252 73116456
S[1, 0] 3575.922 73519126
S[1, 2] 1904.58 73849119
S[1, 1] 2904.779 73849119
C[[0, 3], 1] 3367.418 74311758
C[[0, 3], 2] 2367.219 74311758
S[1, 3] 1438.362 74383078
SS0 64862.43 4841.036 74784231
S[1, 4] 1669.145 75614049
C[[0, 3], 3] 3378.955 76323670
C[[0, 3], 4] 2507.547 76452451
S[1, 5] 1535.283 76480361
S[1, 6] 1415.464 77360727
C[[0, 3], 6] 1899.74 77845003
C[[0, 3], 5] 2899.925 77845003
CS[0, 2] 27905.512 7901.905 77845109
S[1, 7] 1276.276 78221720
C[[0, 3], 7] 2266.499 79211944
S[1, 8] 1389.331 79334953
C[[0, 3], 8] 2130.152 80075774
S[1, 9] 1486.038 80431842
S[1, 10] 1484.458 81430441
C[[0, 3], 9] 2757.449 81703254
C[[0, 3], 10] 1757.271 81703254
S[1, 11] 1774.436 82720597
C[[0, 3], 11] 1795.376 82741537
S[1, 12] 1785.365 83737073
C[[0, 3], 12] 1875.447 83827154
S[1, 13] 1767.754 84719637
C[[0, 3], 13] 1789.847 84741729
S[1, 14] 1792.758 85744818
C[[0, 3], 14] 1816.334 85768395
S[1, 15] 1868.549 86820794
C[[0, 3], 15] 1913.496 86865742
S[1, 16] 1715.29 87667715
C[[0, 3], 16] 1763.33 87715756
S[1, 17] 1438.873 88391478
C[[0, 3], 17] 1788.091 88740696
S[1, 18] 1418.867 89371656
C[[0, 3], 18] 1805.014 89757803
S[1, 19] 1277.673 90230641
C[[0, 3], 19] 1516.917 90469885
S[1, 20] 1438.358 91391517
S[1, 21] 1440.887 92394221
C[[0, 4], 0] 2458.372 92411531
S[1, 22] 1412.357 93365879
S[1, 23] 1507.768 94461463
C[[0, 4], 2] 2638.691 94592213
C[[0, 4], 1] 3638.879 94592213
S[1, 24] 1476.63 95430507
C[[0, 4], 4] 1853.963 95807840
C[[0, 4], 3] 2854.146 95807840
S[1, 25] 1742.183 96696245
C[[0, 4], 5] 1971.735 96925797
CS[0, 3] 26982.671 6972.716 96925875
S[1, 26] 1756.596 97710845
C[[0, 4], 6] 2261.127 98215376
S[1, 27] 1732.25 98686675
C[[0, 4], 7] 1763.623 98718047
S[1, 28] 917.886 98872492
C[[0, 4], 8] 1821.306 99775912
S[1, 29] 905.904 99860714
C[[0, 4], 9] 1804.012 100758822
S[1, 30] 1267.267 101222250
C[[0, 4], 10] 1749.907 101704890
S[1, 31] 1397.094 102352266
C[[0, 4], 11] 1812.557 102767729
S[1, 32] 1418.398 103373780
C[[0, 4], 12] 1759.487 103714870
S[1, 33] 1468.166 104423738
C[[0, 4], 13] 1819.824 104775396
S[1, 34] 1509.989 105465742
C[[0, 4], 14] 1897.434 105853187
S[1, 35] 1645.556 106601484
C[[0, 4], 15] 2708.856 107664784
S[1, 36] 1781.09 107737192
C[[0, 4], 16] 1836.773 107792875
S[1, 37] 1775.208 108731482
C[[0, 4], 17] 1809.446 108765721
S[1, 38] 1790.777 109747236
C[[0, 4], 18] 1849.038 109805497
S[1, 39] 1460.219 110416872
C[[0, 4], 19] 1759.743 110716396
S[1, 40] 1444.458 111401287
C[[0, 5], 0] 2381.509 112338338
S[1, 41] 1712.805 112669822
S[1, 42] 1492.356 113449555
S[1, 43] 1491.985 114449368
C[[0, 5], 2] 2714.546 114671745
C[[0, 5], 1] 3714.728 114671745
S[1, 44] 1759.036 115716603
C[[0, 5], 4] 1974.032 115931600
C[[0, 5], 3] 2974.217 115931600
CS[0, 4] 25978.55 5974.88 115931709
S[1, 45] 1840.071 116797825
C[[0, 5], 5] 2309.103 117266856
S[1, 46] 1833.783 117791712
C[[0, 5], 6] 1889.812 117847741
S[1, 47] 1691.916 118650079
C[[0, 5], 7] 1757.474 118715638
S[1, 48] 1434 119392350
C[[0, 5], 8] 1809.302 119767652
S[1, 49] 1418.011 120376539
C[[0, 5], 9] 1815.401 120773929
S[1, 50] 1424.644 121383351
C[[0, 5], 10] 1810.964 121769671
S[1, 51] 1432.187 122391080
C[[0, 5], 11] 1797.178 122756071
S[1, 52] 1430.293 123389372
C[[0, 5], 12] 1807.974 123767053
S[1, 53] 1482.085 124441343
C[[0, 5], 13] 1804.191 124763449
S[1, 54] 1795.625 125755085
C[[0, 5], 14] 1820.75 125780211
S[1, 55] 1711.086 126670735
C[[0, 5], 15] 1809.965 126769614
S[1, 56] 1423.213 127383051
C[[0, 5], 16] 1838.837 127798675
S[1, 57] 1733.116 128693136
C[[0, 5], 17] 1819.042 128779062
S[1, 58] 1427.923 129388122
C[[0, 5], 18] 1771.191 129731390
S[1, 59] 1274.967 130235357
C[[0, 5], 19] 2282.184 131242573
S[2, 0] 1418.808 131379376
S[2, 1] 1471.17 132431946
C[[0, 6], 0] 2626.819 132587387
C[[0, 6], 1] 1626.61 132587387
SS1 62770.158 2752.794 132713362
S[2, 2] 1500.507 133461465
C[[0, 6], 2] 2645.859 134606816
S[2, 3] 1758.614 134719756
C[[1, 0], 0] 2170.686 135131828
S[2, 4] 1792.049 135753412
C[[1, 0], 1] 2050.085 136011448
S[2, 5] 1786.523 136748071
CS[0, 5] 27077.627 7073.888 137034456
S[2, 6] 1710.613 137672346
C[[1, 0], 2] 3315.961 138277509
C[[1, 0], 3] 2315.776 138277509
CS[0, 6] 8317.043 5316.469 138277611
S[2, 7] 1425.635 138387548
C[[1, 0], 4] 1891.141 138853055
S[2, 8] 1412.543 139374638
C[[1, 0], 5] 1800.09 139762186
S[2, 9] 1443.226 140405507
S[2, 10] 1401.439 141363894
C[[1, 0], 6] 2781.071 141743352
C[[1, 0], 7] 1833.629 141796085
S[2, 11] 1440.517 142403148
C[[1, 0], 8] 1796.161 142758792
S[2, 12] 1432.289 143395110
C[[1, 0], 9] 1780.437 143743258
S[2, 13] 1412.899 144375897
C[[1, 0], 10] 1793.357 144756355
S[2, 14] 1498.624 145461804
C[[1, 0], 11] 1792.534 145755714
S[2, 15] 1730.112 146693520
C[[1, 0], 12] 1766.846 146730254
S[2, 16] 1806.495 147770078
C[[1, 0], 13] 1885.724 147849307
S[2, 17] 1751.564 148715329
C[[1, 0], 14] 1807.574 148771339
S[2, 18] 1752.737 149716682
C[[1, 0], 15] 1780.369 149744313
S[2, 19] 1796.97 150761092
C[[1, 0], 16] 1874.97 150839092
S[2, 20] 1717.268 151681573
S[2, 21] 1427.883 152392372
C[[1, 0], 17] 2781.996 152746301
C[[1, 0], 18] 1803.086 152767576
S[2, 22] 1303.484 153268160
C[[1, 0], 19] 2347.154 154311830
S[2, 23] 1456.597 154421457
C[[1, 1], 0] 1553.89 154518750
S[2, 24] 1428.409 155393457
S[2, 25] 1400.549 156365790
C[[1, 1], 1] 3345.875 157310923
S[2, 26] 1403.627 157369031
C[[1, 1], 2] 2791.793 157757034
S[2, 27] 1474.787 158440376
C[[1, 1], 4] 1971.266 158936855
C[[1, 1], 3] 2971.451 158936855
CS[1, 0] 25975.828 5972.11 158936970
S[2, 28] 1502.385 159468149
C[[1, 1], 5] 2108.804 160074568
S[2, 29] 1723.996 160689922
C[[1, 1], 6] 1803.739 160769665
S[2, 30] 1742.095 161708153
C[[1, 1], 7] 1795.216 161761274
S[2, 31] 1774.04 162740280
C[[1, 1], 8] 1849.326 162815566
S[2, 32] 1727.034 163693453
C[[1, 1], 9] 1777.441 163743860
S[2, 33] 1751.045 164717640
C[[1, 1], 10] 1782.696 164749290
S[2, 34] 1751.458 165718225
C[[1, 1], 11] 1782.233 165749000
S[2, 35] 1736.604 166703548
C[[1, 1], 12] 1797.827 166764771
S[2, 36] 1781.942 167749059
C[[1, 1], 13] 1819.745 167786863
S[2, 37] 1754.602 168721929
C[[1, 1], 14] 1774.009 168741337
S[2, 38] 1419.747 169387253
C[[1, 1], 15] 1806.883 169774390
S[2, 39] 1437.802 170405484
C[[1, 1], 16] 1834.151 170801833
S[2, 40] 1433.654 171401510
C[[1, 1], 17] 1800.877 171768733
S[2, 41] 1415.637 172383679
C[[1, 1], 18] 1773.345 172741386
S[2, 42] 1289.255 173257473
S[2, 43] 1427.241 174395642
C[[1, 1], 19] 2565.383 174533601
S[2, 44] 1415.821 175384400
C[[1, 2], 0] 2831.94 175800341
S[2, 45] 1401.589 176370343
S[2, 46] 1496.764 177465698
C[[1, 2], 2] 2742.765 177711519
C[[1, 2], 1] 3742.94 177711519
S[2, 47] 1716.2 178685316
C[[1, 2], 4] 1902.348 178871464
C[[1, 2], 3] 2902.53 178871464
S[2, 48] 1828.986 179798285
C[[1, 2], 5] 1998.109 179967408
CS[1, 1] 27002.633 6999.092 179967493
S[2, 49] 1694.129 180663606
C[[1, 2], 6] 2044.557 181014034
S[2, 50] 1281.232 181250883
C[[1, 2], 7] 1759.866 181729516
S[2, 51] 1413.279 182383086
C[[1, 2], 8] 1837.123 182806931
S[2, 52] 1486.136 183456077
C[[1, 2], 9] 1799.837 183769778
S[2, 53] 1724.867 184694997
C[[1, 2], 10] 1760.145 184730275
S[2, 54] 1749.447 185719761
C[[1, 2], 11] 1797.141 185767455
S[2, 55] 1750.455 186720955
C[[1, 2], 12] 1772.949 186743450
S[2, 56] 1769.482 187740197
C[[1, 2], 13] 1791.156 187761871
S[2, 57] 1763.771 188734676
C[[1, 2], 14] 1787.026 188757930
S[2, 58] 1738.372 189709464
C[[1, 2], 15] 1786.758 189757849
S[2, 59] 1428.063 190399376
C[[1, 2], 16] 1787.18 190758493
S[3, 0] 1664.854 191636348
C[[1, 2], 17] 1750.661 191722155
S[3, 1] 1504.169 192475853
SS2 62862.475 2851.549 192823043
C[[1, 2], 18] 1907.955 192879639
S[3, 2] 1284.235 193256105
C[[1, 2], 19] 1769.723 193741593
S[3, 3] 1490.44 194462485
C[[2, 0], 0] 2589.623 195561668
S[3, 4] 1731.137 195703377
S[3, 5] 1767.638 196740054
S[3, 6] 1754.493 197727092
C[[2, 0], 2] 3076.72 198049136
C[[2, 0], 1] 4076.895 198049136
S[3, 7] 1746.971 198719754
C[[2, 0], 3] 2826.848 198799448
S[3, 8] 1442.096 199415058
C[[2, 0], 5] 1927.467 199900429
C[[2, 0], 4] 2927.646 199900429
CS[1, 3] 6928.488 6928.488 199900533
CS[1, 2] 26932.132 6928.488 199900533
S[3, 9] 1746.41 200719549
C[[2, 0], 6] 2311.973 201285112
S[3, 10] 1411.823 201385138
S[3, 11] 1445.215 202418718
C[[2, 0], 8] 1822.037 202795540
C[[2, 0], 7] 2822.225 202795540
S[3, 12] 1432.321 203406008
C[[2, 0], 9] 1839.562 203813249
S[3, 13] 1444.81 204418684
C[[2, 0], 10] 1758.907 204732781
S[3, 14] 1411.25 205385308
C[[2, 0], 11] 1796.577 205770636
S[3, 15] 1411.016 206385250
C[[2, 0], 12] 1769.005 206743239
S[3, 16] 1490.865 207465282
C[[2, 0], 13] 1831.182 207805600
S[3, 17] 1522.843 208497445
C[[2, 0], 14] 1799.299 208773902
S[3, 18] 1793.171 209773209
C[[2, 0], 15] 1819.028 209799066
S[3, 19] 1738.098 210718319
C[[2, 0], 16] 1784.43 210764651
S[3, 20] 1792.883 211773278
C[[2, 0], 17] 1864.803 211845198
S[3, 21] 1713.651 212694221
C[[2, 0], 18] 1781.899 212762469
S[3, 22] 1299.349 213280092
C[[2, 0], 19] 1568.751 213549493
S[3, 23] 1436.208 214417104
C[[2, 1], 0] 2359.109 215340004
S[3, 24] 1406.463 215387540
S[3, 25] 1694.686 216675937
C[[2, 1], 1] 3261.68 217242758
S[3, 26] 1442.615 217424055
C[[2, 1], 2] 2555.034 217536285
S[3, 27] 1481.648 218463265
C[[2, 1], 3] 2949.807 218931248
C[[2, 1], 4] 1949.63 218931248
CS[2, 0] 25959.317 5950.466 218931362
S[3, 28] 1734.574 219716379
C[[2, 1], 5] 1942.206 219924011
S[3, 29] 1777.75 220759735
C[[2, 1], 6] 1798.167 220780153
S[3, 30] 1723.011 221705173
C[[2, 1], 7] 1786.796 221768958
S[3, 31] 1756.089 222738430
C[[2, 1], 8] 1796.388 222778728
S[3, 32] 1758.627 223741144
C[[2, 1], 9] 1819.463 223801981
S[3, 33] 1776.665 224759369
C[[2, 1], 10] 1849.246 224831950
S[3, 34] 1730.6 225713484
C[[2, 1], 11] 1770.187 225753071
S[3, 35] 1434.06 226417126
C[[2, 1], 12] 1860.56 226843625
S[3, 36] 1416.295 227399538
C[[2, 1], 13] 1831.477 227814721
S[3, 37] 1423.576 228407035
C[[2, 1], 14] 1801.736 228785195
S[3, 38] 1434.222 229417862
C[[2, 1], 15] 1823.446 229807086
S[3, 39] 1454.875 230438694
C[[2, 1], 16] 1765.618 230749437
S[3, 40] 1473.842 231457841
C[[2, 1], 17] 1782.973 231766972
S[3, 41] 1756.174 232740350
C[[2, 1], 18] 1808.226 232792402
S[3, 42] 1455.871 233440226
C[[2, 1], 19] 1739.955 233724310
S[3, 43] 1779.407 234763940
S[3, 44] 1783.52 235768238
C[[2, 2], 0] 2929.22 235913753
S[3, 45] 1701.589 236686461
S[3, 46] 1518.799 237503814
C[[2, 2], 1] 3519.205 237503923
C[[2, 2], 2] 2519.051 237503923
S[3, 47] 1753.341 238738529
CS[2, 1] 25952.663 5949.026 238933559
C[[2, 2], 4] 1948.511 238933699
C[[2, 2], 3] 2948.684 238933699
S[3, 48] 1465.993 239451360
C[[2, 2], 5] 2100.537 240085904
S[3, 49] 1468.143 240453693
C[[2, 2], 6] 1824.102 240809652
S[3, 50] 1507.365 241493091
C[[2, 2], 7] 1774.788 241760515
S[3, 51] 1798.363 242784267
C[[2, 2], 8] 1822.235 242808139
S[3, 52] 1729.492 243715576
C[[2, 2], 9] 1751.898 243737982
S[3, 53] 1414.764 244401018
C[[2, 2], 10] 1871.811 244858064
S[3, 54] 1408.971 245395404
S[3, 55] 1384.503 246371111
C[[2, 2], 11] 2852.536 246838970
C[[2, 2], 12] 1852.362 246838970
S[3, 56] 1413.614 247400400
C[[2, 2], 13] 1785.564 247772350
S[3, 57] 1497.835 248484797
C[[2, 2], 14] 1916.886 248903848
S[3, 58] 1659.409 249646561
C[[2, 2], 15] 1730.042 249717194
S[3, 59] 4194.111 253181474
S[4, 1] 7613.061 258600793
S[4, 0] 8613.249 258600793
S[4, 2] 6643.466 258631384
S[4, 5] 3673.577 258662056
S[4, 4] 4673.769 258662056
S[4, 3] 5673.955 258662056
S[4, 6] 2673.39 258662056
S[4, 7] 1673.209 258662056
S[4, 8] 1492.775 259481807
SS3 69773.827 9757.777 259745321
S[4, 9] 1461.524 260450746
S[4, 10] 1730.432 261719837
S[4, 11] 1737.677 262727271
C[[2, 2], 16] 14732.274 263719636
C[[2, 3], 4] 6824.089 263812936
C[[2, 3], 3] 7824.27 263812936
C[[2, 3], 2] 8824.457 263812936
C[[2, 3], 1] 9824.649 263812936
C[[2, 2], 19] 11825.018 263812936
C[[2, 2], 17] 13825.392 263812936
C[[2, 2], 18] 12825.204 263812936
C[[2, 3], 0] 10824.835 263812936
C[[2, 3], 5] 5823.904 263812936
C[[2, 3], 6] 4823.713 263812936
S[4, 12] 1844.963 263834743
C[[3, 0], 0] 4513.588 264502993
C[[3, 0], 1] 3513.399 264502993
S[4, 13] 1647.972 264637935
C[[3, 0], 2] 2887.383 264877163
S[4, 14] 1432.449 265422591
S[4, 15] 1441.285 266431611
C[[3, 0], 3] 4183.661 267173624
S[4, 16] 1443.67 267434176
C[[3, 0], 4] 4547.377 268537519
C[[3, 0], 5] 3547.193 268537519
S[4, 17] 1581.925 268572613
C[[3, 0], 6] 2796.394 268786900
S[4, 18] 1482.21 269473094
C[[3, 0], 7] 2768.661 269759350
CS[2, 2] 37005.455 17001.887 269989988
C[[3, 0], 8] 2208.218 270199101
S[4, 19] 1743.954 270735020
C[[3, 0], 9] 2529.311 271520377
CS[2, 3] 18532.35 11531.046 271520451
S[4, 20] 1776.64 271767887
S[4, 21] 1757.753 272749183
C[[3, 0], 10] 2965.593 272956841
C[[3, 0], 11] 1965.41 272956841
S[4, 22] 1740.765 273732370
C[[3, 0], 12] 1798.52 273790125
S[4, 23] 1784.404 274776178
C[[3, 0], 13] 1816.207 274807980
S[4, 24] 1841.927 275833876
C[[3, 0], 14] 1865.629 275857578
S[4, 25] 1611.245 276603372
S[4, 26] 1483.83 277476142
C[[3, 0], 15] 2750.691 277742818
C[[3, 0], 16] 1770.463 277762775
S[4, 27] 1512.706 278505200
C[[3, 0], 17] 1826.758 278819251
S[4, 28] 1747.259 279739943
C[[3, 0], 18] 1804.934 279797619
S[4, 29] 1504.13 280496998
C[[3, 0], 19] 2580.817 281573685
S[4, 30] 1767.368 281760421
C[[3, 1], 0] 2764.66 282757713
S[4, 31] 1783.91 282777151
S[4, 32] 1725.924 283719349
S[4, 33] 1524.351 284517999
C[[3, 1], 2] 3155.181 285148606
C[[3, 1], 1] 4155.364 285148606
S[4, 34] 1735.328 285729148
C[[3, 1], 3] 2820.055 285813703
C[[3, 1], 4] 1819.882 285813703
S[4, 35] 1857.136 286851138
C[[3, 1], 5] 2036.521 287030523
CS[3, 0] 27041.181 7037.533 287030587
S[4, 36] 1477.411 287471606
C[[3, 1], 6] 2085.051 288079245
S[4, 37] 1414.664 288409043
C[[3, 1], 7] 1776.259 288770638
S[4, 38] 1499.664 289494233
C[[3, 1], 8] 1810.146 289804715
S[4, 39] 1748.584 290743345
C[[3, 1], 9] 1774.068 290768829
S[4, 40] 1823.229 291818174
C[[3, 1], 10] 1876.323 291871268
S[4, 41] 1703.332 292698464
C[[3, 1], 11] 1758.102 292753234
S[4, 42] 1483.385 293478731
C[[3, 1], 12] 1841.363 293836709
S[4, 43] 1752.181 294747702
C[[3, 1], 13] 1796.563 294792084
S[4, 44] 1702.076 295697781
C[[3, 1], 14] 1769.895 295765600
S[4, 45] 1779.708 296775585
C[[3, 1], 15] 1804.35 296800226
S[4, 46] 1839.712 297835778
C[[3, 1], 16] 1864.52 297860586
S[4, 47] 1419.453 298415701
S[4, 48] 1478.588 299475022
C[[3, 1], 18] 1760.348 299756783
C[[3, 1], 17] 2760.535 299756783
S[4, 49] 1512.091 300508703
C[[3, 1], 19] 2477.21 301473822
S[4, 50] 1748.93 301745719
C[[3, 2], 0] 2688.612 302685401
S[4, 51] 1788.851 302785830
S[4, 52] 1726.941 303724104
C[[3, 2], 1] 3505.743 304502722
C[[3, 2], 2] 2764.139 304761301
S[4, 53] 1906.529 304903862
S[4, 54] 1431.596 305429107
C[[3, 2], 3] 2652.891 305650224
S[4, 55] 1496.85 306494536
C[[3, 2], 4] 2679.095 306676607
CS[3, 1] 26858.792 6855.056 306851845
C[[3, 2], 5] 1914.769 306912455
S[4, 56] 1686.952 307684828
C[[3, 2], 6] 2122.832 308120708
S[4, 57] 1789.307 308787360
C[[3, 2], 7] 1826.276 308824329
S[4, 58] 1702.493 309700729
C[[3, 2], 8] 1754.683 309752919
S[4, 59] 1516.28 310514691
C[[3, 2], 9] 1789.917 310788328
S[5, 0] 1447.102 311445701
S[5, 1] 1410.56 312409342
SS4 62838.726 2827.671 312826270
C[[3, 2], 11] 1827.591 312826374
C[[3, 2], 10] 2827.774 312826374
S[5, 2] 1531.758 313530720
C[[3, 2], 12] 1587.693 313586654
S[5, 3] 1757.758 314756902
C[[4, 0], 0] 2676.119 315675263
S[5, 4] 1730.808 315730166
C[[4, 0], 1] 2559.729 316559087
S[5, 5] 1888.997 316888536
S[5, 6] 1719.039 317718754
CS[3, 2] 17893.971 4891.616 317890759
C[[4, 0], 2] 2891.355 317890894
C[[4, 0], 3] 1891.179 317890894
S[5, 7] 1427.525 318427425
C[[4, 0], 4] 2033.781 319033681
S[5, 8] 1425.284 319425366
C[[4, 0], 5] 1757.534 319757616
S[5, 9] 1506.522 320506787
C[[4, 0], 6] 1798.774 320799039
S[5, 10] 1785.799 321786247
C[[4, 0], 7] 1810.767 321811215
S[5, 11] 1865.133 322865756
C[[4, 0], 8] 1892.667 322893290
S[5, 12] 1436.058 323436873
S[5, 13] 1482.266 324483263
C[[4, 0], 10] 1769.882 324770879
C[[4, 0], 9] 2770.064 324770879
S[5, 14] 1502.112 325503303
C[[4, 0], 11] 1807.668 325808859
S[5, 15] 1849.746 326851125
C[[4, 0], 12] 1874.182 326875562
S[5, 16] 1785.637 327787174
C[[4, 0], 13] 1810.631 327812168
S[5, 17] 1459.362 328461081
C[[4, 0], 14] 1787.298 328789017
S[5, 18] 1509.054 329510951
C[[4, 0], 15] 1868.806 329870704
S[5, 19] 1460.028 330462103
S[5, 20] 1444.986 331447254
C[[4, 0], 17] 1787.242 331789510
C[[4, 0], 16] 2787.435 331789510
S[5, 21] 1774.605 332777050
C[[4, 0], 18] 1833.58 332836025
S[5, 22] 1528.154 333530784
C[[4, 0], 19] 1550.455 333553085
S[5, 23] 1765.516 334768332
C[[4, 1], 0] 2402.783 335405599
S[5, 24] 1731.875 335734880
S[5, 25] 1403.331 336406550
C[[4, 1], 1] 3227.67 337230675
S[5, 26] 1654.373 337657767
C[[4, 1], 2] 2826.925 337830143
C[[4, 1], 3] 1826.75 337830143
S[5, 27] 873.162 337876743
C[[4, 1], 4] 1954.822 338958404
CS[4, 0] 25959.339 5955.667 338958483
S[5, 28] 1014.137 339017904
C[[4, 1], 5] 2233.418 340237185
S[5, 29] 1484.68 340488627
C[[4, 1], 6] 1801.641 340805588
S[5, 30] 1508.533 341512670
C[[4, 1], 7] 1876.398 341880535
S[5, 31] 1761.517 342765841
C[[4, 1], 8] 1787.022 342791347
S[5, 32] 1769.478 343773987
C[[4, 1], 9] 1803.791 343808300
S[5, 33] 1678.957 344683645
C[[4, 1], 10] 1711.739 344716427
S[5, 34] 1475.423 345480299
C[[4, 1], 11] 1834.651 345839527
S[5, 35] 1749.066 346754117
C[[4, 1], 12] 1784.566 346789617
S[5, 36] 1747.403 347752648
C[[4, 1], 13] 1769.329 347774574
S[5, 37] 1731.789 348737208
C[[4, 1], 14] 1754.708 348760127
S[5, 38] 1509.206 349514807
C[[4, 1], 15] 1836.12 349841721
S[5, 39] 1701.212 350707002
C[[4, 1], 16] 1749.9 350755690
S[5, 40] 1794.421 351800387
C[[4, 1], 17] 1819.48 351825446
S[5, 41] 1735.333 352741475
C[[4, 1], 18] 1756.086 352762228
S[5, 42] 1479.659 353485987
C[[4, 1], 19] 2225.474 354231802
S[5, 43] 1478.554 354485055
C[[4, 2], 0] 2504.064 355510566
S[5, 44] 1695.952 355702645
S[5, 45] 1793.968 356800851
S[5, 46] 1704.489 357711559
C[[4, 2], 2] 2876.133 357883016
C[[4, 2], 1] 3876.323 357883016
S[5, 47] 1871.192 358878459
C[[4, 2], 3] 3015.441 359022511
C[[4, 2], 4] 2015.244 359022511
CS[4, 1] 26019.803 6016.117 359022619
S[5, 48] 1397.638 359405091
S[5, 49] 1419.724 360427361
C[[4, 2], 5] 2438.607 360446059
S[5, 50] 1453.982 361461806
C[[4, 2], 6] 2818.761 361826397
S[5, 51] 1722.247 362730256
C[[4, 2], 8] 1789.85 362797858
C[[4, 2], 7] 2790.035 362797858
S[5, 52] 1748.764 363756963
C[[4, 2], 9] 1779.341 363787541
S[5, 53] 1815.287 364823667
C[[4, 2], 10] 1873.481 364881860
S[5, 54] 1642.415 365650974
C[[4, 2], 11] 1701.47 365710028
S[5, 55] 1511.592 366520327
C[[4, 2], 12] 1772.962 366781697
S[5, 56] 1696.212 367705126
C[[4, 2], 13] 1751.803 367760717
S[5, 57] 1751.246 368760349
C[[4, 2], 14] 1795.673 368804776
S[5, 58] 1711.612 369720906
C[[4, 2], 15] 1745.259 369754553
S[5, 59] 1733.496 370742964
C[[4, 2], 16] 1760.723 370770192
S[6, 0] 1422.107 371431757
C[[4, 2], 17] 1581.805 371591455
S[6, 1] 1503.184 372513024
C[[4, 2], 18] 1851.371 372861211
SS5 62862.694 2851.643 372861293
S[6, 2] 1506.285 373516313
C[[4, 2], 19] 1543.08 373553109
S[6, 3] 1782.587 374792799
S[6, 4] 1774.041 375784444
C[[5, 0], 0] 3047.479 376057691
S[6, 5] 1751.796 376762387
S[6, 6] 1452.915 377463702
C[[5, 0], 1] 3735.198 377745601
C[[5, 0], 2] 2866.247 377876838
S[6, 7] 1449.604 378460585
CS[4, 3] 5952.326 5952.326 378962538
CS[4, 2] 25956.036 5952.326 378962538
C[[5, 0], 3] 2951.938 378962726
C[[5, 0], 4] 1951.745 378962726
S[6, 8] 1459.168 379470339
C[[5, 0], 5] 2220.17 380231341
S[6, 9] 1492.218 380503575
C[[5, 0], 6] 1872.452 380883809
S[6, 10] 1719.791 381731336
C[[5, 0], 7] 1753.388 381764934
S[6, 11] 1749.6 382761338
C[[5, 0], 8] 1815.077 382826815
S[6, 12] 1711.434 383723351
C[[5, 0], 9] 1757.257 383769174
S[6, 13] 1793.162 384805254
C[[5, 0], 10] 1838.074 384850166
S[6, 14] 1709.431 385721710
C[[5, 0], 11] 1747.067 385759346
S[6, 15] 1491.1 386503569
C[[5, 0], 12] 1771.155 386783624
S[6, 16] 1507.36 387520004
C[[5, 0], 13] 1819.52 387832164
S[6, 17] 1746.002 388758829
C[[5, 0], 14] 1814.562 388827389
S[6, 18] 1723.074 389736088
S[6, 19] 1725.185 390738379
C[[5, 0], 15] 2761.62 390774634
C[[5, 0], 16] 1781.209 390794403
S[6, 20] 1791.133 391804501
C[[5, 0], 17] 1833.905 391847273
S[6, 21] 1735.038 392748593
S[6, 22] 1273.076 393286815
C[[5, 0], 18] 2492.877 393506431
C[[5, 0], 19] 1525.33 393539069
S[6, 23] 1785.604 394799522
C[[5, 1], 0] 2721.635 395735553
S[6, 24] 1748.85 395762976
S[6, 25] 1418.349 396432646
S[6, 26] 1674.162 397688621
C[[5, 1], 1] 3913.208 397927334
C[[5, 1], 2] 2913.037 397927334
S[6, 27] 932.508 397947148
CS[5, 0] 25945.787 5942.081 398955999
C[[5, 1], 3] 2941.676 398956135
C[[5, 1], 4] 1941.495 398956135
S[6, 28] 1013.922 399028752
C[[5, 1], 5] 2363.721 400378551
S[6, 29] 1485.68 400500694
C[[5, 1], 6] 1803.246 400818260
S[6, 30] 1726.907 401742075
C[[5, 1], 7] 1748.075 401763243
S[6, 31] 1795.052 402810440
C[[5, 1], 8] 1844.752 402860140
S[6, 32] 1700.435 403716001
S[6, 33] 1482.995 404498740
C[[5, 1], 9] 2743.993 404759559
C[[5, 1], 10] 1768.226 404783971
S[6, 34] 1514.031 405529962
C[[5, 1], 11] 1845.901 405861831
S[6, 35] 1716.937 406733043
C[[5, 1], 12] 2754.549 407770655
S[6, 36] 1806.153 407822433
C[[5, 1], 13] 1825.133 407841413
S[6, 37] 1679.604 408696067
S[6, 38] 1482.701 409499353
C[[5, 1], 14] 2850.234 409866697
C[[5, 1], 15] 1850.045 409866697
S[6, 39] 1686.711 410703541
C[[5, 1], 16] 1746.115 410762946
S[6, 40] 1782.235 411799268
C[[5, 1], 17] 1808.421 411825454
S[6, 41] 1739.06 412756270
C[[5, 1], 18] 1777.107 412794317
S[6, 42] 1464.111 413481497
C[[5, 1], 19] 2598.303 414615689
S[6, 43] 1816.386 414833953
C[[5, 2], 0] 2429.709 415447275
S[6, 44] 1697.701 415715446
S[6, 45] 1423.437 416441368
S[6, 46] 1446.411 417464542
C[[5, 2], 1] 3859.924 417877668
C[[5, 2], 2] 2859.738 417877668
S[6, 47] 1486.17 418504482
CS[5, 1] 25977.829 5974.18 418991747
C[[5, 2], 3] 2973.756 418991887
C[[5, 2], 4] 1973.575 418991887
S[6, 48] 1715.812 419734311
C[[5, 2], 5] 2135.218 420153717
S[6, 49] 1782.549 420801228
C[[5, 2], 6] 1820.234 420838913
S[6, 50] 1721.352 421740212
C[[5, 2], 7] 1767.334 421786194
S[6, 51] 1805.052 422824101
C[[5, 2], 8] 1828.906 422847956
S[6, 52] 1717.419 423736645
C[[5, 2], 9] 1754.401 423773627
S[6, 53] 1475.122 424494524
C[[5, 2], 10] 1759.12 424778523
S[6, 54] 1523.947 425543508
C[[5, 2], 11] 1835.78 425855342
S[6, 55] 1717.988 426737740
C[[5, 2], 12] 1809.464 426829216
S[6, 56] 1761.263 427781199
C[[5, 2], 13] 1783.311 427803247
S[6, 57] 1733.073 428753197
C[[5, 2], 14] 1756.734 428776858
S[6, 58] 1736.658 429756968
C[[5, 2], 15] 1772.94 429793250
S[6, 59] 1754.855 430775338
C[[5, 2], 16] 1812.301 430832785
S[7, 0] 1800.275 431820946
C[[5, 2], 17] 1834.248 431854919
SS6 61914.225 1903.204 431923875
S[7, 1] 1420.867 432441725
C[[5, 2], 18] 1799.998 432820856
S[7, 2] 1413.511 433434552
S[7, 3] 1488.75 434509987
C[[6, 0], 0] 2889.361 434910402
S[7, 4] 1717.397 435738817
C[[6, 0], 1] 3817.141 436838378
C[[6, 0], 2] 2816.958 436838378
S[7, 5] 1860.029 436881640
S[7, 6] 1679.338 437701124
C[[6, 0], 3] 2753.136 437774747
S[7, 7] 1499.623 438521607
C[[6, 0], 4] 2951.775 438973561
C[[6, 0], 5] 1951.577 438973561
CS[5, 2] 25956.102 6952.628 438973669
S[7, 8] 1693.38 439715551
C[[6, 0], 6] 2361.45 440383621
S[7, 9] 1799.275 440821624
C[[6, 0], 7] 1875.44 440897789
S[7, 10] 1698.568 441721109
S[7, 11] 1486.816 442509535
C[[6, 0], 8] 2814.369 442836910
C[[6, 0], 9] 1814.191 442836910
S[7, 12] 1497.342 443520247
C[[6, 0], 10] 1781.489 443804394
S[7, 13] 1773.143 444796226
C[[6, 0], 11] 1825.025 444848108
