019.000 AFR 00249479781
000.002 WPR 00249559553
000.005 RBE 00249560606
000.003 RBE 00249560601
000.002 RBE 00249560690
000.001 WPR 00249569865
000.001 RBE 00249570579
000.019 AFR 00252104734
000.004 AFR 00252262636
000.004 WPR 00252273023
000.004 RBE 00252273408
000.007 AFR 00252784775
000.019 WPR 00252798948
000.019 RBE 00252799330
000.006 WPR 00252800811
000.017 WPR 00252800931
000.006 RBE 00252801212
000.017 RBE 00252801342
000.007 WPR 00252802218
000.007 RBE 00252802571
000.010 WPR 00252804275
000.012 WPR 00252804496
000.010 RBE 00252804722
000.012 RBE 00252805120
000.011 WPR 00252805170
000.014 WPR 00252805385
000.011 RBE 00252805482
000.014 RBE 00252805768
000.016 WPR 00252805805
000.016 RBE 00252806132
000.009 WPR 00252806456
000.009 RBE 00252806857
000.018 WPR 00252807401
000.018 RBE 00252807763
000.008 WPR 00252808139
000.008 RBE 00252808410
000.020 WPR 00252809171
000.020 RBE 00252809529
000.013 WPR 00252810717
000.013 RBE 00252811321
000.015 WPR 00252825945
000.015 RBE 00252826016
000.022 WPR 00252836506
000.021 WPR 00252836624
000.023 WPR 00252836649
000.024 WPR 00252836745
000.022 RBE 00252837279
000.021 RBE 00252837294
000.023 RBE 00252837361
000.024 RBE 00252837418
000 RTF 253217024
000.023 RPR 00253680774
000.024 RPR 00253681514
000.022 RPR 00253685180
000 REP 0006741 0006742 0067445 0171374 0173579 0174754 0174936 0175202 0175204 0178723 00253690227
000.021 RPR 00253692615
000.005 RPR 00253771420
000.002 RPR 00253771450
000.003 RPR 00253772162
000.004 RPR 00253786632
000.018 RPR 00253790224
000.008 RPR 00253793698
000.014 RPR 00253794074
000.020 RPR 00253795536
000.013 RPR 00253796478
000.017 RPR 00253796542
000.016 RPR 00253797564
000.009 RPR 00253798361
000.007 RPR 00253798527
000.010 RPR 00253803359
000.006 RPR 00253803526
000.011 RPR 00253811557
000.019 RPR 00253813859
000.001 RPR 00254021354
000.015 RPR 00254072173
000.012 RPR 00254088016
015 P 0057339 0059355 1303070 3011018 3012738 3061416 00255685503