00000000147 00000004568 00000024572 00073081068
00000000147 00000004568 00000024572 00073081068
00000000147 00000004568 00000024572 00073081068
00000000147 00000004568 00000024572 00073081068
00000000147 00000004568 00000024572 00073081068
00000000054 00000005477 00000025481 00073984940
00000000054 00000005477 00000025481 00073984940
00000000054 00000005477 00000025481 00073984940
00000000054 00000005477 00000025481 00073984940
00000000054 00000005477 00000025481 00073984940
00000000029 00000006452 00000026456 00074960186
00000000029 00000006452 00000026456 00074960186
00000000029 00000006452 00000026456 00074960186
00000000029 00000006452 00000026456 00074960186
00000000029 00000006452 00000026456 00074960186
00000000032 00000007455 00000027459 00075963610
00000000032 00000007455 00000027459 00075963610
00000000032 00000007455 00000027459 00075963610
00000000032 00000007455 00000027459 00075963610
00000000032 00000007455 00000027459 00075963610
00000000026 00000008449 00000028453 00076957392
00000000026 00000008449 00000028453 00076957392
00000000026 00000008449 00000028453 00076957392
00000000026 00000008449 00000028453 00076957392
00000000026 00000008449 00000028453 00076957392
00000000032 00000009455 00000029459 00077963675
00000000032 00000009455 00000029459 00077963675
00000000032 00000009455 00000029459 00077963675
00000000032 00000009455 00000029459 00077963675
00000000032 00000009455 00000029459 00077963675
00000000030 00000010453 00000030457 00078961091
00000000030 00000010453 00000030457 00078961091
00000000030 00000010453 00000030457 00078961091
00000000030 00000010453 00000030457 00078961091
00000000030 00000010453 00000030457 00078961091
00000000028 00000011452 00000031456 00079960735
00000000028 00000011452 00000031456 00079960735
00000000028 00000011452 00000031456 00079960735
00000000028 00000011452 00000031456 00079960735
00000000028 00000011452 00000031456 00079960735
00000000033 00000012457 00000012457 00080965008
00000000033 00000012457 00000012457 00080965008
00000000033 00000012457 00000012457 00080965008
00000000033 00000012457 00000012457 00080965008
00000000033 00000012457 00000012457 00080965008
00000000033 00000013457 00000013457 00081965441
00000000033 00000013457 00000013457 00081965441
00000000033 00000013457 00000013457 00081965441
00000000033 00000013457 00000013457 00081965441
00000000033 00000013457 00000013457 00081965441
00000000027 00000014451 00000014451 00082958968
00000000027 00000014451 00000014451 00082958968
00000000027 00000014451 00000014451 00082958968
00000000027 00000014451 00000014451 00082958968
00000000027 00000014451 00000014451 00082958968
00000000038 00000015462 00000015462 00083970289
00000000038 00000015462 00000015462 00083970289
00000000038 00000015462 00000015462 00083970289
00000000038 00000015462 00000015462 00083970289
00000000038 00000015462 00000015462 00083970289
00000000022 00000016447 00000016447 00084955191
00000000022 00000016447 00000016447 00084955191
00000000022 00000016447 00000016447 00084955191
00000000022 00000016447 00000016447 00084955191
00000000022 00000016447 00000016447 00084955191
00000000033 00000017458 00000017458 00085966722
00000000033 00000017458 00000017458 00085966722
00000000033 00000017458 00000017458 00085966722
00000000033 00000017458 00000017458 00085966722
00000000033 00000017458 00000017458 00085966722
00000000027 00000018452 00000018452 00086960343
00000000027 00000018452 00000018452 00086960343
00000000027 00000018452 00000018452 00086960343
00000000027 00000018452 00000018452 00086960343
00000000027 00000018452 00000018452 00086960343
00000000027 00000019453 00000019453 00087961408
00000000027 00000019453 00000019453 00087961408
00000000027 00000019453 00000019453 00087961408
00000000027 00000019453 00000019453 00087961408
00000000027 00000019453 00000019453 00087961408
00000000033 00000020459 00000020459 00088967460
00000000033 00000020459 00000020459 00088967460
00000000033 00000020459 00000020459 00088967460
00000000033 00000020459 00000020459 00088967460
00000000033 00000020459 00000020459 00088967460
00000000031 00000021457 00000021457 00089965071
00000000031 00000021457 00000021457 00089965071
00000000031 00000021457 00000021457 00089965071
00000000031 00000021457 00000021457 00089965071
00000000031 00000021457 00000021457 00089965071
00000000060 00000022486 00000022486 00090994007
00000000060 00000022486 00000022486 00090994007
00000000060 00000022486 00000022486 00090994007
00000000060 00000022486 00000022486 00090994007
00000000060 00000022486 00000022486 00090994007
00000000040 00000023466 00000023466 00091974456
00000000040 00000023466 00000023466 00091974456
00000000040 00000023466 00000023466 00091974456
00000000040 00000023466 00000023466 00091974456
00000000040 00000023466 00000023466 00091974456
00000000035 00000024462 00000024462 00092970406
00000000035 00000024462 00000024462 00092970406
00000000035 00000024462 00000024462 00092970406
00000000035 00000024462 00000024462 00092970406
00000000035 00000024462 00000024462 00092970406
00000000030 00000025457 00000025457 00093965026
00000000030 00000025457 00000025457 00093965026
00000000030 00000025457 00000025457 00093965026
00000000030 00000025457 00000025457 00093965026
00000000030 00000025457 00000025457 00093965026
00000000036 00000026463 00000026463 00094971529
00000000036 00000026463 00000026463 00094971529
00000000036 00000026463 00000026463 00094971529
00000000036 00000026463 00000026463 00094971529
00000000036 00000026463 00000026463 00094971529
00000000030 00000027457 00000027457 00095965052
00000000030 00000027457 00000027457 00095965052
00000000030 00000027457 00000027457 00095965052
00000000030 00000027457 00000027457 00095965052
00000000030 00000027457 00000027457 00095965052
00000000023 00000028450 00000028450 00096957820
00000000023 00000028450 00000028450 00096957820
00000000023 00000028450 00000028450 00096957820
00000000023 00000028450 00000028450 00096957820
00000000023 00000028450 00000028450 00096957820
00000000241 00000029668 00000029668 00098176364
00000000241 00000029668 00000029668 00098176364
00000000241 00000029668 00000029668 00098176364
00000000241 00000029668 00000029668 00098176364
00000000241 00000029668 00000029668 00098176364
00000000043 00000030471 00000030471 00098979593
00000000043 00000030471 00000030471 00098979593
00000000043 00000030471 00000030471 00098979593
00000000043 00000030471 00000030471 00098979593
00000000043 00000030471 00000030471 00098979593
00000000463 00000031891 00000031891 00100398947
00000000463 00000031891 00000031891 00100398947
00000000463 00000031891 00000031891 00100398947
00000000463 00000031891 00000031891 00100398947
00000000463 00000031891 00000031891 00100398947
00000000029 00000032457 00000012449 00100965113
00000000029 00000032457 00000012449 00100965113
00000000029 00000032457 00000012449 00100965113
00000000029 00000032457 00000012449 00100965113
00000000029 00000032457 00000012449 00100965113
00000000023 00000033451 00000013443 00101959081
00000000023 00000033451 00000013443 00101959081
00000000023 00000033451 00000013443 00101959081
00000000023 00000033451 00000013443 00101959081
00000000023 00000033451 00000013443 00101959081
00000000033 00000034461 00000014453 00102969600
00000000033 00000034461 00000014453 00102969600
00000000033 00000034461 00000014453 00102969600
00000000033 00000034461 00000014453 00102969600
00000000033 00000034461 00000014453 00102969600
00000000035 00000035464 00000015456 00103972796
00000000035 00000035464 00000015456 00103972796
00000000035 00000035464 00000015456 00103972796
00000000035 00000035464 00000015456 00103972796
00000000035 00000035464 00000015456 00103972796
00000000029 00000036458 00000016450 00104966060
00000000029 00000036458 00000016450 00104966060
00000000029 00000036458 00000016450 00104966060
00000000029 00000036458 00000016450 00104966060
00000000029 00000036458 00000016450 00104966060
00000000026 00000037455 00000017447 00105963533
00000000026 00000037455 00000017447 00105963533
00000000026 00000037455 00000017447 00105963533
00000000026 00000037455 00000017447 00105963533
00000000026 00000037455 00000017447 00105963533
00000000040 00000038469 00000018461 00106977143
00000000040 00000038469 00000018461 00106977143
00000000040 00000038469 00000018461 00106977143
00000000040 00000038469 00000018461 00106977143
00000000040 00000038469 00000018461 00106977143
00000000026 00000039455 00000019447 00107963415
00000000026 00000039455 00000019447 00107963415
00000000026 00000039455 00000019447 00107963415
00000000026 00000039455 00000019447 00107963415
00000000026 00000039455 00000019447 00107963415
00000000044 00000040474 00000020466 00108982440
00000000044 00000040474 00000020466 00108982440
00000000044 00000040474 00000020466 00108982440
00000000044 00000040474 00000020466 00108982440
00000000044 00000040474 00000020466 00108982440
00000000019 00000041449 00000021441 00109957427
00000000019 00000041449 00000021441 00109957427
00000000019 00000041449 00000021441 00109957427
00000000019 00000041449 00000021441 00109957427
00000000019 00000041449 00000021441 00109957427
00000000036 00000042466 00000022458 00110974349
00000000036 00000042466 00000022458 00110974349
00000000036 00000042466 00000022458 00110974349
00000000036 00000042466 00000022458 00110974349
00000000036 00000042466 00000022458 00110974349
00000000027 00000043457 00000023449 00111965473
00000000027 00000043457 00000023449 00111965473
00000000027 00000043457 00000023449 00111965473
00000000027 00000043457 00000023449 00111965473
00000000027 00000043457 00000023449 00111965473
00000000030 00000044460 00000024452 00112968412
00000000030 00000044460 00000024452 00112968412
00000000030 00000044460 00000024452 00112968412
00000000030 00000044460 00000024452 00112968412
00000000030 00000044460 00000024452 00112968412
00000000020 00000045451 00000025443 00113959533
00000000020 00000045451 00000025443 00113959533
00000000020 00000045451 00000025443 00113959533
00000000020 00000045451 00000025443 00113959533
00000000020 00000045451 00000025443 00113959533
00000000058 00000046489 00000026481 00114997520
00000000058 00000046489 00000026481 00114997520
00000000058 00000046489 00000026481 00114997520
00000000058 00000046489 00000026481 00114997520
00000000058 00000046489 00000026481 00114997520
00000000036 00000047467 00000027459 00115974969
00000000036 00000047467 00000027459 00115974969
00000000036 00000047467 00000027459 00115974969
00000000036 00000047467 00000027459 00115974969
00000000036 00000047467 00000027459 00115974969
00000000019 00000048450 00000028442 00116957963
00000000019 00000048450 00000028442 00116957963
00000000019 00000048450 00000028442 00116957963
00000000019 00000048450 00000028442 00116957963
00000000019 00000048450 00000028442 00116957963
00000000023 00000049454 00000029446 00117961932
00000000023 00000049454 00000029446 00117961932
00000000023 00000049454 00000029446 00117961932
00000000023 00000049454 00000029446 00117961932
00000000023 00000049454 00000029446 00117961932
00000000022 00000050454 00000030446 00118962362
00000000022 00000050454 00000030446 00118962362
00000000022 00000050454 00000030446 00118962362
00000000022 00000050454 00000030446 00118962362
00000000022 00000050454 00000030446 00118962362
00000000028 00000051460 00000031452 00119968426
00000000028 00000051460 00000031452 00119968426
00000000028 00000051460 00000031452 00119968426
00000000028 00000051460 00000031452 00119968426
00000000028 00000051460 00000031452 00119968426
00000000034 00000052466 00000012448 00120974556
00000000034 00000052466 00000012448 00120974556
00000000034 00000052466 00000012448 00120974556
00000000034 00000052466 00000012448 00120974556
00000000034 00000052466 00000012448 00120974556
00000000036 00000053468 00000013450 00121975825
00000000036 00000053468 00000013450 00121975825
00000000036 00000053468 00000013450 00121975825
00000000036 00000053468 00000013450 00121975825
00000000036 00000053468 00000013450 00121975825
00000000024 00000054456 00000014438 00122964558
00000000024 00000054456 00000014438 00122964558
00000000024 00000054456 00000014438 00122964558
00000000024 00000054456 00000014438 00122964558
00000000024 00000054456 00000014438 00122964558
00000000028 00000055460 00000015442 00123967935
00000000028 00000055460 00000015442 00123967935
00000000028 00000055460 00000015442 00123967935
00000000028 00000055460 00000015442 00123967935
00000000028 00000055460 00000015442 00123967935
00000000034 00000056467 00000016449 00124974854
00000000034 00000056467 00000016449 00124974854
00000000034 00000056467 00000016449 00124974854
00000000034 00000056467 00000016449 00124974854
00000000034 00000056467 00000016449 00124974854
00000000023 00000057456 00000017438 00125964124
00000000023 00000057456 00000017438 00125964124
00000000023 00000057456 00000017438 00125964124
00000000023 00000057456 00000017438 00125964124
00000000023 00000057456 00000017438 00125964124
00000000029 00000058462 00000018444 00126970078
00000000029 00000058462 00000018444 00126970078
00000000029 00000058462 00000018444 00126970078
00000000029 00000058462 00000018444 00126970078
00000000029 00000058462 00000018444 00126970078
00000000017 00000059450 00000019432 00127958700
00000000017 00000059450 00000019432 00127958700
00000000017 00000059450 00000019432 00127958700
00000000017 00000059450 00000019432 00127958700
00000000017 00000059450 00000019432 00127958700
00000000028 00000060461 00000020443 00128969308
00000000028 00000060461 00000020443 00128969308
00000000028 00000060461 00000020443 00128969308
00000000028 00000060461 00000020443 00128969308
00000000028 00000060461 00000020443 00128969308
00000000028 00000061462 00000021444 00129969887
00000000028 00000061462 00000021444 00129969887
00000000028 00000061462 00000021444 00129969887
00000000028 00000061462 00000021444 00129969887
00000000028 00000061462 00000021444 00129969887
00000000074 00000062508 00000022490 00131016744
00000000074 00000062508 00000022490 00131016744
00000000074 00000062508 00000022490 00131016744
00000000074 00000062508 00000022490 00131016744
00000000074 00000062508 00000022490 00131016744
00000000035 00000063469 00000023451 00131977570
00000000035 00000063469 00000023451 00131977570
00000000035 00000063469 00000023451 00131977570
00000000035 00000063469 00000023451 00131977570
00000000035 00000063469 00000023451 00131977570
00000000048 00000064482 00000024464 00132990204
00000000048 00000064482 00000024464 00132990204
00000000048 00000064482 00000024464 00132990204
00000000048 00000064482 00000024464 00132990204
00000000048 00000064482 00000024464 00132990204
00000000037 00000065471 00000025453 00133979481
00000000037 00000065471 00000025453 00133979481
00000000037 00000065471 00000025453 00133979481
00000000037 00000065471 00000025453 00133979481
00000000037 00000065471 00000025453 00133979481
00000000111 00000066546 00000026528 00135054354
00000000111 00000066546 00000026528 00135054354
00000000111 00000066546 00000026528 00135054354
00000000111 00000066546 00000026528 00135054354
00000000111 00000066546 00000026528 00135054354
00000000047 00000067482 00000027464 00135990474
00000000047 00000067482 00000027464 00135990474
00000000047 00000067482 00000027464 00135990474
00000000047 00000067482 00000027464 00135990474
00000000047 00000067482 00000027464 00135990474
00000000134 00000068569 00000028551 00137076866
00000000134 00000068569 00000028551 00137076866
00000000134 00000068569 00000028551 00137076866
00000000134 00000068569 00000028551 00137076866
00000000134 00000068569 00000028551 00137076866
00000000035 00000069470 00000029452 00137978076
00000000035 00000069470 00000029452 00137978076
00000000035 00000069470 00000029452 00137978076
00000000035 00000069470 00000029452 00137978076
00000000035 00000069470 00000029452 00137978076
00000000152 00000070587 00000030569 00139095568
00000000152 00000070587 00000030569 00139095568
00000000152 00000070587 00000030569 00139095568
00000000152 00000070587 00000030569 00139095568
00000000152 00000070587 00000030569 00139095568
00000000024 00000071460 00000031442 00139968759
00000000024 00000071460 00000031442 00139968759
00000000024 00000071460 00000031442 00139968759
00000000024 00000071460 00000031442 00139968759
00000000024 00000071460 00000031442 00139968759
00000000077 00000072513 00000032495 00141021634
00000000077 00000072513 00000032495 00141021634
00000000077 00000072513 00000032495 00141021634
00000000077 00000072513 00000032495 00141021634
00000000077 00000072513 00000032495 00141021634
00000000234 00000073670 00000033652 00142178715
00000000234 00000073670 00000033652 00142178715
00000000234 00000073670 00000033652 00142178715
00000000234 00000073670 00000033652 00142178715
00000000234 00000073670 00000033652 00142178715
00000000036 00000074472 00000034454 00142980278
00000000036 00000074472 00000034454 00142980278
00000000036 00000074472 00000034454 00142980278
00000000036 00000074472 00000034454 00142980278
00000000036 00000074472 00000034454 00142980278
00000000026 00000075462 00000015440 00143970304
00000000026 00000075462 00000015440 00143970304
00000000026 00000075462 00000015440 00143970304
00000000026 00000075462 00000015440 00143970304
00000000026 00000075462 00000015440 00143970304
00000000024 00000076461 00000016439 00144969450
00000000024 00000076461 00000016439 00144969450
00000000024 00000076461 00000016439 00144969450
00000000024 00000076461 00000016439 00144969450
00000000024 00000076461 00000016439 00144969450
00000000045 00000077482 00000013459 00145990326
00000000045 00000077482 00000013459 00145990326
00000000045 00000077482 00000013459 00145990326
00000000045 00000077482 00000013459 00145990326
00000000045 00000077482 00000013459 00145990326
00000000019 00000078456 00000014433 00146964253
00000000019 00000078456 00000014433 00146964253
00000000019 00000078456 00000014433 00146964253
00000000019 00000078456 00000014433 00146964253
00000000019 00000078456 00000014433 00146964253
00000000038 00000079475 00000015452 00147983594
00000000038 00000079475 00000015452 00147983594
00000000038 00000079475 00000015452 00147983594
00000000038 00000079475 00000015452 00147983594
00000000038 00000079475 00000015452 00147983594
00000000034 00000080471 00000016448 00148978989
00000000034 00000080471 00000016448 00148978989
00000000034 00000080471 00000016448 00148978989
00000000034 00000080471 00000016448 00148978989
00000000034 00000080471 00000016448 00148978989
00000000023 00000081460 00000017437 00149968398
00000000023 00000081460 00000017437 00149968398
00000000023 00000081460 00000017437 00149968398
00000000023 00000081460 00000017437 00149968398
00000000023 00000081460 00000017437 00149968398
00000000042 00000082480 00000018457 00150987994
00000000042 00000082480 00000018457 00150987994
00000000042 00000082480 00000018457 00150987994
00000000042 00000082480 00000018457 00150987994
00000000042 00000082480 00000018457 00150987994
00000000050 00000083494 00000019471 00152002068
00000000050 00000083494 00000019471 00152002068
00000000050 00000083494 00000019471 00152002068
00000000050 00000083494 00000019471 00152002068
00000000050 00000083494 00000019471 00152002068
00000000031 00000084475 00000020452 00152983022
00000000031 00000084475 00000020452 00152983022
00000000031 00000084475 00000020452 00152983022
00000000031 00000084475 00000020452 00152983022
00000000031 00000084475 00000020452 00152983022
00000000035 00000085479 00000021456 00153987519
00000000035 00000085479 00000021456 00153987519
00000000035 00000085479 00000021456 00153987519
00000000035 00000085479 00000021456 00153987519
00000000035 00000085479 00000021456 00153987519
00000000051 00000086495 00000022472 00155003481
00000000051 00000086495 00000022472 00155003481
00000000051 00000086495 00000022472 00155003481
00000000051 00000086495 00000022472 00155003481
00000000051 00000086495 00000022472 00155003481
00000000027 00000087472 00000023449 00155980356
00000000027 00000087472 00000023449 00155980356
00000000027 00000087472 00000023449 00155980356
00000000027 00000087472 00000023449 00155980356
00000000027 00000087472 00000023449 00155980356
00000000034 00000088479 00000024456 00156987557
00000000034 00000088479 00000024456 00156987557
00000000034 00000088479 00000024456 00156987557
00000000034 00000088479 00000024456 00156987557
00000000034 00000088479 00000024456 00156987557
00000000058 00000089503 00000025480 00158011041
00000000058 00000089503 00000025480 00158011041
00000000058 00000089503 00000025480 00158011041
00000000058 00000089503 00000025480 00158011041
00000000058 00000089503 00000025480 00158011041
00000000052 00000090497 00000026474 00159004949
00000000052 00000090497 00000026474 00159004949
00000000052 00000090497 00000026474 00159004949
00000000052 00000090497 00000026474 00159004949
00000000052 00000090497 00000026474 00159004949
00000000026 00000091471 00000027448 00159979075
00000000026 00000091471 00000027448 00159979075
00000000026 00000091471 00000027448 00159979075
00000000026 00000091471 00000027448 00159979075
00000000026 00000091471 00000027448 00159979075
00000000028 00000092474 00000028451 00160982589
00000000028 00000092474 00000028451 00160982589
00000000028 00000092474 00000028451 00160982589
00000000028 00000092474 00000028451 00160982589
00000000028 00000092474 00000028451 00160982589
00000000023 00000093469 00000029446 00161977782
00000000023 00000093469 00000029446 00161977782
00000000023 00000093469 00000029446 00161977782
00000000023 00000093469 00000029446 00161977782
00000000023 00000093469 00000029446 00161977782
00000000059 00000094505 00000030482 00163013725
00000000059 00000094505 00000030482 00163013725
00000000059 00000094505 00000030482 00163013725
00000000059 00000094505 00000030482 00163013725
00000000059 00000094505 00000030482 00163013725
00000000024 00000095470 00000031447 00163978371
00000000024 00000095470 00000031447 00163978371
00000000024 00000095470 00000031447 00163978371
00000000024 00000095470 00000031447 00163978371
00000000024 00000095470 00000031447 00163978371
00000000029 00000096475 00000032452 00164983202
00000000029 00000096475 00000032452 00164983202
00000000029 00000096475 00000032452 00164983202
00000000029 00000096475 00000032452 00164983202
00000000029 00000096475 00000032452 00164983202
00000000024 00000097470 00000033447 00165978147
00000000024 00000097470 00000033447 00165978147
00000000024 00000097470 00000033447 00165978147
00000000024 00000097470 00000033447 00165978147
00000000024 00000097470 00000033447 00165978147
00000000035 00000038460 00000014456 00166989797
00000000035 00000038460 00000014456 00166989797
00000000035 00000038460 00000014456 00166989797
00000000035 00000038460 00000014456 00166989797
00000000035 00000038460 00000014456 00166989797
00000000038 00000039463 00000015459 00167993588
00000000038 00000039463 00000015459 00167993588
00000000038 00000039463 00000015459 00167993588
00000000038 00000039463 00000015459 00167993588
00000000038 00000039463 00000015459 00167993588
00000000025 00000040450 00000016446 00168980724
00000000025 00000040450 00000016446 00168980724
00000000025 00000040450 00000016446 00168980724
00000000025 00000040450 00000016446 00168980724
00000000025 00000040450 00000016446 00168980724
00000000037 00000041462 00000017458 00169992461
00000000037 00000041462 00000017458 00169992461
00000000037 00000041462 00000017458 00169992461
00000000037 00000041462 00000017458 00169992461
00000000037 00000041462 00000017458 00169992461
00000000035 00000042460 00000018456 00170990337
00000000035 00000042460 00000018456 00170990337
00000000035 00000042460 00000018456 00170990337
00000000035 00000042460 00000018456 00170990337
00000000035 00000042460 00000018456 00170990337
00000000023 00000043449 00000019445 00171978902
00000000023 00000043449 00000019445 00171978902
00000000023 00000043449 00000019445 00171978902
00000000023 00000043449 00000019445 00171978902
00000000023 00000043449 00000019445 00171978902
00000000027 00000044453 00000020449 00172983409
00000000027 00000044453 00000020449 00172983409
00000000027 00000044453 00000020449 00172983409
00000000027 00000044453 00000020449 00172983409
00000000027 00000044453 00000020449 00172983409
00000000025 00000045451 00000021447 00173981148
00000000025 00000045451 00000021447 00173981148
00000000025 00000045451 00000021447 00173981148
00000000025 00000045451 00000021447 00173981148
00000000025 00000045451 00000021447 00173981148
00000000082 00000046508 00000022504 00175038680
00000000082 00000046508 00000022504 00175038680
00000000082 00000046508 00000022504 00175038680
00000000082 00000046508 00000022504 00175038680
00000000082 00000046508 00000022504 00175038680
00000000029 00000047455 00000023451 00175985684
00000000029 00000047455 00000023451 00175985684
00000000029 00000047455 00000023451 00175985684
00000000029 00000047455 00000023451 00175985684
00000000029 00000047455 00000023451 00175985684
00000000036 00000048462 00000024458 00176992476
00000000036 00000048462 00000024458 00176992476
00000000036 00000048462 00000024458 00176992476
00000000036 00000048462 00000024458 00176992476
00000000036 00000048462 00000024458 00176992476
00000000031 00000049458 00000025454 00177987911
00000000031 00000049458 00000025454 00177987911
00000000031 00000049458 00000025454 00177987911
00000000031 00000049458 00000025454 00177987911
00000000031 00000049458 00000025454 00177987911
00000000052 00000050479 00000026475 00179009396
00000000052 00000050479 00000026475 00179009396
00000000052 00000050479 00000026475 00179009396
00000000052 00000050479 00000026475 00179009396
00000000052 00000050479 00000026475 00179009396
00000000025 00000051452 00000027448 00179981972
00000000025 00000051452 00000027448 00179981972
00000000025 00000051452 00000027448 00179981972
00000000025 00000051452 00000027448 00179981972
00000000025 00000051452 00000027448 00179981972
00000000027 00000052454 00000028450 00180984698
00000000027 00000052454 00000028450 00180984698
00000000027 00000052454 00000028450 00180984698
00000000027 00000052454 00000028450 00180984698
00000000027 00000052454 00000028450 00180984698
00000000032 00000053459 00000029455 00181989431
00000000032 00000053459 00000029455 00181989431
00000000032 00000053459 00000029455 00181989431
00000000032 00000053459 00000029455 00181989431
00000000032 00000053459 00000029455 00181989431
00000000046 00000054474 00000030470 00183003971
00000000046 00000054474 00000030470 00183003971
00000000046 00000054474 00000030470 00183003971
00000000046 00000054474 00000030470 00183003971
00000000046 00000054474 00000030470 00183003971
00000000056 00000055484 00000031480 00184014023
00000000056 00000055484 00000031480 00184014023
00000000056 00000055484 00000031480 00184014023
00000000056 00000055484 00000031480 00184014023
00000000056 00000055484 00000031480 00184014023
00000000026 00000056454 00000032450 00184984576
00000000026 00000056454 00000032450 00184984576
00000000026 00000056454 00000032450 00184984576
00000000026 00000056454 00000032450 00184984576
00000000026 00000056454 00000032450 00184984576
00000000032 00000057460 00000013452 00185990643
00000000032 00000057460 00000013452 00185990643
00000000032 00000057460 00000013452 00185990643
00000000032 00000057460 00000013452 00185990643
00000000032 00000057460 00000013452 00185990643
00000000022 00000058450 00000014442 00186980557
00000000022 00000058450 00000014442 00186980557
00000000022 00000058450 00000014442 00186980557
00000000022 00000058450 00000014442 00186980557
00000000022 00000058450 00000014442 00186980557
00000000031 00000059460 00000015452 00187990234
00000000031 00000059460 00000015452 00187990234
00000000031 00000059460 00000015452 00187990234
00000000031 00000059460 00000015452 00187990234
00000000031 00000059460 00000015452 00187990234
00000000042 00000060471 00000016463 00189001490
00000000042 00000060471 00000016463 00189001490
00000000042 00000060471 00000016463 00189001490
00000000042 00000060471 00000016463 00189001490
00000000042 00000060471 00000016463 00189001490
00000000029 00000061458 00000017450 00189988401
00000000029 00000061458 00000017450 00189988401
00000000029 00000061458 00000017450 00189988401
00000000029 00000061458 00000017450 00189988401
00000000029 00000061458 00000017450 00189988401
00000000034 00000062463 00000018455 00190992889
00000000034 00000062463 00000018455 00190992889
00000000034 00000062463 00000018455 00190992889
00000000034 00000062463 00000018455 00190992889
00000000034 00000062463 00000018455 00190992889
00000000047 00000063476 00000019468 00192006684
00000000047 00000063476 00000019468 00192006684
00000000047 00000063476 00000019468 00192006684
00000000047 00000063476 00000019468 00192006684
00000000047 00000063476 00000019468 00192006684
00000000028 00000064458 00000020450 00192988795
00000000028 00000064458 00000020450 00192988795
00000000028 00000064458 00000020450 00192988795
00000000028 00000064458 00000020450 00192988795
00000000028 00000064458 00000020450 00192988795
00000000121 00000065551 00000021543 00194081313
00000000121 00000065551 00000021543 00194081313
00000000121 00000065551 00000021543 00194081313
00000000121 00000065551 00000021543 00194081313
00000000121 00000065551 00000021543 00194081313
00000000022 00000066452 00000022444 00194982616
00000000022 00000066452 00000022444 00194982616
00000000022 00000066452 00000022444 00194982616
00000000022 00000066452 00000022444 00194982616
00000000022 00000066452 00000022444 00194982616
00000000024 00000067454 00000023446 00195984134
00000000024 00000067454 00000023446 00195984134
00000000024 00000067454 00000023446 00195984134
00000000024 00000067454 00000023446 00195984134
00000000024 00000067454 00000023446 00195984134
00000000039 00000068469 00000024461 00196999349
00000000039 00000068469 00000024461 00196999349
00000000039 00000068469 00000024461 00196999349
00000000039 00000068469 00000024461 00196999349
00000000039 00000068469 00000024461 00196999349
00000000035 00000069466 00000025458 00197996708
00000000035 00000069466 00000025458 00197996708
00000000035 00000069466 00000025458 00197996708
00000000035 00000069466 00000025458 00197996708
00000000035 00000069466 00000025458 00197996708
00000000023 00000070454 00000026446 00198984079
00000000023 00000070454 00000026446 00198984079
00000000023 00000070454 00000026446 00198984079
00000000023 00000070454 00000026446 00198984079
00000000023 00000070454 00000026446 00198984079
00000000025 00000071456 00000027448 00199986390
00000000025 00000071456 00000027448 00199986390
00000000025 00000071456 00000027448 00199986390
00000000025 00000071456 00000027448 00199986390
00000000025 00000071456 00000027448 00199986390
00000000052 00000072483 00000028475 00201012824
00000000052 00000072483 00000028475 00201012824
00000000052 00000072483 00000028475 00201012824
00000000052 00000072483 00000028475 00201012824
00000000052 00000072483 00000028475 00201012824
00000000039 00000073470 00000029462 00202000759
00000000039 00000073470 00000029462 00202000759
00000000039 00000073470 00000029462 00202000759
00000000039 00000073470 00000029462 00202000759
00000000039 00000073470 00000029462 00202000759
00000000405 00000074836 00000030828 00203366489
00000000405 00000074836 00000030828 00203366489
00000000405 00000074836 00000030828 00203366489
00000000405 00000074836 00000030828 00203366489
00000000405 00000074836 00000030828 00203366489
00000000025 00000075457 00000012446 00203987778
00000000025 00000075457 00000012446 00203987778
00000000025 00000075457 00000012446 00203987778
00000000025 00000075457 00000012446 00203987778
00000000025 00000075457 00000012446 00203987778
00000000054 00000076486 00000013475 00205016487
00000000054 00000076486 00000013475 00205016487
00000000054 00000076486 00000013475 00205016487
00000000054 00000076486 00000013475 00205016487
00000000054 00000076486 00000013475 00205016487
00000000030 00000077462 00000014451 00205992030
00000000030 00000077462 00000014451 00205992030
00000000030 00000077462 00000014451 00205992030
00000000030 00000077462 00000014451 00205992030
00000000030 00000077462 00000014451 00205992030
00000000026 00000078458 00000015447 00206988611
00000000026 00000078458 00000015447 00206988611
00000000026 00000078458 00000015447 00206988611
00000000026 00000078458 00000015447 00206988611
00000000026 00000078458 00000015447 00206988611
00000000028 00000079460 00000016449 00207990712
00000000028 00000079460 00000016449 00207990712
00000000028 00000079460 00000016449 00207990712
00000000028 00000079460 00000016449 00207990712
00000000028 00000079460 00000016449 00207990712
00000000025 00000080458 00000017447 00208988490
00000000025 00000080458 00000017447 00208988490
00000000025 00000080458 00000017447 00208988490
00000000025 00000080458 00000017447 00208988490
00000000025 00000080458 00000017447 00208988490
00000000035 00000081468 00000018457 00209998154
00000000035 00000081468 00000018457 00209998154
00000000035 00000081468 00000018457 00209998154
00000000035 00000081468 00000018457 00209998154
00000000035 00000081468 00000018457 00209998154
00000000021 00000082454 00000019443 00210983933
00000000021 00000082454 00000019443 00210983933
00000000021 00000082454 00000019443 00210983933
00000000021 00000082454 00000019443 00210983933
00000000021 00000082454 00000019443 00210983933
00000000036 00000083469 00000020458 00211999577
00000000036 00000083469 00000020458 00211999577
00000000036 00000083469 00000020458 00211999577
00000000036 00000083469 00000020458 00211999577
00000000036 00000083469 00000020458 00211999577
00000000078 00000084511 00000021500 00213041644
00000000078 00000084511 00000021500 00213041644
00000000078 00000084511 00000021500 00213041644
00000000078 00000084511 00000021500 00213041644
00000000078 00000084511 00000021500 00213041644
00000000100 00000085534 00000022523 00214064629
00000000100 00000085534 00000022523 00214064629
00000000100 00000085534 00000022523 00214064629
00000000100 00000085534 00000022523 00214064629
00000000100 00000085534 00000022523 00214064629
00000000026 00000086460 00000023449 00214990329
00000000026 00000086460 00000023449 00214990329
00000000026 00000086460 00000023449 00214990329
00000000026 00000086460 00000023449 00214990329
00000000026 00000086460 00000023449 00214990329
00000000043 00000087477 00000024466 00216007212
00000000043 00000087477 00000024466 00216007212
00000000043 00000087477 00000024466 00216007212
00000000043 00000087477 00000024466 00216007212
00000000043 00000087477 00000024466 00216007212
00000000029 00000088463 00000025452 00216992992
00000000029 00000088463 00000025452 00216992992
00000000029 00000088463 00000025452 00216992992
00000000029 00000088463 00000025452 00216992992
00000000029 00000088463 00000025452 00216992992
00000000021 00000089455 00000026444 00217985240
00000000021 00000089455 00000026444 00217985240
00000000021 00000089455 00000026444 00217985240
00000000021 00000089455 00000026444 00217985240
00000000021 00000089455 00000026444 00217985240
00000000027 00000090462 00000027451 00218992430
00000000027 00000090462 00000027451 00218992430
00000000027 00000090462 00000027451 00218992430
00000000027 00000090462 00000027451 00218992430
00000000027 00000090462 00000027451 00218992430
00000000033 00000091468 00000028457 00219997853
00000000033 00000091468 00000028457 00219997853
00000000033 00000091468 00000028457 00219997853
00000000033 00000091468 00000028457 00219997853
00000000033 00000091468 00000028457 00219997853
00000000038 00000092473 00000029462 00221002963
00000000038 00000092473 00000029462 00221002963
00000000038 00000092473 00000029462 00221002963
00000000038 00000092473 00000029462 00221002963
00000000038 00000092473 00000029462 00221002963
00000000059 00000093494 00000030483 00222024205
00000000059 00000093494 00000030483 00222024205
00000000059 00000093494 00000030483 00222024205
00000000059 00000093494 00000030483 00222024205
00000000059 00000093494 00000030483 00222024205
00000000067 00000094502 00000031491 00223031803
00000000067 00000094502 00000031491 00223031803
00000000067 00000094502 00000031491 00223031803
00000000067 00000094502 00000031491 00223031803
00000000067 00000094502 00000031491 00223031803
00000000076 00000035500 00000012496 00224041237
00000000076 00000035500 00000012496 00224041237
00000000076 00000035500 00000012496 00224041237
00000000076 00000035500 00000012496 00224041237
00000000076 00000035500 00000012496 00224041237
00000000036 00000036461 00000013457 00225002111
00000000036 00000036461 00000013457 00225002111
00000000036 00000036461 00000013457 00225002111
00000000036 00000036461 00000013457 00225002111
00000000036 00000036461 00000013457 00225002111
00000000030 00000037455 00000014451 00225996446
00000000030 00000037455 00000014451 00225996446
00000000030 00000037455 00000014451 00225996446
00000000030 00000037455 00000014451 00225996446
00000000030 00000037455 00000014451 00225996446
00000000046 00000038471 00000015467 00227012015
00000000046 00000038471 00000015467 00227012015
00000000046 00000038471 00000015467 00227012015
00000000046 00000038471 00000015467 00227012015
00000000046 00000038471 00000015467 00227012015
00000000034 00000039459 00000016455 00227999883
00000000034 00000039459 00000016455 00227999883
00000000034 00000039459 00000016455 00227999883
00000000034 00000039459 00000016455 00227999883
00000000034 00000039459 00000016455 00227999883
00000000023 00000040448 00000017444 00228988812
00000000023 00000040448 00000017444 00228988812
00000000023 00000040448 00000017444 00228988812
00000000023 00000040448 00000017444 00228988812
00000000023 00000040448 00000017444 00228988812
00000000031 00000041457 00000018453 00229998475
00000000031 00000041457 00000018453 00229998475
00000000031 00000041457 00000018453 00229998475
00000000031 00000041457 00000018453 00229998475
00000000031 00000041457 00000018453 00229998475
00000000029 00000042461 00000019457 00231001937
00000000029 00000042461 00000019457 00231001937
00000000029 00000042461 00000019457 00231001937
00000000029 00000042461 00000019457 00231001937
00000000029 00000042461 00000019457 00231001937
00000000023 00000043456 00000020452 00231997607
00000000023 00000043456 00000020452 00231997607
00000000023 00000043456 00000020452 00231997607
00000000023 00000043456 00000020452 00231997607
00000000023 00000043456 00000020452 00231997607
00000000039 00000044472 00000021468 00233013397
00000000039 00000044472 00000021468 00233013397
00000000039 00000044472 00000021468 00233013397
00000000039 00000044472 00000021468 00233013397
00000000039 00000044472 00000021468 00233013397
00000000071 00000045504 00000022500 00234045443
00000000071 00000045504 00000022500 00234045443
00000000071 00000045504 00000022500 00234045443
00000000071 00000045504 00000022500 00234045443
00000000071 00000045504 00000022500 00234045443
00000000035 00000046468 00000023464 00235009194
00000000035 00000046468 00000023464 00235009194
00000000035 00000046468 00000023464 00235009194
00000000035 00000046468 00000023464 00235009194
00000000035 00000046468 00000023464 00235009194
00000000031 00000047464 00000024460 00236005562
00000000031 00000047464 00000024460 00236005562
00000000031 00000047464 00000024460 00236005562
00000000031 00000047464 00000024460 00236005562
00000000031 00000047464 00000024460 00236005562
00000000033 00000048467 00000025463 00237008581
00000000033 00000048467 00000025463 00237008581
00000000033 00000048467 00000025463 00237008581
00000000033 00000048467 00000025463 00237008581
00000000033 00000048467 00000025463 00237008581
00000000029 00000049463 00000026459 00238004523
00000000029 00000049463 00000026459 00238004523
00000000029 00000049463 00000026459 00238004523
00000000029 00000049463 00000026459 00238004523
00000000029 00000049463 00000026459 00238004523
00000000042 00000050476 00000027472 00239017680
00000000042 00000050476 00000027472 00239017680
00000000042 00000050476 00000027472 00239017680
00000000042 00000050476 00000027472 00239017680
00000000042 00000050476 00000027472 00239017680
00000000046 00000051480 00000028476 00240020924
00000000046 00000051480 00000028476 00240020924
00000000046 00000051480 00000028476 00240020924
00000000046 00000051480 00000028476 00240020924
00000000046 00000051480 00000028476 00240020924
00000000032 00000052466 00000029462 00241007316
00000000032 00000052466 00000029462 00241007316
00000000032 00000052466 00000029462 00241007316
00000000032 00000052466 00000029462 00241007316
00000000032 00000052466 00000029462 00241007316
00000000235 00000053669 00000030665 00242209926
00000000235 00000053669 00000030665 00242209926
00000000235 00000053669 00000030665 00242209926
00000000235 00000053669 00000030665 00242209926
00000000235 00000053669 00000030665 00242209926
00000000030 00000054465 00000031461 00243006188
00000000030 00000054465 00000031461 00243006188
00000000030 00000054465 00000031461 00243006188
00000000030 00000054465 00000031461 00243006188
00000000030 00000054465 00000031461 00243006188
00000000390 00000055825 00000032821 00244366195
00000000390 00000055825 00000032821 00244366195
00000000390 00000055825 00000032821 00244366195
00000000390 00000055825 00000032821 00244366195
00000000390 00000055825 00000032821 00244366195
00000000030 00000056465 00000013457 00245006079
00000000030 00000056465 00000013457 00245006079
00000000030 00000056465 00000013457 00245006079
00000000030 00000056465 00000013457 00245006079
00000000030 00000056465 00000013457 00245006079
00000000028 00000057463 00000014455 00246004175
00000000028 00000057463 00000014455 00246004175
00000000028 00000057463 00000014455 00246004175
00000000028 00000057463 00000014455 00246004175
00000000028 00000057463 00000014455 00246004175
00000000033 00000058468 00000015460 00247008906
00000000033 00000058468 00000015460 00247008906
00000000033 00000058468 00000015460 00247008906
00000000033 00000058468 00000015460 00247008906
00000000033 00000058468 00000015460 00247008906
00000000037 00000059473 00000016465 00248014447
00000000037 00000059473 00000016465 00248014447
00000000037 00000059473 00000016465 00248014447
00000000037 00000059473 00000016465 00248014447
00000000037 00000059473 00000016465 00248014447
00000000034 00000060470 00000017462 00249010905
00000000034 00000060470 00000017462 00249010905
00000000034 00000060470 00000017462 00249010905
00000000034 00000060470 00000017462 00249010905
00000000034 00000060470 00000017462 00249010905
00000000042 00000061478 00000018470 00250019330
00000000042 00000061478 00000018470 00250019330
00000000042 00000061478 00000018470 00250019330
00000000042 00000061478 00000018470 00250019330
00000000042 00000061478 00000018470 00250019330
00000000048 00000062484 00000019476 00251025597
00000000048 00000062484 00000019476 00251025597
00000000048 00000062484 00000019476 00251025597
00000000048 00000062484 00000019476 00251025597
00000000048 00000062484 00000019476 00251025597
00000000033 00000063469 00000020461 00252010029
00000000033 00000063469 00000020461 00252010029
00000000033 00000063469 00000020461 00252010029
00000000033 00000063469 00000020461 00252010029
00000000033 00000063469 00000020461 00252010029
00000001100 00000065537 00000022529 00254077986
00000001100 00000065537 00000022529 00254077986
00000001100 00000065537 00000022529 00254077986
00000001100 00000065537 00000022529 00254077986
00000001100 00000065537 00000022529 00254077986
00000000032 00000066525 00000023517 00255066392
00000000032 00000066525 00000023517 00255066392
00000000032 00000066525 00000023517 00255066392
00000000032 00000066525 00000023517 00255066392
00000000032 00000066525 00000023517 00255066392
00000000033 00000067526 00000024518 00256067253
00000000033 00000067526 00000024518 00256067253
00000000033 00000067526 00000024518 00256067253
00000000033 00000067526 00000024518 00256067253
00000000033 00000067526 00000024518 00256067253
00000000057 00000068550 00000025542 00257091207
00000000057 00000068550 00000025542 00257091207
00000000057 00000068550 00000025542 00257091207
00000000057 00000068550 00000025542 00257091207
00000000057 00000068550 00000025542 00257091207
00000000071 00000069564 00000026556 00258105058
00000000071 00000069564 00000026556 00258105058
00000000071 00000069564 00000026556 00258105058
00000000071 00000069564 00000026556 00258105058
00000000071 00000069564 00000026556 00258105058
00000000042 00000070536 00000027528 00259077471
00000000042 00000070536 00000027528 00259077471
00000000042 00000070536 00000027528 00259077471
00000000042 00000070536 00000027528 00259077471
00000000042 00000070536 00000027528 00259077471
00000000036 00000071530 00000028522 00260071657
00000000036 00000071530 00000028522 00260071657
00000000036 00000071530 00000028522 00260071657
00000000036 00000071530 00000028522 00260071657
00000000036 00000071530 00000028522 00260071657
00000000041 00000072535 00000029527 00261075854
00000000041 00000072535 00000029527 00261075854
00000000041 00000072535 00000029527 00261075854
00000000041 00000072535 00000029527 00261075854
00000000041 00000072535 00000029527 00261075854
00000000037 00000073531 00000030523 00262072708
00000000037 00000073531 00000030523 00262072708
00000000037 00000073531 00000030523 00262072708
00000000037 00000073531 00000030523 00262072708
00000000037 00000073531 00000030523 00262072708
00000000054 00000074548 00000031540 00263088887
00000000054 00000074548 00000031540 00263088887
00000000054 00000074548 00000031540 00263088887
00000000054 00000074548 00000031540 00263088887
00000000054 00000074548 00000031540 00263088887
00000000049 00000075543 00000032535 00264084001
00000000049 00000075543 00000032535 00264084001
00000000049 00000075543 00000032535 00264084001
00000000049 00000075543 00000032535 00264084001
00000000049 00000075543 00000032535 00264084001
00000000056 00000076551 00000033543 00265091922
00000000056 00000076551 00000033543 00265091922
00000000056 00000076551 00000033543 00265091922
00000000056 00000076551 00000033543 00265091922
00000000056 00000076551 00000033543 00265091922
00000000068 00000077563 00000034555 00266103911
00000000068 00000077563 00000034555 00266103911
00000000068 00000077563 00000034555 00266103911
00000000068 00000077563 00000034555 00266103911
00000000068 00000077563 00000034555 00266103911
00000000025 00000078520 00000035512 00267061402
00000000025 00000078520 00000035512 00267061402
00000000025 00000078520 00000035512 00267061402
00000000025 00000078520 00000035512 00267061402
00000000025 00000078520 00000035512 00267061402
00000000142 00000079637 00000036629 00268178376
00000000142 00000079637 00000036629 00268178376
00000000142 00000079637 00000036629 00268178376
00000000142 00000079637 00000036629 00268178376
00000000142 00000079637 00000036629 00268178376
00000000033 00000080528 00000037520 00269068913
00000000033 00000080528 00000037520 00269068913
00000000033 00000080528 00000037520 00269068913
00000000033 00000080528 00000037520 00269068913
00000000033 00000080528 00000037520 00269068913
00000000058 00000081554 00000038546 00270095067
00000000058 00000081554 00000038546 00270095067
00000000058 00000081554 00000038546 00270095067
00000000058 00000081554 00000038546 00270095067
00000000058 00000081554 00000038546 00270095067
00000000060 00000082556 00000039548 00271097342
00000000060 00000082556 00000039548 00271097342
00000000060 00000082556 00000039548 00271097342
00000000060 00000082556 00000039548 00271097342
00000000060 00000082556 00000039548 00271097342
00000000262 00000083758 00000040750 00272299270
00000000262 00000083758 00000040750 00272299270
00000000262 00000083758 00000040750 00272299270
00000000262 00000083758 00000040750 00272299270
00000000262 00000083758 00000040750 00272299270
00000000025 00000084521 00000041513 00273062481
00000000025 00000084521 00000041513 00273062481
00000000025 00000084521 00000041513 00273062481
00000000025 00000084521 00000041513 00273062481
00000000025 00000084521 00000041513 00273062481
00000000036 00000085532 00000042524 00274073656
00000000036 00000085532 00000042524 00274073656
00000000036 00000085532 00000042524 00274073656
00000000036 00000085532 00000042524 00274073656
00000000036 00000085532 00000042524 00274073656
00000000025 00000086522 00000043514 00275063517
00000000025 00000086522 00000043514 00275063517
00000000025 00000086522 00000043514 00275063517
00000000025 00000086522 00000043514 00275063517
00000000025 00000086522 00000043514 00275063517
00000000036 00000087533 00000044525 00276073788
00000000036 00000087533 00000044525 00276073788
00000000036 00000087533 00000044525 00276073788
00000000036 00000087533 00000044525 00276073788
00000000036 00000087533 00000044525 00276073788
00000000034 00000088531 00000045523 00277072773
00000000034 00000088531 00000045523 00277072773
00000000034 00000088531 00000045523 00277072773
00000000034 00000088531 00000045523 00277072773
00000000034 00000088531 00000045523 00277072773
00000000055 00000089552 00000046544 00278093726
00000000055 00000089552 00000046544 00278093726
00000000055 00000089552 00000046544 00278093726
00000000055 00000089552 00000046544 00278093726
00000000055 00000089552 00000046544 00278093726
00000000032 00000090529 00000027517 00279069941
00000000032 00000090529 00000027517 00279069941
00000000032 00000090529 00000027517 00279069941
00000000032 00000090529 00000027517 00279069941
00000000032 00000090529 00000027517 00279069941
00000000025 00000091523 00000028511 00280063801
00000000025 00000091523 00000028511 00280063801
00000000025 00000091523 00000028511 00280063801
00000000025 00000091523 00000028511 00280063801
00000000025 00000091523 00000028511 00280063801
00000000152 00000092650 00000029638 00281191331
00000000152 00000092650 00000029638 00281191331
00000000152 00000092650 00000029638 00281191331
00000000152 00000092650 00000029638 00281191331
00000000152 00000092650 00000029638 00281191331
00000000031 00000093529 00000018515 00282070319
00000000031 00000093529 00000018515 00282070319
00000000031 00000093529 00000018515 00282070319
00000000031 00000093529 00000018515 00282070319
00000000031 00000093529 00000018515 00282070319
00000000039 00000094537 00000019523 00283078599
00000000039 00000094537 00000019523 00283078599
00000000039 00000094537 00000019523 00283078599
00000000039 00000094537 00000019523 00283078599
00000000039 00000094537 00000019523 00283078599
00000000033 00000095531 00000020517 00284071873
00000000033 00000095531 00000020517 00284071873
00000000033 00000095531 00000020517 00284071873
00000000033 00000095531 00000020517 00284071873
00000000033 00000095531 00000020517 00284071873
00000000060 00000096559 00000021545 00285100059
00000000060 00000096559 00000021545 00285100059
00000000060 00000096559 00000021545 00285100059
00000000060 00000096559 00000021545 00285100059
00000000060 00000096559 00000021545 00285100059
00000000045 00000097544 00000022530 00286084900
00000000045 00000097544 00000022530 00286084900
00000000045 00000097544 00000022530 00286084900
00000000045 00000097544 00000022530 00286084900
00000000045 00000097544 00000022530 00286084900
00000000026 00000098525 00000023511 00287066228
00000000026 00000098525 00000023511 00287066228
00000000026 00000098525 00000023511 00287066228
00000000026 00000098525 00000023511 00287066228
00000000026 00000098525 00000023511 00287066228
00000000029 00000099528 00000024514 00288069559
00000000029 00000099528 00000024514 00288069559
00000000029 00000099528 00000024514 00288069559
00000000029 00000099528 00000024514 00288069559
00000000029 00000099528 00000024514 00288069559
00000000033 00000100532 00000025518 00289073695
00000000033 00000100532 00000025518 00289073695
00000000033 00000100532 00000025518 00289073695
00000000033 00000100532 00000025518 00289073695
00000000033 00000100532 00000025518 00289073695
00000000024 00000101524 00000026510 00290065383
00000000024 00000101524 00000026510 00290065383
00000000024 00000101524 00000026510 00290065383
00000000024 00000101524 00000026510 00290065383
00000000024 00000101524 00000026510 00290065383
00000000035 00000102535 00000027521 00291076719
00000000035 00000102535 00000027521 00291076719
00000000035 00000102535 00000027521 00291076719
00000000035 00000102535 00000027521 00291076719
00000000035 00000102535 00000027521 00291076719
00000000026 00000103526 00000028512 00292067042
00000000026 00000103526 00000028512 00292067042
00000000026 00000103526 00000028512 00292067042
00000000026 00000103526 00000028512 00292067042
00000000026 00000103526 00000028512 00292067042
00000000045 00000104545 00000029531 00293086534
00000000045 00000104545 00000029531 00293086534
00000000045 00000104545 00000029531 00293086534
00000000045 00000104545 00000029531 00293086534
00000000045 00000104545 00000029531 00293086534
00000000139 00000105639 00000030625 00294180086
00000000139 00000105639 00000030625 00294180086
00000000139 00000105639 00000030625 00294180086
00000000139 00000105639 00000030625 00294180086
00000000139 00000105639 00000030625 00294180086
00000000023 00000106524 00000031510 00295065099
00000000023 00000106524 00000031510 00295065099
00000000023 00000106524 00000031510 00295065099
00000000023 00000106524 00000031510 00295065099
00000000023 00000106524 00000031510 00295065099
00000000018 00000107519 00000032505 00296060515
00000000018 00000107519 00000032505 00296060515
00000000018 00000107519 00000032505 00296060515
00000000018 00000107519 00000032505 00296060515
00000000018 00000107519 00000032505 00296060515
00000000035 00000048525 00000013519 00297077580
00000000035 00000048525 00000013519 00297077580
00000000035 00000048525 00000013519 00297077580
00000000035 00000048525 00000013519 00297077580
00000000035 00000048525 00000013519 00297077580
00000000032 00000049522 00000014516 00298074331
00000000032 00000049522 00000014516 00298074331
00000000032 00000049522 00000014516 00298074331
00000000032 00000049522 00000014516 00298074331
00000000032 00000049522 00000014516 00298074331
00000000034 00000050524 00000015518 00299075868
00000000034 00000050524 00000015518 00299075868
00000000034 00000050524 00000015518 00299075868
00000000034 00000050524 00000015518 00299075868
00000000034 00000050524 00000015518 00299075868
00000000022 00000051512 00000016506 00300064246
00000000022 00000051512 00000016506 00300064246
00000000022 00000051512 00000016506 00300064246
00000000022 00000051512 00000016506 00300064246
00000000022 00000051512 00000016506 00300064246
00000000027 00000052518 00000017512 00301070737
00000000027 00000052518 00000017512 00301070737
00000000027 00000052518 00000017512 00301070737
00000000027 00000052518 00000017512 00301070737
00000000027 00000052518 00000017512 00301070737
00000000027 00000053518 00000018512 00302070581
00000000027 00000053518 00000018512 00302070581
00000000027 00000053518 00000018512 00302070581
00000000027 00000053518 00000018512 00302070581
00000000027 00000053518 00000018512 00302070581
00000000032 00000054523 00000019517 00303074922
00000000032 00000054523 00000019517 00303074922
00000000032 00000054523 00000019517 00303074922
00000000032 00000054523 00000019517 00303074922
00000000032 00000054523 00000019517 00303074922
00000000044 00000055535 00000020529 00304086884
00000000044 00000055535 00000020529 00304086884
00000000044 00000055535 00000020529 00304086884
00000000044 00000055535 00000020529 00304086884
00000000044 00000055535 00000020529 00304086884
00000000081 00000056572 00000021566 00305124050
00000000081 00000056572 00000021566 00305124050
00000000081 00000056572 00000021566 00305124050
00000000081 00000056572 00000021566 00305124050
00000000081 00000056572 00000021566 00305124050
00000000042 00000057534 00000022528 00306086386
00000000042 00000057534 00000022528 00306086386
00000000042 00000057534 00000022528 00306086386
00000000042 00000057534 00000022528 00306086386
00000000042 00000057534 00000022528 00306086386
00000000027 00000058519 00000023513 00307071660
00000000027 00000058519 00000023513 00307071660
00000000027 00000058519 00000023513 00307071660
00000000027 00000058519 00000023513 00307071660
00000000027 00000058519 00000023513 00307071660
00000000025 00000059517 00000024511 00308069163
00000000025 00000059517 00000024511 00308069163
00000000025 00000059517 00000024511 00308069163
00000000025 00000059517 00000024511 00308069163
00000000025 00000059517 00000024511 00308069163
00000000049 00000060541 00000025535 00309092846
00000000049 00000060541 00000025535 00309092846
00000000049 00000060541 00000025535 00309092846
00000000049 00000060541 00000025535 00309092846
00000000049 00000060541 00000025535 00309092846
00000000053 00000061545 00000026539 00310097714
00000000053 00000061545 00000026539 00310097714
00000000053 00000061545 00000026539 00310097714
00000000053 00000061545 00000026539 00310097714
00000000053 00000061545 00000026539 00310097714
00000000019 00000062512 00000027506 00311064636
00000000019 00000062512 00000027506 00311064636
00000000019 00000062512 00000027506 00311064636
00000000019 00000062512 00000027506 00311064636
00000000019 00000062512 00000027506 00311064636
00000000019 00000063512 00000028506 00312064477
00000000019 00000063512 00000028506 00312064477
00000000019 00000063512 00000028506 00312064477
00000000019 00000063512 00000028506 00312064477
00000000019 00000063512 00000028506 00312064477
00000000031 00000064524 00000029518 00313076706
00000000031 00000064524 00000029518 00313076706
00000000031 00000064524 00000029518 00313076706
00000000031 00000064524 00000029518 00313076706
00000000031 00000064524 00000029518 00313076706
00000000053 00000065546 00000030540 00314098649
00000000053 00000065546 00000030540 00314098649
00000000053 00000065546 00000030540 00314098649
00000000053 00000065546 00000030540 00314098649
00000000053 00000065546 00000030540 00314098649
00000000066 00000066559 00000031553 00315110831
00000000066 00000066559 00000031553 00315110831
00000000066 00000066559 00000031553 00315110831
00000000066 00000066559 00000031553 00315110831
00000000066 00000066559 00000031553 00315110831
00000000035 00000067529 00000032523 00316081533
00000000035 00000067529 00000032523 00316081533
00000000035 00000067529 00000032523 00316081533
00000000035 00000067529 00000032523 00316081533
00000000035 00000067529 00000032523 00316081533
00000000256 00000068750 00000033744 00317301963
00000000256 00000068750 00000033744 00317301963
00000000256 00000068750 00000033744 00317301963
00000000256 00000068750 00000033744 00317301963
00000000256 00000068750 00000033744 00317301963
00000000021 00000069515 00000014505 00318067340
00000000021 00000069515 00000014505 00318067340
00000000021 00000069515 00000014505 00318067340
00000000021 00000069515 00000014505 00318067340
00000000021 00000069515 00000014505 00318067340
00000000043 00000070537 00000015527 00319088786
00000000043 00000070537 00000015527 00319088786
00000000043 00000070537 00000015527 00319088786
00000000043 00000070537 00000015527 00319088786
00000000043 00000070537 00000015527 00319088786
00000000032 00000071526 00000016516 00320077845
00000000032 00000071526 00000016516 00320077845
00000000032 00000071526 00000016516 00320077845
00000000032 00000071526 00000016516 00320077845
00000000032 00000071526 00000016516 00320077845
00000000031 00000072525 00000017515 00321076840
00000000031 00000072525 00000017515 00321076840
00000000031 00000072525 00000017515 00321076840
00000000031 00000072525 00000017515 00321076840
00000000031 00000072525 00000017515 00321076840
00000000024 00000073519 00000018509 00322071687
00000000024 00000073519 00000018509 00322071687
00000000024 00000073519 00000018509 00322071687
00000000024 00000073519 00000018509 00322071687
00000000024 00000073519 00000018509 00322071687
00000000121 00000074616 00000019606 00323168132
00000000121 00000074616 00000019606 00323168132
00000000121 00000074616 00000019606 00323168132
00000000121 00000074616 00000019606 00323168132
00000000121 00000074616 00000019606 00323168132
00000000033 00000075528 00000012517 00324080027
00000000033 00000075528 00000012517 00324080027
00000000033 00000075528 00000012517 00324080027
00000000033 00000075528 00000012517 00324080027
00000000033 00000075528 00000012517 00324080027
00000000027 00000076522 00000013511 00325074364
00000000027 00000076522 00000013511 00325074364
00000000027 00000076522 00000013511 00325074364
00000000027 00000076522 00000013511 00325074364
00000000027 00000076522 00000013511 00325074364
00000000035 00000077530 00000014519 00326082343
00000000035 00000077530 00000014519 00326082343
00000000035 00000077530 00000014519 00326082343
00000000035 00000077530 00000014519 00326082343
00000000035 00000077530 00000014519 00326082343
00000000025 00000078521 00000015510 00327073712
00000000025 00000078521 00000015510 00327073712
00000000025 00000078521 00000015510 00327073712
00000000025 00000078521 00000015510 00327073712
00000000025 00000078521 00000015510 00327073712
00000000028 00000079524 00000016513 00328076181
00000000028 00000079524 00000016513 00328076181
00000000028 00000079524 00000016513 00328076181
00000000028 00000079524 00000016513 00328076181
00000000028 00000079524 00000016513 00328076181
00000000034 00000080530 00000017519 00329082087
00000000034 00000080530 00000017519 00329082087
00000000034 00000080530 00000017519 00329082087
00000000034 00000080530 00000017519 00329082087
00000000034 00000080530 00000017519 00329082087
00000000022 00000081518 00000018507 00330070418
00000000022 00000081518 00000018507 00330070418
00000000022 00000081518 00000018507 00330070418
00000000022 00000081518 00000018507 00330070418
00000000022 00000081518 00000018507 00330070418
00000000020 00000082516 00000019505 00331068666
00000000020 00000082516 00000019505 00331068666
00000000020 00000082516 00000019505 00331068666
00000000020 00000082516 00000019505 00331068666
00000000020 00000082516 00000019505 00331068666
00000000032 00000083529 00000020518 00332081590
00000000032 00000083529 00000020518 00332081590
00000000032 00000083529 00000020518 00332081590
00000000032 00000083529 00000020518 00332081590
00000000032 00000083529 00000020518 00332081590
00000000062 00000084559 00000021548 00333111788
00000000062 00000084559 00000021548 00333111788
00000000062 00000084559 00000021548 00333111788
00000000062 00000084559 00000021548 00333111788
00000000062 00000084559 00000021548 00333111788
00000000054 00000085551 00000022540 00334103028
00000000054 00000085551 00000022540 00334103028
00000000054 00000085551 00000022540 00334103028
00000000054 00000085551 00000022540 00334103028
00000000054 00000085551 00000022540 00334103028
00000000022 00000086519 00000023508 00335071696
00000000022 00000086519 00000023508 00335071696
00000000022 00000086519 00000023508 00335071696
00000000022 00000086519 00000023508 00335071696
00000000022 00000086519 00000023508 00335071696
00000000060 00000087557 00000024546 00336109739
00000000060 00000087557 00000024546 00336109739
00000000060 00000087557 00000024546 00336109739
00000000060 00000087557 00000024546 00336109739
00000000060 00000087557 00000024546 00336109739
00000000034 00000088532 00000025521 00337084068
00000000034 00000088532 00000025521 00337084068
00000000034 00000088532 00000025521 00337084068
00000000034 00000088532 00000025521 00337084068
00000000034 00000088532 00000025521 00337084068
00000000032 00000089530 00000026519 00338082022
00000000032 00000089530 00000026519 00338082022
00000000032 00000089530 00000026519 00338082022
00000000032 00000089530 00000026519 00338082022
00000000032 00000089530 00000026519 00338082022
00000000032 00000090530 00000027519 00339082122
00000000032 00000090530 00000027519 00339082122
00000000032 00000090530 00000027519 00339082122
00000000032 00000090530 00000027519 00339082122
00000000032 00000090530 00000027519 00339082122
00000000066 00000091564 00000028553 00340116053
00000000066 00000091564 00000028553 00340116053
00000000066 00000091564 00000028553 00340116053
00000000066 00000091564 00000028553 00340116053
00000000066 00000091564 00000028553 00340116053
00000000043 00000092541 00000029530 00341093507
00000000043 00000092541 00000029530 00341093507
00000000043 00000092541 00000029530 00341093507
00000000043 00000092541 00000029530 00341093507
00000000043 00000092541 00000029530 00341093507
00000000088 00000093586 00000030575 00342138728
00000000088 00000093586 00000030575 00342138728
00000000088 00000093586 00000030575 00342138728
00000000088 00000093586 00000030575 00342138728
00000000088 00000093586 00000030575 00342138728
00000000026 00000094525 00000031514 00343077739
00000000026 00000094525 00000031514 00343077739
00000000026 00000094525 00000031514 00343077739
00000000026 00000094525 00000031514 00343077739
00000000026 00000094525 00000031514 00343077739
00000000471 00000095970 00000032959 00344522034
00000000471 00000095970 00000032959 00344522034
00000000471 00000095970 00000032959 00344522034
00000000471 00000095970 00000032959 00344522034
00000000471 00000095970 00000032959 00344522034
00000000025 00000036513 00000013503 00345076413
00000000025 00000036513 00000013503 00345076413
00000000025 00000036513 00000013503 00345076413
00000000025 00000036513 00000013503 00345076413
00000000025 00000036513 00000013503 00345076413
00000000027 00000037515 00000014505 00346078169
00000000027 00000037515 00000014505 00346078169
00000000027 00000037515 00000014505 00346078169
00000000027 00000037515 00000014505 00346078169
00000000027 00000037515 00000014505 00346078169
00000000031 00000038519 00000015509 00347082491
00000000031 00000038519 00000015509 00347082491
00000000031 00000038519 00000015509 00347082491
00000000031 00000038519 00000015509 00347082491
00000000031 00000038519 00000015509 00347082491
00000000023 00000039512 00000016502 00348074836
00000000023 00000039512 00000016502 00348074836
00000000023 00000039512 00000016502 00348074836
00000000023 00000039512 00000016502 00348074836
00000000023 00000039512 00000016502 00348074836
00000000039 00000040528 00000017518 00349091045
00000000039 00000040528 00000017518 00349091045
00000000039 00000040528 00000017518 00349091045
00000000039 00000040528 00000017518 00349091045
00000000039 00000040528 00000017518 00349091045
00000000037 00000041526 00000018516 00350089505
00000000037 00000041526 00000018516 00350089505
00000000037 00000041526 00000018516 00350089505
00000000037 00000041526 00000018516 00350089505
00000000037 00000041526 00000018516 00350089505
00000000023 00000042512 00000019502 00351074853
00000000023 00000042512 00000019502 00351074853
00000000023 00000042512 00000019502 00351074853
00000000023 00000042512 00000019502 00351074853
00000000023 00000042512 00000019502 00351074853
00000000041 00000043530 00000020520 00352093616
00000000041 00000043530 00000020520 00352093616
00000000041 00000043530 00000020520 00352093616
00000000041 00000043530 00000020520 00352093616
00000000041 00000043530 00000020520 00352093616
00000000054 00000044549 00000021539 00353112495
00000000054 00000044549 00000021539 00353112495
00000000054 00000044549 00000021539 00353112495
00000000054 00000044549 00000021539 00353112495
00000000054 00000044549 00000021539 00353112495
00000000056 00000045551 00000022541 00354114020
00000000056 00000045551 00000022541 00354114020
00000000056 00000045551 00000022541 00354114020
00000000056 00000045551 00000022541 00354114020
00000000056 00000045551 00000022541 00354114020
00000000030 00000046525 00000023515 00355088603
00000000030 00000046525 00000023515 00355088603
00000000030 00000046525 00000023515 00355088603
00000000030 00000046525 00000023515 00355088603
00000000030 00000046525 00000023515 00355088603
00000000047 00000047542 00000024532 00356105587
00000000047 00000047542 00000024532 00356105587
00000000047 00000047542 00000024532 00356105587
00000000047 00000047542 00000024532 00356105587
00000000047 00000047542 00000024532 00356105587
00000000031 00000048527 00000025517 00357090638
00000000031 00000048527 00000025517 00357090638
00000000031 00000048527 00000025517 00357090638
00000000031 00000048527 00000025517 00357090638
00000000031 00000048527 00000025517 00357090638
00000000086 00000049582 00000026572 00358145493
00000000086 00000049582 00000026572 00358145493
00000000086 00000049582 00000026572 00358145493
00000000086 00000049582 00000026572 00358145493
00000000086 00000049582 00000026572 00358145493
00000000031 00000050527 00000027517 00359090158
00000000031 00000050527 00000027517 00359090158
00000000031 00000050527 00000027517 00359090158
00000000031 00000050527 00000027517 00359090158
00000000031 00000050527 00000027517 00359090158
00000000043 00000051539 00000028529 00360102218
00000000043 00000051539 00000028529 00360102218
00000000043 00000051539 00000028529 00360102218
00000000043 00000051539 00000028529 00360102218
00000000043 00000051539 00000028529 00360102218
00000000041 00000052537 00000029527 00361099983
00000000041 00000052537 00000029527 00361099983
00000000041 00000052537 00000029527 00361099983
00000000041 00000052537 00000029527 00361099983
00000000041 00000052537 00000029527 00361099983
00000000445 00000053942 00000030932 00362504894
00000000445 00000053942 00000030932 00362504894
00000000445 00000053942 00000030932 00362504894
00000000445 00000053942 00000030932 00362504894
00000000445 00000053942 00000030932 00362504894
00000000049 00000054546 00000031536 00363109150
00000000049 00000054546 00000031536 00363109150
00000000049 00000054546 00000031536 00363109150
00000000049 00000054546 00000031536 00363109150
00000000049 00000054546 00000031536 00363109150
00000000337 00000055834 00000032824 00364397400
00000000337 00000055834 00000032824 00364397400
00000000337 00000055834 00000032824 00364397400
00000000337 00000055834 00000032824 00364397400
00000000337 00000055834 00000032824 00364397400
00000000042 00000056539 00000013525 00365102469
00000000042 00000056539 00000013525 00365102469
00000000042 00000056539 00000013525 00365102469
00000000042 00000056539 00000013525 00365102469
00000000042 00000056539 00000013525 00365102469
00000000042 00000057539 00000014525 00366101902
00000000042 00000057539 00000014525 00366101902
00000000042 00000057539 00000014525 00366101902
00000000042 00000057539 00000014525 00366101902
00000000042 00000057539 00000014525 00366101902
00000000046 00000058544 00000015530 00367106826
00000000046 00000058544 00000015530 00367106826
00000000046 00000058544 00000015530 00367106826
00000000046 00000058544 00000015530 00367106826
00000000046 00000058544 00000015530 00367106826
00000000040 00000059538 00000016524 00368100991
00000000040 00000059538 00000016524 00368100991
00000000040 00000059538 00000016524 00368100991
00000000040 00000059538 00000016524 00368100991
00000000040 00000059538 00000016524 00368100991
00000000031 00000060529 00000017515 00369092016
00000000031 00000060529 00000017515 00369092016
00000000031 00000060529 00000017515 00369092016
00000000031 00000060529 00000017515 00369092016
00000000031 00000060529 00000017515 00369092016
00000000024 00000061522 00000018508 00370085619
00000000024 00000061522 00000018508 00370085619
00000000024 00000061522 00000018508 00370085619
00000000024 00000061522 00000018508 00370085619
00000000024 00000061522 00000018508 00370085619
00000000034 00000062532 00000019518 00371095259
00000000034 00000062532 00000019518 00371095259
00000000034 00000062532 00000019518 00371095259
00000000034 00000062532 00000019518 00371095259
00000000034 00000062532 00000019518 00371095259
00000000038 00000063537 00000020523 00372100795
00000000038 00000063537 00000020523 00372100795
00000000038 00000063537 00000020523 00372100795
00000000038 00000063537 00000020523 00372100795
00000000038 00000063537 00000020523 00372100795
00000000053 00000064552 00000021538 00373115009
00000000053 00000064552 00000021538 00373115009
00000000053 00000064552 00000021538 00373115009
00000000053 00000064552 00000021538 00373115009
00000000053 00000064552 00000021538 00373115009
00000000057 00000065556 00000022542 00374119027
00000000057 00000065556 00000022542 00374119027
00000000057 00000065556 00000022542 00374119027
00000000057 00000065556 00000022542 00374119027
00000000057 00000065556 00000022542 00374119027
00000000033 00000066532 00000023518 00375095370
00000000033 00000066532 00000023518 00375095370
00000000033 00000066532 00000023518 00375095370
00000000033 00000066532 00000023518 00375095370
00000000033 00000066532 00000023518 00375095370
00000000088 00000067587 00000024573 00376150373
00000000088 00000067587 00000024573 00376150373
00000000088 00000067587 00000024573 00376150373
00000000088 00000067587 00000024573 00376150373
00000000088 00000067587 00000024573 00376150373
00000000044 00000068544 00000025530 00377107004
00000000044 00000068544 00000025530 00377107004
00000000044 00000068544 00000025530 00377107004
00000000044 00000068544 00000025530 00377107004
00000000044 00000068544 00000025530 00377107004
00000000024 00000069524 00000026510 00378087527
00000000024 00000069524 00000026510 00378087527
00000000024 00000069524 00000026510 00378087527
00000000024 00000069524 00000026510 00378087527
00000000024 00000069524 00000026510 00378087527
00000000026 00000070526 00000027512 00379089510
00000000026 00000070526 00000027512 00379089510
00000000026 00000070526 00000027512 00379089510
00000000026 00000070526 00000027512 00379089510
00000000026 00000070526 00000027512 00379089510
00000000044 00000071544 00000028530 00380107440
00000000044 00000071544 00000028530 00380107440
00000000044 00000071544 00000028530 00380107440
00000000044 00000071544 00000028530 00380107440
00000000044 00000071544 00000028530 00380107440
00000000077 00000072577 00000029563 00381139967
00000000077 00000072577 00000029563 00381139967
00000000077 00000072577 00000029563 00381139967
00000000077 00000072577 00000029563 00381139967
00000000077 00000072577 00000029563 00381139967
00000000034 00000073534 00000030520 00382097724
00000000034 00000073534 00000030520 00382097724
00000000034 00000073534 00000030520 00382097724
00000000034 00000073534 00000030520 00382097724
00000000034 00000073534 00000030520 00382097724
00000000029 00000074530 00000011512 00383093702
00000000029 00000074530 00000011512 00383093702
00000000029 00000074530 00000011512 00383093702
00000000029 00000074530 00000011512 00383093702
00000000029 00000074530 00000011512 00383093702
00000000022 00000075523 00000012505 00384085984
00000000022 00000075523 00000012505 00384085984
00000000022 00000075523 00000012505 00384085984
00000000022 00000075523 00000012505 00384085984
00000000022 00000075523 00000012505 00384085984
00000000030 00000076531 00000013513 00385094507
00000000030 00000076531 00000013513 00385094507
00000000030 00000076531 00000013513 00385094507
00000000030 00000076531 00000013513 00385094507
00000000030 00000076531 00000013513 00385094507
00000000095 00000077596 00000014578 00386159351
00000000095 00000077596 00000014578 00386159351
00000000095 00000077596 00000014578 00386159351
00000000095 00000077596 00000014578 00386159351
00000000095 00000077596 00000014578 00386159351
00000000263 00000078764 00000015746 00387327105
00000000263 00000078764 00000015746 00387327105
00000000263 00000078764 00000015746 00387327105
00000000263 00000078764 00000015746 00387327105
00000000263 00000078764 00000015746 00387327105
00000000045 00000079547 00000015529 00388110565
00000000045 00000079547 00000015529 00388110565
00000000045 00000079547 00000015529 00388110565
00000000045 00000079547 00000015529 00388110565
00000000045 00000079547 00000015529 00388110565
00000000027 00000080529 00000016511 00389092335
00000000027 00000080529 00000016511 00389092335
00000000027 00000080529 00000016511 00389092335
00000000027 00000080529 00000016511 00389092335
00000000027 00000080529 00000016511 00389092335
00000000031 00000081533 00000017515 00390096576
00000000031 00000081533 00000017515 00390096576
00000000031 00000081533 00000017515 00390096576
00000000031 00000081533 00000017515 00390096576
00000000031 00000081533 00000017515 00390096576
00000000033 00000082535 00000018517 00391097900
00000000033 00000082535 00000018517 00391097900
00000000033 00000082535 00000018517 00391097900
00000000033 00000082535 00000018517 00391097900
00000000033 00000082535 00000018517 00391097900
00000000042 00000083544 00000019526 00392107725
00000000042 00000083544 00000019526 00392107725
00000000042 00000083544 00000019526 00392107725
00000000042 00000083544 00000019526 00392107725
00000000042 00000083544 00000019526 00392107725
00000000028 00000084531 00000020513 00393094696
00000000028 00000084531 00000020513 00393094696
00000000028 00000084531 00000020513 00393094696
00000000028 00000084531 00000020513 00393094696
00000000028 00000084531 00000020513 00393094696
00000000055 00000085558 00000021540 00394121507
00000000055 00000085558 00000021540 00394121507
00000000055 00000085558 00000021540 00394121507
00000000055 00000085558 00000021540 00394121507
00000000055 00000085558 00000021540 00394121507
00000000113 00000086616 00000022598 00395179032
00000000113 00000086616 00000022598 00395179032
00000000113 00000086616 00000022598 00395179032
00000000113 00000086616 00000022598 00395179032
00000000113 00000086616 00000022598 00395179032
00000000023 00000087526 00000023508 00396089696
00000000023 00000087526 00000023508 00396089696
00000000023 00000087526 00000023508 00396089696
00000000023 00000087526 00000023508 00396089696
00000000023 00000087526 00000023508 00396089696
00000000027 00000088530 00000024512 00397092899
00000000027 00000088530 00000024512 00397092899
00000000027 00000088530 00000024512 00397092899
00000000027 00000088530 00000024512 00397092899
00000000027 00000088530 00000024512 00397092899
00000000065 00000089569 00000025551 00398132100
00000000065 00000089569 00000025551 00398132100
00000000065 00000089569 00000025551 00398132100
00000000065 00000089569 00000025551 00398132100
00000000065 00000089569 00000025551 00398132100
00000000028 00000090532 00000026514 00399095727
00000000028 00000090532 00000026514 00399095727
00000000028 00000090532 00000026514 00399095727
00000000028 00000090532 00000026514 00399095727
00000000028 00000090532 00000026514 00399095727
00000000032 00000091542 00000027524 00400105351
00000000032 00000091542 00000027524 00400105351
00000000032 00000091542 00000027524 00400105351
00000000032 00000091542 00000027524 00400105351
00000000032 00000091542 00000027524 00400105351
00000000038 00000092548 00000028530 00401110919
00000000038 00000092548 00000028530 00401110919
00000000038 00000092548 00000028530 00401110919
00000000038 00000092548 00000028530 00401110919
00000000038 00000092548 00000028530 00401110919
00000000029 00000093539 00000029521 00402102591
00000000029 00000093539 00000029521 00402102591
00000000029 00000093539 00000029521 00402102591
00000000029 00000093539 00000029521 00402102591
00000000029 00000093539 00000029521 00402102591
00000000039 00000094549 00000030531 00403112528
00000000039 00000094549 00000030531 00403112528
00000000039 00000094549 00000030531 00403112528
00000000039 00000094549 00000030531 00403112528
00000000039 00000094549 00000030531 00403112528
