S[0, 0] 6080.854 15568560
S[0, 1] 5076.294 15570450
S[0, 2] 4076.116 15570487
S[0, 3] 3075.93 15570487
S[0, 4] 2693.287 16189597
S[0, 5] 1790.007 16286509
S[0, 6] 1331.276 16827966
S[0, 7] 1284.42 17781311
C[[0, 0], 0] 8704.006 18191709
S[0, 8] 1286.63 18783716
C[[0, 0], 1] 8510.257 19004413
C[[0, 0], 2] 7510.042 19004413
C[[0, 0], 3] 6509.856 19004413
C[[0, 0], 4] 5508.103 19004413
C[[0, 0], 5] 4507.911 19004413
C[[0, 0], 6] 3507.723 19004413
C[[0, 0], 7] 2507.521 19004413
C[[0, 0], 8] 1507.327 19004413
S[0, 9] 1295.39 19792685
S[0, 10] 1300.243 20797712
C[[0, 0], 9] 2506.697 21003992
C[[0, 0], 10] 1506.522 21003992
S[0, 11] 1326.641 21824286
C[[0, 0], 11] 1491.406 21989051
S[0, 12] 1325.888 22823717
C[[0, 0], 12] 1509.784 23007613
S[0, 13] 1321.267 23819270
C[[0, 0], 13] 1484.911 23982915
S[0, 14] 1189.005 24687181
C[[0, 0], 14] 1484.387 24982563
S[0, 15] 1323.234 25821594
C[[0, 0], 15] 1501.355 25999716
S[0, 16] 1324.06 26823231
C[[0, 0], 16] 1496.025 26995195
S[0, 17] 520.173 27019516
C[[0, 0], 17] 1489.798 27989141
S[0, 18] 1288.642 28788167
C[[0, 0], 18] 1504.872 29004397
S[0, 19] 1489.185 29988884
C[[0, 0], 19] 2045.843 30545543
S[0, 20] 1485.606 30985486
C[[0, 1], 0] 1915.246 31415126
S[0, 21] 1495.663 31996592
C[[0, 1], 1] 1829.903 32330832
S[0, 22] 1535.269 33036373
C[[0, 1], 2] 1818.8 33319903
S[0, 23] 1361.758 33863047
S[0, 24] 2380.425 35881888
C[[0, 1], 3] 3380.67 35881960
C[[0, 1], 4] 2380.525 35881989
S[0, 25] 1870.374 36372029
CS[0, 0] 27889.516 7876.34 37376218
C[[0, 1], 5] 2906.544 37408200
S[0, 26] 1931.835 37433678
S[0, 27] 1306.766 37808829
C[[0, 1], 6] 2643.107 38144950
S[0, 28] 1496.634 38998885
C[[0, 1], 8] 1817.5 39319752
C[[0, 1], 7] 2817.689 39319752
S[0, 29] 1325.52 39827977
S[0, 30] 1520.967 41023606
C[[0, 1], 9] 2639.359 41141816
C[[0, 1], 10] 1813.704 41316343
S[0, 31] 1328.981 41831794
S[0, 32] 1505.617 43008616
C[[0, 1], 11] 2651.16 43153973
C[[0, 1], 12] 1893.238 43396236
S[0, 33] 1528.265 44031443
C[[0, 1], 13] 1847.618 44350796
S[0, 34] 1316.715 44820083
S[0, 35] 1537.646 46041192
C[[0, 1], 14] 2865.359 46368727
C[[0, 1], 15] 1895.878 46399424
S[0, 36] 1531.203 47034922
C[[0, 1], 16] 1833.297 47337017
S[0, 37] 1308.193 47812102
C[[0, 1], 17] 1673 48176909
S[0, 38] 1495.437 48999524
C[[0, 1], 18] 1816.079 49320166
S[0, 39] 1351.224 49855498
C[[0, 1], 19] 1630.188 50134462
S[0, 40] 1590.056 51094503
C[[0, 2], 0] 1848.279 51352727
S[0, 41] 1323.571 51828199
C[[0, 2], 1] 1657.06 52161689
S[0, 42] 1295.935 52800750
C[[0, 2], 2] 1798.832 53303647
S[0, 43] 1313.136 53818133
C[[0, 2], 3] 1648.407 54153404
S[0, 44] 1487.366 54992540
C[[0, 2], 4] 1794.596 55299770
S[0, 45] 1326.915 55832307
C[[0, 2], 5] 1637.419 56142811
S[0, 46] 1526.037 57031612
C[[0, 2], 6] 1925.213 57430787
S[0, 47] 1316.618 57822375
C[[0, 2], 7] 1660.805 58166562
S[0, 48] 1496.729 59002671
C[[0, 2], 8] 1835.014 59340956
CS[0, 1] 30617.559 10612.992 60117439
S[0, 49] 1659.951 60166076
C[[0, 2], 9] 1687.906 60194031
S[0, 50] 1509.083 61015380
C[[0, 2], 10] 1835.054 61341350
S[0, 51] 1562.422 62068900
C[[0, 2], 11] 1888.172 62394651
S[0, 52] 1539.387 63046052
C[[0, 2], 12] 1851.57 63358235
S[0, 53] 1294.063 63800910
C[[0, 2], 13] 1615.395 64122243
S[0, 54] 1510.383 65017412
C[[0, 2], 14] 1840.212 65347241
S[0, 55] 1562.575 66069761
C[[0, 2], 15] 1829.228 66336413
S[0, 56] 1308.184 66815554
C[[0, 2], 16] 1643.023 67150393
S[0, 57] 1540.54 68048091
C[[0, 2], 17] 1847.666 68355217
S[0, 58] 1328.401 68836128
C[[0, 2], 18] 1624.893 69132619
S[0, 59] 1499.46 70007366
C[[0, 2], 19] 2217.692 70725598
C[[0, 3], 0] 2073.545 71581636
C[[0, 3], 1] 1808.078 72321320
S[1, 0] 2859.943 72368033
S[1, 1] 1854.791 72368033
SS0 63429.486 3407.309 72915396
S[1, 2] 1569.074 73082535
C[[0, 3], 2] 1666.247 73179707
S[1, 3] 1500.997 74014674
C[[0, 3], 3] 1804.213 74317891
S[1, 4] 1570.355 75084233
C[[0, 3], 4] 2614.065 76127942
S[1, 5] 1743.055 76257160
C[[0, 3], 5] 1769.523 76283627
S[1, 6] 1735.995 77250282
C[[0, 3], 6] 1796.383 77310669
S[1, 7] 1745.076 78259549
C[[0, 3], 7] 1808.687 78323159
S[1, 8] 1742.654 79257310
C[[0, 3], 8] 1781.61 79296266
S[1, 9] 1752.984 80267821
C[[0, 3], 9] 1818.237 80333073
CS[0, 2] 31086.906 11083.264 80591354
S[1, 10] 1711.932 81226943
C[[0, 3], 10] 1789.344 81304355
S[1, 11] 1419.812 81935003
S[1, 12] 1501.804 83017174
C[[0, 3], 12] 1796.129 83311499
C[[0, 3], 11] 2796.308 83311499
S[1, 13] 1713.916 84229459
C[[0, 3], 13] 1793.402 84308945
S[1, 14] 1526.134 85041861
S[1, 15] 1499.654 86015563
C[[0, 3], 15] 1821.903 86337812
C[[0, 3], 14] 2822.085 86337812
S[1, 16] 1754.564 87270668
C[[0, 3], 16] 1812.924 87329028
S[1, 17] 1713.557 88229839
C[[0, 3], 17] 1781.255 88297536
S[1, 18] 1538.186 89054653
S[1, 19] 1492.809 90009462
C[[0, 3], 18] 2620.337 90136804
C[[0, 3], 19] 1791.286 90307939
S[1, 20] 1607.286 91124128
C[[0, 4], 0] 2635.842 92152684
S[1, 21] 1783.37 92300413
C[[0, 4], 1] 1819.651 92336694
S[1, 22] 1745.28 93262500
C[[0, 4], 2] 1771.941 93289162
S[1, 23] 1427.216 93944651
S[1, 24] 1415.798 94933416
C[[0, 4], 3] 2881.333 95398767
C[[0, 4], 4] 1914.605 95432224
S[1, 25] 1432.74 95950542
C[[0, 4], 5] 1795.056 96312858
S[1, 26] 1470.137 96988127
C[[0, 4], 6] 1783.256 97301247
S[1, 27] 1709.679 98227845
C[[0, 4], 7] 1817.963 98336129
S[1, 28] 1562.083 99080425
S[1, 29] 1880.539 100399069
CS[0, 3] 30891.034 10882.282 100399124
C[[0, 4], 9] 1970.715 100489244
C[[0, 4], 8] 2970.902 100489244
S[1, 30] 1724.327 101243042
C[[0, 4], 10] 1774.873 101293588
S[1, 31] 1579.491 102098384
C[[0, 4], 11] 1672.023 102190916
S[1, 32] 1477.326 102996406
C[[0, 4], 12] 1888.221 103407302
S[1, 33] 1774.219 104293483
C[[0, 4], 13] 1801.509 104320774
S[1, 34] 1732.666 105252117
C[[0, 4], 14] 1787.908 105307360
S[1, 35] 1716.841 106242559
C[[0, 4], 15] 1765.488 106291206
S[1, 36] 1737.698 107263592
C[[0, 4], 16] 1798.135 107324029
S[1, 37] 1572.345 108098422
S[1, 38] 1487.687 109013950
C[[0, 4], 17] 2784.92 109310997
C[[0, 4], 18] 1784.734 109310997
S[1, 39] 1309.463 109835907
C[[0, 4], 19] 1627.915 110154360
S[1, 40] 1756.758 111283390
C[[0, 5], 0] 1834.882 111361514
S[1, 41] 1593.73 112120544
C[[0, 5], 1] 1666.632 112193446
S[1, 42] 1501.422 113028420
C[[0, 5], 2] 1797.92 113324918
S[1, 43] 1562.623 114089814
C[[0, 5], 3] 1600.71 114127901
S[1, 44] 1750.802 115278170
C[[0, 5], 4] 1803.312 115330680
S[1, 45] 1711.85 116239413
C[[0, 5], 5] 1805.507 116333071
S[1, 46] 1393.6 116921346
C[[0, 5], 6] 1630.986 117158732
S[1, 47] 1507.305 118035232
C[[0, 5], 7] 2097.715 118625642
S[1, 48] 1762.924 119291038
C[[0, 5], 8] 1815.939 119344053
S[1, 49] 1877.043 120405336
C[[0, 5], 9] 1877.154 120405448
CS[0, 4] 31140.177 11130.387 120657018
S[1, 50] 1746.821 121275289
C[[0, 5], 10] 1789.401 121317869
S[1, 51] 1755.82 122284468
C[[0, 5], 11] 1789.981 122318628
S[1, 52] 1705.919 123234745
C[[0, 5], 12] 1785.339 123314165
S[1, 53] 1408.079 123937088
S[1, 54] 1489.173 125018360
C[[0, 5], 13] 2607.682 125136691
C[[0, 5], 14] 1801.216 125330403
S[1, 55] 1727.377 126256776
C[[0, 5], 15] 1764.322 126293721
S[1, 56] 1761.491 127291066
C[[0, 5], 16] 1801.104 127330678
S[1, 57] 1704.087 128233852
C[[0, 5], 17] 1793.317 128323082
S[1, 58] 1741.791 129271736
C[[0, 5], 18] 1810.671 129340616
S[1, 59] 1505.937 130036072
C[[0, 5], 19] 1791.606 130321740
S[2, 0] 902.384 130432701
C[[0, 6], 0] 1846.557 131376874
S[2, 1] 1412.732 131943229
SS1 63124.05 3101.823 132632140
S[2, 2] 1505.054 133035734
C[[0, 6], 1] 2794.541 133325038
C[[0, 6], 2] 1794.357 133325038
S[2, 3] 1317.566 133848434
C[[0, 6], 3] 2675.214 135206082
S[2, 4] 1691.678 135222722
C[[1, 0], 0] 1780.56 135311604
S[2, 5] 1606.637 136137901
S[2, 6] 1482.481 137013924
C[[1, 0], 1] 2755.314 137286577
C[[1, 0], 2] 1826.693 137358135
S[2, 7] 1769.527 138301153
C[[1, 0], 3] 1827.183 138358808
S[2, 8] 1464.233 138996044
S[2, 9] 1467.244 139999239
C[[1, 0], 5] 1744.656 140276652
C[[1, 0], 4] 2744.841 140276652
S[2, 10] 1629.174 141161344
C[[1, 0], 6] 1709.277 141241447
S[2, 11] 1718.542 142250901
C[[1, 0], 7] 1760.298 142292658
S[2, 12] 1575.708 143108251
CS[0, 5] 33983.999 13980.314 143510630
S[2, 13] 1394.759 143927477
C[[1, 0], 8] 2616.931 144149473
C[[1, 0], 9] 1790.086 144322803
CS[0, 6] 16076.882 12076.155 145607198
S[2, 14] 2074.483 145607387
C[[1, 0], 10] 2158.125 145691029
S[2, 15] 1710.207 146243290
C[[1, 0], 11] 1787.768 146320852
S[2, 16] 1395.434 146928732
C[[1, 0], 12] 1652.988 147186285
S[2, 17] 1484.409 148017889
C[[1, 0], 13] 1792.219 148325699
S[2, 18] 1736.019 149269678
C[[1, 0], 14] 1813.796 149347455
S[2, 19] 1709.024 150242865
C[[1, 0], 15] 1773.121 150306961
S[2, 20] 1602.169 151136188
S[2, 21] 1461.736 151995931
C[[1, 0], 16] 2656.106 152190124
C[[1, 0], 17] 1779.216 152313412
S[2, 22] 1559.821 153094204
S[2, 23] 1496.06 154030623
C[[1, 0], 18] 2791.859 154326243
C[[1, 0], 19] 1791.68 154326243
S[2, 24] 1740.912 155275660
C[[1, 1], 0] 1803.034 155337782
S[2, 25] 1788.01 156322941
C[[1, 1], 1] 1864.682 156399613
S[2, 26] 1759.523 157294634
C[[1, 1], 2] 1906.936 157442047
S[2, 27] 1777.234 158312524
C[[1, 1], 3] 1818.798 158354089
S[2, 28] 1840.55 159376016
C[[1, 1], 4] 1885.27 159420736
S[2, 29] 1775.472 160311121
C[[1, 1], 5] 1841.445 160377095
S[2, 30] 1727.092 161262926
S[2, 31] 1293.418 161829426
C[[1, 1], 6] 2592.561 162128395
S[2, 32] 1477.656 163013843
C[[1, 1], 8] 1806.209 163342396
C[[1, 1], 7] 2806.388 163342396
S[2, 33] 1481.503 164017859
C[[1, 1], 9] 2131.525 164667881
S[2, 34] 1803.519 165340063
C[[1, 1], 10] 1844.672 165381217
S[2, 35] 1603.519 166140238
C[[1, 1], 11] 1831.732 166368451
CS[1, 0] 33113.425 13109.721 166644469
S[2, 36] 1430.046 166966940
C[[1, 1], 12] 1829.71 167366604
S[2, 37] 1486.657 168023733
C[[1, 1], 13] 1777.887 168314963
S[2, 38] 1497.541 169034829
C[[1, 1], 14] 1833.63 169370918
S[2, 39] 1743.437 170280919
C[[1, 1], 15] 1834.464 170371947
S[2, 40] 1754.424 171292084
C[[1, 1], 16] 1847.792 171385452
S[2, 41] 1699.017 172236859
C[[1, 1], 17] 1771.392 172309233
S[2, 42] 1402.998 172941022
C[[1, 1], 18] 1666.41 173204434
S[2, 43] 1491.979 174030179
C[[1, 1], 19] 1830.791 174368992
S[2, 44] 1726.318 175264692
C[[1, 2], 0] 1814.976 175353350
S[2, 45] 1747.834 176286416
C[[1, 2], 1] 1783.758 176322340
S[2, 46] 1717.798 177256558
C[[1, 2], 2] 1831.653 177370414
S[2, 47] 1682.734 178221672
C[[1, 2], 3] 1721.501 178260439
S[2, 48] 1452.59 178991713
C[[1, 2], 4] 1799.366 179338488
S[2, 49] 1712.927 180252241
C[[1, 2], 5] 1763.127 180302441
S[2, 50] 1596.935 181136431
S[2, 51] 1480.45 182020131
C[[1, 2], 6] 2603.2 182142695
C[[1, 2], 7] 1781.197 182320878
S[2, 52] 1498.888 183038749
C[[1, 2], 8] 2112.777 183652637
S[2, 53] 1739.339 184279381
C[[1, 2], 9] 1801.025 184341068
CS[1, 1] 31883.02 11879.393 185417768
S[2, 54] 1929.44 185469672
C[[1, 2], 10] 1978.705 185518937
S[2, 55] 1796.152 186336571
C[[1, 2], 11] 1867.289 186407708
S[2, 56] 1734.963 187275563
C[[1, 2], 12] 1791.984 187332583
S[2, 57] 1709.697 188250480
C[[1, 2], 13] 1779.235 188320018
S[2, 58] 1414.927 188955903
S[2, 59] 1463.339 190004490
C[[1, 2], 14] 2703.731 190244707
C[[1, 2], 15] 1753.147 190294297
S[3, 0] 868.011 190409348
C[[1, 2], 16] 1795.308 191336646
SS2 62530.887 2519.866 192061203
S[3, 1] 1618.266 192159786
S[3, 2] 1490.264 193031966
C[[1, 2], 18] 1759.636 193301338
C[[1, 2], 17] 2759.817 193301338
S[3, 3] 1582.683 194124572
S[3, 4] 1422.018 194964087
C[[2, 0], 0] 2759.501 195301390
C[[2, 0], 1] 1820.914 195362983
S[3, 5] 1727.344 196269596
C[[2, 0], 2] 1879.334 196421587
S[3, 6] 1457.033 196999473
S[3, 7] 1415.562 197958186
C[[2, 0], 4] 1764.865 198307489
C[[2, 0], 3] 2765.049 198307489
S[3, 8] 1405.287 198948092
C[[2, 0], 5] 1847.868 199390674
S[3, 9] 1491.96 200034957
C[[2, 0], 6] 1774.015 200317012
C[[2, 0], 7] 1872.286 201415466
S[3, 10] 1872.376 201415556
C[[2, 0], 8] 1820.668 202364033
S[3, 11] 1820.787 202364151
CS[1, 2] 29721.094 10717.58 203259469
S[3, 12] 1883.557 203427105
C[[2, 0], 9] 1883.593 203427141
S[3, 13] 1596.34 204140069
S[3, 14] 1472.694 205016607
C[[2, 0], 10] 2755.705 205299435
C[[2, 0], 11] 1755.522 205299435
S[3, 15] 1748.351 206292444
C[[2, 0], 12] 1804.211 206348303
S[3, 16] 1774.848 207319115
C[[2, 0], 13] 1880.944 207425211
S[3, 17] 1773.427 208317878
C[[2, 0], 14] 1816.374 208360824
S[3, 18] 1744.287 209288915
C[[2, 0], 15] 1818.454 209363082
S[3, 19] 1788.018 210332826
C[[2, 0], 16] 1848.091 210392899
S[3, 20] 1719.505 211264499
C[[2, 0], 17] 1808.852 211353846
S[3, 21] 1401.017 211946187
S[3, 22] 1496.412 213041782
C[[2, 0], 18] 2742.662 213287833
C[[2, 0], 19] 1742.463 213287833
C[[2, 1], 0] 1676 214221547
S[3, 23] 1676.08 214221627
S[3, 24] 1738.774 215284509
C[[2, 1], 1] 1782.438 215328173
S[3, 25] 1755.806 216301730
C[[2, 1], 2] 1784.009 216329933
S[3, 26] 1818.228 217364324
C[[2, 1], 3] 1872.623 217418719
S[3, 27] 1710.298 218256572
C[[2, 1], 4] 1958.892 218505166
S[3, 28] 1429.958 218976421
S[3, 29] 1477.189 220023836
C[[2, 1], 5] 2797.442 220343905
C[[2, 1], 6] 1834.902 220381550
S[3, 30] 1484.605 221031431
C[[2, 1], 7] 1825.776 221372603
S[3, 31] 1599.9 222146903
C[[2, 1], 8] 1674.974 222221976
S[3, 32] 1695.382 223242573
C[[2, 1], 9] 2025.59 223572780
CS[2, 0] 31030.977 11027.319 223572866
S[3, 33] 1764.766 224312136
C[[2, 1], 10] 1849.417 224396787
S[3, 34] 1760.711 225308258
C[[2, 1], 11] 1809.397 225356944
S[3, 35] 1705.751 226253483
C[[2, 1], 12] 1789.755 226337488
S[3, 36] 1464.215 227012131
C[[2, 1], 13] 1654.805 227202721
S[3, 37] 1472.064 228020164
C[[2, 1], 14] 1817.566 228365665
S[3, 38] 1496.898 229045182
C[[2, 1], 15] 1812.776 229361061
S[3, 39] 1646.31 230194779
C[[2, 1], 16] 1679.574 230228043
S[3, 40] 1774.125 231322778
C[[2, 1], 17] 1813.915 231362568
S[3, 41] 1702.848 232251682
C[[2, 1], 18] 1763.506 232312339
S[3, 42] 1280.054 232829070
C[[2, 1], 19] 1664.915 233213931
S[3, 43] 1481.144 234030338
C[[2, 2], 0] 1899.402 234448596
S[3, 44] 1419.44 234968847
C[[2, 2], 1] 1930.746 235480153
S[3, 45] 1776.081 236325675
C[[2, 2], 2] 1815.656 236365249
S[3, 46] 1483.618 237033416
C[[2, 2], 3] 1822.381 237372180
S[3, 47] 1484.819 238034792
C[[2, 2], 4] 1773.214 238323187
S[3, 48] 1586.036 239136191
C[[2, 2], 5] 1670.263 239220417
S[3, 49] 1762.369 240312710
C[[2, 2], 6] 1813.14 240363482
S[3, 50] 1729.138 241279664
C[[2, 2], 7] 1814.564 241365089
S[3, 51] 1616.09 242166802
S[3, 52] 1483.973 243034871
C[[2, 2], 8] 2653.769 243204480
C[[2, 2], 9] 1811.771 243362669
CS[2, 1] 31820.769 11817.122 244366316
S[3, 53] 1931.376 244482459
C[[2, 2], 10] 1931.446 244482529
S[3, 54] 1596.403 245147676
S[3, 55] 1407.86 245959306
C[[2, 2], 11] 2682.339 246233611
C[[2, 2], 12] 1777.246 246328692
S[3, 56] 1590.738 247142366
S[3, 57] 1480.046 248031861
C[[2, 2], 14] 1772.612 248324426
C[[2, 2], 13] 2772.798 248324426
S[3, 58] 1484.603 249036599
C[[2, 2], 15] 1830.461 249382456
S[3, 59] 3693.018 252245198
C[[2, 2], 16] 11044.675 259596854
C[[2, 2], 19] 8889.151 260441885
C[[2, 3], 0] 7888.974 260441885
C[[2, 2], 18] 9889.332 260441885
C[[2, 2], 17] 10889.517 260441885
C[[2, 3], 3] 6394.55 261947998
C[[2, 3], 2] 7394.771 261947998
C[[2, 3], 1] 8394.92 261947998
S[4, 0] 13796.024 263348391
C[[2, 3], 4] 6794.856 263348494
C[[2, 3], 9] 1793.944 263348494
C[[2, 3], 8] 2794.13 263348494
C[[2, 3], 5] 5794.677 263348494
C[[2, 3], 6] 4794.489 263348494
C[[2, 3], 7] 3794.313 263348494
S[4, 2] 11869.293 263422026
S[4, 3] 10869.116 263422026
S[4, 1] 12869.474 263422026
S[4, 6] 7922.505 263475954
S[4, 5] 8922.726 263475954
S[4, 4] 9922.875 263475954
S[4, 7] 6922.316 263475954
S[4, 8] 5922.137 263475954
S[4, 9] 4921.949 263475954
S[4, 10] 3921.773 263475954
S[4, 11] 2921.59 263475954
S[4, 12] 1921.404 263475954
S[4, 13] 1879.809 264434540
SS3 74893.287 14882.257 264434625
C[[2, 3], 10] 1931.151 264485882
S[4, 14] 1511.695 265066607
S[4, 15] 1461.98 266017079
C[[3, 0], 0] 2012.22 266567320
C[[2, 3], 11] 3012.408 266567320
S[4, 16] 1479.784 267035063
S[4, 17] 1622.979 268178441
C[[3, 0], 2] 1668.784 268224245
C[[3, 0], 1] 2668.965 268224245
S[4, 18] 1745.198 269300848
C[[3, 0], 3] 1796.639 269352290
S[4, 19] 1859.633 270415475
C[[3, 0], 4] 1897.212 270453053
S[4, 20] 1726.379 271282406
C[[3, 0], 5] 1794.709 271350737
S[4, 21] 1691.118 272247327
S[4, 22] 1399.586 272955983
C[[3, 0], 6] 2646.028 273202237
C[[3, 0], 7] 1799.202 273355600
S[4, 23] 1721.793 274278368
C[[3, 0], 8] 1817.04 274373615
S[4, 24] 1713.592 275270343
C[[3, 0], 9] 1774.141 275330893
S[4, 25] 1484.736 276041684
C[[3, 0], 10] 1772.178 276329126
S[4, 26] 1495.379 277052506
C[[3, 0], 11] 1770.622 277327748
S[4, 27] 1493.245 278050557
CS[2, 2] 45650.795 25647.078 278199989
C[[3, 0], 12] 1773.051 278330363
S[4, 28] 1574.668 279132162
S[4, 29] 1720.536 280278224
C[[3, 0], 14] 1816.605 280374294
C[[3, 0], 13] 2816.799 280374294
CS[2, 3] 28566.821 16564.632 281119731
S[4, 30] 1732.744 281290610
C[[3, 0], 15] 1778.037 281335903
S[4, 31] 1710.565 282268615
C[[3, 0], 16] 1772.251 282330301
S[4, 32] 1573.944 283132178
C[[3, 0], 17] 1656.375 283214610
S[4, 33] 1499.712 284058126
C[[3, 0], 18] 1825.854 284384267
S[4, 34] 1474.277 285032871
C[[3, 0], 19] 1790.717 285349311
S[4, 35] 1800.897 286359667
C[[3, 1], 0] 1800.987 286359757
S[4, 36] 1750.377 287309329
C[[3, 1], 1] 1788.797 287347749
S[4, 37] 1767.964 288327095
C[[3, 1], 2] 1844.645 288403777
S[4, 38] 1686.125 289245433
C[[3, 1], 3] 1722.376 289281683
S[4, 39] 1439.514 289999000
C[[3, 1], 4] 1655.434 290214920
S[4, 40] 1503.342 291063011
C[[3, 1], 5] 1828.546 291388214
S[4, 41] 1769.59 292329448
C[[3, 1], 6] 1825.751 292385608
S[4, 42] 1736.786 293296825
C[[3, 1], 7] 1780.08 293340118
S[4, 43] 2125.072 294685291
C[[3, 1], 8] 2125.159 294685378
S[4, 44] 1770.177 295330571
C[[3, 1], 9] 1877.81 295438203
CS[3, 0] 32015.248 12011.578 296570347
S[4, 45] 2070.603 296631175
C[[3, 1], 10] 2070.689 296631261
S[4, 46] 1718.109 297278861
C[[3, 1], 11] 1805.543 297366294
S[4, 47] 1415.089 297976024
C[[3, 1], 12] 1793.932 298354867
S[4, 48] 1497.707 299058835
C[[3, 1], 13] 1826.325 299387453
S[4, 49] 1770.552 300331863
C[[3, 1], 14] 1817.353 300378664
S[4, 50] 1748.68 301310171
C[[3, 1], 15] 1816.305 301377797
S[4, 51] 1699.214 302260884
C[[3, 1], 16] 1772.121 302333791
S[4, 52] 1404.969 302966820
S[4, 53] 1503.88 304065889
C[[3, 1], 17] 2692.304 304254156
C[[3, 1], 18] 1831.343 304393352
S[4, 54] 1510.075 305072262
C[[3, 1], 19] 1795.268 305357456
S[4, 55] 1801.933 306364300
C[[3, 2], 0] 1853.458 306415826
S[4, 56] 1700.652 307263210
C[[3, 2], 1] 1764.421 307326978
S[4, 57] 1590.227 308153001
S[4, 58] 1420.047 308983016
C[[3, 2], 3] 1738.995 309301963
C[[3, 2], 2] 2739.189 309301963
S[4, 59] 1472.548 310035696
C[[3, 2], 4] 1837.524 310400672
S[5, 0] 956.947 310520272
C[[3, 2], 5] 1826.721 311390046
S[5, 1] 1743.919 312307443
SS4 62831.057 2820.1 312383425
S[5, 2] 1499.623 313063322
C[[3, 2], 6] 2802.161 313365685
C[[3, 2], 7] 1801.986 313365685
S[5, 3] 1968.45 314532326
C[[4, 0], 0] 2135.62 314699496
S[5, 4] 1682.138 315246210
S[5, 5] 1415.436 315979686
C[[4, 0], 2] 1682.001 316246252
C[[4, 0], 1] 2682.18 316246252
CS[3, 1] 32530.146 12526.548 317088916
S[5, 6] 1737.638 317302079
C[[4, 0], 3] 1737.685 317302126
S[5, 7] 1454.676 318019301
C[[4, 0], 4] 1695.858 318260484
S[5, 8] 1501.353 319066166
C[[4, 0], 5] 1777.8 319342614
S[5, 9] 1738.582 320303579
C[[4, 0], 6] 2055.584 320620581
S[5, 10] 1734.73 321299907
C[[4, 0], 7] 1832.944 321398122
S[5, 11] 1802.018 322367407
C[[4, 0], 8] 1835.961 322401350
CS[3, 2] 18548.362 10546.854 323110730
S[5, 12] 1740.88 323312658
C[[4, 0], 9] 1843.301 323415079
S[5, 13] 1705.633 324277587
C[[4, 0], 10] 1797.347 324369300
S[5, 14] 1396.561 324968701
S[5, 15] 1498.5 326070827
C[[4, 0], 11] 2819.617 326391757
C[[4, 0], 12] 1819.429 326391757
S[5, 16] 1689.985 327262496
C[[4, 0], 13] 1776.544 327349055
S[5, 17] 1650.249 328222946
S[5, 18] 1645.694 329218579
C[[4, 0], 14] 2699.755 329272452
S[5, 19] 1410.598 329983661
C[[4, 0], 16] 1719.929 330292992
C[[4, 0], 15] 2720.106 330292992
S[5, 20] 1405.475 330978722
S[5, 21] 1497.566 332071032
C[[4, 0], 17] 2711.462 332284709
C[[4, 0], 18] 1780.402 332353868
S[5, 22] 1504.641 333078296
C[[4, 0], 19] 1775.593 333349248
S[5, 23] 1682.64 334256492
C[[4, 1], 0] 1884.01 334457862
S[5, 24] 1646.624 335220664
S[5, 25] 1704.674 336278907
C[[4, 1], 1] 2751.781 336325821
C[[4, 1], 2] 1751.588 336325821
S[5, 26] 1626.145 337200564
S[5, 27] 1405.358 337979965
C[[4, 1], 3] 2804.017 338378435
C[[4, 1], 4] 1844.978 338419585
S[5, 28] 1410.56 338985348
C[[4, 1], 5] 1802.688 339377475
S[5, 29] 1484.531 340059498
C[[4, 1], 6] 1902.687 340477654
S[5, 30] 1483.389 341058538
C[[4, 1], 7] 1810.704 341385853
S[5, 31] 1499.806 342075146
C[[4, 1], 8] 1815.868 342391208
S[5, 32] 1711.182 343286701
C[[4, 1], 9] 1778.164 343353682
CS[4, 0] 31958.28 11948.304 344522156
S[5, 33] 2012.976 344588677
C[[4, 1], 10] 2013.061 344588762
S[5, 34] 1764.524 345340403
C[[4, 1], 11] 1844.829 345420708
S[5, 35] 1731.622 346307682
C[[4, 1], 12] 1774.89 346350951
S[5, 36] 1702.772 347279017
C[[4, 1], 13] 1797.933 347374178
S[5, 37] 1422.565 347998989
C[[4, 1], 14] 1725.01 348301434
S[5, 38] 1406.055 348982649
C[[4, 1], 15] 1738.624 349315219
S[5, 39] 1593.882 350170658
C[[4, 1], 16] 1670.486 350247263
S[5, 40] 1797.8 351374758
C[[4, 1], 17] 1865.134 351442092
S[5, 41] 1769.7 352346838
C[[4, 1], 18] 1837.948 352415086
S[5, 42] 1459.416 353036730
C[[4, 1], 19] 1753.137 353330450
S[5, 43] 1498.236 354075744
C[[4, 2], 0] 1845.691 354423199
S[5, 44] 1419.652 354997343
C[[4, 2], 1] 1815.953 355393644
S[5, 45] 1497.902 356075777
C[[4, 2], 2] 1826.247 356404123
S[5, 46] 1689.762 357267828
C[[4, 2], 3] 1734.426 357312492
S[5, 47] 1645.077 358223321
C[[4, 2], 4] 1668.727 358246971
S[5, 48] 1424.908 359003329
C[[4, 2], 5] 1679.217 359257638
S[5, 49] 1607.563 360186168
C[[4, 2], 6] 1743.291 360321896
S[5, 50] 1445.332 361024116
C[[4, 2], 7] 1884.642 361463426
S[5, 51] 1991.602 362570572
C[[4, 2], 8] 1991.692 362570663
S[5, 52] 1806.179 363385334
C[[4, 2], 9] 1806.269 363385424
CS[4, 1] 31774.08 11770.424 364347932
S[5, 53] 1863.596 364442933
C[[4, 2], 10] 1863.675 364443012
S[5, 54] 1416.177 364995710
C[[4, 2], 11] 1695.189 365274721
S[5, 55] 1390.971 365970678
C[[4, 2], 12] 1726.224 366305930
S[5, 56] 1632.636 367212517
C[[4, 2], 13] 1743.945 367323826
S[5, 57] 1701.711 368281782
C[[4, 2], 14] 1776.442 368356513
S[5, 58] 1628.997 369209254
C[[4, 2], 15] 1728.864 369309121
S[5, 59] 1690.594 370271039
C[[4, 2], 16] 1834.201 370414645
S[6, 0] 1641.58 371222219
C[[4, 2], 17] 1735.006 371315645
S[6, 1] 1412.163 371992985
C[[4, 2], 18] 1753.707 372334530
S[6, 2] 1291.547 372872577
SS5 63401.066 3383.752 372964391
C[[4, 2], 19] 1733.251 373314281
S[6, 3] 1293.787 373875004
S[6, 4] 1403.643 374985067
C[[4, 3], 0] 2665.327 375246545
C[[5, 0], 0] 1732.048 375313471
S[6, 5] 1568.893 376150497
C[[5, 0], 1] 1805.176 376386780
S[6, 6] 1731.068 377312860
C[[5, 0], 2] 1768.547 377350339
S[6, 7] 1723.451 378305425
C[[5, 0], 3] 1963.094 378545068
S[6, 8] 1675.544 379257706
C[[5, 0], 4] 1755.176 379337338
S[6, 9] 1272.607 379854950
S[6, 10] 1404.696 380987229
C[[5, 0], 5] 2648.446 381230789
C[[5, 0], 6] 2640.204 382222737
S[6, 11] 1679.412 382262134
C[[5, 0], 7] 1718.327 382301049
CS[4, 2] 30279.544 10275.834 382857051
S[6, 12] 1664.544 383247454
C[[5, 0], 8] 1708.439 383291348
S[6, 13] 1771.725 384354816
C[[5, 0], 9] 1810.992 384394084
S[6, 14] 1682.388 385265664
S[6, 15] 1414.51 386004554
C[[5, 0], 10] 2875.776 386459053
CS[4, 3] 14628.771 13628.565 387209988
S[6, 16] 1699.194 387289426
C[[5, 0], 12] 1782.624 387372856
C[[5, 0], 11] 2782.812 387372856
S[6, 17] 1497.04 388087459
C[[5, 0], 13] 1815.484 388405902
S[6, 18] 1701.505 389292111
C[[5, 0], 14] 1773.843 389364449
S[6, 19] 1654.047 390244842
C[[5, 0], 15] 2711.714 391302510
S[6, 20] 1767.868 391358850
C[[5, 0], 16] 1836.716 391427698
S[6, 21] 1748.614 392339787
C[[5, 0], 17] 1828.283 392419456
S[6, 22] 1691.716 393283069
C[[5, 0], 18] 1778.088 393369440
S[6, 23] 1283.888 393875419
S[6, 24] 1473.792 395065503
C[[5, 0], 19] 2709.331 395300861
C[[5, 1], 0] 1709.15 395300861
S[6, 25] 1665.597 396257496
C[[5, 1], 1] 1699.675 396291574
S[6, 26] 1789.176 397381229
C[[5, 1], 2] 1831.14 397423193
S[6, 27] 1771.989 398364223
C[[5, 1], 3] 1826.565 398418800
S[6, 28] 1723.727 399316150
C[[5, 1], 4] 1766.78 399359202
S[6, 29] 1492.77 400085374
C[[5, 1], 5] 1864.073 400456676
S[6, 30] 1756.597 401349379
C[[5, 1], 6] 1995.211 401587993
C[[5, 1], 7] 2003.191 402596161
S[6, 31] 2003.279 402596249
