000.005 WPR 00250940501
000.005 RBE 00250941374
000.004 WPR 00250942648
000.004 RBE 00250943335
000.003 WPR 00250943786
000.001 WPR 00250944227
000.003 RBE 00250944522
000.001 RBE 00250945005
000.011 AFR 00253440500
000.009 AFR 00253469882
000.002 AFR 00253939916
000.002 WPR 00253952909
000.002 RBE 00253953761
000.009 WPR 00253966155
000.009 RBE 00253966463
000.014 WPR 00253967282
000.018 WPR 00253967480
000.011 WPR 00253967565
000.014 RBE 00253967579
000.013 WPR 00253967760
000.020 WPR 00253967834
000.018 RBE 00253968150
000.013 RBE 00253968159
000.011 RBE 00253968194
000.020 RBE 00253968476
000.017 WPR 00253969034
000.007 WPR 00253969060
000.008 WPR 00253969249
000.008 RBE 00253969553
000.007 RBE 00253969754
000.017 RBE 00253969823
000.006 WPR 00253970417
000.012 WPR 00253977239
000.015 WPR 00253977239
000.012 RBE 00253977289
000.019 WPR 00253977292
000.015 RBE 00253977315
000.019 RBE 00253977333
000.006 RBE 00253977355
000.010 WPR 00253977351
000.016 WPR 00253977358
000.010 RBE 00253977406
000.016 RBE 00253977450
000.022 WPR 00253986902
000.023 WPR 00253986916
000.024 WPR 00253987129
000.021 WPR 00253987480
000.022 RBE 00253987577
000.023 RBE 00253987598
000.024 RBE 00253987792
000.021 RBE 00253988184
000 RTF 254225755
000 REP 0006366 0006368 0049635 0135709 0137946 0139121 0139301 0139569 0139571 0142720 00254648895
000.022 RPR 00254676587
000.023 RPR 00254677502
000.024 RPR 00254677516
000.021 RPR 00254690683
000.004 RPR 00254751299
000.005 RPR 00254767027
000.003 RPR 00254767547
000.002 RPR 00254772181
000.017 RPR 00254779298
000.007 RPR 00254783627
000.019 RPR 00254784085
000.008 RPR 00254784960
000.006 RPR 00254788402
000.010 RPR 00254788417
000.014 RPR 00254790403
000.016 RPR 00254790647
000.018 RPR 00254794366
000.009 RPR 00254794599
000.011 RPR 00254796962
000.020 RPR 00254797412
000.013 RPR 00254797571
000.001 RPR 00255008692
000.015 RPR 00255052200
000.012 RPR 00255075050
