00000000108 00000004998 00000025008 00074886123
00000000108 00000004998 00000025008 00074886123
00000000108 00000004998 00000025008 00074886123
00000000108 00000004998 00000025008 00074886123
00000000108 00000004998 00000025008 00074886123
00000000045 00000005937 00000025947 00075820246
00000000045 00000005937 00000025947 00075820246
00000000045 00000005937 00000025947 00075820246
00000000045 00000005937 00000025947 00075820246
00000000045 00000005937 00000025947 00075820246
00000000025 00000006917 00000026927 00076799837
00000000025 00000006917 00000026927 00076799837
00000000025 00000006917 00000026927 00076799837
00000000025 00000006917 00000026927 00076799837
00000000025 00000006917 00000026927 00076799837
00000000023 00000007915 00000027925 00077797794
00000000023 00000007915 00000027925 00077797794
00000000023 00000007915 00000027925 00077797794
00000000023 00000007915 00000027925 00077797794
00000000023 00000007915 00000027925 00077797794
00000000019 00000008911 00000028921 00078793833
00000000019 00000008911 00000028921 00078793833
00000000019 00000008911 00000028921 00078793833
00000000019 00000008911 00000028921 00078793833
00000000019 00000008911 00000028921 00078793833
00000000032 00000009924 00000029934 00079807550
00000000032 00000009924 00000029934 00079807550
00000000032 00000009924 00000029934 00079807550
00000000032 00000009924 00000029934 00079807550
00000000032 00000009924 00000029934 00079807550
00000000019 00000010912 00000030922 00080795516
00000000019 00000010912 00000030922 00080795516
00000000019 00000010912 00000030922 00080795516
00000000019 00000010912 00000030922 00080795516
00000000019 00000010912 00000030922 00080795516
00000000017 00000011910 00000031920 00081793178
00000000017 00000011910 00000031920 00081793178
00000000017 00000011910 00000031920 00081793178
00000000017 00000011910 00000031920 00081793178
00000000017 00000011910 00000031920 00081793178
00000000024 00000012917 00000032927 00082800431
00000000024 00000012917 00000032927 00082800431
00000000024 00000012917 00000032927 00082800431
00000000024 00000012917 00000032927 00082800431
00000000024 00000012917 00000032927 00082800431
00000000041 00000013934 00000033944 00083817668
00000000041 00000013934 00000033944 00083817668
00000000041 00000013934 00000033944 00083817668
00000000041 00000013934 00000033944 00083817668
00000000041 00000013934 00000033944 00083817668
00000000027 00000014920 00000034930 00084803442
00000000027 00000014920 00000034930 00084803442
00000000027 00000014920 00000034930 00084803442
00000000027 00000014920 00000034930 00084803442
00000000027 00000014920 00000034930 00084803442
00000000113 00000016006 00000036016 00085889673
00000000113 00000016006 00000036016 00085889673
00000000113 00000016006 00000036016 00085889673
00000000113 00000016006 00000036016 00085889673
00000000113 00000016006 00000036016 00085889673
00000000034 00000016928 00000016928 00086810849
00000000034 00000016928 00000016928 00086810849
00000000034 00000016928 00000016928 00086810849
00000000034 00000016928 00000016928 00086810849
00000000034 00000016928 00000016928 00086810849
00000000019 00000017913 00000017913 00087796234
00000000019 00000017913 00000017913 00087796234
00000000019 00000017913 00000017913 00087796234
00000000019 00000017913 00000017913 00087796234
00000000019 00000017913 00000017913 00087796234
00000000020 00000018914 00000018914 00088797583
00000000020 00000018914 00000018914 00088797583
00000000020 00000018914 00000018914 00088797583
00000000020 00000018914 00000018914 00088797583
00000000020 00000018914 00000018914 00088797583
00000000022 00000019917 00000019917 00089800139
00000000022 00000019917 00000019917 00089800139
00000000022 00000019917 00000019917 00089800139
00000000022 00000019917 00000019917 00089800139
00000000022 00000019917 00000019917 00089800139
00000000020 00000020915 00000020915 00090798056
00000000020 00000020915 00000020915 00090798056
00000000020 00000020915 00000020915 00090798056
00000000020 00000020915 00000020915 00090798056
00000000020 00000020915 00000020915 00090798056
00000000020 00000021915 00000021915 00091797782
00000000020 00000021915 00000021915 00091797782
00000000020 00000021915 00000021915 00091797782
00000000020 00000021915 00000021915 00091797782
00000000020 00000021915 00000021915 00091797782
00000000048 00000022943 00000022943 00092826243
00000000048 00000022943 00000022943 00092826243
00000000048 00000022943 00000022943 00092826243
00000000048 00000022943 00000022943 00092826243
00000000048 00000022943 00000022943 00092826243
00000000031 00000023926 00000023926 00093809143
00000000031 00000023926 00000023926 00093809143
00000000031 00000023926 00000023926 00093809143
00000000031 00000023926 00000023926 00093809143
00000000031 00000023926 00000023926 00093809143
00000000037 00000024933 00000024933 00094816262
00000000037 00000024933 00000024933 00094816262
00000000037 00000024933 00000024933 00094816262
00000000037 00000024933 00000024933 00094816262
00000000037 00000024933 00000024933 00094816262
00000000014 00000025910 00000025910 00095792900
00000000014 00000025910 00000025910 00095792900
00000000014 00000025910 00000025910 00095792900
00000000014 00000025910 00000025910 00095792900
00000000014 00000025910 00000025910 00095792900
00000000030 00000026926 00000026926 00096809415
00000000030 00000026926 00000026926 00096809415
00000000030 00000026926 00000026926 00096809415
00000000030 00000026926 00000026926 00096809415
00000000030 00000026926 00000026926 00096809415
00000000019 00000027915 00000027915 00097797984
00000000019 00000027915 00000027915 00097797984
00000000019 00000027915 00000027915 00097797984
00000000019 00000027915 00000027915 00097797984
00000000019 00000027915 00000027915 00097797984
00000000015 00000028911 00000028911 00098793776
00000000015 00000028911 00000028911 00098793776
00000000015 00000028911 00000028911 00098793776
00000000015 00000028911 00000028911 00098793776
00000000015 00000028911 00000028911 00098793776
00000000022 00000029919 00000029919 00099802148
00000000022 00000029919 00000029919 00099802148
00000000022 00000029919 00000029919 00099802148
00000000022 00000029919 00000029919 00099802148
00000000022 00000029919 00000029919 00099802148
00000000025 00000030922 00000030922 00100805125
00000000025 00000030922 00000030922 00100805125
00000000025 00000030922 00000030922 00100805125
00000000025 00000030922 00000030922 00100805125
00000000025 00000030922 00000030922 00100805125
00000000021 00000031918 00000031918 00101801151
00000000021 00000031918 00000031918 00101801151
00000000021 00000031918 00000031918 00101801151
00000000021 00000031918 00000031918 00101801151
00000000021 00000031918 00000031918 00101801151
00000000045 00000032942 00000032942 00102825138
00000000045 00000032942 00000032942 00102825138
00000000045 00000032942 00000032942 00102825138
00000000045 00000032942 00000032942 00102825138
00000000045 00000032942 00000032942 00102825138
00000000039 00000033936 00000033936 00103819520
00000000039 00000033936 00000033936 00103819520
00000000039 00000033936 00000033936 00103819520
00000000039 00000033936 00000033936 00103819520
00000000039 00000033936 00000033936 00103819520
00000000146 00000035043 00000035043 00104926477
00000000146 00000035043 00000035043 00104926477
00000000146 00000035043 00000035043 00104926477
00000000146 00000035043 00000035043 00104926477
00000000146 00000035043 00000035043 00104926477
00000000033 00000035931 00000015926 00105814431
00000000033 00000035931 00000015926 00105814431
00000000033 00000035931 00000015926 00105814431
00000000033 00000035931 00000015926 00105814431
00000000033 00000035931 00000015926 00105814431
00000000034 00000036932 00000016927 00106815231
00000000034 00000036932 00000016927 00106815231
00000000034 00000036932 00000016927 00106815231
00000000034 00000036932 00000016927 00106815231
00000000034 00000036932 00000016927 00106815231
00000000024 00000037922 00000017917 00107805714
00000000024 00000037922 00000017917 00107805714
00000000024 00000037922 00000017917 00107805714
00000000024 00000037922 00000017917 00107805714
00000000024 00000037922 00000017917 00107805714
00000000020 00000038918 00000018913 00108801542
00000000020 00000038918 00000018913 00108801542
00000000020 00000038918 00000018913 00108801542
00000000020 00000038918 00000018913 00108801542
00000000020 00000038918 00000018913 00108801542
00000000024 00000039922 00000019917 00109805514
00000000024 00000039922 00000019917 00109805514
00000000024 00000039922 00000019917 00109805514
00000000024 00000039922 00000019917 00109805514
00000000024 00000039922 00000019917 00109805514
00000000022 00000040921 00000020916 00110804228
00000000022 00000040921 00000020916 00110804228
00000000022 00000040921 00000020916 00110804228
00000000022 00000040921 00000020916 00110804228
00000000022 00000040921 00000020916 00110804228
00000000023 00000041922 00000021917 00111805069
00000000023 00000041922 00000021917 00111805069
00000000023 00000041922 00000021917 00111805069
00000000023 00000041922 00000021917 00111805069
00000000023 00000041922 00000021917 00111805069
00000000066 00000042965 00000022960 00112847834
00000000066 00000042965 00000022960 00112847834
00000000066 00000042965 00000022960 00112847834
00000000066 00000042965 00000022960 00112847834
00000000066 00000042965 00000022960 00112847834
00000000023 00000043922 00000023917 00113804781
00000000023 00000043922 00000023917 00113804781
00000000023 00000043922 00000023917 00113804781
00000000023 00000043922 00000023917 00113804781
00000000023 00000043922 00000023917 00113804781
00000000023 00000044922 00000024917 00114805454
00000000023 00000044922 00000024917 00114805454
00000000023 00000044922 00000024917 00114805454
00000000023 00000044922 00000024917 00114805454
00000000023 00000044922 00000024917 00114805454
00000000022 00000045922 00000025917 00115805057
00000000022 00000045922 00000025917 00115805057
00000000022 00000045922 00000025917 00115805057
00000000022 00000045922 00000025917 00115805057
00000000022 00000045922 00000025917 00115805057
00000000021 00000046921 00000026916 00116804746
00000000021 00000046921 00000026916 00116804746
00000000021 00000046921 00000026916 00116804746
00000000021 00000046921 00000026916 00116804746
00000000021 00000046921 00000026916 00116804746
00000000029 00000047929 00000027924 00117812330
00000000029 00000047929 00000027924 00117812330
00000000029 00000047929 00000027924 00117812330
00000000029 00000047929 00000027924 00117812330
00000000029 00000047929 00000027924 00117812330
00000000019 00000048919 00000028914 00118802293
00000000019 00000048919 00000028914 00118802293
00000000019 00000048919 00000028914 00118802293
00000000019 00000048919 00000028914 00118802293
00000000019 00000048919 00000028914 00118802293
00000000024 00000049924 00000029919 00119807495
00000000024 00000049924 00000029919 00119807495
00000000024 00000049924 00000029919 00119807495
00000000024 00000049924 00000029919 00119807495
00000000024 00000049924 00000029919 00119807495
00000000031 00000050931 00000030926 00120814079
00000000031 00000050931 00000030926 00120814079
00000000031 00000050931 00000030926 00120814079
00000000031 00000050931 00000030926 00120814079
00000000031 00000050931 00000030926 00120814079
00000000028 00000051929 00000031924 00121811829
00000000028 00000051929 00000031924 00121811829
00000000028 00000051929 00000031924 00121811829
00000000028 00000051929 00000031924 00121811829
00000000028 00000051929 00000031924 00121811829
00000000051 00000052952 00000032947 00122834763
00000000051 00000052952 00000032947 00122834763
00000000051 00000052952 00000032947 00122834763
00000000051 00000052952 00000032947 00122834763
00000000051 00000052952 00000032947 00122834763
00000000122 00000054023 00000034018 00123906066
00000000122 00000054023 00000034018 00123906066
00000000122 00000054023 00000034018 00123906066
00000000122 00000054023 00000034018 00123906066
00000000122 00000054023 00000034018 00123906066
00000000029 00000054930 00000014922 00124813236
00000000029 00000054930 00000014922 00124813236
00000000029 00000054930 00000014922 00124813236
00000000029 00000054930 00000014922 00124813236
00000000029 00000054930 00000014922 00124813236
00000000024 00000055925 00000015917 00125808197
00000000024 00000055925 00000015917 00125808197
00000000024 00000055925 00000015917 00125808197
00000000024 00000055925 00000015917 00125808197
00000000024 00000055925 00000015917 00125808197
00000000030 00000056932 00000016924 00126815710
00000000030 00000056932 00000016924 00126815710
00000000030 00000056932 00000016924 00126815710
00000000030 00000056932 00000016924 00126815710
00000000030 00000056932 00000016924 00126815710
00000000026 00000057928 00000017920 00127811257
00000000026 00000057928 00000017920 00127811257
00000000026 00000057928 00000017920 00127811257
00000000026 00000057928 00000017920 00127811257
00000000026 00000057928 00000017920 00127811257
00000000022 00000058924 00000018916 00128807499
00000000022 00000058924 00000018916 00128807499
00000000022 00000058924 00000018916 00128807499
00000000022 00000058924 00000018916 00128807499
00000000022 00000058924 00000018916 00128807499
00000000041 00000059943 00000019935 00129826394
00000000041 00000059943 00000019935 00129826394
00000000041 00000059943 00000019935 00129826394
00000000041 00000059943 00000019935 00129826394
00000000041 00000059943 00000019935 00129826394
00000000034 00000060936 00000020928 00130819629
00000000034 00000060936 00000020928 00130819629
00000000034 00000060936 00000020928 00130819629
00000000034 00000060936 00000020928 00130819629
00000000034 00000060936 00000020928 00130819629
00000000066 00000061969 00000021961 00131852050
00000000066 00000061969 00000021961 00131852050
00000000066 00000061969 00000021961 00131852050
00000000066 00000061969 00000021961 00131852050
00000000066 00000061969 00000021961 00131852050
00000000025 00000062928 00000022920 00132811705
00000000025 00000062928 00000022920 00132811705
00000000025 00000062928 00000022920 00132811705
00000000025 00000062928 00000022920 00132811705
00000000025 00000062928 00000022920 00132811705
00000000029 00000063932 00000023924 00133815282
00000000029 00000063932 00000023924 00133815282
00000000029 00000063932 00000023924 00133815282
00000000029 00000063932 00000023924 00133815282
00000000029 00000063932 00000023924 00133815282
00000000017 00000064920 00000024912 00134803699
00000000017 00000064920 00000024912 00134803699
00000000017 00000064920 00000024912 00134803699
00000000017 00000064920 00000024912 00134803699
00000000017 00000064920 00000024912 00134803699
00000000036 00000065939 00000025931 00135821955
00000000036 00000065939 00000025931 00135821955
00000000036 00000065939 00000025931 00135821955
00000000036 00000065939 00000025931 00135821955
00000000036 00000065939 00000025931 00135821955
00000000022 00000066925 00000026917 00136807858
00000000022 00000066925 00000026917 00136807858
00000000022 00000066925 00000026917 00136807858
00000000022 00000066925 00000026917 00136807858
00000000022 00000066925 00000026917 00136807858
00000000017 00000067921 00000027913 00137803776
00000000017 00000067921 00000027913 00137803776
00000000017 00000067921 00000027913 00137803776
00000000017 00000067921 00000027913 00137803776
00000000017 00000067921 00000027913 00137803776
00000000022 00000068926 00000028918 00138809579
00000000022 00000068926 00000028918 00138809579
00000000022 00000068926 00000028918 00138809579
00000000022 00000068926 00000028918 00138809579
00000000022 00000068926 00000028918 00138809579
00000000028 00000069932 00000029924 00139815393
00000000028 00000069932 00000029924 00139815393
00000000028 00000069932 00000029924 00139815393
00000000028 00000069932 00000029924 00139815393
00000000028 00000069932 00000029924 00139815393
00000000021 00000070925 00000030917 00140808639
00000000021 00000070925 00000030917 00140808639
00000000021 00000070925 00000030917 00140808639
00000000021 00000070925 00000030917 00140808639
00000000021 00000070925 00000030917 00140808639
00000000014 00000071918 00000031910 00141801493
00000000014 00000071918 00000031910 00141801493
00000000014 00000071918 00000031910 00141801493
00000000014 00000071918 00000031910 00141801493
00000000014 00000071918 00000031910 00141801493
00000000322 00000073227 00000033219 00143110286
00000000322 00000073227 00000033219 00143110286
00000000322 00000073227 00000033219 00143110286
00000000322 00000073227 00000033219 00143110286
00000000322 00000073227 00000033219 00143110286
00000000056 00000073961 00000033953 00143843976
00000000056 00000073961 00000033953 00143843976
00000000056 00000073961 00000033953 00143843976
00000000056 00000073961 00000033953 00143843976
00000000056 00000073961 00000033953 00143843976
00000000022 00000074927 00000034919 00144810651
00000000022 00000074927 00000034919 00144810651
00000000022 00000074927 00000034919 00144810651
00000000022 00000074927 00000034919 00144810651
00000000022 00000074927 00000034919 00144810651
00000000034 00000075939 00000015927 00145821949
00000000034 00000075939 00000015927 00145821949
00000000034 00000075939 00000015927 00145821949
00000000034 00000075939 00000015927 00145821949
00000000034 00000075939 00000015927 00145821949
00000000046 00000076951 00000016939 00146834648
00000000046 00000076951 00000016939 00146834648
00000000046 00000076951 00000016939 00146834648
00000000046 00000076951 00000016939 00146834648
00000000046 00000076951 00000016939 00146834648
00000000139 00000078045 00000018033 00147928508
00000000139 00000078045 00000018033 00147928508
00000000139 00000078045 00000018033 00147928508
00000000139 00000078045 00000018033 00147928508
00000000139 00000078045 00000018033 00147928508
00000000101 00000079007 00000018995 00148890442
00000000101 00000079007 00000018995 00148890442
00000000101 00000079007 00000018995 00148890442
00000000101 00000079007 00000018995 00148890442
00000000101 00000079007 00000018995 00148890442
00000000031 00000079937 00000017925 00149819854
00000000031 00000079937 00000017925 00149819854
00000000031 00000079937 00000017925 00149819854
00000000031 00000079937 00000017925 00149819854
00000000031 00000079937 00000017925 00149819854
00000000015 00000080921 00000018909 00150804199
00000000015 00000080921 00000018909 00150804199
00000000015 00000080921 00000018909 00150804199
00000000015 00000080921 00000018909 00150804199
00000000015 00000080921 00000018909 00150804199
00000000025 00000081931 00000019919 00151813770
00000000025 00000081931 00000019919 00151813770
00000000025 00000081931 00000019919 00151813770
00000000025 00000081931 00000019919 00151813770
00000000025 00000081931 00000019919 00151813770
00000000021 00000082927 00000020915 00152809837
00000000021 00000082927 00000020915 00152809837
00000000021 00000082927 00000020915 00152809837
00000000021 00000082927 00000020915 00152809837
00000000021 00000082927 00000020915 00152809837
00000000024 00000083931 00000021919 00153814656
00000000024 00000083931 00000021919 00153814656
00000000024 00000083931 00000021919 00153814656
00000000024 00000083931 00000021919 00153814656
00000000024 00000083931 00000021919 00153814656
00000000019 00000084926 00000022914 00154808835
00000000019 00000084926 00000022914 00154808835
00000000019 00000084926 00000022914 00154808835
00000000019 00000084926 00000022914 00154808835
00000000019 00000084926 00000022914 00154808835
00000000017 00000085924 00000023912 00155807150
00000000017 00000085924 00000023912 00155807150
00000000017 00000085924 00000023912 00155807150
00000000017 00000085924 00000023912 00155807150
00000000017 00000085924 00000023912 00155807150
00000000023 00000086930 00000024918 00156813620
00000000023 00000086930 00000024918 00156813620
00000000023 00000086930 00000024918 00156813620
00000000023 00000086930 00000024918 00156813620
00000000023 00000086930 00000024918 00156813620
00000000035 00000087942 00000025930 00157825059
00000000035 00000087942 00000025930 00157825059
00000000035 00000087942 00000025930 00157825059
00000000035 00000087942 00000025930 00157825059
00000000035 00000087942 00000025930 00157825059
00000000030 00000088938 00000026926 00158821404
00000000030 00000088938 00000026926 00158821404
00000000030 00000088938 00000026926 00158821404
00000000030 00000088938 00000026926 00158821404
00000000030 00000088938 00000026926 00158821404
00000000040 00000089948 00000027936 00159831647
00000000040 00000089948 00000027936 00159831647
00000000040 00000089948 00000027936 00159831647
00000000040 00000089948 00000027936 00159831647
00000000040 00000089948 00000027936 00159831647
00000000028 00000090936 00000028924 00160818981
00000000028 00000090936 00000028924 00160818981
00000000028 00000090936 00000028924 00160818981
00000000028 00000090936 00000028924 00160818981
00000000028 00000090936 00000028924 00160818981
00000000017 00000091925 00000029913 00161808072
00000000017 00000091925 00000029913 00161808072
00000000017 00000091925 00000029913 00161808072
00000000017 00000091925 00000029913 00161808072
00000000017 00000091925 00000029913 00161808072
00000000017 00000092925 00000030913 00162808684
00000000017 00000092925 00000030913 00162808684
00000000017 00000092925 00000030913 00162808684
00000000017 00000092925 00000030913 00162808684
00000000017 00000092925 00000030913 00162808684
00000000021 00000093930 00000031918 00163813632
00000000021 00000093930 00000031918 00163813632
00000000021 00000093930 00000031918 00163813632
00000000021 00000093930 00000031918 00163813632
00000000021 00000093930 00000031918 00163813632
00000000025 00000094934 00000032922 00164817065
00000000025 00000094934 00000032922 00164817065
00000000025 00000094934 00000032922 00164817065
00000000025 00000094934 00000032922 00164817065
00000000025 00000094934 00000032922 00164817065
00000000081 00000095990 00000033978 00165873244
00000000081 00000095990 00000033978 00165873244
00000000081 00000095990 00000033978 00165873244
00000000081 00000095990 00000033978 00165873244
00000000081 00000095990 00000033978 00165873244
00000000032 00000036929 00000014925 00166823839
00000000032 00000036929 00000014925 00166823839
00000000032 00000036929 00000014925 00166823839
00000000032 00000036929 00000014925 00166823839
00000000032 00000036929 00000014925 00166823839
00000000025 00000037922 00000015918 00167817492
00000000025 00000037922 00000015918 00167817492
00000000025 00000037922 00000015918 00167817492
00000000025 00000037922 00000015918 00167817492
00000000025 00000037922 00000015918 00167817492
00000000023 00000038920 00000016916 00168815490
00000000023 00000038920 00000016916 00168815490
00000000023 00000038920 00000016916 00168815490
00000000023 00000038920 00000016916 00168815490
00000000023 00000038920 00000016916 00168815490
00000000032 00000039930 00000017926 00169824784
00000000032 00000039930 00000017926 00169824784
00000000032 00000039930 00000017926 00169824784
00000000032 00000039930 00000017926 00169824784
00000000032 00000039930 00000017926 00169824784
00000000035 00000040933 00000018929 00170827913
00000000035 00000040933 00000018929 00170827913
00000000035 00000040933 00000018929 00170827913
00000000035 00000040933 00000018929 00170827913
00000000035 00000040933 00000018929 00170827913
00000000043 00000041941 00000019937 00171836184
00000000043 00000041941 00000019937 00171836184
00000000043 00000041941 00000019937 00171836184
00000000043 00000041941 00000019937 00171836184
00000000043 00000041941 00000019937 00171836184
00000000036 00000042934 00000020930 00172829354
00000000036 00000042934 00000020930 00172829354
00000000036 00000042934 00000020930 00172829354
00000000036 00000042934 00000020930 00172829354
00000000036 00000042934 00000020930 00172829354
00000000066 00000043964 00000021960 00173859722
00000000066 00000043964 00000021960 00173859722
00000000066 00000043964 00000021960 00173859722
00000000066 00000043964 00000021960 00173859722
00000000066 00000043964 00000021960 00173859722
00000000021 00000044920 00000022916 00174815557
00000000021 00000044920 00000022916 00174815557
00000000021 00000044920 00000022916 00174815557
00000000021 00000044920 00000022916 00174815557
00000000021 00000044920 00000022916 00174815557
00000000018 00000045917 00000023913 00175812448
00000000018 00000045917 00000023913 00175812448
00000000018 00000045917 00000023913 00175812448
00000000018 00000045917 00000023913 00175812448
00000000018 00000045917 00000023913 00175812448
00000000014 00000046913 00000024909 00176808467
00000000014 00000046913 00000024909 00176808467
00000000014 00000046913 00000024909 00176808467
00000000014 00000046913 00000024909 00176808467
00000000014 00000046913 00000024909 00176808467
00000000027 00000047926 00000025922 00177820868
00000000027 00000047926 00000025922 00177820868
00000000027 00000047926 00000025922 00177820868
00000000027 00000047926 00000025922 00177820868
00000000027 00000047926 00000025922 00177820868
00000000031 00000048930 00000026926 00178825169
00000000031 00000048930 00000026926 00178825169
00000000031 00000048930 00000026926 00178825169
00000000031 00000048930 00000026926 00178825169
00000000031 00000048930 00000026926 00178825169
00000000022 00000049921 00000027917 00179815792
00000000022 00000049921 00000027917 00179815792
00000000022 00000049921 00000027917 00179815792
00000000022 00000049921 00000027917 00179815792
00000000022 00000049921 00000027917 00179815792
00000000023 00000050923 00000028919 00180818016
00000000023 00000050923 00000028919 00180818016
00000000023 00000050923 00000028919 00180818016
00000000023 00000050923 00000028919 00180818016
00000000023 00000050923 00000028919 00180818016
00000000021 00000051921 00000029917 00181816232
00000000021 00000051921 00000029917 00181816232
00000000021 00000051921 00000029917 00181816232
00000000021 00000051921 00000029917 00181816232
00000000021 00000051921 00000029917 00181816232
00000000025 00000052925 00000030921 00182820101
00000000025 00000052925 00000030921 00182820101
00000000025 00000052925 00000030921 00182820101
00000000025 00000052925 00000030921 00182820101
00000000025 00000052925 00000030921 00182820101
00000000028 00000053928 00000031924 00183823551
00000000028 00000053928 00000031924 00183823551
00000000028 00000053928 00000031924 00183823551
00000000028 00000053928 00000031924 00183823551
00000000028 00000053928 00000031924 00183823551
00000000046 00000054946 00000032942 00184841113
00000000046 00000054946 00000032942 00184841113
00000000046 00000054946 00000032942 00184841113
00000000046 00000054946 00000032942 00184841113
00000000046 00000054946 00000032942 00184841113
00000000086 00000055987 00000033983 00185881992
00000000086 00000055987 00000033983 00185881992
00000000086 00000055987 00000033983 00185881992
00000000086 00000055987 00000033983 00185881992
00000000086 00000055987 00000033983 00185881992
00000000041 00000056942 00000014934 00186837365
00000000041 00000056942 00000014934 00186837365
00000000041 00000056942 00000014934 00186837365
00000000041 00000056942 00000014934 00186837365
00000000041 00000056942 00000014934 00186837365
00000000042 00000057943 00000015935 00187838143
00000000042 00000057943 00000015935 00187838143
00000000042 00000057943 00000015935 00187838143
00000000042 00000057943 00000015935 00187838143
00000000042 00000057943 00000015935 00187838143
00000000019 00000058920 00000016912 00188814839
00000000019 00000058920 00000016912 00188814839
00000000019 00000058920 00000016912 00188814839
00000000019 00000058920 00000016912 00188814839
00000000019 00000058920 00000016912 00188814839
00000000032 00000059933 00000017925 00189828118
00000000032 00000059933 00000017925 00189828118
00000000032 00000059933 00000017925 00189828118
00000000032 00000059933 00000017925 00189828118
00000000032 00000059933 00000017925 00189828118
00000000021 00000060922 00000018914 00190817695
00000000021 00000060922 00000018914 00190817695
00000000021 00000060922 00000018914 00190817695
00000000021 00000060922 00000018914 00190817695
00000000021 00000060922 00000018914 00190817695
00000000019 00000061921 00000019913 00191816617
00000000019 00000061921 00000019913 00191816617
00000000019 00000061921 00000019913 00191816617
00000000019 00000061921 00000019913 00191816617
00000000019 00000061921 00000019913 00191816617
00000000017 00000062919 00000020911 00192814092
00000000017 00000062919 00000020911 00192814092
00000000017 00000062919 00000020911 00192814092
00000000017 00000062919 00000020911 00192814092
00000000017 00000062919 00000020911 00192814092
00000000049 00000063951 00000021943 00193846443
00000000049 00000063951 00000021943 00193846443
00000000049 00000063951 00000021943 00193846443
00000000049 00000063951 00000021943 00193846443
00000000049 00000063951 00000021943 00193846443
00000000025 00000064927 00000022919 00194821980
00000000025 00000064927 00000022919 00194821980
00000000025 00000064927 00000022919 00194821980
00000000025 00000064927 00000022919 00194821980
00000000025 00000064927 00000022919 00194821980
00000000037 00000065939 00000023931 00195834201
00000000037 00000065939 00000023931 00195834201
00000000037 00000065939 00000023931 00195834201
00000000037 00000065939 00000023931 00195834201
00000000037 00000065939 00000023931 00195834201
00000000036 00000066939 00000024931 00196834584
00000000036 00000066939 00000024931 00196834584
00000000036 00000066939 00000024931 00196834584
00000000036 00000066939 00000024931 00196834584
00000000036 00000066939 00000024931 00196834584
00000000021 00000067924 00000025916 00197819618
00000000021 00000067924 00000025916 00197819618
00000000021 00000067924 00000025916 00197819618
00000000021 00000067924 00000025916 00197819618
00000000021 00000067924 00000025916 00197819618
00000000030 00000068933 00000026925 00198828388
00000000030 00000068933 00000026925 00198828388
00000000030 00000068933 00000026925 00198828388
00000000030 00000068933 00000026925 00198828388
00000000030 00000068933 00000026925 00198828388
00000000044 00000069947 00000027939 00199842097
00000000044 00000069947 00000027939 00199842097
00000000044 00000069947 00000027939 00199842097
00000000044 00000069947 00000027939 00199842097
00000000044 00000069947 00000027939 00199842097
00000000062 00000070965 00000028957 00200860148
00000000062 00000070965 00000028957 00200860148
00000000062 00000070965 00000028957 00200860148
00000000062 00000070965 00000028957 00200860148
00000000062 00000070965 00000028957 00200860148
00000000025 00000071929 00000029921 00201824618
00000000025 00000071929 00000029921 00201824618
00000000025 00000071929 00000029921 00201824618
00000000025 00000071929 00000029921 00201824618
00000000025 00000071929 00000029921 00201824618
00000000014 00000072918 00000030910 00202813208
00000000014 00000072918 00000030910 00202813208
00000000014 00000072918 00000030910 00202813208
00000000014 00000072918 00000030910 00202813208
00000000014 00000072918 00000030910 00202813208
00000000312 00000074216 00000032208 00204110876
00000000312 00000074216 00000032208 00204110876
00000000312 00000074216 00000032208 00204110876
00000000312 00000074216 00000032208 00204110876
00000000312 00000074216 00000032208 00204110876
00000000031 00000074935 00000032927 00204830400
00000000031 00000074935 00000032927 00204830400
00000000031 00000074935 00000032927 00204830400
00000000031 00000074935 00000032927 00204830400
00000000031 00000074935 00000032927 00204830400
00000000040 00000075944 00000033936 00205838776
00000000040 00000075944 00000033936 00205838776
00000000040 00000075944 00000033936 00205838776
00000000040 00000075944 00000033936 00205838776
00000000040 00000075944 00000033936 00205838776
00000000016 00000076921 00000014904 00206815863
00000000016 00000076921 00000014904 00206815863
00000000016 00000076921 00000014904 00206815863
00000000016 00000076921 00000014904 00206815863
00000000016 00000076921 00000014904 00206815863
00000000054 00000077959 00000015942 00207854007
00000000054 00000077959 00000015942 00207854007
00000000054 00000077959 00000015942 00207854007
00000000054 00000077959 00000015942 00207854007
00000000054 00000077959 00000015942 00207854007
00000000088 00000078993 00000016976 00208887942
00000000088 00000078993 00000016976 00208887942
00000000088 00000078993 00000016976 00208887942
00000000088 00000078993 00000016976 00208887942
00000000088 00000078993 00000016976 00208887942
00000000082 00000079987 00000017970 00209882069
00000000082 00000079987 00000017970 00209882069
00000000082 00000079987 00000017970 00209882069
00000000082 00000079987 00000017970 00209882069
00000000082 00000079987 00000017970 00209882069
00000000016 00000080921 00000017904 00210815928
00000000016 00000080921 00000017904 00210815928
00000000016 00000080921 00000017904 00210815928
00000000016 00000080921 00000017904 00210815928
00000000016 00000080921 00000017904 00210815928
00000000028 00000081933 00000018916 00211828464
00000000028 00000081933 00000018916 00211828464
00000000028 00000081933 00000018916 00211828464
00000000028 00000081933 00000018916 00211828464
00000000028 00000081933 00000018916 00211828464
00000000017 00000082923 00000019906 00212818319
00000000017 00000082923 00000019906 00212818319
00000000017 00000082923 00000019906 00212818319
00000000017 00000082923 00000019906 00212818319
00000000017 00000082923 00000019906 00212818319
00000000036 00000083942 00000020925 00213837038
00000000036 00000083942 00000020925 00213837038
00000000036 00000083942 00000020925 00213837038
00000000036 00000083942 00000020925 00213837038
00000000036 00000083942 00000020925 00213837038
00000000032 00000084938 00000021921 00214832748
00000000032 00000084938 00000021921 00214832748
00000000032 00000084938 00000021921 00214832748
00000000032 00000084938 00000021921 00214832748
00000000032 00000084938 00000021921 00214832748
00000000049 00000085955 00000022938 00215849975
00000000049 00000085955 00000022938 00215849975
00000000049 00000085955 00000022938 00215849975
00000000049 00000085955 00000022938 00215849975
00000000049 00000085955 00000022938 00215849975
00000000022 00000086928 00000023911 00216823606
00000000022 00000086928 00000023911 00216823606
00000000022 00000086928 00000023911 00216823606
00000000022 00000086928 00000023911 00216823606
00000000022 00000086928 00000023911 00216823606
00000000027 00000087934 00000024917 00217829726
00000000027 00000087934 00000024917 00217829726
00000000027 00000087934 00000024917 00217829726
00000000027 00000087934 00000024917 00217829726
00000000027 00000087934 00000024917 00217829726
00000000025 00000088932 00000025915 00218827323
00000000025 00000088932 00000025915 00218827323
00000000025 00000088932 00000025915 00218827323
00000000025 00000088932 00000025915 00218827323
00000000025 00000088932 00000025915 00218827323
00000000036 00000089943 00000026926 00219838195
00000000036 00000089943 00000026926 00219838195
00000000036 00000089943 00000026926 00219838195
00000000036 00000089943 00000026926 00219838195
00000000036 00000089943 00000026926 00219838195
00000000045 00000090952 00000027935 00220846948
00000000045 00000090952 00000027935 00220846948
00000000045 00000090952 00000027935 00220846948
00000000045 00000090952 00000027935 00220846948
00000000045 00000090952 00000027935 00220846948
00000000020 00000091927 00000028910 00221822704
00000000020 00000091927 00000028910 00221822704
00000000020 00000091927 00000028910 00221822704
00000000020 00000091927 00000028910 00221822704
00000000020 00000091927 00000028910 00221822704
00000000024 00000092932 00000029915 00222827316
00000000024 00000092932 00000029915 00222827316
00000000024 00000092932 00000029915 00222827316
00000000024 00000092932 00000029915 00222827316
00000000024 00000092932 00000029915 00222827316
00000000036 00000093944 00000030927 00223838858
00000000036 00000093944 00000030927 00223838858
00000000036 00000093944 00000030927 00223838858
00000000036 00000093944 00000030927 00223838858
00000000036 00000093944 00000030927 00223838858
00000000032 00000094946 00000031929 00224841621
00000000032 00000094946 00000031929 00224841621
00000000032 00000094946 00000031929 00224841621
00000000032 00000094946 00000031929 00224841621
00000000032 00000094946 00000031929 00224841621
00000000048 00000095962 00000032945 00225857593
00000000048 00000095962 00000032945 00225857593
00000000048 00000095962 00000032945 00225857593
00000000048 00000095962 00000032945 00225857593
00000000048 00000095962 00000032945 00225857593
00000000160 00000097074 00000034057 00226969529
00000000160 00000097074 00000034057 00226969529
00000000160 00000097074 00000034057 00226969529
00000000160 00000097074 00000034057 00226969529
00000000160 00000097074 00000034057 00226969529
00000000046 00000037944 00000014933 00227855639
00000000046 00000037944 00000014933 00227855639
00000000046 00000037944 00000014933 00227855639
00000000046 00000037944 00000014933 00227855639
00000000046 00000037944 00000014933 00227855639
00000000019 00000038917 00000015906 00228828592
00000000019 00000038917 00000015906 00228828592
00000000019 00000038917 00000015906 00228828592
00000000019 00000038917 00000015906 00228828592
00000000019 00000038917 00000015906 00228828592
00000000024 00000039923 00000016912 00229834208
00000000024 00000039923 00000016912 00229834208
00000000024 00000039923 00000016912 00229834208
00000000024 00000039923 00000016912 00229834208
00000000024 00000039923 00000016912 00229834208
00000000023 00000040922 00000017911 00230833718
00000000023 00000040922 00000017911 00230833718
00000000023 00000040922 00000017911 00230833718
00000000023 00000040922 00000017911 00230833718
00000000023 00000040922 00000017911 00230833718
00000000022 00000041921 00000018910 00231832309
00000000022 00000041921 00000018910 00231832309
00000000022 00000041921 00000018910 00231832309
00000000022 00000041921 00000018910 00231832309
00000000022 00000041921 00000018910 00231832309
00000000022 00000042921 00000019910 00232831768
00000000022 00000042921 00000019910 00232831768
00000000022 00000042921 00000019910 00232831768
00000000022 00000042921 00000019910 00232831768
00000000022 00000042921 00000019910 00232831768
00000000022 00000043921 00000020910 00233832378
00000000022 00000043921 00000020910 00233832378
00000000022 00000043921 00000020910 00233832378
00000000022 00000043921 00000020910 00233832378
00000000022 00000043921 00000020910 00233832378
00000000022 00000044922 00000021911 00234833296
00000000022 00000044922 00000021911 00234833296
00000000022 00000044922 00000021911 00234833296
00000000022 00000044922 00000021911 00234833296
00000000022 00000044922 00000021911 00234833296
00000000037 00000045937 00000022926 00235848144
00000000037 00000045937 00000022926 00235848144
00000000037 00000045937 00000022926 00235848144
00000000037 00000045937 00000022926 00235848144
00000000037 00000045937 00000022926 00235848144
00000000036 00000046936 00000023925 00236847416
00000000036 00000046936 00000023925 00236847416
00000000036 00000046936 00000023925 00236847416
00000000036 00000046936 00000023925 00236847416
00000000036 00000046936 00000023925 00236847416
00000000038 00000047938 00000024927 00237849499
00000000038 00000047938 00000024927 00237849499
00000000038 00000047938 00000024927 00237849499
00000000038 00000047938 00000024927 00237849499
00000000038 00000047938 00000024927 00237849499
00000000033 00000048933 00000025922 00238844282
00000000033 00000048933 00000025922 00238844282
00000000033 00000048933 00000025922 00238844282
00000000033 00000048933 00000025922 00238844282
00000000033 00000048933 00000025922 00238844282
00000000017 00000049918 00000026907 00239828872
00000000017 00000049918 00000026907 00239828872
00000000017 00000049918 00000026907 00239828872
00000000017 00000049918 00000026907 00239828872
00000000017 00000049918 00000026907 00239828872
00000000028 00000050929 00000027918 00240840658
00000000028 00000050929 00000027918 00240840658
00000000028 00000050929 00000027918 00240840658
00000000028 00000050929 00000027918 00240840658
00000000028 00000050929 00000027918 00240840658
00000000020 00000051921 00000028910 00241831876
00000000020 00000051921 00000028910 00241831876
00000000020 00000051921 00000028910 00241831876
00000000020 00000051921 00000028910 00241831876
00000000020 00000051921 00000028910 00241831876
00000000021 00000052922 00000029911 00242833556
00000000021 00000052922 00000029911 00242833556
00000000021 00000052922 00000029911 00242833556
00000000021 00000052922 00000029911 00242833556
00000000021 00000052922 00000029911 00242833556
00000000032 00000053933 00000030922 00243844164
00000000032 00000053933 00000030922 00243844164
00000000032 00000053933 00000030922 00243844164
00000000032 00000053933 00000030922 00243844164
00000000032 00000053933 00000030922 00243844164
00000000118 00000055020 00000032009 00244930945
00000000118 00000055020 00000032009 00244930945
00000000118 00000055020 00000032009 00244930945
00000000118 00000055020 00000032009 00244930945
00000000118 00000055020 00000032009 00244930945
00000000034 00000055936 00000032925 00245847140
00000000034 00000055936 00000032925 00245847140
00000000034 00000055936 00000032925 00245847140
00000000034 00000055936 00000032925 00245847140
00000000034 00000055936 00000032925 00245847140
00000000140 00000057042 00000034031 00246953343
00000000140 00000057042 00000034031 00246953343
00000000140 00000057042 00000034031 00246953343
00000000140 00000057042 00000034031 00246953343
00000000140 00000057042 00000034031 00246953343
00000000021 00000057923 00000014908 00247834223
00000000021 00000057923 00000014908 00247834223
00000000021 00000057923 00000014908 00247834223
00000000021 00000057923 00000014908 00247834223
00000000021 00000057923 00000014908 00247834223
00000000024 00000058926 00000015911 00248837069
00000000024 00000058926 00000015911 00248837069
00000000024 00000058926 00000015911 00248837069
00000000024 00000058926 00000015911 00248837069
00000000024 00000058926 00000015911 00248837069
00000000021 00000059924 00000016909 00249835212
00000000021 00000059924 00000016909 00249835212
00000000021 00000059924 00000016909 00249835212
00000000021 00000059924 00000016909 00249835212
00000000021 00000059924 00000016909 00249835212
00000000020 00000060923 00000017908 00250834681
00000000020 00000060923 00000017908 00250834681
00000000020 00000060923 00000017908 00250834681
00000000020 00000060923 00000017908 00250834681
00000000020 00000060923 00000017908 00250834681
00000000037 00000061940 00000018925 00251851213
00000000037 00000061940 00000018925 00251851213
00000000037 00000061940 00000018925 00251851213
00000000037 00000061940 00000018925 00251851213
00000000037 00000061940 00000018925 00251851213
00000000032 00000062935 00000019920 00252846060
00000000032 00000062935 00000019920 00252846060
00000000032 00000062935 00000019920 00252846060
00000000032 00000062935 00000019920 00252846060
00000000032 00000062935 00000019920 00252846060
00000000021 00000063924 00000020909 00253835517
00000000021 00000063924 00000020909 00253835517
00000000021 00000063924 00000020909 00253835517
00000000021 00000063924 00000020909 00253835517
00000000021 00000063924 00000020909 00253835517
00000000237 00000065140 00000022125 00255051131
00000000237 00000065140 00000022125 00255051131
00000000237 00000065140 00000022125 00255051131
00000000237 00000065140 00000022125 00255051131
00000000237 00000065140 00000022125 00255051131
00000000017 00000066129 00000023114 00256040287
00000000017 00000066129 00000023114 00256040287
00000000017 00000066129 00000023114 00256040287
00000000017 00000066129 00000023114 00256040287
00000000017 00000066129 00000023114 00256040287
00000000021 00000067133 00000024118 00257043985
00000000021 00000067133 00000024118 00257043985
00000000021 00000067133 00000024118 00257043985
00000000021 00000067133 00000024118 00257043985
00000000021 00000067133 00000024118 00257043985
00000000046 00000068158 00000025143 00258068953
00000000046 00000068158 00000025143 00258068953
00000000046 00000068158 00000025143 00258068953
00000000046 00000068158 00000025143 00258068953
00000000046 00000068158 00000025143 00258068953
00000000028 00000069147 00000026132 00259058579
00000000028 00000069147 00000026132 00259058579
00000000028 00000069147 00000026132 00259058579
00000000028 00000069147 00000026132 00259058579
00000000028 00000069147 00000026132 00259058579
00000000050 00000070169 00000027154 00260080685
00000000050 00000070169 00000027154 00260080685
00000000050 00000070169 00000027154 00260080685
00000000050 00000070169 00000027154 00260080685
00000000050 00000070169 00000027154 00260080685
00000000066 00000071185 00000028170 00261096524
00000000066 00000071185 00000028170 00261096524
00000000066 00000071185 00000028170 00261096524
00000000066 00000071185 00000028170 00261096524
00000000066 00000071185 00000028170 00261096524
00000000016 00000072136 00000029121 00262047659
00000000016 00000072136 00000029121 00262047659
00000000016 00000072136 00000029121 00262047659
00000000016 00000072136 00000029121 00262047659
00000000016 00000072136 00000029121 00262047659
00000000023 00000073143 00000030128 00263054509
00000000023 00000073143 00000030128 00263054509
00000000023 00000073143 00000030128 00263054509
00000000023 00000073143 00000030128 00263054509
00000000023 00000073143 00000030128 00263054509
00000000027 00000074147 00000031132 00264058340
00000000027 00000074147 00000031132 00264058340
00000000027 00000074147 00000031132 00264058340
00000000027 00000074147 00000031132 00264058340
00000000027 00000074147 00000031132 00264058340
00000000018 00000075138 00000032123 00265049683
00000000018 00000075138 00000032123 00265049683
00000000018 00000075138 00000032123 00265049683
00000000018 00000075138 00000032123 00265049683
00000000018 00000075138 00000032123 00265049683
00000000029 00000076149 00000033134 00266060499
00000000029 00000076149 00000033134 00266060499
00000000029 00000076149 00000033134 00266060499
00000000029 00000076149 00000033134 00266060499
00000000029 00000076149 00000033134 00266060499
00000000023 00000077143 00000034128 00267054535
00000000023 00000077143 00000034128 00267054535
00000000023 00000077143 00000034128 00267054535
00000000023 00000077143 00000034128 00267054535
00000000023 00000077143 00000034128 00267054535
00000000020 00000078141 00000035126 00268052224
00000000020 00000078141 00000035126 00268052224
00000000020 00000078141 00000035126 00268052224
00000000020 00000078141 00000035126 00268052224
00000000020 00000078141 00000035126 00268052224
00000000029 00000079150 00000036135 00269061638
00000000029 00000079150 00000036135 00269061638
00000000029 00000079150 00000036135 00269061638
00000000029 00000079150 00000036135 00269061638
00000000029 00000079150 00000036135 00269061638
00000000039 00000080160 00000037145 00270071139
00000000039 00000080160 00000037145 00270071139
00000000039 00000080160 00000037145 00270071139
00000000039 00000080160 00000037145 00270071139
00000000039 00000080160 00000037145 00270071139
00000000025 00000081146 00000038131 00271057483
00000000025 00000081146 00000038131 00271057483
00000000025 00000081146 00000038131 00271057483
00000000025 00000081146 00000038131 00271057483
00000000025 00000081146 00000038131 00271057483
00000000018 00000082139 00000039124 00272050625
00000000018 00000082139 00000039124 00272050625
00000000018 00000082139 00000039124 00272050625
00000000018 00000082139 00000039124 00272050625
00000000018 00000082139 00000039124 00272050625
00000000020 00000083142 00000040127 00273052829
00000000020 00000083142 00000040127 00273052829
00000000020 00000083142 00000040127 00273052829
00000000020 00000083142 00000040127 00273052829
00000000020 00000083142 00000040127 00273052829
00000000023 00000084145 00000041130 00274055824
00000000023 00000084145 00000041130 00274055824
00000000023 00000084145 00000041130 00274055824
00000000023 00000084145 00000041130 00274055824
00000000023 00000084145 00000041130 00274055824
00000000016 00000085138 00000042123 00275049223
00000000016 00000085138 00000042123 00275049223
00000000016 00000085138 00000042123 00275049223
00000000016 00000085138 00000042123 00275049223
00000000016 00000085138 00000042123 00275049223
00000000023 00000086145 00000043130 00276056755
00000000023 00000086145 00000043130 00276056755
00000000023 00000086145 00000043130 00276056755
00000000023 00000086145 00000043130 00276056755
00000000023 00000086145 00000043130 00276056755
00000000049 00000087171 00000044156 00277081845
00000000049 00000087171 00000044156 00277081845
00000000049 00000087171 00000044156 00277081845
00000000049 00000087171 00000044156 00277081845
00000000049 00000087171 00000044156 00277081845
00000000041 00000088164 00000045149 00278075549
00000000041 00000088164 00000045149 00278075549
00000000041 00000088164 00000045149 00278075549
00000000041 00000088164 00000045149 00278075549
00000000041 00000088164 00000045149 00278075549
00000000045 00000089168 00000046153 00279079422
00000000045 00000089168 00000046153 00279079422
00000000045 00000089168 00000046153 00279079422
00000000045 00000089168 00000046153 00279079422
00000000045 00000089168 00000046153 00279079422
00000000027 00000090150 00000047135 00280061246
00000000027 00000090150 00000047135 00280061246
00000000027 00000090150 00000047135 00280061246
00000000027 00000090150 00000047135 00280061246
00000000027 00000090150 00000047135 00280061246
00000000046 00000091169 00000048154 00281079821
00000000046 00000091169 00000048154 00281079821
00000000046 00000091169 00000048154 00281079821
00000000046 00000091169 00000048154 00281079821
00000000046 00000091169 00000048154 00281079821
00000000310 00000092433 00000049418 00282344180
00000000310 00000092433 00000049418 00282344180
00000000310 00000092433 00000049418 00282344180
00000000310 00000092433 00000049418 00282344180
00000000310 00000092433 00000049418 00282344180
00000000027 00000093151 00000030126 00283062732
00000000027 00000093151 00000030126 00283062732
00000000027 00000093151 00000030126 00283062732
00000000027 00000093151 00000030126 00283062732
00000000027 00000093151 00000030126 00283062732
00000000020 00000094144 00000031119 00284055721
00000000020 00000094144 00000031119 00284055721
00000000020 00000094144 00000031119 00284055721
00000000020 00000094144 00000031119 00284055721
00000000020 00000094144 00000031119 00284055721
00000000028 00000095152 00000025126 00285063050
00000000028 00000095152 00000025126 00285063050
00000000028 00000095152 00000025126 00285063050
00000000028 00000095152 00000025126 00285063050
00000000028 00000095152 00000025126 00285063050
00000000026 00000096150 00000026124 00286061095
00000000026 00000096150 00000026124 00286061095
00000000026 00000096150 00000026124 00286061095
00000000026 00000096150 00000026124 00286061095
00000000026 00000096150 00000026124 00286061095
00000000017 00000097141 00000027115 00287051775
00000000017 00000097141 00000027115 00287051775
00000000017 00000097141 00000027115 00287051775
00000000017 00000097141 00000027115 00287051775
00000000017 00000097141 00000027115 00287051775
00000000025 00000098150 00000028124 00288061224
00000000025 00000098150 00000028124 00288061224
00000000025 00000098150 00000028124 00288061224
00000000025 00000098150 00000028124 00288061224
00000000025 00000098150 00000028124 00288061224
00000000023 00000099148 00000029122 00289059363
00000000023 00000099148 00000029122 00289059363
00000000023 00000099148 00000029122 00289059363
00000000023 00000099148 00000029122 00289059363
00000000023 00000099148 00000029122 00289059363
00000000025 00000100150 00000030124 00290061698
00000000025 00000100150 00000030124 00290061698
00000000025 00000100150 00000030124 00290061698
00000000025 00000100150 00000030124 00290061698
00000000025 00000100150 00000030124 00290061698
00000000015 00000101140 00000031114 00291051751
00000000015 00000101140 00000031114 00291051751
00000000015 00000101140 00000031114 00291051751
00000000015 00000101140 00000031114 00291051751
00000000015 00000101140 00000031114 00291051751
00000000026 00000102151 00000032125 00292062639
00000000026 00000102151 00000032125 00292062639
00000000026 00000102151 00000032125 00292062639
00000000026 00000102151 00000032125 00292062639
00000000026 00000102151 00000032125 00292062639
00000000017 00000103143 00000033117 00293053974
00000000017 00000103143 00000033117 00293053974
00000000017 00000103143 00000033117 00293053974
00000000017 00000103143 00000033117 00293053974
00000000017 00000103143 00000033117 00293053974
00000000022 00000104148 00000034122 00294059067
00000000022 00000104148 00000034122 00294059067
00000000022 00000104148 00000034122 00294059067
00000000022 00000104148 00000034122 00294059067
00000000022 00000104148 00000034122 00294059067
00000000031 00000105157 00000035131 00295068464
00000000031 00000105157 00000035131 00295068464
00000000031 00000105157 00000035131 00295068464
00000000031 00000105157 00000035131 00295068464
00000000031 00000105157 00000035131 00295068464
00000000038 00000106164 00000036138 00296074915
00000000038 00000106164 00000036138 00296074915
00000000038 00000106164 00000036138 00296074915
00000000038 00000106164 00000036138 00296074915
00000000038 00000106164 00000036138 00296074915
00000000019 00000107145 00000037119 00297056060
00000000019 00000107145 00000037119 00297056060
00000000019 00000107145 00000037119 00297056060
00000000019 00000107145 00000037119 00297056060
00000000019 00000107145 00000037119 00297056060
00000000024 00000048127 00000018121 00298062739
00000000024 00000048127 00000018121 00298062739
00000000024 00000048127 00000018121 00298062739
00000000024 00000048127 00000018121 00298062739
00000000024 00000048127 00000018121 00298062739
00000000027 00000049130 00000019124 00299065705
00000000027 00000049130 00000019124 00299065705
00000000027 00000049130 00000019124 00299065705
00000000027 00000049130 00000019124 00299065705
00000000027 00000049130 00000019124 00299065705
00000000033 00000050136 00000020130 00300070906
00000000033 00000050136 00000020130 00300070906
00000000033 00000050136 00000020130 00300070906
00000000033 00000050136 00000020130 00300070906
00000000033 00000050136 00000020130 00300070906
00000000030 00000051133 00000021127 00301068728
00000000030 00000051133 00000021127 00301068728
00000000030 00000051133 00000021127 00301068728
00000000030 00000051133 00000021127 00301068728
00000000030 00000051133 00000021127 00301068728
00000000026 00000052129 00000022123 00302064702
00000000026 00000052129 00000022123 00302064702
00000000026 00000052129 00000022123 00302064702
00000000026 00000052129 00000022123 00302064702
00000000026 00000052129 00000022123 00302064702
00000000018 00000053122 00000023116 00303057714
00000000018 00000053122 00000023116 00303057714
00000000018 00000053122 00000023116 00303057714
00000000018 00000053122 00000023116 00303057714
00000000018 00000053122 00000023116 00303057714
00000000034 00000054138 00000024132 00304073667
00000000034 00000054138 00000024132 00304073667
00000000034 00000054138 00000024132 00304073667
00000000034 00000054138 00000024132 00304073667
00000000034 00000054138 00000024132 00304073667
00000000032 00000055136 00000025130 00305071489
00000000032 00000055136 00000025130 00305071489
00000000032 00000055136 00000025130 00305071489
00000000032 00000055136 00000025130 00305071489
00000000032 00000055136 00000025130 00305071489
00000000029 00000056133 00000026127 00306067766
00000000029 00000056133 00000026127 00306067766
00000000029 00000056133 00000026127 00306067766
00000000029 00000056133 00000026127 00306067766
00000000029 00000056133 00000026127 00306067766
00000000024 00000057128 00000027122 00307063534
00000000024 00000057128 00000027122 00307063534
00000000024 00000057128 00000027122 00307063534
00000000024 00000057128 00000027122 00307063534
00000000024 00000057128 00000027122 00307063534
00000000017 00000058121 00000028115 00308056520
00000000017 00000058121 00000028115 00308056520
00000000017 00000058121 00000028115 00308056520
00000000017 00000058121 00000028115 00308056520
00000000017 00000058121 00000028115 00308056520
00000000019 00000059124 00000029118 00309059598
00000000019 00000059124 00000029118 00309059598
00000000019 00000059124 00000029118 00309059598
00000000019 00000059124 00000029118 00309059598
00000000019 00000059124 00000029118 00309059598
00000000049 00000060154 00000030148 00310089130
00000000049 00000060154 00000030148 00310089130
00000000049 00000060154 00000030148 00310089130
00000000049 00000060154 00000030148 00310089130
00000000049 00000060154 00000030148 00310089130
00000000018 00000061123 00000031117 00311058375
00000000018 00000061123 00000031117 00311058375
00000000018 00000061123 00000031117 00311058375
00000000018 00000061123 00000031117 00311058375
00000000018 00000061123 00000031117 00311058375
00000000033 00000062138 00000032132 00312072804
00000000033 00000062138 00000032132 00312072804
00000000033 00000062138 00000032132 00312072804
00000000033 00000062138 00000032132 00312072804
00000000033 00000062138 00000032132 00312072804
00000000031 00000063136 00000033130 00313071269
00000000031 00000063136 00000033130 00313071269
00000000031 00000063136 00000033130 00313071269
00000000031 00000063136 00000033130 00313071269
00000000031 00000063136 00000033130 00313071269
00000000020 00000064126 00000034120 00314061535
00000000020 00000064126 00000034120 00314061535
00000000020 00000064126 00000034120 00314061535
00000000020 00000064126 00000034120 00314061535
00000000020 00000064126 00000034120 00314061535
00000000019 00000065125 00000035119 00315060424
00000000019 00000065125 00000035119 00315060424
00000000019 00000065125 00000035119 00315060424
00000000019 00000065125 00000035119 00315060424
00000000019 00000065125 00000035119 00315060424
00000000030 00000066136 00000016125 00316071400
00000000030 00000066136 00000016125 00316071400
00000000030 00000066136 00000016125 00316071400
00000000030 00000066136 00000016125 00316071400
00000000030 00000066136 00000016125 00316071400
00000000042 00000067148 00000017137 00317083454
00000000042 00000067148 00000017137 00317083454
00000000042 00000067148 00000017137 00317083454
00000000042 00000067148 00000017137 00317083454
00000000042 00000067148 00000017137 00317083454
00000000050 00000068156 00000018145 00318091259
00000000050 00000068156 00000018145 00318091259
00000000050 00000068156 00000018145 00318091259
00000000050 00000068156 00000018145 00318091259
00000000050 00000068156 00000018145 00318091259
00000000031 00000069138 00000019127 00319072858
00000000031 00000069138 00000019127 00319072858
00000000031 00000069138 00000019127 00319072858
00000000031 00000069138 00000019127 00319072858
00000000031 00000069138 00000019127 00319072858
00000000038 00000070145 00000020134 00320079845
00000000038 00000070145 00000020134 00320079845
00000000038 00000070145 00000020134 00320079845
00000000038 00000070145 00000020134 00320079845
00000000038 00000070145 00000020134 00320079845
00000000036 00000071143 00000021132 00321078413
00000000036 00000071143 00000021132 00321078413
00000000036 00000071143 00000021132 00321078413
00000000036 00000071143 00000021132 00321078413
00000000036 00000071143 00000021132 00321078413
00000000020 00000072133 00000022122 00322068082
00000000020 00000072133 00000022122 00322068082
00000000020 00000072133 00000022122 00322068082
00000000020 00000072133 00000022122 00322068082
00000000020 00000072133 00000022122 00322068082
00000000018 00000073131 00000023120 00323066363
00000000018 00000073131 00000023120 00323066363
00000000018 00000073131 00000023120 00323066363
00000000018 00000073131 00000023120 00323066363
00000000018 00000073131 00000023120 00323066363
00000000018 00000074131 00000024120 00324066117
00000000018 00000074131 00000024120 00324066117
00000000018 00000074131 00000024120 00324066117
00000000018 00000074131 00000024120 00324066117
00000000018 00000074131 00000024120 00324066117
00000000107 00000075221 00000025210 00325155829
00000000107 00000075221 00000025210 00325155829
00000000107 00000075221 00000025210 00325155829
00000000107 00000075221 00000025210 00325155829
00000000107 00000075221 00000025210 00325155829
00000000033 00000076147 00000026136 00326082395
00000000033 00000076147 00000026136 00326082395
00000000033 00000076147 00000026136 00326082395
00000000033 00000076147 00000026136 00326082395
00000000033 00000076147 00000026136 00326082395
00000000021 00000077135 00000014122 00327070397
00000000021 00000077135 00000014122 00327070397
00000000021 00000077135 00000014122 00327070397
00000000021 00000077135 00000014122 00327070397
00000000021 00000077135 00000014122 00327070397
00000000039 00000078153 00000015140 00328088703
00000000039 00000078153 00000015140 00328088703
00000000039 00000078153 00000015140 00328088703
00000000039 00000078153 00000015140 00328088703
00000000039 00000078153 00000015140 00328088703
00000000029 00000079143 00000016130 00329078219
00000000029 00000079143 00000016130 00329078219
00000000029 00000079143 00000016130 00329078219
00000000029 00000079143 00000016130 00329078219
00000000029 00000079143 00000016130 00329078219
00000000030 00000080145 00000017132 00330079891
00000000030 00000080145 00000017132 00330079891
00000000030 00000080145 00000017132 00330079891
00000000030 00000080145 00000017132 00330079891
00000000030 00000080145 00000017132 00330079891
00000000019 00000081134 00000018121 00331069489
00000000019 00000081134 00000018121 00331069489
00000000019 00000081134 00000018121 00331069489
00000000019 00000081134 00000018121 00331069489
00000000019 00000081134 00000018121 00331069489
00000000040 00000082155 00000019142 00332090593
00000000040 00000082155 00000019142 00332090593
00000000040 00000082155 00000019142 00332090593
00000000040 00000082155 00000019142 00332090593
00000000040 00000082155 00000019142 00332090593
00000000023 00000083138 00000020125 00333073259
00000000023 00000083138 00000020125 00333073259
00000000023 00000083138 00000020125 00333073259
00000000023 00000083138 00000020125 00333073259
00000000023 00000083138 00000020125 00333073259
00000000024 00000084139 00000021126 00334074645
00000000024 00000084139 00000021126 00334074645
00000000024 00000084139 00000021126 00334074645
00000000024 00000084139 00000021126 00334074645
00000000024 00000084139 00000021126 00334074645
00000000026 00000085142 00000022129 00335076772
00000000026 00000085142 00000022129 00335076772
00000000026 00000085142 00000022129 00335076772
00000000026 00000085142 00000022129 00335076772
00000000026 00000085142 00000022129 00335076772
00000000049 00000086165 00000023152 00336099855
00000000049 00000086165 00000023152 00336099855
00000000049 00000086165 00000023152 00336099855
00000000049 00000086165 00000023152 00336099855
00000000049 00000086165 00000023152 00336099855
00000000028 00000087144 00000024131 00337079388
00000000028 00000087144 00000024131 00337079388
00000000028 00000087144 00000024131 00337079388
00000000028 00000087144 00000024131 00337079388
00000000028 00000087144 00000024131 00337079388
00000000017 00000088139 00000025126 00338074008
00000000017 00000088139 00000025126 00338074008
00000000017 00000088139 00000025126 00338074008
00000000017 00000088139 00000025126 00338074008
00000000017 00000088139 00000025126 00338074008
00000000051 00000089173 00000026160 00339108065
00000000051 00000089173 00000026160 00339108065
00000000051 00000089173 00000026160 00339108065
00000000051 00000089173 00000026160 00339108065
00000000051 00000089173 00000026160 00339108065
00000000024 00000090146 00000027133 00340080959
00000000024 00000090146 00000027133 00340080959
00000000024 00000090146 00000027133 00340080959
00000000024 00000090146 00000027133 00340080959
00000000024 00000090146 00000027133 00340080959
