S[0, 0] 5980.285 16837787
S[0, 1] 4973.423 16837787
S[0, 2] 3975.092 16839668
S[0, 3] 2974.914 16839668
S[0, 4] 1973.147 16839668
S[0, 5] 972.968 16839668
S[0, 6] 1271.973 18138861
C[[0, 0], 0] 8272.2 19129702
S[0, 7] 1284.698 19151784
C[[0, 0], 1] 7380.98 19245348
C[[0, 0], 2] 6380.772 19245348
C[[0, 0], 3] 5398.461 19263215
C[[0, 0], 4] 4396.694 19263215
C[[0, 0], 5] 3396.515 19263215
C[[0, 0], 6] 2492.427 19359316
C[[0, 0], 7] 1519.242 19386328
S[0, 8] 1318.401 20185669
C[[0, 0], 8] 1494.471 20361738
S[0, 9] 1318.028 21185471
C[[0, 0], 9] 1497.372 21364814
S[0, 10] 1340.271 22207900
C[[0, 0], 10] 1502.429 22370058
S[0, 11] 1321.714 23189518
C[[0, 0], 11] 1478.236 23346040
S[0, 12] 1344.359 24212331
C[[0, 0], 12] 1485.501 24353473
S[0, 13] 1310.585 25178740
C[[0, 0], 13] 1487.385 25355540
S[0, 14] 1313.451 26181794
C[[0, 0], 14] 1510.928 26379271
S[0, 15] 1345.832 27214354
C[[0, 0], 15] 1494.85 27363372
S[0, 16] 1198.798 28068124
C[[0, 0], 16] 1482.374 28351700
S[0, 17] 1304.118 29173618
C[[0, 0], 17] 1507.632 29377132
S[0, 18] 1308.069 30177753
C[[0, 0], 18] 1466.416 30336100
S[0, 19] 1472.924 31342780
C[[0, 0], 19] 2060.221 31930077
S[0, 20] 1485.845 32355888
S[0, 21] 1521.524 33392611
C[[0, 1], 0] 2701.053 33571096
S[0, 22] 1514.281 34385545
C[[0, 1], 1] 2926.021 34797108
C[[0, 1], 2] 1942.58 34813844
S[0, 23] 1521.818 35393269
C[[0, 1], 3] 2403.313 36274764
S[0, 24] 1523.465 36394101
C[[0, 1], 4] 2527.066 37397702
S[0, 25] 1543.536 37414349
S[0, 26] 2032.117 38903117
C[[0, 1], 5] 3959.774 39830587
C[[0, 1], 6] 2959.586 39830587
CS[0, 0] 28979.276 8965.528 39835568
S[0, 27] 2760.449 40631629
C[[0, 1], 7] 2937.065 40808245
S[0, 28] 2291.918 41163368
S[0, 29] 1513.752 41385415
C[[0, 1], 8] 2866.763 41738213
C[[0, 1], 9] 1866.55 41738213
S[0, 30] 1488.365 42360221
S[0, 31] 1525.099 43397140
C[[0, 1], 10] 2852.226 43724082
C[[0, 1], 11] 1852.041 43724082
S[0, 32] 1479.966 44352191
S[0, 33] 1484.651 45357052
C[[0, 1], 12] 2845.933 45718158
C[[0, 1], 13] 1845.757 45718158
S[0, 34] 1496.739 46369323
C[[0, 1], 14] 1799.045 46671629
S[0, 35] 1545.025 47417789
C[[0, 1], 15] 1828.816 47701580
S[0, 36] 1513.88 48386826
C[[0, 1], 16] 1832.794 48705740
S[0, 37] 1509.98 49383109
C[[0, 1], 17] 1835.618 49708747
S[0, 38] 1541.059 50414364
C[[0, 1], 18] 1832.222 50705527
S[0, 39] 1521.389 51394869
C[[0, 1], 19] 1569.62 51443100
S[0, 40] 1316.57 52190249
S[0, 41] 1516.544 53390419
S[0, 42] 1522.313 54396371
C[[0, 2], 0] 3900.114 54773793
S[0, 43] 919.177 54793422
C[[0, 2], 1] 3210.626 55084501
S[0, 44] 1477.689 56352121
C[[0, 2], 2] 4417.057 57291115
C[[0, 2], 3] 3416.87 57291115
S[0, 45] 1491.059 57365681
S[0, 46] 1490.733 58365539
C[[0, 2], 4] 3914.555 58788987
C[[0, 2], 5] 2914.365 58788987
S[0, 47] 1514.738 59389733
S[0, 48] 1528.964 60410218
S[0, 49] 1667.803 61549242
C[[0, 2], 6] 4674.523 61549329
C[[0, 2], 7] 3826.172 61701167
C[[0, 2], 9] 1819.728 61701167
C[[0, 2], 8] 2819.913 61701167
S[0, 50] 1565.759 62447377
CS[0, 1] 31998.752 11995.116 62868796
C[[0, 2], 10] 1987.545 62869163
S[0, 51] 1487.849 63369653
C[[0, 2], 11] 2081.018 63962821
S[0, 52] 1289.645 64171631
C[[0, 2], 12] 1831.553 64713539
S[0, 53] 1499.746 65381906
C[[0, 2], 13] 1958.542 65840702
S[0, 54] 1298.602 66180940
S[0, 55] 572.955 66455468
C[[0, 2], 14] 1606.17 66488509
C[[0, 2], 15] 1837.443 67719957
S[0, 56] 1502.061 68384762
C[[0, 2], 16] 1860.771 68743472
S[0, 57] 1513.503 69396388
C[[0, 2], 17] 1843.074 69725959
S[0, 58] 1512.348 70395414
C[[0, 2], 18] 1832.074 70715140
S[0, 59] 863.545 70746798
C[[0, 2], 19] 2788.084 72671337
S[1, 2] 1798.121 74682915
S[1, 1] 2798.299 74682915
S[1, 0] 3799.483 74682915
SS0 63902.527 3874.493 74757916
C[[0, 3], 0] 4083.258 74966690
C[[0, 3], 1] 3244.79 75129406
S[1, 3] 1737.629 75622605
S[1, 4] 1422.397 76307558
S[1, 5] 1406.085 77291431
C[[0, 3], 3] 3950.68 77835656
C[[0, 3], 2] 4950.862 77835656
S[1, 6] 1445.69 78331221
S[1, 7] 1418.714 79304420
C[[0, 3], 4] 5135.26 80020421
C[[0, 3], 5] 4162.569 80047915
S[1, 8] 1422.187 80308079
C[[0, 3], 6] 4340.641 81226172
C[[0, 3], 7] 3340.466 81226172
S[1, 9] 1419.668 81305726
S[1, 10] 1491.065 82377282
C[[0, 3], 8] 4048.853 82934745
S[1, 11] 1663.847 83550247
C[[0, 3], 9] 4382.745 84268803
C[[0, 3], 10] 3547.268 84433485
C[[0, 3], 11] 2564.891 84451291
S[1, 12] 1768.554 84655137
C[[0, 3], 12] 1827.813 84714396
S[1, 13] 1791.766 85678524
CS[0, 2] 34972.124 14962.371 85845803
C[[0, 3], 13] 1959.177 85845935
S[1, 14] 1788.988 86675920
C[[0, 3], 14] 2129.763 87016695
S[1, 15] 1809.636 87696754
S[1, 16] 1734.278 88621571
C[[0, 3], 15] 2816.59 88703708
C[[0, 3], 16] 1816.415 88703708
S[1, 17] 1773.539 89661015
C[[0, 3], 17] 1813.144 89700620
S[1, 18] 1839.895 90727540
C[[0, 3], 18] 1875.412 90763057
S[1, 19] 1391.539 91279380
C[[0, 3], 19] 1440.145 91327985
S[1, 20] 1401.197 92289232
C[[0, 4], 0] 2169.677 93057711
S[1, 21] 1433.177 93321389
S[1, 22] 1420.711 94309105
S[1, 23] 1411.503 95300073
C[[0, 4], 1] 3992.288 95880500
S[1, 24] 1423.783 96312532
S[1, 25] 1486.641 97375564
C[[0, 4], 2] 5181.794 98070188
C[[0, 4], 3] 4290.387 98178957
C[[0, 4], 4] 3309.668 98198417
S[1, 26] 1490.84 98379943
C[[0, 4], 5] 3590.691 99479615
C[[0, 4], 6] 2664.959 99554062
S[1, 27] 1777.134 99666416
S[1, 28] 1818.115 100707591
S[1, 29] 1693.997 101583670
S[1, 30] 1436.778 102326628
C[[0, 4], 7] 5082.451 102971733
C[[0, 4], 9] 3237.713 103127386
C[[0, 4], 10] 2237.536 103127386
C[[0, 4], 8] 4237.91 103127386
S[1, 31] 1441.389 103331421
S[1, 32] 1459.216 104349427
C[[0, 4], 12] 1999.696 104889907
C[[0, 4], 11] 2999.875 104889907
CS[0, 3] 34006.576 14001.974 104890009
S[1, 33] 1457.16 105347558
C[[0, 4], 13] 1913.269 105803667
S[1, 34] 1513.464 106404025
C[[0, 4], 14] 1914.493 106805054
S[1, 35] 1665.503 107556266
C[[0, 4], 15] 1715.934 107606697
S[1, 36] 1812.639 108703588
C[[0, 4], 16] 1842.638 108733587
S[1, 37] 1711.48 109602612
C[[0, 4], 17] 1731.56 109622692
S[1, 38] 1415.64 110306946
C[[0, 4], 18] 1832.461 110723767
S[1, 39] 1287.885 111179368
C[[0, 4], 19] 1565.32 111456803
S[1, 40] 1430.21 112321881
S[1, 41] 1413.056 113304913
C[[0, 5], 0] 2676.672 113568343
S[1, 42] 1432.677 114324720
S[1, 43] 1495.968 115388195
C[[0, 5], 1] 4087.871 115979728
S[1, 44] 1514.343 116406746
S[1, 45] 1768.721 117661313
C[[0, 5], 2] 5328.964 118221007
C[[0, 5], 3] 4328.78 118221007
C[[0, 5], 4] 3696.298 118588700
S[1, 46] 1785.531 118678314
S[1, 47] 1862.205 119755164
C[[0, 5], 5] 4121.819 120014411
C[[0, 5], 7] 2121.452 120014411
C[[0, 5], 6] 3121.628 120014411
S[1, 48] 1679.708 120572842
S[1, 49] 1441.933 121335250
S[1, 50] 1399.623 122293124
C[[0, 5], 8] 3786.534 122679668
C[[0, 5], 9] 2826.948 122720265
C[[0, 5], 10] 1826.764 122720265
S[1, 51] 1433.023 123326716
C[[0, 5], 11] 1980.944 123874637
CS[0, 4] 32986.699 12983.062 123874734
S[1, 52] 1415.141 124309012
C[[0, 5], 12] 2053.928 124947799
S[1, 53] 1495.424 125389472
C[[0, 5], 13] 1800.907 125694955
S[1, 54] 1813.34 126707561
C[[0, 5], 14] 1849.315 126743536
S[1, 55] 1728.978 127623391
C[[0, 5], 15] 1753.143 127647556
S[1, 56] 1415.715 128310301
C[[0, 5], 16] 1774.297 128668882
S[1, 57] 1411.989 129306751
C[[0, 5], 17] 1785.554 129680316
S[1, 58] 1434.991 130329934
C[[0, 5], 18] 1804.343 130699286
S[1, 59] 1278.235 131173365
C[[0, 5], 19] 2145.187 132040317
S[2, 0] 1433.895 132329203
SS1 61764.311 1752.435 132647744
C[[0, 6], 0] 2149.384 133044692
S[2, 1] 1483.225 133378720
S[2, 2] 1489.668 134385342
S[2, 3] 1723.227 135619115
C[[0, 6], 1] 3926.575 135822070
S[2, 4] 1779.885 136675946
S[2, 5] 1741.861 137638105
S[2, 6] 1793.749 138690174
C[[1, 0], 0] 6512.045 139407719
S[2, 7] 1763.498 139660109
S[2, 8] 1766.487 140663270
S[2, 9] 1731.977 141628931
C[[1, 0], 2] 7392.219 142288280
C[[1, 0], 1] 8392.392 142288280
S[2, 10] 1893.23 142790378
C[[1, 0], 3] 7254.198 143150442
S[2, 11] 1426.436 143323758
C[[1, 0], 4] 6869.615 143766040
S[2, 12] 913.274 143810786
C[[1, 0], 5] 6366.702 144263313
C[[1, 0], 6] 6104.393 145001176
S[2, 13] 1643.33 145541022
CS[0, 5] 34678.506 14674.869 145570177
S[2, 14] 924.194 145822062
C[[1, 0], 7] 6279.185 146176139
S[2, 15] 936.712 146834766
C[[1, 0], 9] 5268.903 147166225
C[[1, 0], 8] 6269.077 147166225
C[[1, 0], 11] 3268.533 147166225
C[[1, 0], 10] 4268.713 147166225
C[[1, 0], 13] 1999.484 147897538
C[[1, 0], 12] 2999.67 147897538
S[2, 16] 1030.437 147928676
CS[0, 6] 17936.04 15935.674 148831348
S[2, 17] 992.15 148890566
C[[1, 0], 14] 2761.895 149660134
C[[1, 0], 15] 1761.718 149660134
S[2, 18] 937.927 149836522
C[[1, 0], 16] 1801.242 150699837
S[2, 19] 1471.811 151370589
C[[1, 0], 17] 1812.104 151710882
S[2, 20] 1480.044 152379013
C[[1, 0], 18] 1793.724 152692693
S[2, 21] 1501.076 153400228
C[[1, 0], 19] 1570.633 153469785
S[2, 22] 1755.313 154654649
S[2, 23] 1778.139 155677665
S[2, 24] 1815.227 156714927
C[[1, 1], 0] 4310.187 157209524
S[2, 25] 1668.34 157568228
C[[1, 1], 1] 3692.692 157592218
S[2, 26] 1407.025 158307094
S[2, 27] 1438.621 159338867
C[[1, 1], 2] 4915.804 159815504
C[[1, 1], 3] 3993.684 159893572
S[2, 28] 1420.723 160321153
C[[1, 1], 6] 2043.202 160943631
C[[1, 1], 4] 4043.562 160943631
C[[1, 1], 5] 3043.385 160943631
S[2, 29] 1409.52 161310123
S[2, 30] 1415.279 162316059
S[2, 31] 1413.981 163314961
C[[1, 1], 7] 4270.265 164170868
C[[1, 1], 8] 3301.729 164202509
C[[1, 1], 9] 2301.529 164202509
S[2, 32] 1491.958 164393118
C[[1, 1], 10] 1844.037 164745197
S[2, 33] 1728.79 165630132
CS[1, 0] 32931.528 12927.866 165827202
S[2, 34] 1759.011 166660534
C[[1, 1], 11] 2922.612 166823954
C[[1, 1], 12] 1980.277 166881800
S[2, 35] 1734.632 167636329
S[2, 36] 1746.845 168648722
C[[1, 1], 14] 1787.855 168689732
C[[1, 1], 13] 2788.035 168689732
S[2, 37] 1746.887 169648946
C[[1, 1], 15] 1774.636 169676695
S[2, 38] 942.51 169844753
C[[1, 1], 16] 1822.703 170724946
S[2, 39] 1694.739 171597161
C[[1, 1], 17] 1768.613 171671035
S[2, 40] 956.826 171859426
C[[1, 1], 18] 1812.116 172714716
S[2, 41] 1287.317 173190091
C[[1, 1], 19] 1988.442 173891216
S[2, 42] 1404.618 174307572
C[[1, 2], 0] 1970.784 174873738
S[2, 43] 1410.07 175313205
S[2, 44] 1459.885 176363203
S[2, 45] 1481.273 177384765
C[[1, 2], 1] 3702.019 177605154
S[2, 46] 1487.316 178396520
S[2, 47] 1701.284 179610664
C[[1, 2], 2] 5026.45 179929768
C[[1, 2], 3] 4075.252 179978744
S[2, 48] 1768.778 180678325
C[[1, 2], 5] 3718.72 181628100
C[[1, 2], 4] 4718.896 181628100
C[[1, 2], 6] 2718.553 181628100
S[2, 49] 1735.459 181645186
S[2, 50] 1770.213 182680096
S[2, 51] 1855.844 183765880
C[[1, 2], 7] 4510.592 184420319
S[2, 52] 1654.681 184564895
C[[1, 2], 8] 3682.284 184592168
C[[1, 2], 10] 1681.953 184592168
C[[1, 2], 9] 2682.131 184592168
S[2, 53] 930.832 184841230
CS[1, 1] 32923.268 12919.65 185822605
C[[1, 2], 11] 1912.339 185822736
S[2, 54] 1427.963 186338541
C[[1, 2], 12] 1926.919 186837497
S[2, 55] 1420.084 187330835
C[[1, 2], 13] 1744.618 187655369
S[2, 56] 927.355 187838293
C[[1, 2], 14] 1782.954 188693892
S[2, 57] 932.761 188843872
C[[1, 2], 15] 1837.381 189748492
S[2, 58] 939.073 189850370
C[[1, 2], 16] 1775.922 190687219
S[2, 59] 1476.902 191388376
C[[1, 2], 17] 1789.595 191701069
S[3, 0] 1705.542 192617199
C[[1, 2], 18] 1747.741 192659398
SS2 62475.146 2458.797 193370454
S[3, 1] 1510.283 193422125
C[[1, 2], 19] 1536.671 193448513
S[3, 2] 1492.658 194404687
C[[1, 3], 0] 2010.673 194922702
S[3, 3] 1705.151 195617362
S[3, 4] 1458.083 196370477
S[3, 5] 1420.13 197332710
S[3, 6] 1411.959 198324718
S[3, 7] 1451.863 199364802
C[[2, 0], 0] 6156.983 200069194
S[3, 8] 1428.412 200341505
S[3, 9] 1456.432 201369669
S[3, 10] 1468.194 202387924
S[3, 11] 1741.18 203661092
C[[2, 0], 1] 9291.28 204203675
C[[2, 0], 2] 8291.094 204203675
S[3, 12] 1746.067 204666160
C[[2, 0], 3] 8330.977 205243736
S[3, 13] 1706.747 205627027
C[[2, 0], 4] 8294.743 206207682
CS[1, 2] 33355.883 13346.808 206258837
C[[2, 0], 5] 7602.146 206515239
S[3, 14] 1761.159 206681608
C[[2, 0], 6] 7652.966 207566203
S[3, 15] 1727.498 207648165
C[[2, 0], 7] 6934.433 207854163
C[[2, 0], 9] 5054.63 207974723
C[[2, 0], 8] 6054.811 207974723
C[[2, 0], 10] 4077.122 207997402
C[[2, 0], 11] 3332.173 208252622
S[3, 16] 1764.942 208685792
C[[2, 0], 12] 2927.576 208848243
S[3, 17] 1720.001 209641032
C[[2, 0], 13] 2911.929 209832779
CS[1, 3] 16920.832 15920.65 209832861
S[3, 18] 1741.312 210662533
C[[2, 0], 14] 2778.555 210699586
C[[2, 0], 15] 1820.374 210741595
S[3, 19] 1798.979 211720379
C[[2, 0], 16] 1870.034 211791434
S[3, 20] 1697.884 212619459
S[3, 21] 1393.927 213315688
C[[2, 0], 17] 2745.701 213667276
C[[2, 0], 18] 1778.855 213700616
S[3, 22] 1264.383 214186328
C[[2, 0], 19] 1566.522 214488468
S[3, 23] 1404.924 215327059
S[3, 24] 927.773 215850092
S[3, 25] 927.924 216850408
S[3, 26] 945.33 217867994
C[[2, 1], 0] 4184.857 218106992
C[[2, 1], 1] 3373.648 218295967
S[3, 27] 1483.44 219406288
S[3, 28] 1773.139 220696176
C[[2, 1], 2] 4821.088 220743572
C[[2, 1], 3] 3900.379 220823043
S[3, 29] 1792.641 221715861
C[[2, 1], 5] 3023.644 221946681
C[[2, 1], 6] 2023.461 221946681
C[[2, 1], 4] 4023.833 221946681
S[3, 30] 1723.118 222646524
S[3, 31] 1441.924 223365516
S[3, 32] 1399.944 224323710
C[[2, 1], 7] 4369.489 225292895
C[[2, 1], 8] 3489.646 225413238
S[3, 33] 1531.127 225455089
C[[2, 1], 9] 2531.404 225455170
C[[2, 1], 10] 1906.592 225830554
S[3, 34] 1429.38 226353521
CS[2, 0] 33009.183 12999.259 226921394
C[[2, 1], 11] 1997.386 226921528
S[3, 35] 1433.881 227358210
C[[2, 1], 12] 1981.753 227906082
S[3, 36] 1450.047 228374553
C[[2, 1], 13] 1788.254 228712760
S[3, 37] 1449.979 229374720
C[[2, 1], 14] 1775.322 229700063
S[3, 38] 1760.638 230685557
C[[2, 1], 15] 1819.847 230744766
S[3, 39] 1742.083 231667201
C[[2, 1], 16] 1795.023 231720141
S[3, 40] 1759.536 232684838
C[[2, 1], 17] 1816.305 232741607
S[3, 41] 1767.424 233692926
C[[2, 1], 18] 1789.624 233715126
S[3, 42] 1471.694 234397380
C[[2, 1], 19] 1971.637 234897323
S[3, 43] 1703.96 235629831
C[[2, 2], 0] 2225.254 236151125
S[3, 44] 1421.455 236347521
S[3, 45] 1412.03 237338275
S[3, 46] 1409.336 238335766
C[[2, 2], 1] 3933.378 238859444
S[3, 47] 1402.663 239329287
S[3, 48] 1482.104 240408915
C[[2, 2], 3] 4178.75 241105180
C[[2, 2], 2] 5178.935 241105180
S[3, 49] 1500.999 241428004
C[[2, 2], 4] 3809.735 241736359
S[3, 50] 1782.694 242709880
S[3, 51] 1763.53 243690905
S[3, 52] 1724.672 244652230
C[[2, 2], 5] 5899.666 244826477
C[[2, 2], 6] 4899.472 244826477
C[[2, 2], 7] 4447.129 245374315
C[[2, 2], 8] 3478.601 245405976
S[3, 53] 1478.311 245406058
C[[2, 2], 9] 2533.255 245460813
C[[2, 2], 10] 1815.589 245743336
S[3, 54] 1435.694 246363614
C[[2, 2], 11] 1991.086 246919006
CS[2, 1] 32996.946 12993.21 246919081
S[3, 55] 1426.905 247355008
C[[2, 2], 12] 2127.767 248055870
S[3, 56] 1406.8 248335101
S[3, 57] 1429.489 249364535
C[[2, 2], 13] 2772.738 249701039
C[[2, 2], 14] 1789.736 249724782
S[3, 58] 1453.054 250388284
C[[2, 2], 15] 2916.098 251851328
S[3, 59] 5087.339 255022754
S[4, 0] 8601.163 259536767
S[4, 1] 7637.034 259572830
S[4, 4] 4671.614 259607950
S[4, 3] 5671.786 259607950
S[4, 5] 3671.374 259607950
S[4, 2] 6671.962 259607950
S[4, 6] 2671.191 259607950
S[4, 7] 1670.994 259607950
S[4, 8] 1483.88 260420999
SS3 69820.8 9796.853 260732457
C[[2, 2], 16] 11152.281 261087696
S[4, 9] 1415.217 261352478
C[[2, 3], 3] 4538.036 261474795
C[[2, 3], 4] 3537.839 261474795
C[[2, 3], 1] 6538.459 261474795
C[[2, 2], 19] 8538.807 261474795
C[[2, 3], 5] 2537.676 261474795
C[[2, 3], 2] 5538.219 261474795
C[[2, 2], 18] 9538.999 261474795
C[[2, 2], 17] 10539.191 261474795
C[[2, 3], 0] 7538.631 261474795
C[[2, 3], 6] 2484.557 262421818
S[4, 10] 1756.072 262693516
S[4, 11] 1835.766 263773404
S[4, 12] 1439.75 264377569
C[[3, 0], 1] 3067.795 265005433
C[[3, 0], 0] 4067.989 265005433
S[4, 13] 1402.26 265340257
S[4, 14] 1476.745 266414933
S[4, 15] 1703.329 267641698
C[[3, 0], 2] 5401.003 268338822
S[4, 16] 1731.944 268670508
S[4, 17] 1707.607 269646359
S[4, 18] 1814.854 270753792
S[4, 19] 1722.846 271661965
C[[3, 0], 3] 7826.855 271764852
S[4, 20] 1422.615 272361915
S[4, 21] 1412.995 273352483
S[4, 22] 1486.613 274426291
S[4, 23] 1749.419 275689291
S[4, 24] 1790.944 276731003
C[[3, 0], 4] 12517.383 277455571
S[4, 25] 1680.139 277620388
S[4, 26] 1461.424 278401859
C[[3, 0], 5] 12799.308 278737676
S[4, 27] 1478.429 279419062
S[4, 28] 1714.984 280655806
C[[3, 0], 6] 14468.58 281407144
S[4, 29] 1486.821 281427835
C[[3, 0], 14] 7404.277 282344336
C[[3, 0], 13] 8404.464 282344336
C[[3, 0], 12] 9404.658 282344336
C[[3, 0], 10] 11405.036 282344336
C[[3, 0], 9] 12405.217 282344336
C[[3, 0], 7] 14405.584 282344336
C[[3, 0], 17] 4403.702 282344336
C[[3, 0], 11] 10404.848 282344336
C[[3, 0], 15] 6404.087 282344336
C[[3, 0], 8] 13405.398 282344336
C[[3, 0], 18] 3403.514 282344336
C[[3, 0], 16] 5403.901 282344336
C[[3, 0], 19] 2403.322 282344336
CS[2, 2] 48418.924 28408.631 282344795
S[4, 30] 1733.515 282674721
S[4, 31] 1910.43 283852802
C[[3, 1], 0] 3446.444 284387651
CS[2, 3] 30451.57 23450.29 284387734
S[4, 32] 1751.152 284693706
S[4, 33] 1482.423 285425164
S[4, 34] 1668.163 286611090
C[[3, 1], 1] 5464.943 287407314
S[4, 35] 1748.221 287691345
C[[3, 1], 2] 5176.576 288119129
S[4, 36] 1759.115 288702428
S[4, 37] 1723.073 289666574
C[[3, 1], 3] 6487.042 290429783
C[[3, 1], 4] 5675.428 290618355
S[4, 38] 1755.773 290699456
C[[3, 1], 5] 4879.63 290822754
S[4, 39] 1703.69 291647559
S[4, 40] 807.6 291751661
C[[3, 1], 7] 4026.07 291969571
C[[3, 1], 6] 5026.258 291969571
C[[3, 1], 8] 3055.394 291999077
C[[3, 1], 9] 2079.257 292023125
S[4, 41] 1752.704 293696953
S[4, 42] 1418.856 294363292
S[4, 43] 1660.562 295605186
C[[3, 1], 10] 4794.63 295738691
S[4, 44] 826.762 295771574
C[[3, 1], 12] 3621.416 296565852
C[[3, 1], 11] 4621.603 296565852
C[[3, 1], 13] 2687.268 296631892
C[[3, 1], 14] 1741.654 296686466
S[4, 45] 1779.03 297724032
CS[3, 0] 36959.444 16955.682 297896888
C[[3, 1], 15] 1952.057 297897059
S[4, 46] 1701.684 298646881
C[[3, 1], 16] 2161.644 299106841
S[4, 47] 1476.114 299421499
C[[3, 1], 17] 1846.584 299791969
S[4, 48] 1707.025 300652603
C[[3, 1], 18] 1730.589 300676167
S[4, 49] 1512.358 301458123
C[[3, 1], 19] 2095.454 302041219
S[4, 50] 1706.313 302652258
C[[3, 2], 0] 2363.763 303309708
S[4, 51] 1444.91 303391050
S[4, 52] 1810.13 304756447
S[4, 53] 1405.68 305352182
S[4, 54] 1425.61 306372309
C[[3, 2], 1] 4530.321 306476460
S[4, 55] 1486.292 307433194
C[[3, 2], 2] 5701.842 308648159
S[4, 56] 1759.378 308706496
C[[3, 2], 3] 4968.603 308915104
C[[3, 2], 4] 4077.476 309024176
S[4, 57] 1714.697 309662023
C[[3, 2], 5] 4363.246 310310149
C[[3, 2], 6] 3426.906 310374024
S[4, 58] 1720.541 310668086
S[4, 59] 1718.485 311666241
C[[3, 2], 7] 4094.889 312042215
S[5, 0] 1661.281 312609236
C[[3, 2], 8] 4496.1 313443645
S[5, 1] 1518.339 313466511
SS4 63009.035 2996.685 313944639
S[5, 2] 1284.9 314233285
C[[3, 2], 11] 2504.543 314452715
C[[3, 2], 10] 3504.761 314452715
C[[3, 2], 9] 4504.959 314452715
S[5, 3] 1509.99 315458580
C[[3, 2], 12] 3085.199 316033584
CS[3, 1] 35092.468 15087.729 316033674
S[5, 4] 1515.95 316464722
S[5, 5] 1701.421 317650398
C[[4, 0], 0] 4163.883 318112473
S[5, 6] 1743.039 318692222
S[5, 7] 1739.817 319689192
S[5, 8] 1785.085 320734635
C[[4, 0], 1] 6442.799 321391571
S[5, 9] 1729.883 321679578
S[5, 10] 1708.91 322658798
S[5, 11] 1462.939 323413045
S[5, 12] 1727.394 324677688
C[[4, 0], 9] 2194.813 325145107
C[[4, 0], 3] 8195.924 325145107
C[[4, 0], 4] 7195.732 325145107
C[[4, 0], 2] 9196.13 325145107
C[[4, 0], 6] 5195.412 325145107
C[[4, 0], 7] 4195.219 325145107
C[[4, 0], 5] 6195.557 325145107
C[[4, 0], 8] 3195.001 325145107
S[5, 13] 1687.958 325638440
C[[4, 0], 10] 1822.464 325772946
S[5, 14] 1764.844 326715516
C[[4, 0], 11] 2008.165 326958837
CS[3, 2] 26012.98 13010.335 326958925
S[5, 15] 1689.087 327639943
C[[4, 0], 12] 1837.309 327788165
S[5, 16] 1414.665 328365709
C[[4, 0], 13] 1821.976 328773020
S[5, 17] 1706.749 329657978
C[[4, 0], 14] 1754.493 329705722
S[5, 18] 1479.18 330430612
C[[4, 0], 15] 1825.183 330776615
S[5, 19] 1763.523 331715148
C[[4, 0], 16] 1808.151 331759776
S[5, 20] 1731.083 332682883
C[[4, 0], 17] 1772.066 332723865
S[5, 21] 1753.35 333705338
C[[4, 0], 18] 1787.889 333739877
S[5, 22] 1487.703 334439872
C[[4, 0], 19] 1776.131 334728300
S[5, 23] 1440.17 335392516
C[[4, 1], 0] 2335.651 336287997
S[5, 24] 1426.284 336378815
S[5, 25] 1747.332 337700075
S[5, 26] 1389.781 338342712
C[[4, 1], 1] 3647.188 338599719
S[5, 27] 1401.211 339354326
