016.000 AFR 00248946333
016.005 RBE 00251924829
016.001 RBE 00251924808
016.004 RBE 00251924813
016.002 RBE 00251924815
016.003 RBE 00251924817
016.005 RBW 00251924829
016.002 RBW 00251924815
016.003 RBW 00251924817
016.001 RBW 00251924808
016.004 RBW 00251924813
016.000 PTR 00252343843
016.018 RBE 00252355688
016.018 RBW 00252355688
016.007 RBE 00252357683
016.007 RBW 00252357683
016.011 RBE 00252357846
016.011 RBW 00252357846
016.020 RBE 00252358988
016.020 RBW 00252358988
016.010 RBE 00252359402
016.010 RBW 00252359402
016.019 RBE 00252361063
016.019 RBW 00252361063
016.013 RBE 00252362376
016.013 RBW 00252362376
016.008 RBE 00252364156
016.008 RBW 00252364156
016.009 RBE 00252365701
016.009 RBW 00252365701
016.014 RBE 00252366541
016.014 RBW 00252366541
016.006 RBE 00252367543
016.006 RBW 00252367543
016.017 RBE 00252370422
016.017 RBW 00252370422
016.012 RBE 00252372584
016.012 RBW 00252372584
016.015 RBE 00252373682
016.015 RBW 00252373682
016.024 RBE 00252382662
016.024 RBW 00252382662
016.022 RBE 00252383031
016.022 RBW 00252383031
016.023 RBE 00252384144
016.023 RBW 00252384144
016.021 RBE 00252384390
016.021 RBW 00252384390
016.000 RBE 00252391523
016.000 RFR 00253057544
016 REP 0005043 0005044 0072637 0183545 0189208 0288561 0288579 0288823 0288824 0293177 00253359901
016.000 SPR 00253359949
016.000 RPR 00253644339
016 P 0047812 0049568 1300276 2451264 2452853 2454246 00254798380
