018.000 AFR 00248944601
018.002 RBE 00252339032
018.005 RBE 00252339034
018.001 RBE 00252339034
018.004 RBE 00252339034
018.003 RBE 00252339037
018.002 RBW 00252339032
018.004 RBW 00252339034
018.005 RBW 00252339034
018.001 RBW 00252339034
018.003 RBW 00252339037
018.000 PTR 00252342101
018.007 RBE 00252355954
018.007 RBW 00252355954
018.011 RBE 00252356121
018.011 RBW 00252356121
018.020 RBE 00252357378
018.020 RBW 00252357378
018.010 RBE 00252357666
018.010 RBW 00252357666
018.016 RBE 00252357724
018.016 RBW 00252357724
018.019 RBE 00252359404
018.019 RBW 00252359404
018.013 RBE 00252360620
018.013 RBW 00252360620
018.008 RBE 00252362475
018.008 RBW 00252362475
018.009 RBE 00252363961
018.009 RBW 00252363961
018.014 RBE 00252364824
018.014 RBW 00252364824
018.006 RBE 00252365861
018.006 RBW 00252365861
018.017 RBE 00252368686
018.017 RBW 00252368686
018.012 RBE 00252370794
018.012 RBW 00252370794
018.015 RBE 00252371963
018.015 RBW 00252371963
018.024 RBE 00252380939
018.024 RBW 00252380939
018.022 RBE 00252381366
018.022 RBW 00252381366
018.023 RBE 00252382404
018.023 RBW 00252382404
018.021 RBE 00252382743
018.021 RBW 00252382743
018.000 RBE 00252389793
018.000 RFR 00253056016
018 REP 0004824 0004825 0073286 0185076 0190792 0290034 0290052 0290291 0290292 0294071 00253359251
018.000 SPR 00253359296
018.000 RPR 00253642626
018 P 0047650 0048662 1300306 2492307 2493381 2494224 00254836583
