007.000 AFR 00248963565
007.003 RBE 00251988628
007.005 RBE 00251988667
007.002 RBE 00251988656
007.004 RBE 00251988633
007.001 RBE 00251988629
007.002 RBW 00251988656
007.003 RBW 00251988628
007.001 RBW 00251988629
007.004 RBW 00251988633
007.005 RBW 00251988667
007.000 PTR 00252360991
007.018 RBE 00252372824
007.018 RBW 00252372824
007.011 RBE 00252374997
007.011 RBW 00252374997
007.020 RBE 00252376216
007.020 RBW 00252376216
007.016 RBE 00252376540
007.016 RBW 00252376540
007.010 RBE 00252376570
007.010 RBW 00252376570
007.019 RBE 00252378307
007.019 RBW 00252378307
007.013 RBE 00252379618
007.013 RBW 00252379618
007.008 RBE 00252381363
007.008 RBW 00252381363
007.009 RBE 00252382842
007.009 RBW 00252382842
007.014 RBE 00252383715
007.014 RBW 00252383715
007.006 RBE 00252384747
007.006 RBW 00252384747
007.017 RBE 00252387601
007.017 RBW 00252387601
007.012 RBE 00252389806
007.012 RBW 00252389806
007.015 RBE 00252390859
007.015 RBW 00252390859
007.024 RBE 00252399894
007.024 RBW 00252399894
007.022 RBE 00252400302
007.022 RBW 00252400302
007.023 RBE 00252401360
007.023 RBW 00252401360
007.021 RBE 00252401546
007.021 RBW 00252401546
007.000 RBE 00252408738
007.000 RFR 00253074353
007 REP 0002908 0002909 0071102 0183544 0189280 0280068 0280084 0280318 0280320 0284215 00253365823
007.000 SPR 00253365868
007.000 RPR 00253661546
007 P 0047846 0049602 1300377 2396441 2397247 2398083 00254759368
