000.005 WPR 00249006938
000.005 RBE 00249007938
000.003 WPR 00249009787
000.003 RBE 00249010144
000.004 WPR 00249010425
000.004 RBE 00249011077
000.001 WPR 00249011302
000.002 WPR 00249011355
000.001 RBE 00249012030
000.002 RBE 00249012030
000.016 AFR 00251973418
000.007 AFR 00252019916
000.018 AFR 00252389262
000.018 WPR 00252402679
000.018 RBE 00252403096
000.007 WPR 00252404767
000.011 WPR 00252404942
000.007 RBE 00252405121
000.011 RBE 00252405276
000.020 WPR 00252406178
000.016 WPR 00252406178
000.020 RBE 00252406472
000.010 WPR 00252406480
000.010 RBE 00252406844
000.016 RBE 00252406864
000.019 WPR 00252408229
000.019 RBE 00252408530
000.013 WPR 00252409325
000.013 RBE 00252409823
000.017 WPR 00252420209
000.012 WPR 00252420219
000.014 WPR 00252420257
000.017 RBE 00252420261
000.009 WPR 00252420266
000.008 WPR 00252420286
000.008 RBE 00252420335
000.015 WPR 00252420380
000.006 WPR 00252420395
000.009 RBE 00252420413
000.014 RBE 00252420383
000.012 RBE 00252420386
000.006 RBE 00252420487
000.015 RBE 00252421102
000.024 WPR 00252429661
000.024 RBE 00252430035
000.022 WPR 00252430137
000.022 RBE 00252430487
000.023 WPR 00252430584
000.021 WPR 00252430986
000.023 RBE 00252431443
000.021 RBE 00252431701
000 RTF 252829401
000 REP 0003696 0003697 0047862 0138415 0140630 0141667 0141851 0142121 0142122 0145499 00253253404
000.022 RPR 00253282553
000.024 RPR 00253288049
000.021 RPR 00253294769
000.023 RPR 00253300325
000.005 RPR 00253367688
000.002 RPR 00253370275
000.004 RPR 00253374525
000.003 RPR 00253377768
000.014 RPR 00253396105
000.007 RPR 00253396670
000.020 RPR 00253398808
000.017 RPR 00253400417
000.008 RPR 00253400721
000.006 RPR 00253402361
000.009 RPR 00253403270
000.011 RPR 00253403428
000.010 RPR 00253405505
000.013 RPR 00253407537
000.019 RPR 00253408092
000.016 RPR 00253408180
000.018 RPR 00253409076
000.001 RPR 00253626150
000.015 RPR 00253674716
000.012 RPR 00253690557
