S[0, 0] 5558.258 14485430
S[0, 1] 5309.504 15243174
S[0, 2] 4810.598 15744478
S[0, 3] 3810.414 15744478
S[0, 4] 2969.182 15905009
S[0, 6] 1557.626 16493822
S[0, 5] 2557.814 16493822
S[0, 7] 1211.081 17147475
C[[0, 0], 0] 8812.799 17739968
C[[0, 0], 1] 7831.999 17765669
C[[0, 0], 2] 6872.127 17806007
C[[0, 0], 3] 5871.943 17806007
C[[0, 0], 4] 4870.179 17806007
C[[0, 0], 5] 3869.999 17806007
C[[0, 0], 6] 2869.811 17806007
S[0, 8] 1339.226 18275807
C[[0, 0], 7] 2515.251 18451645
S[0, 9] 1362.903 19299661
S[0, 10] 540.504 19477477
C[[0, 0], 9] 1540.801 19477559
C[[0, 0], 8] 2540.977 19477559
C[[0, 0], 10] 1513.96 20450933
S[0, 11] 540.362 20477519
C[[0, 0], 11] 1555.34 21492497
S[0, 12] 555.258 21492601
C[[0, 0], 12] 1513.061 22450404
S[0, 13] 546.393 22483915
C[[0, 0], 13] 1514.392 23451915
S[0, 14] 565.52 23503216
C[[0, 0], 14] 1538.027 24475723
S[0, 15] 576.186 24514065
C[[0, 0], 15] 1529.373 25467253
S[0, 16] 1290.398 26229213
C[[0, 0], 16] 1500.329 26439144
S[0, 17] 1330.405 27269409
C[[0, 0], 17] 1485.692 27424696
S[0, 18] 1334.956 28274132
C[[0, 0], 18] 1518.585 28457760
S[0, 19] 1519.862 29459218
C[[0, 0], 19] 2105.704 30045060
S[0, 20] 1324.731 30264264
C[[0, 1], 0] 1881.191 30820724
S[0, 21] 1545.395 31485980
C[[0, 1], 1] 1931.891 31872477
S[0, 22] 1529.897 32470668
C[[0, 1], 2] 1857.969 32798740
S[0, 23] 1326.596 33267579
C[[0, 1], 3] 1575.97 33516953
S[0, 24] 1514.917 34456061
C[[0, 1], 4] 3122.145 36063289
S[0, 25] 2122.015 36063355
C[[0, 1], 5] 3015.822 36957162
CS[0, 0] 28335.147 8321.796 37261326
S[0, 26] 2692.729 37634238
S[0, 27] 1993.562 37935235
C[[0, 1], 7] 2045.188 37986861
C[[0, 1], 6] 3045.353 37986861
S[0, 28] 1547.991 38489858
S[0, 29] 1297.67 39239729
C[[0, 1], 9] 1620.743 39562802
C[[0, 1], 8] 2620.935 39562802
S[0, 30] 1502.746 40444990
C[[0, 1], 10] 1875.445 40817689
S[0, 31] 1541.762 41484196
C[[0, 1], 11] 1905.476 41847910
S[0, 32] 1322.33 42264954
C[[0, 1], 12] 1607.074 42549698
S[0, 33] 1337.282 43280092
C[[0, 1], 13] 1863.134 43805944
S[0, 34] 1525.749 44468741
C[[0, 1], 14] 1832.575 44775567
S[0, 35] 1475.414 45418590
C[[0, 1], 15] 1797.8 45740976
S[0, 36] 1343.787 46287145
C[[0, 1], 16] 1835.894 46779252
S[0, 37] 1306.553 47250107
C[[0, 1], 17] 1877.933 47821486
S[0, 38] 1306.672 48250405
C[[0, 1], 18] 1906.109 48849841
S[0, 39] 1315.248 49259179
C[[0, 1], 19] 1625.315 49569245
S[0, 40] 1500.754 50444871
C[[0, 2], 0] 1887.384 50831502
S[0, 41] 1312.054 51256357
C[[0, 2], 1] 1566.199 51510502
S[0, 42] 1308.652 52253145
C[[0, 2], 2] 1856.545 52801039
S[0, 43] 1325.115 53269795
C[[0, 2], 3] 1621.698 53566378
S[0, 44] 1302.732 54247581
C[[0, 2], 4] 1845.9 54790750
S[0, 45] 1471.733 55416772
C[[0, 2], 5] 1854.488 55799527
S[0, 46] 1317.451 56262674
C[[0, 2], 6] 1885.105 56830329
S[0, 47] 1597.278 57542681
C[[0, 2], 7] 1867.384 57812788
S[0, 48] 1318.186 58263782
C[[0, 2], 8] 1832.156 58777752
CS[0, 1] 30630.203 10625.618 59569736
S[0, 49] 1675.046 59620831
C[[0, 2], 9] 1810.449 59756234
S[0, 50] 1512.383 60458353
C[[0, 2], 10] 1944.402 60890373
S[0, 51] 1323.157 61269315
C[[0, 2], 11] 1650.067 61596225
S[0, 52] 1558.226 62504565
C[[0, 2], 12] 1898.802 62845140
S[0, 53] 1553.804 63500326
C[[0, 2], 13] 1858.613 63805135
S[0, 54] 1309.762 64256458
C[[0, 2], 14] 1619.792 64566489
S[0, 55] 1504.958 65451842
C[[0, 2], 15] 1841.822 65788706
S[0, 56] 1496.832 66443892
C[[0, 2], 16] 1872.459 66819519
S[0, 57] 1548.402 67495646
C[[0, 2], 17] 1915.223 67862466
S[0, 58] 1322.25 68269652
S[0, 59] 1514.185 69461727
C[[0, 2], 18] 3085.708 70033110
C[[0, 2], 19] 2245.665 70193208
C[[0, 3], 0] 2645.01 71592731
S[1, 0] 3031.342 71979062
S[1, 1] 2460.258 72413173
S[1, 2] 1784.616 72737716
C[[0, 3], 1] 2895.402 72848317
C[[0, 3], 2] 1895.217 72848317
S[1, 3] 1431.06 73384347
SS0 64823.38 4801.033 73748750
C[[0, 3], 3] 1809.269 73762557
S[1, 4] 1439.498 74392978
C[[0, 3], 4] 1847.757 74801238
S[1, 5] 1432.665 75386329
C[[0, 3], 5] 1738.147 75691812
S[1, 6] 1514.682 76468532
C[[0, 3], 6] 1918.649 76872500
S[1, 7] 1503.101 77457131
C[[0, 3], 7] 2043.776 77997806
C[[0, 3], 8] 1918.524 78872745
S[1, 8] 1918.616 78872837
S[1, 9] 1447.927 79402328
CS[0, 2] 31590.104 11586.501 80534222
S[1, 10] 1657.882 80612463
C[[0, 3], 9] 2897.898 80852299
C[[0, 3], 10] 1897.717 80852299
S[1, 11] 1807.968 81762730
S[1, 12] 1420.387 82375335
C[[0, 3], 11] 2832.412 82787173
C[[0, 3], 12] 1832.226 82787173
S[1, 13] 1431.094 83386229
C[[0, 3], 13] 1898.969 83854104
S[1, 14] 1456.032 84411353
C[[0, 3], 14] 1761.13 84716451
S[1, 15] 1494.549 85450052
C[[0, 3], 15] 1860.652 85816154
S[1, 16] 1494.681 86450368
S[1, 17] 1764.728 87720606
C[[0, 3], 17] 1814.28 87770158
C[[0, 3], 16] 2814.471 87770158
S[1, 18] 1700.951 88657007
C[[0, 3], 18] 1759.635 88715690
S[1, 19] 1502.307 89458538
C[[0, 3], 19] 1782.326 89738557
S[1, 20] 1741.016 90697439
C[[0, 4], 0] 1809.827 90766250
S[1, 21] 1423.314 91379918
C[[0, 4], 1] 1827.118 91783723
S[1, 22] 1435.916 92392736
S[1, 23] 1426.112 93383111
C[[0, 4], 2] 2808.285 93765104
C[[0, 4], 3] 1808.105 93765104
S[1, 24] 1435.385 94392548
C[[0, 4], 4] 1737.605 94694768
S[1, 25] 1437.682 95395030
C[[0, 4], 5] 1781.452 95738800
S[1, 26] 1434.405 96391933
C[[0, 4], 6] 1941.322 96898850
S[1, 27] 1463.626 97421340
C[[0, 4], 7] 1862.15 97819864
S[1, 28] 1476.495 98434398
C[[0, 4], 8] 1778.745 98736649
S[1, 29] 1513.762 99471854
C[[0, 4], 9] 1845.958 99804049
CS[0, 3] 31566.489 11557.787 100514210
S[1, 30] 1620.673 100578955
C[[0, 4], 10] 1665.862 100624144
S[1, 31] 1796.053 101754524
C[[0, 4], 11] 1837.561 101796031
S[1, 32] 1752.479 102711132
C[[0, 4], 12] 1789.162 102747815
S[1, 33] 1753.929 103712773
C[[0, 4], 13] 1784.13 103742975
S[1, 34] 1779.528 104738550
C[[0, 4], 14] 1831.828 104790851
S[1, 35] 1767.377 105726595
C[[0, 4], 15] 1817.921 105777140
S[1, 36] 1437.609 106397005
C[[0, 4], 16] 1841.314 106800710
S[1, 37] 1421.579 107381160
C[[0, 4], 17] 1916.218 107875800
S[1, 38] 1454.002 108413765
S[1, 39] 1277.886 109237824
C[[0, 4], 18] 2842.039 109801801
C[[0, 4], 19] 1841.863 109801801
S[1, 40] 1774.181 110734303
C[[0, 5], 0] 1869.056 110829179
S[1, 41] 1453.788 111414093
S[1, 42] 1414.853 112375347
C[[0, 5], 2] 1819.188 112779681
C[[0, 5], 1] 2819.377 112779681
S[1, 43] 1429.284 113389964
C[[0, 5], 3] 1813.135 113773814
S[1, 44] 1433.421 114394281
S[1, 45] 1510.179 115471224
C[[0, 5], 4] 2559.217 115520077
C[[0, 5], 5] 1932.6 115893645
S[1, 46] 1474.63 116435848
S[1, 47] 1528.064 117489466
C[[0, 5], 7] 2006.144 117967547
C[[0, 5], 6] 3006.328 117967547
S[1, 48] 1754.351 118715932
C[[0, 5], 8] 1863.663 118825244
CS[0, 4] 30854.597 10850.897 119811020
C[[0, 5], 9] 1966.91 119928683
S[1, 49] 1966.96 119928733
S[1, 50] 1770.98 120732937
C[[0, 5], 10] 1819.645 120781602
S[1, 51] 1731.101 121693238
C[[0, 5], 11] 1781.251 121743387
S[1, 52] 1452.087 122414409
C[[0, 5], 12] 1879.96 122842281
S[1, 53] 1458.991 123421496
C[[0, 5], 13] 1625.028 123587533
S[1, 54] 1447.785 124410467
C[[0, 5], 14] 1803.014 124765697
S[1, 55] 1423.204 125386062
C[[0, 5], 15] 1855.714 125818571
S[1, 56] 1764.244 126727478
C[[0, 5], 16] 1813.627 126776862
S[1, 57] 1469.619 127433047
C[[0, 5], 17] 1892.046 127855474
S[1, 58] 1713.301 128676945
C[[0, 5], 18] 1755.877 128719520
S[1, 59] 1302.631 129266460
C[[0, 5], 19] 1843.584 129807412
S[2, 0] 960.889 129924905
C[[0, 6], 0] 1911.964 130875981
S[2, 1] 1456.292 131420495
SS1 63110.727 3094.431 132058448
S[2, 2] 1510.698 132475074
C[[0, 6], 2] 1776.316 132740693
C[[0, 6], 1] 2776.49 132740693
S[2, 3] 1514.87 133479427
C[[0, 6], 3] 1867.956 133832514
S[2, 4] 1478.916 134443653
C[[1, 0], 0] 2610.799 135575535
S[2, 5] 1784.439 135749413
C[[1, 0], 1] 1816.689 135781662
S[2, 6] 1833.972 136799134
C[[1, 0], 2] 1891.957 136857119
S[2, 7] 2093.904 138059245
C[[1, 0], 3] 2093.989 138059330
S[2, 8] 1627.824 138593355
C[[1, 0], 4] 1758.23 138723762
S[2, 9] 1975.804 139941519
C[[1, 0], 5] 2031.359 139997075
CS[0, 5] 31703.379 11699.485 140663501
S[2, 10] 1809.118 140775024
C[[1, 0], 6] 1847.218 140813123
S[2, 11] 1428.542 141394641
C[[1, 0], 7] 1814.758 141780857
S[2, 12] 1437.747 142404022
C[[1, 0], 8] 2006.649 142972925
S[2, 13] 1484.54 143450990
C[[1, 0], 9] 1768.262 143734713
S[2, 14] 1700.391 144667007
C[[1, 0], 10] 2086.271 145052886
CS[0, 6] 16088.953 12088.233 145052970
S[2, 15] 1726.117 145692915
C[[1, 0], 11] 1836.682 145803480
S[2, 16] 1848.398 146815377
C[[1, 0], 12] 1929.957 146896935
S[2, 17] 1776.6 147743756
C[[1, 0], 13] 1920.167 147887324
S[2, 18] 1783.845 148751187
C[[1, 0], 14] 1843.426 148810769
S[2, 19] 1819.281 149786805
C[[1, 0], 15] 1913.186 149880711
S[2, 20] 1863.123 150830835
C[[1, 0], 16] 1913.132 150880844
S[2, 21] 1827.842 151795732
C[[1, 0], 17] 1928.672 151896561
S[2, 22] 1442.841 152410912
S[2, 23] 908.174 152876431
C[[1, 0], 19] 1809.505 153777762
C[[1, 0], 18] 2809.691 153777762
S[2, 24] 941.696 153910129
S[2, 25] 1066.038 155034657
C[[1, 1], 0] 2659.061 155627495
C[[1, 1], 1] 1815.484 155784104
S[2, 26] 1524.393 156493214
C[[1, 1], 2] 1969.38 156938202
S[2, 27] 1775.767 157744771
C[[1, 1], 3] 1811.408 157780413
C[[1, 1], 4] 1857.807 158826992
S[2, 28] 1857.89 158827076
S[2, 29] 1772.559 159741909
C[[1, 1], 5] 1826.089 159795438
S[2, 30] 1889.123 160858664
C[[1, 1], 6] 1969.166 160938707
S[2, 31] 1773.792 161748933
C[[1, 1], 7] 1827.14 161802281
S[2, 32] 1712.602 162687926
S[2, 33] 1492.472 163467986
C[[1, 1], 8] 2717.349 163692673
C[[1, 1], 9] 1881.48 163856993
CS[1, 0] 31943.226 11939.529 164907963
C[[1, 1], 10] 2032.437 165008156
S[2, 34] 2032.522 165008241
S[2, 35] 1763.573 165739474
C[[1, 1], 11] 1891.293 165867195
S[2, 36] 1719.209 166695291
C[[1, 1], 12] 1780.14 166756222
S[2, 37] 1426.747 167403021
C[[1, 1], 13] 1817.093 167793367
S[2, 38] 1455.523 168431984
C[[1, 1], 14] 1809.448 168785910
S[2, 39] 1440.462 169417100
S[2, 40] 887.188 169864003
C[[1, 1], 16] 1800.792 170777608
C[[1, 1], 15] 2800.969 170777608
S[2, 41] 883.202 170860205
C[[1, 1], 17] 1809.152 171786155
S[2, 42] 912.582 171889766
C[[1, 1], 18] 1823.455 172800638
S[2, 43] 907.591 172884960
S[2, 44] 1517.46 174495008
C[[1, 1], 19] 2587.613 174564981
C[[1, 2], 0] 1861.331 174838880
S[2, 45] 1492.651 175470385
C[[1, 2], 1] 2566.914 176544647
S[2, 46] 1750.091 176728011
C[[1, 2], 2] 1788.881 176766800
S[2, 47] 1779.976 177758078
C[[1, 2], 3] 1883.112 177861213
S[2, 48] 1482.669 178460954
C[[1, 2], 4] 1680.496 178658780
S[2, 49] 1437.961 179416434
C[[1, 2], 5] 1848.382 179826855
S[2, 50] 1481.747 180460394
C[[1, 2], 6] 1913.605 180892252
S[2, 51] 1495.695 181474528
S[2, 52] 1420.535 182399526
C[[1, 2], 7] 2627.404 182606237
C[[1, 2], 8] 1851.928 182830920
S[2, 53] 1446.292 183425469
CS[1, 1] 30814.646 10805.531 183783080
S[2, 54] 1424.407 184403763
C[[1, 2], 9] 2865.245 184844422
C[[1, 2], 10] 1865.066 184844422
S[2, 55] 1421.923 185401450
S[2, 56] 1488.394 186468110
C[[1, 2], 12] 1848.582 186828298
C[[1, 2], 11] 2848.772 186828298
S[2, 57] 1480.391 187460283
C[[1, 2], 13] 2655.026 188634919
S[2, 58] 1775.03 188755104
C[[1, 2], 14] 1846.586 188826661
S[2, 59] 1779.006 189759263
C[[1, 2], 15] 1819.922 189800179
S[3, 0] 948.415 189928856
C[[1, 2], 16] 1752.53 190732972
S[3, 1] 900.75 190881377
SS2 62863.388 2846.963 191827405
C[[1, 2], 17] 1887.515 191868141
S[3, 2] 945.445 191926260
S[3, 3] 1288.482 193269475
C[[1, 2], 18] 2726.638 193707454
C[[2, 0], 0] 1830.162 193811155
S[3, 4] 1293.449 194274638
C[[2, 0], 1] 1782.9 194764089
S[3, 5] 1420.249 195401627
S[3, 6] 1500.386 196481947
C[[2, 0], 3] 1908.495 196890055
C[[2, 0], 2] 2908.678 196890055
S[3, 7] 1753.736 197735478
C[[2, 0], 4] 1862.094 197843836
S[3, 8] 1767.371 198749300
C[[2, 0], 5] 1800.977 198782905
S[3, 9] 1514.352 199496454
C[[2, 0], 6] 1636.969 199619072
S[3, 10] 1575.882 200558170
C[[2, 0], 7] 1827.773 200810062
S[3, 11] 1429.181 201411646
C[[2, 0], 8] 1632.033 201614499
CS[1, 2] 29586.582 10583.138 202564131
S[3, 12] 1653.986 202636636
C[[2, 0], 9] 1869.164 202851814
S[3, 13] 1404.275 203387122
C[[2, 0], 10] 1736.752 203719600
S[3, 14] 1434.486 204417509
C[[2, 0], 11] 1822.042 204805065
S[3, 15] 1427.333 205410539
C[[2, 0], 12] 1849.668 205832874
S[3, 16] 1788.321 206771702
C[[2, 0], 13] 1840.772 206824152
S[3, 17] 1434.943 207418494
S[3, 18] 1510.225 208493955
C[[2, 0], 15] 1827.179 208810910
C[[2, 0], 14] 2827.359 208810910
S[3, 19] 1451.807 209435725
C[[2, 0], 16] 1642.904 209626823
S[3, 20] 1837.854 210821951
C[[2, 0], 17] 1885.255 210869352
S[3, 21] 1455.183 211439458
S[3, 22] 902.508 211886956
C[[2, 0], 18] 2869.271 212853546
C[[2, 0], 19] 1869.097 212853546
S[3, 23] 1566.739 213551369
C[[2, 1], 0] 1629.542 213614171
S[3, 24] 1074.311 214059122
C[[2, 1], 1] 1836.146 214820957
S[3, 25] 1286.266 215271258
C[[2, 1], 2] 1569.099 215554090
S[3, 26] 1456.977 216442156
C[[2, 1], 3] 1781.267 216766447
S[3, 27] 1467.718 217453079
C[[2, 1], 4] 1799.821 217785181
S[3, 28] 1507.829 218493374
C[[2, 1], 5] 1822.599 218808145
S[3, 29] 1520.551 219506277
C[[2, 1], 6] 1673.799 219659525
S[3, 30] 1547.476 220533378
C[[2, 1], 7] 2108.409 221094310
S[3, 31] 1542.074 221528152
C[[2, 1], 8] 1633.219 221619297
S[3, 32] 2339.752 223326010
C[[2, 1], 9] 2339.802 223326060
CS[2, 0] 31345.119 11341.482 223326112
S[3, 33] 1778.345 223764780
C[[2, 1], 10] 1845.287 223831723
S[3, 34] 1758.039 224744655
C[[2, 1], 11] 1799.324 224785940
S[3, 35] 1779.967 225766764
C[[2, 1], 12] 1846.539 225833336
S[3, 36] 1448.554 226435526
S[3, 37] 878.009 226865162
C[[2, 1], 13] 2610.32 227597292
C[[2, 1], 14] 1834.422 227821575
S[3, 38] 1410.786 228398124
C[[2, 1], 15] 1873.508 228860846
S[3, 39] 902.415 228889927
C[[2, 1], 16] 1865.485 229852997
S[3, 40] 924.442 229912134
C[[2, 1], 17] 1816.331 230804022
S[3, 41] 898.774 230886645
S[3, 42] 1509.975 232498032
C[[2, 1], 19] 1781.355 232769411
C[[2, 1], 18] 2781.541 232769411
S[3, 43] 1737.765 233726009
C[[2, 2], 0] 1804.909 233793153
S[3, 44] 1723.572 234712005
C[[2, 2], 1] 1766.097 234754531
S[3, 45] 1683.889 235672501
C[[2, 2], 2] 1747.636 235736248
S[3, 46] 1453.751 236442536
C[[2, 2], 3] 1790.671 236779456
S[3, 47] 1509.117 237498103
S[3, 48] 1428.266 238417439
C[[2, 2], 4] 2591.887 238580873
C[[2, 2], 5] 1847.862 238837036
S[3, 49] 1433.669 239423018
S[3, 50] 1420.541 240416153
C[[2, 2], 6] 2854.013 240843362
C[[2, 2], 7] 1847.751 240843362
S[3, 51] 1426.955 241422752
C[[2, 2], 8] 1815.745 241811543
S[3, 52] 1432.622 242428594
C[[2, 2], 9] 1793.115 242789088
CS[2, 1] 31560.048 11556.433 243544678
S[3, 53] 1625.639 243621795
S[3, 54] 1412.629 244408966
C[[2, 2], 10] 2668.269 244664425
C[[2, 2], 11] 1831.174 244827512
S[3, 55] 1434.121 245430634
S[3, 56] 1419.346 246416043
C[[2, 2], 12] 2839.665 246836178
C[[2, 2], 13] 1839.48 246836178
S[3, 57] 1428.75 247425635
C[[2, 2], 14] 1783.445 247780330
S[3, 58] 1421.211 248418277
S[3, 59] 988.556 248985819
C[[2, 2], 15] 6645.831 253642897
C[[2, 2], 16] 9912.379 257909643
C[[2, 2], 18] 8575.418 258573056
C[[2, 2], 17] 9575.604 258573056
C[[2, 2], 19] 8115.175 259112996
C[[2, 3], 1] 6164.568 259162754
C[[2, 3], 0] 7164.755 259162754
C[[2, 3], 4] 3969.564 259968316
C[[2, 3], 3] 4969.764 259968316
C[[2, 3], 2] 5969.948 259968316
C[[2, 3], 5] 2969.379 259968316
S[4, 0] 11919.325 260916778
S[4, 5] 7020.579 261018947
S[4, 4] 8020.76 261018947
S[4, 1] 11021.308 261018947
S[4, 3] 9020.947 261018947
S[4, 2] 10021.125 261018947
S[4, 6] 6020.395 261018947
S[4, 7] 5020.195 261018947
S[4, 8] 4020.01 261018947
S[4, 9] 3019.825 261018947
S[4, 10] 2019.648 261018947
S[4, 11] 1533.487 261532966
C[[2, 3], 7] 2587.432 261586730
C[[2, 3], 6] 3587.609 261586730
C[[2, 3], 8] 1587.252 261586730
S[4, 12] 919.491 261919146
SS3 73460.151 13443.14 262440593
C[[2, 3], 9] 1829.997 262829653
S[4, 13] 1293.209 263293047
C[[2, 3], 10] 1882.778 263882615
S[4, 14] 1516.903 264516947
C[[3, 0], 0] 1938.059 264938102
S[4, 15] 1442.704 265442927
C[[3, 0], 1] 1917.242 265917465
S[4, 16] 1596.835 266597231
S[4, 17] 1495.909 267496488
C[[3, 0], 2] 2749.61 267750005
C[[3, 0], 3] 1866.314 267866892
S[4, 18] 1524.391 268525145
CS[2, 2] 37206.021 17196.266 269194265
C[[3, 0], 4] 2193.679 269194434
C[[3, 0], 5] 1844.301 269845279
S[4, 19] 1844.412 269845390
S[4, 20] 1738.575 270739738
S[4, 21] 1752.602 271753946
C[[3, 0], 6] 2879.72 271880883
C[[3, 0], 7] 1879.538 271880883
S[4, 22] 1485.874 272487402
C[[3, 0], 8] 1574.28 272575808
S[4, 23] 1517.431 273519140
C[[3, 0], 9] 1876.243 273877952
S[4, 24] 1526.798 274528682
C[[3, 0], 10] 1880.351 274882236
S[4, 25] 1478.797 275480875
C[[3, 0], 11] 1633.785 275635863
CS[2, 3] 24573.134 13571.09 276571134
S[4, 26] 1780.531 276782789
C[[3, 0], 12] 1819.779 276822038
S[4, 27] 1766.003 277768452
C[[3, 0], 13] 1854.245 277856694
S[4, 28] 1482.234 278484859
C[[3, 0], 14] 1620.103 278622728
S[4, 29] 1509.542 279512351
C[[3, 0], 15] 1879.778 279882586
S[4, 30] 1523.166 280526156
C[[3, 0], 16] 1616.581 280619571
S[4, 31] 1799.445 281802624
C[[3, 0], 17] 1880.257 281883436
S[4, 32] 1773.165 282776523
C[[3, 0], 18] 1857.949 282861307
S[4, 33] 1310.641 283314186
C[[3, 0], 19] 1584.031 283587577
S[4, 34] 1540.085 284543813
C[[3, 1], 0] 1794.778 284798506
S[4, 35] 1548.014 285551941
C[[3, 1], 1] 1590.925 285594852
S[4, 36] 1787.295 286791403
C[[3, 1], 2] 1832.838 286836947
S[4, 37] 1769.351 287773633
C[[3, 1], 3] 1815.304 287819587
S[4, 38] 1527.154 288531624
C[[3, 1], 4] 1597.184 288601654
S[4, 39] 1524.914 289529564
C[[3, 1], 5] 1804.538 289809188
S[4, 40] 1532.356 290537190
C[[3, 1], 6] 1572.632 290577465
S[4, 41] 1794.315 291799337
C[[3, 1], 7] 1842.13 291847152
S[4, 42] 1685.114 292690319
C[[3, 1], 8] 1685.201 292690405
S[4, 43] 1516.758 293522156
C[[3, 1], 9] 1875.846 293881244
CS[3, 0] 31617.601 11613.917 294617645
S[4, 44] 1764.385 294769969
C[[3, 1], 10] 1825.385 294830970
S[4, 45] 1784.863 295790628
C[[3, 1], 11] 1838.418 295844184
S[4, 46] 1478.209 296484158
C[[3, 1], 12] 1563.474 296569423
S[4, 47] 1518.281 297524417
C[[3, 1], 13] 1831.014 297837149
S[4, 48] 1505.324 298511635
C[[3, 1], 14] 1619.28 298625592
S[4, 49] 1772.349 299778851
C[[3, 1], 15] 1837.172 299843674
S[4, 50] 1799.678 300806358
C[[3, 1], 16] 1848.699 300855379
S[4, 51] 1831.527 301838389
C[[3, 1], 17] 1872.346 301879208
S[4, 52] 1808.374 302815414
C[[3, 1], 18] 1889.163 302896203
S[4, 53] 1319.97 303327192
S[4, 54] 1404.87 304412277
C[[3, 1], 19] 2711.531 304718754
C[[3, 2], 0] 1963.12 304970526
S[4, 55] 1413.608 305421187
S[4, 56] 1509.655 306517417
C[[3, 2], 1] 2697.473 306705052
C[[3, 2], 2] 1840.383 306848146
S[4, 57] 1852.751 307860688
C[[3, 2], 3] 1899.508 307907445
S[4, 58] 1783.552 308791686
C[[3, 2], 4] 1873.527 308881661
S[4, 59] 1777.989 309786304
C[[3, 2], 5] 1821.408 309829723
S[5, 0] 951.708 309960197
C[[3, 2], 6] 1835.862 310844351
S[5, 1] 1582.048 311590717
C[[3, 2], 7] 1876.472 311885141
SS4 63417.902 3406.865 312415355
S[5, 2] 1474.045 312482898
S[5, 3] 1560.752 313569792
CS[3, 1] 30919.462 10915.783 313923190
C[[3, 2], 8] 3005.721 314014575
C[[3, 2], 9] 2005.534 314014575
S[5, 4] 1803.174 314812402
C[[4, 0], 0] 1803.262 314812490
S[5, 5] 1779.707 315789124
C[[4, 0], 1] 1837.587 315847004
S[5, 6] 1499.988 316509588
S[5, 7] 1525.119 317534892
C[[4, 0], 3] 1946.167 317955939
C[[4, 0], 2] 2946.339 317955939
S[5, 8] 1759.335 318769302
C[[4, 0], 4] 1833.443 318843409
S[5, 9] 1800.644 319810800
C[[4, 0], 5] 1877.034 319887190
S[5, 10] 1771.589 320781923
C[[4, 0], 6] 1899.926 320910260
CS[3, 2] 18799.785 8797.964 321807191
C[[4, 0], 7] 1913.163 321923686
S[5, 11] 1913.218 321923741
S[5, 12] 1536.937 322547650
S[5, 13] 1522.253 323533144
C[[4, 0], 9] 1928.73 323939621
C[[4, 0], 8] 2928.907 323939621
S[5, 14] 1533.169 324544237
C[[4, 0], 10] 2720.539 325731606
S[5, 15] 1784.839 325796101
C[[4, 0], 11] 1872.628 325883890
S[5, 16] 1546.331 326557775
S[5, 17] 1502.962 327514585
C[[4, 0], 12] 2825.381 327836826
C[[4, 0], 13] 1825.203 327836826
S[5, 18] 1510.781 328522588
S[5, 19] 1770.24 329782231
C[[4, 0], 14] 2852.43 329864236
C[[4, 0], 15] 1852.245 329864236
S[5, 20] 1510.659 330522841
C[[4, 0], 16] 1635.145 330647327
S[5, 21] 1493.75 331506116
C[[4, 0], 17] 1836.26 331848626
S[5, 22] 1721.559 332734115
C[[4, 0], 18] 1829.404 332841959
S[5, 23] 1475.023 333487758
C[[4, 0], 19] 1755.327 333768061
S[5, 24] 1907.916 334920874
C[[4, 1], 0] 1908.002 334920961
S[5, 25] 1547.942 335561091
C[[4, 1], 1] 1588.707 335601855
S[5, 26] 1494.12 336507446
C[[4, 1], 2] 1817.721 336831048
S[5, 27] 1577.178 337590680
C[[4, 1], 3] 1612.094 337625596
S[5, 28] 1782.246 338795936
C[[4, 1], 4] 1827.318 338841007
S[5, 29] 1505.151 339519022
S[5, 30] 1504.475 340518565
C[[4, 1], 5] 2573.36 340587230
C[[4, 1], 6] 1897.152 340911241
S[5, 31] 1691.163 341705445
C[[4, 1], 7] 2598.906 342613187
C[[4, 1], 8] 1817.105 342831576
S[5, 32] 1817.199 342831671
S[5, 33] 1503.512 343518157
C[[4, 1], 9] 1688.956 343703601
CS[4, 0] 31569.463 11565.732 344578690
S[5, 34] 1651.765 344666587
C[[4, 1], 10] 1842.194 344857016
S[5, 35] 1582.264 345597278
C[[4, 1], 11] 1672.211 345687226
S[5, 36] 1759.806 346775005
C[[4, 1], 12] 1862.622 346877821
S[5, 37] 1491.816 347507201
S[5, 38] 1501.033 348516597
C[[4, 1], 13] 2691.667 348707052
C[[4, 1], 14] 1821.938 348837503
S[5, 39] 1509.936 349525681
C[[4, 1], 15] 2698.866 350714612
S[5, 40] 1764.702 350780628
C[[4, 1], 16] 1813.134 350829060
S[5, 41] 1497.627 351513734
S[5, 42] 1513.662 352529941
C[[4, 1], 17] 2732.203 352748310
C[[4, 1], 18] 1862.561 352878839
S[5, 43] 1335.825 353352282
S[5, 44] 1818.099 354834742
C[[4, 1], 19] 2818.368 354834826
C[[4, 2], 0] 1868.042 354884684
S[5, 45] 1493.654 355510487
S[5, 46] 1523.108 356540126
C[[4, 2], 2] 1802.977 356819996
C[[4, 2], 1] 2803.163 356819996
S[5, 47] 1505.363 357522570
C[[4, 2], 3] 2752.659 358769866
S[5, 48] 1827.883 358845277
C[[4, 2], 4] 1930.63 358948024
S[5, 49] 1570.012 359587581
S[5, 50] 1520.126 360537894
C[[4, 2], 5] 2721.119 360738689
C[[4, 2], 6] 1860.607 360878375
S[5, 51] 1882.288 361900238
C[[4, 2], 7] 2156.829 362174780
S[5, 52] 1772.361 362790501
C[[4, 2], 8] 1825.992 362844133
S[5, 53] 1516.635 363534968
CS[4, 1] 31339.294 11335.61 364352252
S[5, 54] 1524.538 364543051
C[[4, 2], 9] 2814.784 364833117
C[[4, 2], 10] 1814.604 364833117
S[5, 55] 1783.615 365802306
C[[4, 2], 11] 1878.856 365897547
S[5, 56] 1776.993 366795872
C[[4, 2], 12] 1863.326 366882205
S[5, 57] 1585.804 367604864
S[5, 58] 1523.962 368543207
C[[4, 2], 13] 2734.735 368753794
C[[4, 2], 14] 1836.951 368856197
S[5, 59] 1546.55 369565975
S[6, 0] 721.853 369741462
C[[4, 2], 15] 2783.13 370802554
C[[4, 2], 16] 1910.084 370929694
SS5 62571.525 2560.405 371580015
S[6, 1] 1775.952 371795761
C[[4, 2], 17] 1859.837 371879646
S[6, 2] 1303.068 372323058
S[6, 3] 1519.378 373539570
C[[5, 0], 0] 1976.982 373997173
C[[4, 2], 18] 2977.183 373997173
S[6, 4] 1814.156 374834527
C[[5, 0], 1] 1864.775 374885146
S[6, 5] 1799.454 375820003
S[6, 6] 1763.75 376784482
C[[5, 0], 2] 2831.517 376852067
S[6, 7] 881.837 376902775
C[[5, 0], 3] 2720.796 377741529
S[6, 8] 1609.757 378630878
C[[5, 0], 4] 2674.44 378695379
C[[5, 0], 5] 1831.924 378853046
S[6, 9] 1502.131 379523440
C[[5, 0], 6] 1878.811 379900121
C[[5, 0], 7] 1841.58 380863076
S[6, 10] 1841.634 380863131
S[6, 11] 1754.131 381775811
C[[5, 0], 8] 1843.058 381864738
S[6, 12] 1543.123 382564984
CS[4, 2] 30547.886 11544.337 383564528
S[6, 13] 1627.784 383649825
C[[5, 0], 9] 2739.021 383760882
C[[5, 0], 10] 1850.624 383872666
S[6, 14] 1755.784 384778015
C[[5, 0], 11] 1804.177 384826409
S[6, 15] 1550.852 385573266
S[6, 16] 1517.195 386539791
C[[5, 0], 12] 2729.268 386751683
C[[5, 0], 13] 1811.83 386834425
S[6, 17] 1724.085 387746865
C[[5, 0], 14] 1817.763 387840543
S[6, 18] 1734.007 388756967
C[[5, 0], 15] 1776.344 388799304
S[6, 19] 1532.923 389556066
S[6, 20] 1513.414 390536741
C[[5, 0], 17] 1837.556 390860883
C[[5, 0], 16] 2837.74 390860883
S[6, 21] 1713.485 391736996
C[[5, 0], 18] 1818.444 391841956
S[6, 22] 1305.269 392328970
S[6, 23] 837.768 392861644
C[[5, 0], 19] 2677.168 393700869
C[[5, 1], 0] 1917.816 393941692
S[6, 24] 1419.42 394443462
S[6, 25] 1527.683 395551911
C[[5, 1], 1] 2693.995 395718038
C[[5, 1], 2] 1853.077 395877305
S[6, 26] 1521.281 396545693
C[[5, 1], 3] 2684.007 397708419
S[6, 27] 1769.602 397794190
C[[5, 1], 4] 1821.884 397846471
S[6, 28] 1515.576 398540346
S[6, 29] 1503.355 399528338
C[[5, 1], 5] 2722.19 399746959
C[[5, 1], 6] 1929.016 399953998
S[6, 30] 1754.453 400779624
C[[5, 1], 7] 1808.796 400833967
S[6, 31] 1554.472 401579829
S[6, 32] 1525.09 402550625
C[[5, 1], 8] 2816.099 402841457
C[[5, 1], 9] 1815.921 402841457
CS[5, 0] 31588.955 11585.271 403609147
S[6, 33] 1760.986 403786701
C[[5, 1], 10] 1809.744 403835458
S[6, 34] 1540.458 404566355
S[6, 35] 1508.24 405534317
C[[5, 1], 11] 2697.078 405722976
C[[5, 1], 12] 1841.138 405867215
S[6, 36] 1723.369 406749623
C[[5, 1], 13] 1769.034 406795287
S[6, 37] 1758.041 407784476
C[[5, 1], 14] 1838.632 407865067
S[6, 38] 1516.005 408542627
S[6, 39] 1505.617 409532428
C[[5, 1], 15] 2724.641 409751262
C[[5, 1], 16] 1791.109 409817921
S[6, 40] 1509.953 410536951
S[6, 41] 1763.864 411791036
C[[5, 1], 18] 1856.689 411883861
C[[5, 1], 17] 2856.863 411883861
S[6, 42] 1494.157 412521514
C[[5, 1], 19] 1801.823 412829180
S[6, 43] 1800.379 413827924
C[[5, 2], 0] 1974.313 414001858
S[6, 44] 1503.799 414531524
S[6, 45] 1501.425 415529336
C[[5, 2], 1] 2712.659 415740384
C[[5, 2], 2] 1794.748 415822658
S[6, 46] 1777.385 416805480
C[[5, 2], 3] 1841.802 416869897
S[6, 47] 1765.678 417793961
C[[5, 2], 4] 1820.722 417849004
S[6, 48] 1505.765 418534231
S[6, 49] 1514.385 419543034
C[[5, 2], 5] 2736.862 419765328
C[[5, 2], 6] 1866.175 419894824
S[6, 50] 1787.139 420815967
C[[5, 2], 7] 2009.593 421038421
S[6, 51] 1747.164 421776177
S[6, 52] 1450.799 422479991
C[[5, 2], 8] 2814.399 422843411
C[[5, 2], 9] 1868.781 422897973
CS[5, 1] 31745.943 11742.274 423769818
S[6, 53] 1862.126 423891508
C[[5, 2], 10] 1862.175 423891557
S[6, 54] 1541.695 424571260
S[6, 55] 1515.632 425552599
C[[5, 2], 11] 2888.32 425917885
C[[5, 2], 12] 1880.919 425917885
S[6, 56] 1792.118 426829263
C[[5, 2], 13] 1837.651 426874797
S[6, 57] 1779.614 427816941
C[[5, 2], 14] 1830.4 427867727
S[6, 58] 1759.082 428796594
C[[5, 2], 15] 1850.521 428888032
S[6, 59] 1443.573 429481267
C[[5, 2], 16] 1666.077 429703770
S[7, 0] 721.441 429759326
C[[5, 2], 17] 1918.039 430955924
SS6 62816.586 2798.311 431836195
S[7, 1] 1885.438 431923513
C[[5, 2], 18] 1885.521 431923597
S[7, 2] 1342.379 432380639
S[7, 3] 1440.994 433485166
C[[5, 2], 19] 2749.652 433787912
C[[6, 0], 0] 1945.454 433989626
S[7, 4] 1768.301 434812659
C[[6, 0], 1] 1850.981 434895339
S[7, 5] 1473.851 435518394
S[7, 6] 1520.962 436565696
C[[6, 0], 2] 2698.435 436742977
C[[6, 0], 3] 1830.111 436874845
S[7, 7] 1730.913 437775865
C[[6, 0], 4] 1837.649 437882600
S[7, 8] 1807.446 438852574
C[[6, 0], 5] 1861.222 438906350
S[7, 9] 1754.797 439800119
C[[6, 0], 6] 1809.102 439854424
S[7, 10] 1737.126 440782628
C[[6, 0], 7] 1830.805 440876307
S[7, 11] 1442.929 441488611
S[7, 12] 1513.786 442559658
C[[6, 0], 8] 2751.75 442797431
C[[6, 0], 9] 1827.305 442873176
CS[5, 3] 11548.389 11548.389 443592560
CS[5, 2] 31565.016 11548.389 443592560
S[7, 13] 1772.608 443818664
C[[6, 0], 10] 1848.133 443894189
S[7, 14] 1765.595 444811837
C[[6, 0], 11] 1837.238 444883479
S[7, 15] 1736.831 445783262
S[7, 16] 1440.27 446486879
C[[6, 0], 13] 1840.552 446887162
C[[6, 0], 12] 2840.73 446887162
S[7, 17] 1432.937 447479727
S[7, 18] 1497.645 448544631
C[[6, 0], 14] 2683.035 448729826
C[[6, 0], 15] 1857.403 448904389
S[7, 19] 1750.26 449797429
C[[6, 0], 16] 1823.116 449870285
S[7, 20] 1720.623 450767976
C[[6, 0], 17] 1791.17 450838523
S[7, 21] 1530.983 451578528
S[7, 22] 1518.387 452566110
C[[6, 0], 18] 2737.436 452784981
C[[6, 0], 19] 1843.307 452891031
S[7, 23] 1793.753 453841653
C[[6, 1], 0] 1855.583 453903482
S[7, 24] 1783.375 454831477
C[[6, 1], 1] 1834.457 454882559
S[7, 25] 1780.977 455829264
C[[6, 1], 2] 1836.672 455884959
S[7, 26] 1428.652 456477118
C[[6, 1], 3] 1810.126 456858592
S[7, 27] 1443.628 457492298
C[[6, 1], 4] 1808.971 457857641
S[7, 28] 1510.24 458559095
C[[6, 1], 5] 1833.753 458882609
S[7, 29] 1770.179 459819212
C[[6, 1], 6] 1868.261 459917293
S[7, 30] 1741.179 460790398
C[[6, 1], 7] 1838.007 460887225
S[7, 31] 1743.669 461793074
C[[6, 1], 8] 1854.658 461904064
S[7, 32] 1743.755 462793347
C[[6, 1], 9] 1857.594 462907186
S[7, 33] 901.64 462951423
CS[6, 0] 31567.943 11564.215 463612114
S[7, 34] 1514.465 464564429
C[[6, 1], 11] 1813.108 464863072
C[[6, 1], 10] 2813.289 464863072
S[7, 35] 1549.243 465599386
S[7, 36] 1742.525 466792862
C[[6, 1], 12] 2817.518 466867660
C[[6, 1], 13] 1852.119 466902455
S[7, 37] 1527.819 467578341
S[7, 38] 1518.578 468569287
C[[6, 1], 14] 2842.708 468893230
C[[6, 1], 15] 1842.522 468893230
S[7, 39] 1534.847 469585750
C[[6, 1], 16] 2721.343 470772247
S[7, 40] 1776.761 470827845
C[[6, 1], 17] 1851.888 470902972
S[7, 41] 1538.304 471589574
S[7, 42] 1510.164 472561628
C[[6, 1], 18] 2722.478 472773747
C[[6, 1], 19] 1836.886 472888351
S[7, 43] 1550.649 473602292
C[[6, 2], 0] 1898.844 473950488
S[7, 44] 1575.29 474627111
S[7, 45] 1859.986 475911995
C[[6, 2], 2] 1905.218 475957227
C[[6, 2], 1] 2905.406 475957227
S[7, 46] 1560.557 476612739
S[7, 47] 1455.277 477507637
C[[6, 2], 3] 2718.586 477770768
C[[6, 2], 4] 1792.751 477845111
S[7, 48] 1501.191 478553741
C[[6, 2], 5] 1800.161 478852711
S[7, 49] 1755.026 479807760
C[[6, 2], 6] 1912.961 479965694
S[7, 50] 1898.496 480951434
C[[6, 2], 7] 1978.927 481031865
S[7, 51] 1612.679 481665812
S[7, 52] 1492.345 482545659
C[[6, 2], 8] 2758.75 482811884
C[[6, 2], 9] 1851.908 482905223
CS[6, 1] 31640.319 11636.575 483688219
S[7, 53] 1779.941 483833432
C[[6, 2], 10] 1833.988 483887478
S[7, 54] 1779.404 484833081
C[[6, 2], 11] 1855.412 484909089
S[7, 55] 1554.495 485608351
S[7, 56] 1519.025 486573057
C[[6, 2], 13] 1856.159 486910191
C[[6, 2], 12] 2856.335 486910191
S[7, 57] 1585.376 487639589
C[[6, 2], 14] 1673.559 487727771
S[7, 58] 1752.299 488806700
C[[6, 2], 15] 1836.525 488890926
S[7, 59] 1583.789 489638376
C[[6, 2], 16] 1685.883 489740471
S[8, 0] 778.744 489833516
C[[6, 2], 17] 1886.737 490941509
SS7 62773.903 2757.016 491811788
S[8, 1] 1793.04 491847997
C[[6, 2], 18] 1849.251 491904208
S[8, 2] 1503.934 492559070
C[[6, 2], 19] 1822.687 492877822
S[8, 3] 1745.054 493800373
C[[7, 0], 0] 1845.61 493900929
S[8, 4] 1484.352 494539862
C[[7, 0], 1] 1852.462 494907972
S[8, 5] 1863.513 495919207
C[[7, 0], 2] 1904.185 495959879
S[8, 6] 1755.582 496811464
C[[7, 0], 3] 1795.949 496851830
S[8, 7] 1481.796 497537859
C[[7, 0], 4] 1869.347 497925410
S[8, 8] 1565.135 498621384
C[[7, 0], 5] 2708.18 499764430
S[8, 9] 1764.622 499821060
C[[7, 0], 6] 1811.985 499868422
S[8, 10] 1767.408 500824022
C[[7, 0], 7] 1832.902 500889517
S[8, 11] 1759.719 501816535
C[[7, 0], 8] 1802.27 501859087
S[8, 12] 1768.171 502825174
C[[7, 0], 9] 1871.58 502928582
CS[6, 3] 11812.518 11812.518 503867837
CS[6, 2] 31816.193 11812.518 503867837
S[8, 13] 1934.528 503991710
C[[7, 0], 10] 1934.573 503991755
S[8, 14] 1734.157 504791528
C[[7, 0], 11] 1824.069 504881440
S[8, 15] 1425.85 505483399
S[8, 16] 1508.569 506566314
C[[7, 0], 12] 2762.662 506820211
C[[7, 0], 13] 1835.224 506892970
S[8, 17] 1575.878 507633804
S[8, 18] 1813.991 508872105
C[[7, 0], 15] 1852.554 508910668
C[[7, 0], 14] 2852.743 508910668
S[8, 19] 1737.789 509796083
C[[7, 0], 16] 1785.803 509844097
S[8, 20] 1421.445 510479923
S[8, 21] 1506.432 511565103
C[[7, 0], 17] 2687.038 511745516
C[[7, 0], 18] 1789.259 511847931
S[8, 22] 1524.709 512583566
C[[7, 0], 19] 1872.594 512931452
S[8, 23] 1789.821 513848876
C[[7, 1], 0] 1866.26 513925314
S[8, 24] 1838.575 514897825
C[[7, 1], 1] 1886.964 514946213
C[[7, 1], 2] 1774.4 515833839
S[8, 25] 1774.51 515833948
S[8, 26] 1450.253 516509869
S[8, 27] 1522.133 517581932
C[[7, 1], 3] 2788.581 517848196
C[[7, 1], 4] 1853.198 517912999
S[8, 28] 1828.316 518888297
C[[7, 1], 5] 1861.602 518921582
S[8, 29] 1768.983 519829162
C[[7, 1], 6] 1893.46 519953638
S[8, 30] 1859.553 520919918
S[8, 31] 1791.811 521852358
C[[7, 1], 7] 2841.326 521901691
C[[7, 1], 8] 1841.143 521901691
S[8, 32] 1797.221 522857953
C[[7, 1], 9] 1871.582 522932315
CS[7, 0] 31576.327 11572.591 523631645
S[8, 33] 1791.133 523852074
C[[7, 1], 10] 1837.155 523898095
S[8, 34] 1799.929 524861047
C[[7, 1], 11] 1851.986 524913104
S[8, 35] 1773.342 525834650
C[[7, 1], 12] 1820.48 525881789
S[8, 36] 1437.079 526498567
C[[7, 1], 13] 1798.165 526859652
S[8, 37] 1500.939 527562612
C[[7, 1], 14] 1839.723 527901395
S[8, 38] 1582.958 528644816
S[8, 39] 1858.553 529920593
C[[7, 1], 15] 2905.342 529967199
C[[7, 1], 16] 1905.16 529967199
S[8, 40] 1789.85 530852097
C[[7, 1], 17] 1832.476 530894723
S[8, 41] 1718.577 531780961
S[8, 42] 1321.545 532384118
C[[7, 1], 18] 2712.071 532774455
S[8, 43] 1502.648 533565405
C[[7, 1], 19] 2744.065 533806637
C[[7, 2], 0] 1925.369 533988125
S[8, 44] 1496.277 534559217
S[8, 45] 1801.758 535864882
C[[7, 2], 2] 1851.605 535914729
C[[7, 2], 1] 2851.789 535914729
C[[7, 2], 3] 1822.681 536885981
S[8, 46] 1822.785 536886086
S[8, 47] 1792.886 537856371
C[[7, 2], 4] 1849.739 537913223
S[8, 48] 1759.358 538823023
C[[7, 2], 5] 1904.754 538968419
S[8, 49] 1427.414 539491263
S[8, 50] 1631.749 540695796
C[[7, 2], 7] 1825.437 540889484
C[[7, 2], 6] 2825.635 540889484
S[8, 51] 1443.238 541507474
C[[7, 2], 8] 1783.874 541848110
CS[7, 1] 30649.279 10645.577 542708334
S[8, 52] 1730.062 542794478
S[8, 53] 1519.438 543584044
C[[7, 2], 9] 2678.523 543742940
C[[7, 2], 10] 1837.375 543901982
S[8, 54] 1763.112 544827943
C[[7, 2], 11] 1822.507 544887338
S[8, 55] 1732.217 545797233
C[[7, 2], 12] 1799.036 545864052
S[8, 56] 1758.098 546823293
C[[7, 2], 13] 1811.891 546877085
S[8, 57] 1757.69 547823063
C[[7, 2], 14] 1849.092 547914465
S[8, 58] 1773.957 548839524
C[[7, 2], 15] 1810.464 548876031
S[8, 59] 1734.116 549799870
C[[7, 2], 16] 1832.316 549898070
S[9, 0] 883.595 549949530
S[9, 1] 1578.494 551644625
C[[7, 2], 17] 2771.886 551837821
C[[7, 2], 18] 1883.316 551949446
S[9, 2] 1561.7 552628014
SS8 63573.321 3562.157 552628093
S[9, 3] 1557.641 553624143
C[[7, 3], 0] 1831.528 553898030
C[[7, 2], 19] 2831.717 553898030
S[9, 4] 1726.372 554793069
C[[8, 0], 0] 1835.341 554902039
S[9, 5] 1809.665 555876553
C[[8, 0], 1] 1844.607 555911495
S[9, 6] 1866.429 556933502
C[[8, 0], 2] 2826.198 557893271
C[[8, 0], 3] 1826.018 557893271
S[9, 7] 1826.137 557893391
S[9, 8] 1772.025 558839467
C[[8, 0], 4] 1819.96 558887401
S[9, 9] 1774.714 559842362
C[[8, 0], 5] 1816.426 559884074
S[9, 10] 1789.796 560857617
