Logging initialized to console
Connected components on a random graph (100000000 nodes, 75000000 edges)
Aggregator[0]
<<
>>
Centralizer[1]
<<
>>
Consumer[2]
<<
>>
__Input0[5]
<<
>> Select[6] Select[10] Concat[12]
Select[6]
<< __Input0[5]
>> Consolidate[8]
Consolidate[8]
<< Select[6]
>> Where[15] FixedPoint.Ingress[30]
Select[10]
<< __Input0[5]
>> Concat[12]
Concat[12]
<< __Input0[5] Select[10]
>> FixedPoint.Ingress[25]
Where[15]
<< Consolidate[8]
>> FixedPoint.Ingress[18]
Iterate.Advance[17]
<< Consolidate[40]
>> Concat[22]
FixedPoint.Ingress[18]
<< Where[15]
>> PartitionBy[20]
PartitionBy[20]
<< FixedPoint.Ingress[18]
>> Concat[22] Except[37]
Concat[22]
<< Iterate.Advance[17] PartitionBy[20]
>> Join[27]
FixedPoint.Ingress[25]
<< Concat[12]
>> Join[27]
Join[27]
<< Concat[22] FixedPoint.Ingress[25]
>> Concat[32]
FixedPoint.Ingress[30]
<< Consolidate[8]
>> Concat[32]
Concat[32]
<< Join[27] FixedPoint.Ingress[30]
>> Min[35]
Min[35]
<< Concat[32]
>> Except[37] FixedPoint.Egress[43]
Except[37]
<< PartitionBy[20] Min[35]
>> Consolidate[40]
Consolidate[40]
<< Except[37]
>> Iterate.Advance[17]
FixedPoint.Egress[43]
<< Min[35]
>> Count[45]
Count[45]
<< FixedPoint.Egress[43]
>> Consolidate[47]
Consolidate[47]
<< Count[45]
>> Subscribe[49]
Subscribe[49]
<< Consolidate[47]
>>
24 stages
Initialized 406
Time to process: 00:02:24.1682931
[ 2, +3730308 ]
[ 3, +1247732 ]
[ 4, +555739 ]
[ 5, +291385 ]
[ 6, +168355 ]
[ 7, +104686 ]
[ 8, +67650 ]
[ 9, +46161 ]
[ 10, +32520 ]
[ 11, +23107 ]
[ 12, +16862 ]
[ 13, +12741 ]
[ 14, +9629 ]
[ 15, +7383 ]
[ 16, +5674 ]
[ 17, +4435 ]
[ 18, +3549 ]
[ 19, +2805 ]
[ 20, +2263 ]
[ 21, +1846 ]
[ 22, +1463 ]
[ 23, +1228 ]
[ 24, +966 ]
[ 25, +717 ]
[ 26, +600 ]
[ 27, +536 ]
[ 28, +441 ]
[ 29, +367 ]
[ 30, +368 ]
[ 31, +291 ]
[ 32, +213 ]
[ 33, +197 ]
[ 34, +149 ]
[ 35, +141 ]
[ 36, +109 ]
[ 37, +110 ]
[ 38, +80 ]
[ 39, +70 ]
[ 40, +52 ]
[ 41, +47 ]
[ 42, +48 ]
[ 43, +35 ]
[ 44, +34 ]
[ 45, +31 ]
[ 46, +25 ]
[ 47, +22 ]
[ 48, +17 ]
[ 49, +12 ]
[ 50, +18 ]
[ 51, +20 ]
[ 52, +8 ]
[ 53, +9 ]
[ 54, +6 ]
[ 55, +10 ]
[ 56, +3 ]
[ 57, +7 ]
[ 58, +2 ]
[ 59, +3 ]
[ 60, +4 ]
[ 61, +2 ]
[ 62, +2 ]
[ 63, +3 ]
[ 64, +1 ]
[ 65, +3 ]
[ 66, +1 ]
[ 67, +2 ]
[ 68, +1 ]
[ 69, +1 ]
[ 70, +1 ]
[ 72, +2 ]
[ 73, +1 ]
[ 80, +1 ]
[ 81, +3 ]
[ 58291618, +1 ]
Time to process: 00:02:38.2148800
[ 2, -22 ]
[ 3, -16 ]
[ 4, -4 ]
[ 5, -6 ]
[ 6, +3 ]
[ 7, +6 ]
[ 8, +6 ]
[ 9, +5 ]
[ 10, -4 ]
[ 11, +2 ]
[ 12, +4 ]
[ 13, -4 ]
[ 14, -4 ]
[ 15, +3 ]
[ 16, -1 ]
[ 17, -1 ]
[ 18, +1 ]
[ 19, -2 ]
[ 20, +3 ]
[ 22, +1 ]
[ 23, +1 ]
[ 26, +1 ]
[ 27, +1 ]
[ 29, -1 ]
[ 31, -1 ]
[ 36, +1 ]
[ 41, -1 ]
[ 44, -1 ]
[ 48, +1 ]
[ 51, -1 ]
[ 58291618, -1 ]
[ 58291619, +1 ]
Time to process: 00:03:09.5776092
[ 2, +1 ]
[ 3, +23 ]
[ 4, -1 ]
[ 5, -10 ]
[ 6, -6 ]
[ 7, +11 ]
[ 8, +2 ]
[ 9, -6 ]
[ 10, +2 ]
[ 11, +2 ]
[ 12, +1 ]
[ 13, +1 ]
[ 15, -3 ]
[ 16, +1 ]
[ 17, -2 ]
[ 18, -2 ]
[ 19, +2 ]
[ 20, +1 ]
[ 21, +2 ]
[ 22, -2 ]
[ 23, -1 ]
[ 31, -1 ]
[ 58291618, +1 ]
[ 58291619, -1 ]
Time to process: 00:03:34.9574167
[ 2, +22 ]
[ 3, -6 ]
[ 4, -7 ]
[ 5, +6 ]
[ 6, -4 ]
[ 7, +1 ]
[ 8, -2 ]
[ 10, +1 ]
[ 11, +5 ]
[ 12, +5 ]
[ 13, -2 ]
[ 14, -1 ]
[ 15, -2 ]
[ 16, +2 ]
[ 17, -2 ]
[ 18, -1 ]
[ 19, +1 ]
[ 20, -1 ]
[ 23, +1 ]
[ 24, +3 ]
[ 25, +2 ]
[ 26, +1 ]
[ 28, -1 ]
[ 29, -1 ]
[ 34, +2 ]
[ 35, -2 ]
[ 36, +1 ]
[ 58291476, +1 ]
[ 58291618, -1 ]
Time to process: 00:03:54.2732577
[ 2, -36 ]
[ 3, +25 ]
[ 4, -2 ]
[ 5, -4 ]
[ 6, +9 ]
[ 7, +6 ]
[ 8, -4 ]
[ 9, +7 ]
[ 10, -6 ]
[ 11, -4 ]
[ 12, +7 ]
[ 13, -2 ]
[ 14, -3 ]
[ 15, -2 ]
[ 16, +2 ]
[ 17, -2 ]
[ 18, +1 ]
[ 20, -2 ]
[ 21, +1 ]
[ 22, +4 ]
[ 23, -1 ]
[ 24, -1 ]
[ 26, -1 ]
[ 29, -1 ]
[ 31, +1 ]
[ 33, -1 ]
[ 34, +1 ]
[ 36, +1 ]
[ 37, -1 ]
[ 38, -1 ]
[ 39, +1 ]
[ 54, +1 ]
[ 58291423, +1 ]
[ 58291476, -1 ]
Time to process: 00:04:26.3786967
[ 2, -4 ]
[ 3, +22 ]
[ 4, +14 ]
[ 5, +5 ]
[ 6, +5 ]
[ 7, +6 ]
[ 8, +6 ]
[ 9, -1 ]
[ 10, -1 ]
[ 11, -2 ]
[ 12, -7 ]
[ 13, -3 ]
[ 14, -2 ]
[ 15, +1 ]
[ 16, +5 ]
[ 17, -4 ]
[ 18, +4 ]
[ 21, +1 ]
[ 22, -1 ]
[ 23, -2 ]
[ 24, -1 ]
[ 28, +1 ]
[ 30, -1 ]
[ 31, -2 ]
[ 58291423, -1 ]
[ 58291428, +1 ]
Time to process: 00:04:58.3302661
[ 2, +17 ]
[ 3, +1 ]
[ 5, +20 ]
[ 6, -2 ]
[ 7, -6 ]
[ 8, -2 ]
[ 9, -6 ]
[ 11, +4 ]
[ 12, -6 ]
[ 13, +3 ]
[ 14, -2 ]
[ 15, +5 ]
[ 16, -1 ]
[ 17, -6 ]
[ 18, +2 ]
[ 19, +1 ]
[ 20, +1 ]
[ 21, -1 ]
[ 22, -2 ]
[ 26, -1 ]
[ 31, +1 ]
[ 39, -1 ]
[ 58291428, -1 ]
[ 58291530, +1 ]
Time to process: 00:05:44.0908090
[ 2, +30 ]
[ 3, -12 ]
[ 4, -11 ]
[ 5, -6 ]
[ 6, -6 ]
[ 7, -1 ]
[ 8, -5 ]
[ 9, +11 ]
[ 10, +5 ]
[ 11, -3 ]
[ 12, -2 ]
[ 13, -5 ]
[ 14, -2 ]
[ 15, +5 ]
[ 16, +1 ]
[ 17, -1 ]
[ 18, +1 ]
[ 19, +1 ]
[ 20, +1 ]
[ 21, -1 ]
[ 22, -2 ]
[ 23, -4 ]
[ 27, +2 ]
[ 29, -1 ]
[ 37, -1 ]
[ 39, -1 ]
[ 41, +1 ]
[ 45, +1 ]
[ 57, -1 ]
[ 81, -1 ]
[ 58291530, -1 ]
[ 58291787, +1 ]
Time to process: 00:06:07.2847743
[ 2, +17 ]
[ 3, -21 ]
[ 4, +32 ]
[ 5, -17 ]
[ 6, -5 ]
[ 7, -1 ]
[ 8, -7 ]
[ 9, +8 ]
[ 10, -3 ]
[ 11, -2 ]
[ 13, -1 ]
[ 15, +2 ]
[ 16, +2 ]
[ 18, +1 ]
[ 19, +1 ]
[ 20, +2 ]
[ 21, -1 ]
[ 22, -1 ]
[ 23, +2 ]
[ 27, -2 ]
[ 30, +1 ]
[ 31, -1 ]
[ 37, -1 ]
[ 58291787, -1 ]
[ 58291812, +1 ]
Time to process: 00:06:25.7682108
[ 2, -20 ]
[ 4, +5 ]
[ 5, +8 ]
[ 6, +8 ]
[ 7, -6 ]
[ 8, +12 ]
[ 9, +4 ]
[ 10, -2 ]
[ 11, -5 ]
[ 12, -4 ]
[ 13, +2 ]
[ 14, +3 ]
[ 16, +2 ]
[ 20, -1 ]
[ 22, +2 ]
[ 23, -4 ]
[ 24, +1 ]
[ 26, +1 ]
[ 29, +1 ]
[ 31, -1 ]
[ 33, +1 ]
[ 34, -1 ]
[ 35, -1 ]
[ 58291717, +1 ]
[ 58291812, -1 ]
Time to process: 00:06:49.3522548
[ 2, -21 ]
[ 3, -26 ]
[ 4, +26 ]
[ 5, -2 ]
[ 6, +3 ]
[ 7, +7 ]
[ 8, +16 ]
[ 9, +2 ]
[ 10, -11 ]
[ 11, +3 ]
[ 12, -5 ]
[ 13, -1 ]
[ 14, -5 ]
[ 15, +2 ]
[ 16, +2 ]
[ 17, +1 ]
[ 18, +3 ]
[ 19, -2 ]
[ 24, -1 ]
[ 25, +1 ]
[ 26, +2 ]
[ 27, -1 ]
[ 28, -1 ]
[ 30, +1 ]
[ 42, +1 ]
[ 44, -1 ]
[ 65, -1 ]
[ 58291663, +1 ]
[ 58291717, -1 ]
Time to process: 00:07:09.3311219
[ 2, +12 ]
[ 3, +7 ]
[ 4, +1 ]
[ 5, -3 ]
[ 6, -2 ]
[ 7, +4 ]
[ 8, +1 ]
[ 9, -2 ]
[ 10, +1 ]
[ 11, -2 ]
[ 12, -2 ]
[ 14, -1 ]
[ 15, -2 ]
[ 18, +1 ]
[ 19, -1 ]
[ 20, +5 ]
[ 21, +2 ]
[ 22, +1 ]
[ 23, -1 ]
[ 24, +1 ]
[ 25, +1 ]
[ 27, -1 ]
[ 29, -1 ]
[ 31, +1 ]
[ 33, -1 ]
[ 37, +1 ]
[ 39, +1 ]
[ 58291516, +1 ]
[ 58291663, -1 ]
Time to process: 00:07:50.3006863
[ 2, -11 ]
[ 3, -6 ]
[ 4, +7 ]
[ 5, +2 ]
[ 6, -6 ]
[ 7, +9 ]
[ 8, +11 ]
[ 9, -9 ]
[ 10, +9 ]
[ 11, -5 ]
[ 12, -4 ]
[ 13, -2 ]
[ 15, +1 ]
[ 16, -2 ]
[ 18, -1 ]
[ 19, +1 ]
[ 20, -3 ]
[ 22, -1 ]
[ 23, +1 ]
[ 24, +1 ]
[ 25, -1 ]
[ 28, +1 ]
[ 30, -1 ]
[ 33, -1 ]
[ 34, +1 ]
[ 35, +1 ]
[ 36, -1 ]
[ 42, +1 ]
[ 61, -1 ]
[ 62, +1 ]
[ 58291516, -1 ]
[ 58291567, +1 ]
Time to process: 00:08:08.1503093
[ 2, +2 ]
[ 3, +9 ]
[ 4, +12 ]
[ 5, -8 ]
[ 6, +5 ]
[ 7, +4 ]
[ 8, +3 ]
[ 9, +1 ]
[ 10, -11 ]
[ 11, -4 ]
[ 12, -3 ]
[ 13, +6 ]
[ 14, +3 ]
[ 16, -3 ]
[ 17, +3 ]
[ 18, -1 ]
[ 19, +5 ]
[ 20, -1 ]
[ 21, -1 ]
[ 22, -1 ]
[ 23, -1 ]
[ 24, +1 ]
[ 25, +1 ]
[ 26, +1 ]
[ 27, -1 ]
[ 29, +1 ]
[ 39, -1 ]
[ 40, +1 ]
[ 58291477, +1 ]
[ 58291567, -1 ]
Time to process: 00:08:27.8158911
[ 2, +6 ]
[ 3, -18 ]
[ 4, +12 ]
[ 5, +2 ]
[ 6, -3 ]
[ 7, +3 ]
[ 8, -3 ]
[ 9, +5 ]
[ 10, -4 ]
[ 11, -1 ]
[ 12, -2 ]
[ 13, +1 ]
[ 14, +4 ]
[ 16, +1 ]
[ 17, -1 ]
[ 19, +1 ]
[ 21, -1 ]
[ 23, +1 ]
[ 26, +1 ]
[ 27, -1 ]
[ 29, -1 ]
[ 30, -1 ]
[ 31, +1 ]
[ 34, -1 ]
[ 35, +1 ]
[ 36, -1 ]
[ 58291477, -1 ]
[ 58291481, +1 ]
Time to process: 00:09:08.5462550
[ 2, +46 ]
[ 3, +6 ]
[ 4, +7 ]
[ 5, -15 ]
[ 7, +11 ]
[ 8, +1 ]
[ 9, +3 ]
[ 10, +1 ]
[ 11, +8 ]
[ 12, -8 ]
[ 13, +1 ]
[ 14, -4 ]
[ 15, +1 ]
[ 16, +1 ]
[ 17, +3 ]
[ 18, +1 ]
[ 19, -3 ]
[ 21, -1 ]
[ 23, -1 ]
[ 24, -1 ]
[ 26, +1 ]
[ 28, -1 ]
[ 29, +1 ]
[ 30, -1 ]
[ 58291419, +1 ]
[ 58291481, -1 ]
Time to process: 00:09:37.3543964
[ 2, -3 ]
[ 3, -22 ]
[ 4, +3 ]
[ 5, +6 ]
[ 6, +10 ]
[ 7, -1 ]
[ 8, -8 ]
[ 9, +2 ]
[ 10, +3 ]
[ 11, -5 ]
[ 12, +2 ]
[ 13, +6 ]
[ 14, -4 ]
[ 17, +1 ]
[ 19, -2 ]
[ 20, +1 ]
[ 21, +1 ]
[ 23, +1 ]
[ 25, -1 ]
[ 26, +2 ]
[ 33, -1 ]
[ 43, -1 ]
[ 45, -1 ]
[ 46, +1 ]
[ 47, +1 ]
[ 58291403, +1 ]
[ 58291419, -1 ]
Time to process: 00:10:01.0134567
[ 2, -14 ]
[ 4, -23 ]
[ 5, +4 ]
[ 6, -1 ]
[ 8, +4 ]
[ 9, -2 ]
[ 10, +6 ]
[ 11, +1 ]
[ 12, +5 ]
[ 13, -4 ]
[ 14, -3 ]
[ 15, +3 ]
[ 16, +2 ]
[ 18, +2 ]
[ 19, -1 ]
[ 20, -1 ]
[ 21, -1 ]
[ 22, +3 ]
[ 23, +3 ]
[ 25, -1 ]
[ 28, -1 ]
[ 29, -1 ]
[ 41, -1 ]
[ 58291386, +1 ]
[ 58291403, -1 ]
Time to process: 00:10:20.5817837
[ 2, -8 ]
[ 3, +1 ]
[ 4, -25 ]
[ 5, +3 ]
[ 6, -10 ]
[ 7, +3 ]
[ 8, +15 ]
[ 9, +2 ]
[ 11, +4 ]
[ 12, -6 ]
[ 13, +6 ]
[ 14, -2 ]
[ 16, +1 ]
[ 17, +1 ]
[ 18, +1 ]
[ 19, +1 ]
[ 20, +1 ]
[ 23, -1 ]
[ 24, +1 ]
[ 26, +1 ]
[ 30, -1 ]
[ 32, +1 ]
[ 33, -1 ]
[ 38, +1 ]
[ 40, -1 ]
[ 58291283, +1 ]
[ 58291386, -1 ]
Time to process: 00:11:02.4436606
[ 2, +35 ]
[ 3, -1 ]
[ 4, +11 ]
[ 5, +5 ]
[ 6, -3 ]
[ 7, -1 ]
[ 8, -6 ]
[ 9, +7 ]
[ 10, -1 ]
[ 11, -2 ]
[ 12, +3 ]
[ 13, -5 ]
[ 14, +1 ]
[ 15, +2 ]
[ 16, +2 ]
[ 17, -1 ]
[ 18, +1 ]
[ 19, -1 ]
[ 21, +1 ]
[ 24, -1 ]
[ 25, +1 ]
[ 26, -1 ]
[ 27, -1 ]
[ 28, +1 ]
[ 38, +1 ]
[ 45, -1 ]
[ 52, +1 ]
[ 53, -1 ]
[ 58291205, +1 ]
[ 58291283, -1 ]
Time to process: 00:11:20.3501759
[ 2, +20 ]
[ 4, +12 ]
[ 5, -14 ]
[ 6, -5 ]
[ 7, +13 ]
[ 8, -2 ]
[ 9, +3 ]
[ 10, +1 ]
[ 12, -6 ]
[ 13, +1 ]
[ 14, -1 ]
[ 16, -2 ]
[ 17, -6 ]
[ 18, -1 ]
[ 19, +2 ]
[ 20, -1 ]
[ 22, -1 ]
[ 23, +2 ]
[ 25, -1 ]
[ 28, +1 ]
[ 29, +1 ]
[ 31, +2 ]
[ 40, +1 ]
[ 58291139, +1 ]
[ 58291205, -1 ]
Time to process: 00:11:38.7144292
[ 2, +37 ]
[ 3, -11 ]
[ 4, +13 ]
[ 5, +10 ]
[ 6, -5 ]
[ 7, +1 ]
[ 8, -19 ]
[ 9, -3 ]
[ 10, -5 ]
[ 12, +3 ]
[ 13, -5 ]
[ 14, +1 ]
[ 15, +3 ]
[ 16, +5 ]
[ 17, -1 ]
[ 18, +2 ]
[ 19, -1 ]
[ 20, +3 ]
[ 22, -1 ]
[ 25, +1 ]
[ 26, -2 ]
[ 28, -1 ]
[ 29, +1 ]
[ 30, +1 ]
[ 31, -1 ]
[ 34, +1 ]
[ 36, -1 ]
[ 38, -2 ]
[ 42, -1 ]
[ 44, +1 ]
[ 58291139, -1 ]
[ 58291185, +1 ]
Time to process: 00:12:04.6998327
[ 2, +29 ]
[ 3, -7 ]
[ 4, +11 ]
[ 5, +7 ]
[ 6, -6 ]
[ 7, -14 ]
[ 8, +10 ]
[ 9, -3 ]
[ 10, -10 ]
[ 11, +3 ]
[ 12, -2 ]
[ 13, -1 ]
[ 14, -1 ]
[ 15, -2 ]
[ 16, +1 ]
[ 17, -1 ]
[ 18, +2 ]
[ 19, +3 ]
[ 20, +4 ]
[ 21, -1 ]
[ 22, -1 ]
[ 24, -1 ]
[ 25, +2 ]
[ 26, -2 ]
[ 28, -2 ]
[ 30, -1 ]
[ 31, -1 ]
[ 32, +2 ]
[ 35, +1 ]
[ 37, -1 ]
[ 58291185, -1 ]
[ 58291263, +1 ]
Time to process: 00:12:49.8729102
[ 2, +7 ]
[ 3, -2 ]
[ 4, -2 ]
[ 5, +14 ]
[ 6, +12 ]
[ 7, +5 ]
[ 8, -6 ]
[ 9, -2 ]
[ 10, -3 ]
[ 11, +2 ]
[ 12, +6 ]
[ 13, -5 ]
[ 14, -2 ]
[ 15, -2 ]
[ 16, +1 ]
[ 17, +1 ]
[ 18, +4 ]
[ 19, -1 ]
[ 21, -1 ]
[ 22, +2 ]
[ 23, -2 ]
[ 25, +2 ]
[ 29, +1 ]
[ 31, -2 ]
[ 33, +1 ]
[ 34, -1 ]
[ 35, +1 ]
[ 58291096, +1 ]
[ 58291263, -1 ]
Time to process: 00:13:12.4712267
[ 2, +5 ]
[ 3, -12 ]
[ 4, -4 ]
[ 5, -3 ]
[ 6, +2 ]
[ 7, -7 ]
[ 8, +1 ]
[ 9, -4 ]
[ 10, +3 ]
[ 11, -1 ]
[ 12, +1 ]
[ 13, +2 ]
[ 15, -2 ]
[ 16, +1 ]
[ 18, +1 ]
[ 20, +2 ]
[ 21, -1 ]
[ 22, +3 ]
[ 23, +1 ]
[ 24, -2 ]
[ 29, +1 ]
[ 30, +1 ]
[ 31, -2 ]
[ 32, +1 ]
[ 36, -2 ]
[ 38, +1 ]
[ 40, -1 ]
[ 41, -1 ]
[ 42, -1 ]
[ 46, +1 ]
[ 58291096, -1 ]
[ 58291181, +1 ]
Time to process: 00:13:30.8430317
[ 2, +7 ]
[ 3, +6 ]
[ 4, +8 ]
[ 6, -3 ]
[ 7, -2 ]
[ 8, -1 ]
[ 9, +8 ]
[ 10, -1 ]
[ 11, +5 ]
[ 12, -7 ]
[ 13, -1 ]
[ 14, -2 ]
[ 16, +1 ]
[ 17, -3 ]
[ 18, +1 ]
[ 19, -1 ]
[ 21, +1 ]
[ 22, -1 ]
[ 23, -2 ]
[ 24, -1 ]
[ 25, +1 ]
[ 26, +1 ]
[ 27, +1 ]
[ 28, -1 ]
[ 29, +3 ]
[ 31, -1 ]
[ 33, -3 ]
[ 36, +2 ]
[ 38, +1 ]
[ 39, -1 ]
[ 45, -1 ]
[ 46, +1 ]
[ 48, -1 ]
[ 51, +1 ]
[ 58291181, -1 ]
[ 58291197, +1 ]
Time to process: 00:14:10.4109136
[ 2, +10 ]
[ 3, +19 ]
[ 4, -17 ]
[ 5, -13 ]
[ 6, +9 ]
[ 7, +8 ]
[ 9, -5 ]
[ 10, +2 ]
[ 11, +3 ]
[ 12, +1 ]
[ 13, +4 ]
[ 14, -2 ]
[ 15, +1 ]
[ 16, -1 ]
[ 18, +2 ]
[ 20, +1 ]
[ 21, +1 ]
[ 22, -1 ]
[ 24, +3 ]
[ 27, +1 ]
[ 29, -1 ]
[ 33, +1 ]
[ 34, +1 ]
[ 36, -1 ]
[ 58290964, +1 ]
[ 58291197, -1 ]
Time to process: 00:14:30.0471269
[ 2, +7 ]
[ 3, +6 ]
[ 4, -11 ]
[ 5, +10 ]
[ 6, -9 ]
[ 7, +8 ]
[ 8, -4 ]
[ 9, -4 ]
[ 10, +1 ]
[ 11, +2 ]
[ 12, -3 ]
[ 13, +3 ]
[ 14, -5 ]
[ 15, -2 ]
[ 16, -1 ]
[ 18, +1 ]
[ 19, +1 ]
[ 21, -1 ]
[ 23, -1 ]
[ 24, +1 ]
[ 25, +1 ]
[ 26, -1 ]
[ 27, -1 ]
[ 28, +1 ]
[ 29, -1 ]
[ 30, +1 ]
[ 31, +1 ]
[ 32, -1 ]
[ 58290964, -1 ]
[ 58291055, +1 ]
Time to process: 00:14:53.5248351
[ 3, -11 ]
[ 4, +9 ]
[ 5, +11 ]
[ 6, -6 ]
[ 7, +7 ]
[ 8, -9 ]
[ 9, +1 ]
[ 10, -8 ]
[ 11, +1 ]
[ 12, -5 ]
[ 13, +6 ]
[ 14, +1 ]
[ 15, -1 ]
[ 16, +2 ]
[ 17, -1 ]
[ 18, -2 ]
[ 19, +4 ]
[ 20, -5 ]
[ 21, -2 ]
[ 22, +2 ]
[ 23, +2 ]
[ 24, +1 ]
[ 25, -1 ]
[ 31, -1 ]
[ 32, -2 ]
[ 34, +1 ]
[ 58291055, -1 ]
[ 58291131, +1 ]
Time to process: 00:15:11.9182822
[ 2, +10 ]
[ 3, -26 ]
[ 4, -9 ]
[ 6, +9 ]
[ 7, +2 ]
[ 9, +4 ]
[ 10, +4 ]
[ 11, +3 ]
[ 12, -4 ]
[ 13, +1 ]
[ 14, +3 ]
[ 16, +1 ]
[ 17, +1 ]
[ 19, -3 ]
[ 20, -2 ]
[ 21, +3 ]
[ 22, -2 ]
[ 23, -1 ]
[ 25, +1 ]
[ 26, +1 ]
[ 27, -2 ]
[ 28, +1 ]
[ 31, +1 ]
[ 33, -1 ]
[ 34, +1 ]
[ 41, -1 ]
[ 58291089, +1 ]
[ 58291131, -1 ]
Time to process: 00:15:38.0251859
[ 2, -33 ]
[ 3, +14 ]
[ 4, -8 ]
[ 5, +10 ]
[ 6, +22 ]
[ 7, -14 ]
[ 8, +5 ]
[ 9, -14 ]
[ 10, -7 ]
[ 11, +2 ]
[ 12, -6 ]
[ 13, +1 ]
[ 14, -3 ]
[ 15, +4 ]
[ 16, +1 ]
[ 17, -2 ]
[ 18, +2 ]
[ 19, -1 ]
[ 20, +5 ]
[ 21, -3 ]
[ 22, -1 ]
[ 23, -2 ]
[ 25, +1 ]
[ 26, +1 ]
[ 27, +2 ]
[ 30, -1 ]
[ 36, -1 ]
[ 58291089, -1 ]
[ 58291220, +1 ]
Time to process: 00:16:18.3796902
[ 2, +21 ]
[ 3, +2 ]
[ 4, -20 ]
[ 5, +3 ]
[ 6, +5 ]
[ 7, -6 ]
[ 8, -2 ]
[ 9, +1 ]
[ 11, -5 ]
[ 12, +6 ]
[ 13, -2 ]
[ 14, +4 ]
[ 15, +5 ]
[ 16, +1 ]
[ 17, -5 ]
[ 18, +3 ]
[ 19, -1 ]
[ 26, +2 ]
[ 27, -2 ]
[ 31, -1 ]
[ 36, +1 ]
[ 58291161, +1 ]
[ 58291220, -1 ]
Time to process: 00:16:36.5512233
[ 2, +32 ]
[ 3, +6 ]
[ 4, +22 ]
[ 5, -11 ]
[ 6, +11 ]
[ 7, -18 ]
[ 9, -7 ]
[ 10, +1 ]
[ 11, -4 ]
[ 13, +1 ]
[ 14, -2 ]
[ 15, -5 ]
[ 16, -2 ]
[ 17, +2 ]
[ 18, -1 ]
[ 21, -1 ]
[ 22, +1 ]
[ 23, +2 ]
[ 24, -1 ]
[ 25, -1 ]
[ 27, +1 ]
[ 31, +1 ]
[ 36, -1 ]
[ 38, +1 ]
[ 40, +1 ]
[ 58291161, -1 ]
[ 58291236, +1 ]
Time to process: 00:16:49.2347023
[ 2, +9 ]
[ 3, +20 ]
[ 4, -7 ]
[ 5, +10 ]
[ 6, +1 ]
[ 7, -8 ]
[ 8, -5 ]
[ 9, -2 ]
[ 12, -3 ]
[ 13, +1 ]
[ 14, -2 ]
[ 15, -5 ]
[ 16, +4 ]
[ 17, -4 ]
[ 18, +1 ]
[ 19, +1 ]
[ 20, +1 ]
[ 21, +3 ]
[ 22, +1 ]
[ 23, -1 ]
[ 24, -2 ]
[ 25, -1 ]
[ 28, +1 ]
[ 31, +1 ]
[ 32, -1 ]
[ 33, -1 ]
[ 34, +1 ]
[ 35, +1 ]
[ 39, -1 ]
[ 40, +1 ]
[ 58291236, -1 ]
[ 58291283, +1 ]
Time to process: 00:17:27.3534044
[ 2, +26 ]
[ 3, +4 ]
[ 4, +3 ]
[ 5, +6 ]
[ 6, -5 ]
[ 7, -1 ]
[ 8, -2 ]
[ 9, +7 ]
[ 10, +4 ]
[ 11, -10 ]
[ 12, -8 ]
[ 13, +2 ]
[ 15, -4 ]
[ 16, -2 ]
[ 18, -1 ]
[ 19, -2 ]
[ 20, +4 ]
[ 21, +1 ]
[ 23, +1 ]
[ 24, -3 ]
[ 25, -1 ]
[ 27, +2 ]
[ 28, -1 ]
[ 31, +1 ]
[ 58291283, -1 ]
[ 58291356, +1 ]
Time to process: 00:17:46.5697265
[ 2, -7 ]
[ 3, -6 ]
[ 4, +15 ]
[ 5, -2 ]
[ 6, +1 ]
[ 7, +3 ]
[ 8, +2 ]
[ 9, -3 ]
[ 10, +2 ]
[ 11, -5 ]
[ 12, +5 ]
[ 13, -7 ]
[ 14, -5 ]
[ 16, +3 ]
[ 17, -2 ]
[ 18, -4 ]
[ 19, -1 ]
[ 20, -1 ]
[ 21, +4 ]
[ 25, -1 ]
[ 28, +1 ]
[ 38, +1 ]
[ 39, -1 ]
[ 44, +1 ]
[ 58291356, -1 ]
[ 58291461, +1 ]
Time to process: 00:18:05.5056738
[ 2, -7 ]
[ 3, +10 ]
[ 4, -23 ]
[ 5, +5 ]
[ 6, +10 ]
[ 7, -8 ]
[ 8, -2 ]
[ 9, -5 ]
[ 10, +10 ]
[ 11, +3 ]
[ 12, -1 ]
[ 13, +4 ]
[ 14, -2 ]
[ 15, -1 ]
[ 16, -3 ]
[ 17, +2 ]
[ 18, +1 ]
[ 19, -2 ]
[ 20, -1 ]
[ 21, -4 ]
[ 23, +1 ]
[ 25, +1 ]
[ 26, +1 ]
[ 27, -1 ]
[ 29, -1 ]
[ 32, +1 ]
[ 58291461, -1 ]
[ 58291554, +1 ]
Time to process: 00:18:23.5128118
[ 2, +25 ]
[ 3, -3 ]
[ 4, +6 ]
[ 5, -18 ]
[ 6, +5 ]
[ 7, -3 ]
[ 8, -5 ]
[ 10, +8 ]
[ 11, -7 ]
[ 13, -4 ]
[ 14, +2 ]
[ 15, +1 ]
[ 16, -2 ]
[ 19, -2 ]
[ 20, -1 ]
[ 21, -4 ]
[ 22, -1 ]
[ 23, +1 ]
[ 28, -2 ]
[ 33, +1 ]
[ 34, -1 ]
[ 38, -1 ]
[ 58291554, -1 ]
[ 58291874, +1 ]
Time to process: 00:18:41.9541788
[ 2, -12 ]
[ 3, +13 ]
[ 4, +9 ]
[ 6, +2 ]
[ 7, +3 ]
[ 9, -2 ]
[ 10, +5 ]
[ 12, -1 ]
[ 13, -5 ]
[ 14, +5 ]
[ 15, -4 ]
[ 16, -2 ]
[ 17, +2 ]
[ 19, -2 ]
[ 20, +1 ]
[ 22, -2 ]
[ 23, +1 ]
[ 24, -1 ]
[ 26, +1 ]
[ 27, +2 ]
[ 28, -1 ]
[ 30, -1 ]
[ 31, -2 ]
[ 32, +1 ]
[ 33, -1 ]
[ 34, +1 ]
[ 37, -1 ]
[ 44, +1 ]
[ 58291869, +1 ]
[ 58291874, -1 ]
Time to process: 00:18:55.2355396
[ 2, +50 ]
[ 3, -29 ]
[ 4, +9 ]
[ 5, -9 ]
[ 6, -7 ]
[ 7, +4 ]
[ 8, -3 ]
[ 9, +2 ]
[ 10, +1 ]
[ 11, +9 ]
[ 12, -1 ]
[ 13, +2 ]
[ 14, +4 ]
[ 15, +4 ]
[ 16, +2 ]
[ 17, -3 ]
[ 18, -3 ]
[ 19, +1 ]
[ 20, -1 ]
[ 21, -1 ]
[ 22, -1 ]
[ 23, -1 ]
[ 24, -1 ]
[ 25, -1 ]
[ 27, -1 ]
[ 28, +2 ]
[ 31, -1 ]
[ 34, -1 ]
[ 42, -1 ]
[ 58291869, -1 ]
[ 58291924, +1 ]
Time to process: 00:19:20.2979236
[ 2, +4 ]
[ 3, -14 ]
[ 4, +30 ]
[ 5, +10 ]
[ 7, -4 ]
[ 8, -2 ]
[ 9, -13 ]
[ 10, -3 ]
[ 11, +2 ]
[ 13, -3 ]
[ 16, +4 ]
[ 17, +4 ]
[ 18, -1 ]
[ 19, +3 ]
[ 21, +1 ]
[ 22, -1 ]
[ 24, -1 ]
[ 27, -1 ]
[ 28, -1 ]
[ 29, +1 ]
[ 30, -2 ]
[ 32, +1 ]
[ 39, -1 ]
[ 42, +1 ]
[ 43, -1 ]
[ 58291924, -1 ]
[ 58291929, +1 ]
Time to process: 00:20:03.3034241
[ 2, +21 ]
[ 3, -12 ]
[ 4, -6 ]
[ 6, -7 ]
[ 7, +7 ]
[ 8, +6 ]
[ 9, -7 ]
[ 10, +2 ]
[ 11, -6 ]
[ 12, +2 ]
[ 13, +4 ]
[ 14, -3 ]
[ 15, +4 ]
[ 17, -4 ]
[ 18, -1 ]
[ 19, -2 ]
[ 20, +3 ]
[ 21, +2 ]
[ 22, -1 ]
[ 24, -1 ]
[ 25, +1 ]
[ 26, -1 ]
[ 29, +1 ]
[ 30, -2 ]
[ 31, +1 ]
[ 34, -1 ]
[ 35, +1 ]
[ 46, -1 ]
[ 58291929, -1 ]
[ 58292025, +1 ]
Time to process: 00:20:32.9610738
[ 2, +4 ]
[ 3, -17 ]
[ 4, +1 ]
[ 5, +7 ]
[ 6, +3 ]
[ 7, -9 ]
[ 8, +3 ]
[ 9, +2 ]
[ 10, +2 ]
[ 11, -4 ]
[ 12, -7 ]
[ 13, +1 ]
[ 14, -6 ]
[ 15, -1 ]
[ 16, -1 ]
[ 17, -4 ]
[ 19, +5 ]
[ 20, -1 ]
[ 23, +1 ]
[ 24, +1 ]
[ 25, +1 ]
[ 26, -1 ]
[ 43, -1 ]
[ 58292025, -1 ]
[ 58292210, +1 ]
Time to process: 00:20:33.7049897
[ 2, -26 ]
[ 3, +16 ]
[ 4, +5 ]
[ 5, -6 ]
[ 6, +8 ]
[ 7, -7 ]
[ 8, +3 ]
[ 9, +4 ]
[ 10, +2 ]
[ 11, -4 ]
[ 12, +7 ]
[ 13, -1 ]
[ 14, -5 ]
[ 15, -2 ]
[ 17, +2 ]
[ 18, -2 ]
[ 19, -1 ]
[ 20, +1 ]
[ 21, +2 ]
[ 23, -1 ]
[ 25, -1 ]
[ 28, +1 ]
[ 29, -2 ]
[ 31, +1 ]
[ 32, -2 ]
[ 34, +2 ]
[ 36, -1 ]
[ 37, -1 ]
[ 40, -1 ]
[ 58292210, -1 ]
[ 58292318, +1 ]
Time to process: 00:20:46.8432358
[ 2, +41 ]
[ 3, -16 ]
[ 4, -7 ]
[ 5, +2 ]
[ 6, +2 ]
[ 7, -6 ]
[ 9, +3 ]
[ 10, -4 ]
[ 11, +10 ]
[ 12, -5 ]
[ 13, +3 ]
[ 14, -6 ]
[ 15, +6 ]
[ 16, +1 ]
[ 17, +1 ]
[ 18, +1 ]
[ 21, -1 ]
[ 22, +1 ]
[ 23, +2 ]
[ 24, -1 ]
[ 26, -1 ]
[ 31, +1 ]
[ 47, +1 ]
[ 48, -1 ]
[ 58292187, +1 ]
[ 58292318, -1 ]
Time to process: 00:21:11.5068461
[ 2, +9 ]
[ 3, +23 ]
[ 4, +26 ]
[ 5, -23 ]
[ 6, -11 ]
[ 7, +7 ]
[ 8, +3 ]
[ 9, +1 ]
[ 10, -6 ]
[ 11, -3 ]
[ 12, +1 ]
[ 13, +4 ]
[ 14, +2 ]
[ 15, +2 ]
[ 16, -6 ]
[ 17, -1 ]
[ 18, -3 ]
[ 19, +1 ]
[ 20, +1 ]
[ 21, -1 ]
[ 22, +1 ]
[ 24, +2 ]
[ 26, -1 ]
[ 33, +1 ]
[ 58292144, +1 ]
[ 58292187, -1 ]
Time to process: 00:21:24.4580848
[ 2, -6 ]
[ 3, -7 ]
[ 4, +13 ]
[ 6, -13 ]
[ 7, -10 ]
[ 8, +7 ]
[ 9, +7 ]
[ 11, -4 ]
[ 12, -3 ]
[ 13, -3 ]
[ 15, +1 ]
[ 16, -2 ]
[ 17, +2 ]
[ 18, -5 ]
[ 19, +1 ]
[ 20, -1 ]
[ 21, +1 ]
[ 22, +1 ]
[ 23, +1 ]
[ 24, +1 ]
[ 25, -1 ]
[ 26, +1 ]
[ 29, +1 ]
[ 31, -1 ]
[ 32, -1 ]
[ 33, +1 ]
[ 58292144, -1 ]
[ 58292248, +1 ]
Time to process: 00:21:49.0622529
[ 3, -14 ]
[ 4, +6 ]
[ 5, +6 ]
[ 6, +4 ]
[ 7, -13 ]
[ 8, -14 ]
[ 9, +5 ]
[ 13, +3 ]
[ 14, -1 ]
[ 15, +4 ]
[ 16, -4 ]
[ 17, -2 ]
[ 18, -2 ]
[ 19, +1 ]
[ 20, -1 ]
[ 21, +1 ]
[ 22, -2 ]
[ 24, +1 ]
[ 27, +1 ]
[ 28, +1 ]
[ 31, -1 ]
[ 40, -1 ]
[ 58292248, -1 ]
[ 58292394, +1 ]
Time to process: 00:22:12.1021149
[ 2, -8 ]
[ 3, +27 ]
[ 4, -12 ]
[ 6, -13 ]
[ 7, -7 ]
[ 8, +13 ]
[ 9, +1 ]
[ 10, +1 ]
[ 11, -3 ]
[ 12, +4 ]
[ 13, -5 ]
[ 14, +1 ]
[ 15, -1 ]
[ 16, -4 ]
[ 17, -1 ]
[ 18, +1 ]
[ 19, -3 ]
[ 20, +1 ]
[ 21, +1 ]
[ 23, -2 ]
[ 24, +2 ]
[ 28, +1 ]
[ 33, -1 ]
[ 39, +1 ]
[ 41, -1 ]
[ 58292394, -1 ]
[ 58292502, +1 ]
Time to process: 00:22:24.8956244
[ 2, -23 ]
[ 3, -7 ]
[ 4, +3 ]
[ 5, +3 ]
[ 6, -3 ]
[ 7, -7 ]
[ 8, +2 ]
[ 9, -2 ]
[ 10, +3 ]
[ 11, +8 ]
[ 12, +4 ]
[ 13, -1 ]
[ 14, +3 ]
[ 15, -3 ]
[ 16, +2 ]
[ 17, -2 ]
[ 18, -1 ]
[ 19, -4 ]
[ 20, +5 ]
[ 21, +1 ]
[ 22, -1 ]
[ 23, -1 ]
[ 25, -1 ]
[ 26, +2 ]
[ 29, +1 ]
[ 30, -1 ]
[ 32, +1 ]
[ 33, -1 ]
[ 34, +1 ]
[ 40, -1 ]
[ 58292467, +1 ]
[ 58292502, -1 ]
Time to process: 00:22:41.6615229
[ 2, +13 ]
[ 3, -1 ]
[ 4, -7 ]
[ 5, +3 ]
[ 6, +4 ]
[ 7, -10 ]
[ 8, -3 ]
[ 9, +13 ]
[ 10, -3 ]
[ 11, +4 ]
[ 12, -2 ]
[ 14, +2 ]
[ 15, +1 ]
[ 16, +1 ]
[ 18, -1 ]
[ 19, -2 ]
[ 20, -5 ]
[ 21, +4 ]
[ 22, -1 ]
[ 23, +1 ]
[ 25, +1 ]
[ 27, -3 ]
[ 29, +1 ]
[ 34, -1 ]
[ 35, +1 ]
[ 37, +1 ]
[ 58292458, +1 ]
[ 58292467, -1 ]
Total time 1361661
Getting empty frontier from updates 
