000.002 WPR 00249164478
000.001 RBE 00249166170
000.002 RBE 00249166246
000.015 AFR 00251827178
000.011 AFR 00252242636
000.005 AFR 00252410997
000.005 WPR 00252424028
000.005 RBE 00252424684
000.019 WPR 00252439458
000.019 RBE 00252440125
000.015 WPR 00252440185
000.011 WPR 00252440337
000.015 RBE 00252440854
000.010 WPR 00252440879
000.012 WPR 00252447499
000.011 RBE 00252447536
000.018 WPR 00252447541
000.010 RBE 00252447543
000.016 WPR 00252447552
000.012 RBE 00252447557
000.020 WPR 00252447569
000.017 WPR 00252447581
000.018 RBE 00252447590
000.008 WPR 00252447605
000.009 WPR 00252447622
000.020 RBE 00252447662
000.008 RBE 00252447678
000.016 RBE 00252447715
000.017 RBE 00252447771
000.009 RBE 00252447830
000.007 WPR 00252447849
000.006 WPR 00252447859
000.014 WPR 00252447878
000.013 WPR 00252447889
000.007 RBE 00252447921
000.006 RBE 00252447963
000.014 RBE 00252448020
000.013 RBE 00252448084
000.023 WPR 00252456568
000.023 RBE 00252456853
000.024 WPR 00252457811
000.022 WPR 00252457836
000.021 WPR 00252458007
000.024 RBE 00252458445
000.022 RBE 00252458534
000.021 RBE 00252458767
000 RTF 252686727
000 REP 0003453 0003454 0047050 0134171 0136472 0137495 0137672 0137914 0137916 0141134 00253106964
000.022 RPR 00253139800
000.023 RPR 00253139976
000.024 RPR 00253140317
000.021 RPR 00253145222
000.004 RPR 00253219934
000.003 RPR 00253223420
000.002 RPR 00253225115
000.005 RPR 00253238690
000.018 RPR 00253242502
000.006 RPR 00253246333
000.016 RPR 00253247482
000.009 RPR 00253247499
000.011 RPR 00253247913
000.017 RPR 00253248108
000.010 RPR 00253250597
000.020 RPR 00253251542
000.007 RPR 00253251933
000.019 RPR 00253252264
000.013 RPR 00253252929
000.008 RPR 00253254077
000.014 RPR 00253254743
000.001 RPR 00253462267
000.015 RPR 00253523319
000.012 RPR 00253526987
