00000000111 00000004976 00000024979 00073082067
00000000111 00000004976 00000024979 00073082067
00000000111 00000004976 00000024979 00073082067
00000000111 00000004976 00000024979 00073082067
00000000111 00000004976 00000024979 00073082067
00000000031 00000005898 00000025901 00073999379
00000000031 00000005898 00000025901 00073999379
00000000031 00000005898 00000025901 00073999379
00000000031 00000005898 00000025901 00073999379
00000000031 00000005898 00000025901 00073999379
00000000027 00000006894 00000026897 00074995003
00000000027 00000006894 00000026897 00074995003
00000000027 00000006894 00000026897 00074995003
00000000027 00000006894 00000026897 00074995003
00000000027 00000006894 00000026897 00074995003
00000000026 00000007893 00000027896 00075994239
00000000026 00000007893 00000027896 00075994239
00000000026 00000007893 00000027896 00075994239
00000000026 00000007893 00000027896 00075994239
00000000026 00000007893 00000027896 00075994239
00000000024 00000008891 00000028894 00076991943
00000000024 00000008891 00000028894 00076991943
00000000024 00000008891 00000028894 00076991943
00000000024 00000008891 00000028894 00076991943
00000000024 00000008891 00000028894 00076991943
00000000032 00000009900 00000029903 00078001213
00000000032 00000009900 00000029903 00078001213
00000000032 00000009900 00000029903 00078001213
00000000032 00000009900 00000029903 00078001213
00000000032 00000009900 00000029903 00078001213
00000000040 00000010908 00000030911 00079008670
00000000040 00000010908 00000030911 00079008670
00000000040 00000010908 00000030911 00079008670
00000000040 00000010908 00000030911 00079008670
00000000040 00000010908 00000030911 00079008670
00000000017 00000011885 00000031888 00079985836
00000000017 00000011885 00000031888 00079985836
00000000017 00000011885 00000031888 00079985836
00000000017 00000011885 00000031888 00079985836
00000000017 00000011885 00000031888 00079985836
00000000026 00000012894 00000012894 00080995034
00000000026 00000012894 00000012894 00080995034
00000000026 00000012894 00000012894 00080995034
00000000026 00000012894 00000012894 00080995034
00000000026 00000012894 00000012894 00080995034
00000000023 00000013891 00000013891 00081991677
00000000023 00000013891 00000013891 00081991677
00000000023 00000013891 00000013891 00081991677
00000000023 00000013891 00000013891 00081991677
00000000023 00000013891 00000013891 00081991677
00000000036 00000014904 00000014904 00083004760
00000000036 00000014904 00000014904 00083004760
00000000036 00000014904 00000014904 00083004760
00000000036 00000014904 00000014904 00083004760
00000000036 00000014904 00000014904 00083004760
00000000035 00000015903 00000015903 00084004136
00000000035 00000015903 00000015903 00084004136
00000000035 00000015903 00000015903 00084004136
00000000035 00000015903 00000015903 00084004136
00000000035 00000015903 00000015903 00084004136
00000000028 00000016896 00000016896 00084997612
00000000028 00000016896 00000016896 00084997612
00000000028 00000016896 00000016896 00084997612
00000000028 00000016896 00000016896 00084997612
00000000028 00000016896 00000016896 00084997612
00000000038 00000017906 00000017906 00086007500
00000000038 00000017906 00000017906 00086007500
00000000038 00000017906 00000017906 00086007500
00000000038 00000017906 00000017906 00086007500
00000000038 00000017906 00000017906 00086007500
00000000024 00000018892 00000018892 00086992841
00000000024 00000018892 00000018892 00086992841
00000000024 00000018892 00000018892 00086992841
00000000024 00000018892 00000018892 00086992841
00000000024 00000018892 00000018892 00086992841
00000000018 00000019887 00000019887 00087988334
00000000018 00000019887 00000019887 00087988334
00000000018 00000019887 00000019887 00087988334
00000000018 00000019887 00000019887 00087988334
00000000018 00000019887 00000019887 00087988334
00000000041 00000020910 00000020910 00089010713
00000000041 00000020910 00000020910 00089010713
00000000041 00000020910 00000020910 00089010713
00000000041 00000020910 00000020910 00089010713
00000000041 00000020910 00000020910 00089010713
00000000028 00000021897 00000021897 00089997813
00000000028 00000021897 00000021897 00089997813
00000000028 00000021897 00000021897 00089997813
00000000028 00000021897 00000021897 00089997813
00000000028 00000021897 00000021897 00089997813
00000000059 00000022928 00000022928 00091029081
00000000059 00000022928 00000022928 00091029081
00000000059 00000022928 00000022928 00091029081
00000000059 00000022928 00000022928 00091029081
00000000059 00000022928 00000022928 00091029081
00000000030 00000023900 00000023900 00092000804
00000000030 00000023900 00000023900 00092000804
00000000030 00000023900 00000023900 00092000804
00000000030 00000023900 00000023900 00092000804
00000000030 00000023900 00000023900 00092000804
00000000015 00000024885 00000024885 00092985856
00000000015 00000024885 00000024885 00092985856
00000000015 00000024885 00000024885 00092985856
00000000015 00000024885 00000024885 00092985856
00000000015 00000024885 00000024885 00092985856
00000000033 00000025903 00000025903 00094004321
00000000033 00000025903 00000025903 00094004321
00000000033 00000025903 00000025903 00094004321
00000000033 00000025903 00000025903 00094004321
00000000033 00000025903 00000025903 00094004321
00000000027 00000026897 00000026897 00094997733
00000000027 00000026897 00000026897 00094997733
00000000027 00000026897 00000026897 00094997733
00000000027 00000026897 00000026897 00094997733
00000000027 00000026897 00000026897 00094997733
00000000025 00000027895 00000027895 00095996178
00000000025 00000027895 00000027895 00095996178
00000000025 00000027895 00000027895 00095996178
00000000025 00000027895 00000027895 00095996178
00000000025 00000027895 00000027895 00095996178
00000000022 00000028893 00000028893 00096994423
00000000022 00000028893 00000028893 00096994423
00000000022 00000028893 00000028893 00096994423
00000000022 00000028893 00000028893 00096994423
00000000022 00000028893 00000028893 00096994423
00000000020 00000029891 00000029891 00097991909
00000000020 00000029891 00000029891 00097991909
00000000020 00000029891 00000029891 00097991909
00000000020 00000029891 00000029891 00097991909
00000000020 00000029891 00000029891 00097991909
00000000036 00000030907 00000030907 00099007986
00000000036 00000030907 00000030907 00099007986
00000000036 00000030907 00000030907 00099007986
00000000036 00000030907 00000030907 00099007986
00000000036 00000030907 00000030907 00099007986
00000000054 00000031925 00000031925 00100026170
00000000054 00000031925 00000031925 00100026170
00000000054 00000031925 00000031925 00100026170
00000000054 00000031925 00000031925 00100026170
00000000054 00000031925 00000031925 00100026170
00000000026 00000032897 00000012892 00100998455
00000000026 00000032897 00000012892 00100998455
00000000026 00000032897 00000012892 00100998455
00000000026 00000032897 00000012892 00100998455
00000000026 00000032897 00000012892 00100998455
00000000028 00000033900 00000013895 00102001507
00000000028 00000033900 00000013895 00102001507
00000000028 00000033900 00000013895 00102001507
00000000028 00000033900 00000013895 00102001507
00000000028 00000033900 00000013895 00102001507
00000000033 00000034905 00000014900 00103006359
00000000033 00000034905 00000014900 00103006359
00000000033 00000034905 00000014900 00103006359
00000000033 00000034905 00000014900 00103006359
00000000033 00000034905 00000014900 00103006359
00000000031 00000035903 00000015898 00104004331
00000000031 00000035903 00000015898 00104004331
00000000031 00000035903 00000015898 00104004331
00000000031 00000035903 00000015898 00104004331
00000000031 00000035903 00000015898 00104004331
00000000034 00000036906 00000016901 00105007278
00000000034 00000036906 00000016901 00105007278
00000000034 00000036906 00000016901 00105007278
00000000034 00000036906 00000016901 00105007278
00000000034 00000036906 00000016901 00105007278
00000000036 00000037908 00000017903 00106009020
00000000036 00000037908 00000017903 00106009020
00000000036 00000037908 00000017903 00106009020
00000000036 00000037908 00000017903 00106009020
00000000036 00000037908 00000017903 00106009020
00000000021 00000038893 00000018888 00106994130
00000000021 00000038893 00000018888 00106994130
00000000021 00000038893 00000018888 00106994130
00000000021 00000038893 00000018888 00106994130
00000000021 00000038893 00000018888 00106994130
00000000030 00000039903 00000019898 00108004144
00000000030 00000039903 00000019898 00108004144
00000000030 00000039903 00000019898 00108004144
00000000030 00000039903 00000019898 00108004144
00000000030 00000039903 00000019898 00108004144
00000000025 00000040898 00000020893 00108999247
00000000025 00000040898 00000020893 00108999247
00000000025 00000040898 00000020893 00108999247
00000000025 00000040898 00000020893 00108999247
00000000025 00000040898 00000020893 00108999247
00000000027 00000041900 00000021895 00110001260
00000000027 00000041900 00000021895 00110001260
00000000027 00000041900 00000021895 00110001260
00000000027 00000041900 00000021895 00110001260
00000000027 00000041900 00000021895 00110001260
00000000015 00000042888 00000022883 00110988707
00000000015 00000042888 00000022883 00110988707
00000000015 00000042888 00000022883 00110988707
00000000015 00000042888 00000022883 00110988707
00000000015 00000042888 00000022883 00110988707
00000000031 00000043904 00000023899 00112005113
00000000031 00000043904 00000023899 00112005113
00000000031 00000043904 00000023899 00112005113
00000000031 00000043904 00000023899 00112005113
00000000031 00000043904 00000023899 00112005113
00000000032 00000044906 00000024901 00113006716
00000000032 00000044906 00000024901 00113006716
00000000032 00000044906 00000024901 00113006716
00000000032 00000044906 00000024901 00113006716
00000000032 00000044906 00000024901 00113006716
00000000024 00000045898 00000025893 00113999153
00000000024 00000045898 00000025893 00113999153
00000000024 00000045898 00000025893 00113999153
00000000024 00000045898 00000025893 00113999153
00000000024 00000045898 00000025893 00113999153
00000000037 00000046911 00000026906 00115012057
00000000037 00000046911 00000026906 00115012057
00000000037 00000046911 00000026906 00115012057
00000000037 00000046911 00000026906 00115012057
00000000037 00000046911 00000026906 00115012057
00000000071 00000047945 00000027940 00116045709
00000000071 00000047945 00000027940 00116045709
00000000071 00000047945 00000027940 00116045709
00000000071 00000047945 00000027940 00116045709
00000000071 00000047945 00000027940 00116045709
00000000032 00000048906 00000028901 00117006869
00000000032 00000048906 00000028901 00117006869
00000000032 00000048906 00000028901 00117006869
00000000032 00000048906 00000028901 00117006869
00000000032 00000048906 00000028901 00117006869
00000000034 00000049908 00000029903 00118009246
00000000034 00000049908 00000029903 00118009246
00000000034 00000049908 00000029903 00118009246
00000000034 00000049908 00000029903 00118009246
00000000034 00000049908 00000029903 00118009246
00000000033 00000050908 00000030903 00119008720
00000000033 00000050908 00000030903 00119008720
00000000033 00000050908 00000030903 00119008720
00000000033 00000050908 00000030903 00119008720
00000000033 00000050908 00000030903 00119008720
00000000173 00000052048 00000032043 00120149481
00000000173 00000052048 00000032043 00120149481
00000000173 00000052048 00000032043 00120149481
00000000173 00000052048 00000032043 00120149481
00000000173 00000052048 00000032043 00120149481
00000000043 00000052918 00000012904 00121019569
00000000043 00000052918 00000012904 00121019569
00000000043 00000052918 00000012904 00121019569
00000000043 00000052918 00000012904 00121019569
00000000043 00000052918 00000012904 00121019569
00000000039 00000053914 00000013900 00122015573
00000000039 00000053914 00000013900 00122015573
00000000039 00000053914 00000013900 00122015573
00000000039 00000053914 00000013900 00122015573
00000000039 00000053914 00000013900 00122015573
00000000020 00000054895 00000014881 00122996060
00000000020 00000054895 00000014881 00122996060
00000000020 00000054895 00000014881 00122996060
00000000020 00000054895 00000014881 00122996060
00000000020 00000054895 00000014881 00122996060
00000000037 00000055913 00000015899 00124014328
00000000037 00000055913 00000015899 00124014328
00000000037 00000055913 00000015899 00124014328
00000000037 00000055913 00000015899 00124014328
00000000037 00000055913 00000015899 00124014328
00000000028 00000056904 00000016890 00125005135
00000000028 00000056904 00000016890 00125005135
00000000028 00000056904 00000016890 00125005135
00000000028 00000056904 00000016890 00125005135
00000000028 00000056904 00000016890 00125005135
00000000038 00000057914 00000017900 00126014734
00000000038 00000057914 00000017900 00126014734
00000000038 00000057914 00000017900 00126014734
00000000038 00000057914 00000017900 00126014734
00000000038 00000057914 00000017900 00126014734
00000000025 00000058901 00000018887 00127002252
00000000025 00000058901 00000018887 00127002252
00000000025 00000058901 00000018887 00127002252
00000000025 00000058901 00000018887 00127002252
00000000025 00000058901 00000018887 00127002252
00000000019 00000059895 00000019881 00127995877
00000000019 00000059895 00000019881 00127995877
00000000019 00000059895 00000019881 00127995877
00000000019 00000059895 00000019881 00127995877
00000000019 00000059895 00000019881 00127995877
00000000036 00000060913 00000020899 00129013932
00000000036 00000060913 00000020899 00129013932
00000000036 00000060913 00000020899 00129013932
00000000036 00000060913 00000020899 00129013932
00000000036 00000060913 00000020899 00129013932
00000000024 00000061901 00000021887 00130002450
00000000024 00000061901 00000021887 00130002450
00000000024 00000061901 00000021887 00130002450
00000000024 00000061901 00000021887 00130002450
00000000024 00000061901 00000021887 00130002450
00000000033 00000062910 00000022896 00131010981
00000000033 00000062910 00000022896 00131010981
00000000033 00000062910 00000022896 00131010981
00000000033 00000062910 00000022896 00131010981
00000000033 00000062910 00000022896 00131010981
00000000023 00000063900 00000023886 00132000696
00000000023 00000063900 00000023886 00132000696
00000000023 00000063900 00000023886 00132000696
00000000023 00000063900 00000023886 00132000696
00000000023 00000063900 00000023886 00132000696
00000000038 00000064915 00000024901 00133016127
00000000038 00000064915 00000024901 00133016127
00000000038 00000064915 00000024901 00133016127
00000000038 00000064915 00000024901 00133016127
00000000038 00000064915 00000024901 00133016127
00000000037 00000065914 00000025900 00134014672
00000000037 00000065914 00000025900 00134014672
00000000037 00000065914 00000025900 00134014672
00000000037 00000065914 00000025900 00134014672
00000000037 00000065914 00000025900 00134014672
00000000025 00000066903 00000026889 00135004363
00000000025 00000066903 00000026889 00135004363
00000000025 00000066903 00000026889 00135004363
00000000025 00000066903 00000026889 00135004363
00000000025 00000066903 00000026889 00135004363
00000000035 00000067913 00000027899 00136013854
00000000035 00000067913 00000027899 00136013854
00000000035 00000067913 00000027899 00136013854
00000000035 00000067913 00000027899 00136013854
00000000035 00000067913 00000027899 00136013854
00000000019 00000068897 00000028883 00136998645
00000000019 00000068897 00000028883 00136998645
00000000019 00000068897 00000028883 00136998645
00000000019 00000068897 00000028883 00136998645
00000000019 00000068897 00000028883 00136998645
00000000033 00000069911 00000029897 00138012173
00000000033 00000069911 00000029897 00138012173
00000000033 00000069911 00000029897 00138012173
00000000033 00000069911 00000029897 00138012173
00000000033 00000069911 00000029897 00138012173
00000000038 00000070916 00000030902 00139017486
00000000038 00000070916 00000030902 00139017486
00000000038 00000070916 00000030902 00139017486
00000000038 00000070916 00000030902 00139017486
00000000038 00000070916 00000030902 00139017486
00000000026 00000071905 00000031891 00140006566
00000000026 00000071905 00000031891 00140006566
00000000026 00000071905 00000031891 00140006566
00000000026 00000071905 00000031891 00140006566
00000000026 00000071905 00000031891 00140006566
00000000021 00000072900 00000032886 00141000940
00000000021 00000072900 00000032886 00141000940
00000000021 00000072900 00000032886 00141000940
00000000021 00000072900 00000032886 00141000940
00000000021 00000072900 00000032886 00141000940
00000000099 00000073978 00000033964 00142078689
00000000099 00000073978 00000033964 00142078689
00000000099 00000073978 00000033964 00142078689
00000000099 00000073978 00000033964 00142078689
00000000099 00000073978 00000033964 00142078689
00000000024 00000074903 00000034889 00143004073
00000000024 00000074903 00000034889 00143004073
00000000024 00000074903 00000034889 00143004073
00000000024 00000074903 00000034889 00143004073
00000000024 00000074903 00000034889 00143004073
00000000133 00000076012 00000015994 00144112875
00000000133 00000076012 00000015994 00144112875
00000000133 00000076012 00000015994 00144112875
00000000133 00000076012 00000015994 00144112875
00000000133 00000076012 00000015994 00144112875
00000000034 00000076914 00000014896 00145014959
00000000034 00000076914 00000014896 00145014959
00000000034 00000076914 00000014896 00145014959
00000000034 00000076914 00000014896 00145014959
00000000034 00000076914 00000014896 00145014959
00000000034 00000077914 00000015896 00146015419
00000000034 00000077914 00000015896 00146015419
00000000034 00000077914 00000015896 00146015419
00000000034 00000077914 00000015896 00146015419
00000000034 00000077914 00000015896 00146015419
00000000021 00000078901 00000016883 00147002089
00000000021 00000078901 00000016883 00147002089
00000000021 00000078901 00000016883 00147002089
00000000021 00000078901 00000016883 00147002089
00000000021 00000078901 00000016883 00147002089
00000000027 00000079907 00000017889 00148008234
00000000027 00000079907 00000017889 00148008234
00000000027 00000079907 00000017889 00148008234
00000000027 00000079907 00000017889 00148008234
00000000027 00000079907 00000017889 00148008234
00000000021 00000080901 00000018883 00149001837
00000000021 00000080901 00000018883 00149001837
00000000021 00000080901 00000018883 00149001837
00000000021 00000080901 00000018883 00149001837
00000000021 00000080901 00000018883 00149001837
00000000019 00000081900 00000019882 00150001252
00000000019 00000081900 00000019882 00150001252
00000000019 00000081900 00000019882 00150001252
00000000019 00000081900 00000019882 00150001252
00000000019 00000081900 00000019882 00150001252
00000000024 00000082905 00000020887 00151006402
00000000024 00000082905 00000020887 00151006402
00000000024 00000082905 00000020887 00151006402
00000000024 00000082905 00000020887 00151006402
00000000024 00000082905 00000020887 00151006402
00000000017 00000083904 00000021886 00152005209
00000000017 00000083904 00000021886 00152005209
00000000017 00000083904 00000021886 00152005209
00000000017 00000083904 00000021886 00152005209
00000000017 00000083904 00000021886 00152005209
00000000024 00000084911 00000022893 00153011993
00000000024 00000084911 00000022893 00153011993
00000000024 00000084911 00000022893 00153011993
00000000024 00000084911 00000022893 00153011993
00000000024 00000084911 00000022893 00153011993
00000000022 00000085909 00000023891 00154010527
00000000022 00000085909 00000023891 00154010527
00000000022 00000085909 00000023891 00154010527
00000000022 00000085909 00000023891 00154010527
00000000022 00000085909 00000023891 00154010527
00000000026 00000086913 00000024895 00155014270
00000000026 00000086913 00000024895 00155014270
00000000026 00000086913 00000024895 00155014270
00000000026 00000086913 00000024895 00155014270
00000000026 00000086913 00000024895 00155014270
00000000036 00000087923 00000025905 00156023948
00000000036 00000087923 00000025905 00156023948
00000000036 00000087923 00000025905 00156023948
00000000036 00000087923 00000025905 00156023948
00000000036 00000087923 00000025905 00156023948
00000000026 00000088914 00000026896 00157014934
00000000026 00000088914 00000026896 00157014934
00000000026 00000088914 00000026896 00157014934
00000000026 00000088914 00000026896 00157014934
00000000026 00000088914 00000026896 00157014934
00000000076 00000089964 00000027946 00158065095
00000000076 00000089964 00000027946 00158065095
00000000076 00000089964 00000027946 00158065095
00000000076 00000089964 00000027946 00158065095
00000000076 00000089964 00000027946 00158065095
00000000032 00000090920 00000028902 00159021430
00000000032 00000090920 00000028902 00159021430
00000000032 00000090920 00000028902 00159021430
00000000032 00000090920 00000028902 00159021430
00000000032 00000090920 00000028902 00159021430
00000000044 00000091932 00000029914 00160032911
00000000044 00000091932 00000029914 00160032911
00000000044 00000091932 00000029914 00160032911
00000000044 00000091932 00000029914 00160032911
00000000044 00000091932 00000029914 00160032911
00000000061 00000092949 00000030931 00161050357
00000000061 00000092949 00000030931 00161050357
00000000061 00000092949 00000030931 00161050357
00000000061 00000092949 00000030931 00161050357
00000000061 00000092949 00000030931 00161050357
00000000033 00000093922 00000031904 00162023421
00000000033 00000093922 00000031904 00162023421
00000000033 00000093922 00000031904 00162023421
00000000033 00000093922 00000031904 00162023421
00000000033 00000093922 00000031904 00162023421
00000000119 00000095008 00000032990 00163109197
00000000119 00000095008 00000032990 00163109197
00000000119 00000095008 00000032990 00163109197
00000000119 00000095008 00000032990 00163109197
00000000119 00000095008 00000032990 00163109197
00000000021 00000035892 00000013888 00164010878
00000000021 00000035892 00000013888 00164010878
00000000021 00000035892 00000013888 00164010878
00000000021 00000035892 00000013888 00164010878
00000000021 00000035892 00000013888 00164010878
00000000023 00000036894 00000014890 00165013364
00000000023 00000036894 00000014890 00165013364
00000000023 00000036894 00000014890 00165013364
00000000023 00000036894 00000014890 00165013364
00000000023 00000036894 00000014890 00165013364
00000000027 00000037898 00000015894 00166016735
00000000027 00000037898 00000015894 00166016735
00000000027 00000037898 00000015894 00166016735
00000000027 00000037898 00000015894 00166016735
00000000027 00000037898 00000015894 00166016735
00000000022 00000038893 00000016889 00167012343
00000000022 00000038893 00000016889 00167012343
00000000022 00000038893 00000016889 00167012343
00000000022 00000038893 00000016889 00167012343
00000000022 00000038893 00000016889 00167012343
00000000038 00000039910 00000017906 00168028697
00000000038 00000039910 00000017906 00168028697
00000000038 00000039910 00000017906 00168028697
00000000038 00000039910 00000017906 00168028697
00000000038 00000039910 00000017906 00168028697
00000000033 00000040905 00000018901 00169024433
00000000033 00000040905 00000018901 00169024433
00000000033 00000040905 00000018901 00169024433
00000000033 00000040905 00000018901 00169024433
00000000033 00000040905 00000018901 00169024433
00000000027 00000041899 00000019895 00170018277
00000000027 00000041899 00000019895 00170018277
00000000027 00000041899 00000019895 00170018277
00000000027 00000041899 00000019895 00170018277
00000000027 00000041899 00000019895 00170018277
00000000023 00000042895 00000020891 00171014648
00000000023 00000042895 00000020891 00171014648
00000000023 00000042895 00000020891 00171014648
00000000023 00000042895 00000020891 00171014648
00000000023 00000042895 00000020891 00171014648
00000000028 00000043900 00000021896 00172019269
00000000028 00000043900 00000021896 00172019269
00000000028 00000043900 00000021896 00172019269
00000000028 00000043900 00000021896 00172019269
00000000028 00000043900 00000021896 00172019269
00000000025 00000044898 00000022894 00173017612
00000000025 00000044898 00000022894 00173017612
00000000025 00000044898 00000022894 00173017612
00000000025 00000044898 00000022894 00173017612
00000000025 00000044898 00000022894 00173017612
00000000023 00000045896 00000023892 00174014827
00000000023 00000045896 00000023892 00174014827
00000000023 00000045896 00000023892 00174014827
00000000023 00000045896 00000023892 00174014827
00000000023 00000045896 00000023892 00174014827
00000000032 00000046905 00000024901 00175024193
00000000032 00000046905 00000024901 00175024193
00000000032 00000046905 00000024901 00175024193
00000000032 00000046905 00000024901 00175024193
00000000032 00000046905 00000024901 00175024193
00000000020 00000047893 00000025889 00176012162
00000000020 00000047893 00000025889 00176012162
00000000020 00000047893 00000025889 00176012162
00000000020 00000047893 00000025889 00176012162
00000000020 00000047893 00000025889 00176012162
00000000036 00000048909 00000026905 00177028194
00000000036 00000048909 00000026905 00177028194
00000000036 00000048909 00000026905 00177028194
00000000036 00000048909 00000026905 00177028194
00000000036 00000048909 00000026905 00177028194
00000000036 00000049910 00000027906 00178028940
00000000036 00000049910 00000027906 00178028940
00000000036 00000049910 00000027906 00178028940
00000000036 00000049910 00000027906 00178028940
00000000036 00000049910 00000027906 00178028940
00000000039 00000050913 00000028909 00179031942
00000000039 00000050913 00000028909 00179031942
00000000039 00000050913 00000028909 00179031942
00000000039 00000050913 00000028909 00179031942
00000000039 00000050913 00000028909 00179031942
00000000028 00000051902 00000029898 00180021295
00000000028 00000051902 00000029898 00180021295
00000000028 00000051902 00000029898 00180021295
00000000028 00000051902 00000029898 00180021295
00000000028 00000051902 00000029898 00180021295
00000000020 00000052894 00000030890 00181013143
00000000020 00000052894 00000030890 00181013143
00000000020 00000052894 00000030890 00181013143
00000000020 00000052894 00000030890 00181013143
00000000020 00000052894 00000030890 00181013143
00000000122 00000053996 00000031992 00182115271
00000000122 00000053996 00000031992 00182115271
00000000122 00000053996 00000031992 00182115271
00000000122 00000053996 00000031992 00182115271
00000000122 00000053996 00000031992 00182115271
00000000019 00000054893 00000012885 00183012318
00000000019 00000054893 00000012885 00183012318
00000000019 00000054893 00000012885 00183012318
00000000019 00000054893 00000012885 00183012318
00000000019 00000054893 00000012885 00183012318
00000000017 00000055892 00000013884 00184011189
00000000017 00000055892 00000013884 00184011189
00000000017 00000055892 00000013884 00184011189
00000000017 00000055892 00000013884 00184011189
00000000017 00000055892 00000013884 00184011189
00000000022 00000056897 00000014889 00185015681
00000000022 00000056897 00000014889 00185015681
00000000022 00000056897 00000014889 00185015681
00000000022 00000056897 00000014889 00185015681
00000000022 00000056897 00000014889 00185015681
00000000021 00000057896 00000015888 00186015626
00000000021 00000057896 00000015888 00186015626
00000000021 00000057896 00000015888 00186015626
00000000021 00000057896 00000015888 00186015626
00000000021 00000057896 00000015888 00186015626
00000000045 00000058920 00000016912 00187039365
00000000045 00000058920 00000016912 00187039365
00000000045 00000058920 00000016912 00187039365
00000000045 00000058920 00000016912 00187039365
00000000045 00000058920 00000016912 00187039365
00000000033 00000059908 00000017900 00188026936
00000000033 00000059908 00000017900 00188026936
00000000033 00000059908 00000017900 00188026936
00000000033 00000059908 00000017900 00188026936
00000000033 00000059908 00000017900 00188026936
00000000041 00000060917 00000018909 00189036457
00000000041 00000060917 00000018909 00189036457
00000000041 00000060917 00000018909 00189036457
00000000041 00000060917 00000018909 00189036457
00000000041 00000060917 00000018909 00189036457
00000000021 00000061897 00000019889 00190015721
00000000021 00000061897 00000019889 00190015721
00000000021 00000061897 00000019889 00190015721
00000000021 00000061897 00000019889 00190015721
00000000021 00000061897 00000019889 00190015721
00000000018 00000062894 00000020886 00191012718
00000000018 00000062894 00000020886 00191012718
00000000018 00000062894 00000020886 00191012718
00000000018 00000062894 00000020886 00191012718
00000000018 00000062894 00000020886 00191012718
00000000032 00000063908 00000021900 00192027583
00000000032 00000063908 00000021900 00192027583
00000000032 00000063908 00000021900 00192027583
00000000032 00000063908 00000021900 00192027583
00000000032 00000063908 00000021900 00192027583
00000000031 00000064907 00000022899 00193026322
00000000031 00000064907 00000022899 00193026322
00000000031 00000064907 00000022899 00193026322
00000000031 00000064907 00000022899 00193026322
00000000031 00000064907 00000022899 00193026322
00000000019 00000065896 00000023888 00194014935
00000000019 00000065896 00000023888 00194014935
00000000019 00000065896 00000023888 00194014935
00000000019 00000065896 00000023888 00194014935
00000000019 00000065896 00000023888 00194014935
00000000029 00000066906 00000024898 00195024769
00000000029 00000066906 00000024898 00195024769
00000000029 00000066906 00000024898 00195024769
00000000029 00000066906 00000024898 00195024769
00000000029 00000066906 00000024898 00195024769
00000000025 00000067902 00000025894 00196021446
00000000025 00000067902 00000025894 00196021446
00000000025 00000067902 00000025894 00196021446
00000000025 00000067902 00000025894 00196021446
00000000025 00000067902 00000025894 00196021446
00000000017 00000068894 00000026886 00197013322
00000000017 00000068894 00000026886 00197013322
00000000017 00000068894 00000026886 00197013322
00000000017 00000068894 00000026886 00197013322
00000000017 00000068894 00000026886 00197013322
00000000020 00000069897 00000027889 00198016266
00000000020 00000069897 00000027889 00198016266
00000000020 00000069897 00000027889 00198016266
00000000020 00000069897 00000027889 00198016266
00000000020 00000069897 00000027889 00198016266
00000000025 00000070903 00000028895 00199021686
00000000025 00000070903 00000028895 00199021686
00000000025 00000070903 00000028895 00199021686
00000000025 00000070903 00000028895 00199021686
00000000025 00000070903 00000028895 00199021686
00000000032 00000071910 00000029902 00200029480
00000000032 00000071910 00000029902 00200029480
00000000032 00000071910 00000029902 00200029480
00000000032 00000071910 00000029902 00200029480
00000000032 00000071910 00000029902 00200029480
00000000030 00000072908 00000030900 00201027425
00000000030 00000072908 00000030900 00201027425
00000000030 00000072908 00000030900 00201027425
00000000030 00000072908 00000030900 00201027425
00000000030 00000072908 00000030900 00201027425
00000000020 00000073898 00000031890 00202017542
00000000020 00000073898 00000031890 00202017542
00000000020 00000073898 00000031890 00202017542
00000000020 00000073898 00000031890 00202017542
00000000020 00000073898 00000031890 00202017542
00000000265 00000075143 00000033135 00203262518
00000000265 00000075143 00000033135 00203262518
00000000265 00000075143 00000033135 00203262518
00000000265 00000075143 00000033135 00203262518
00000000265 00000075143 00000033135 00203262518
00000000053 00000075931 00000033923 00204050299
00000000053 00000075931 00000033923 00204050299
00000000053 00000075931 00000033923 00204050299
00000000053 00000075931 00000033923 00204050299
00000000053 00000075931 00000033923 00204050299
00000000038 00000076917 00000013906 00205036147
00000000038 00000076917 00000013906 00205036147
00000000038 00000076917 00000013906 00205036147
00000000038 00000076917 00000013906 00205036147
00000000038 00000076917 00000013906 00205036147
00000000023 00000077902 00000014891 00206021035
00000000023 00000077902 00000014891 00206021035
00000000023 00000077902 00000014891 00206021035
00000000023 00000077902 00000014891 00206021035
00000000023 00000077902 00000014891 00206021035
00000000021 00000078900 00000015889 00207019195
00000000021 00000078900 00000015889 00207019195
00000000021 00000078900 00000015889 00207019195
00000000021 00000078900 00000015889 00207019195
00000000021 00000078900 00000015889 00207019195
00000000031 00000079910 00000016899 00208029403
00000000031 00000079910 00000016899 00208029403
00000000031 00000079910 00000016899 00208029403
00000000031 00000079910 00000016899 00208029403
00000000031 00000079910 00000016899 00208029403
00000000026 00000080905 00000017894 00209024224
00000000026 00000080905 00000017894 00209024224
00000000026 00000080905 00000017894 00209024224
00000000026 00000080905 00000017894 00209024224
00000000026 00000080905 00000017894 00209024224
00000000035 00000081915 00000018904 00210033777
00000000035 00000081915 00000018904 00210033777
00000000035 00000081915 00000018904 00210033777
00000000035 00000081915 00000018904 00210033777
00000000035 00000081915 00000018904 00210033777
00000000018 00000082898 00000019887 00211017235
00000000018 00000082898 00000019887 00211017235
00000000018 00000082898 00000019887 00211017235
00000000018 00000082898 00000019887 00211017235
00000000018 00000082898 00000019887 00211017235
00000000039 00000083919 00000020908 00212038445
00000000039 00000083919 00000020908 00212038445
00000000039 00000083919 00000020908 00212038445
00000000039 00000083919 00000020908 00212038445
00000000039 00000083919 00000020908 00212038445
00000000018 00000084898 00000021887 00213017566
00000000018 00000084898 00000021887 00213017566
00000000018 00000084898 00000021887 00213017566
00000000018 00000084898 00000021887 00213017566
00000000018 00000084898 00000021887 00213017566
00000000041 00000085921 00000022910 00214040217
00000000041 00000085921 00000022910 00214040217
00000000041 00000085921 00000022910 00214040217
00000000041 00000085921 00000022910 00214040217
00000000041 00000085921 00000022910 00214040217
00000000027 00000086908 00000023897 00215027109
00000000027 00000086908 00000023897 00215027109
00000000027 00000086908 00000023897 00215027109
00000000027 00000086908 00000023897 00215027109
00000000027 00000086908 00000023897 00215027109
00000000022 00000087903 00000024892 00216022135
00000000022 00000087903 00000024892 00216022135
00000000022 00000087903 00000024892 00216022135
00000000022 00000087903 00000024892 00216022135
00000000022 00000087903 00000024892 00216022135
00000000032 00000088913 00000025902 00217031919
00000000032 00000088913 00000025902 00217031919
00000000032 00000088913 00000025902 00217031919
00000000032 00000088913 00000025902 00217031919
00000000032 00000088913 00000025902 00217031919
00000000026 00000089907 00000026896 00218026182
00000000026 00000089907 00000026896 00218026182
00000000026 00000089907 00000026896 00218026182
00000000026 00000089907 00000026896 00218026182
00000000026 00000089907 00000026896 00218026182
00000000024 00000090905 00000027894 00219023856
00000000024 00000090905 00000027894 00219023856
00000000024 00000090905 00000027894 00219023856
00000000024 00000090905 00000027894 00219023856
00000000024 00000090905 00000027894 00219023856
00000000019 00000091901 00000028890 00220019929
00000000019 00000091901 00000028890 00220019929
00000000019 00000091901 00000028890 00220019929
00000000019 00000091901 00000028890 00220019929
00000000019 00000091901 00000028890 00220019929
00000000043 00000092925 00000029914 00221043905
00000000043 00000092925 00000029914 00221043905
00000000043 00000092925 00000029914 00221043905
00000000043 00000092925 00000029914 00221043905
00000000043 00000092925 00000029914 00221043905
00000000064 00000093946 00000030935 00222065415
00000000064 00000093946 00000030935 00222065415
00000000064 00000093946 00000030935 00222065415
00000000064 00000093946 00000030935 00222065415
00000000064 00000093946 00000030935 00222065415
00000000149 00000095031 00000032020 00223149921
00000000149 00000095031 00000032020 00223149921
00000000149 00000095031 00000032020 00223149921
00000000149 00000095031 00000032020 00223149921
00000000149 00000095031 00000032020 00223149921
00000000038 00000035909 00000012905 00224039355
00000000038 00000035909 00000012905 00224039355
00000000038 00000035909 00000012905 00224039355
00000000038 00000035909 00000012905 00224039355
00000000038 00000035909 00000012905 00224039355
00000000023 00000036895 00000013891 00225024916
00000000023 00000036895 00000013891 00225024916
00000000023 00000036895 00000013891 00225024916
00000000023 00000036895 00000013891 00225024916
00000000023 00000036895 00000013891 00225024916
00000000035 00000037907 00000014903 00226037268
00000000035 00000037907 00000014903 00226037268
00000000035 00000037907 00000014903 00226037268
00000000035 00000037907 00000014903 00226037268
00000000035 00000037907 00000014903 00226037268
00000000021 00000038893 00000015889 00227023572
00000000021 00000038893 00000015889 00227023572
00000000021 00000038893 00000015889 00227023572
00000000021 00000038893 00000015889 00227023572
00000000021 00000038893 00000015889 00227023572
00000000036 00000039908 00000016904 00228038461
00000000036 00000039908 00000016904 00228038461
00000000036 00000039908 00000016904 00228038461
00000000036 00000039908 00000016904 00228038461
00000000036 00000039908 00000016904 00228038461
00000000036 00000040908 00000017904 00229038050
00000000036 00000040908 00000017904 00229038050
00000000036 00000040908 00000017904 00229038050
00000000036 00000040908 00000017904 00229038050
00000000036 00000040908 00000017904 00229038050
00000000040 00000041912 00000018908 00230041773
00000000040 00000041912 00000018908 00230041773
00000000040 00000041912 00000018908 00230041773
00000000040 00000041912 00000018908 00230041773
00000000040 00000041912 00000018908 00230041773
00000000020 00000042893 00000019889 00231023212
00000000020 00000042893 00000019889 00231023212
00000000020 00000042893 00000019889 00231023212
00000000020 00000042893 00000019889 00231023212
00000000020 00000042893 00000019889 00231023212
00000000034 00000043907 00000020903 00232037235
00000000034 00000043907 00000020903 00232037235
00000000034 00000043907 00000020903 00232037235
00000000034 00000043907 00000020903 00232037235
00000000034 00000043907 00000020903 00232037235
00000000023 00000044896 00000021892 00233026405
00000000023 00000044896 00000021892 00233026405
00000000023 00000044896 00000021892 00233026405
00000000023 00000044896 00000021892 00233026405
00000000023 00000044896 00000021892 00233026405
00000000015 00000045888 00000022884 00234018593
00000000015 00000045888 00000022884 00234018593
00000000015 00000045888 00000022884 00234018593
00000000015 00000045888 00000022884 00234018593
00000000015 00000045888 00000022884 00234018593
00000000022 00000046895 00000023891 00235025041
00000000022 00000046895 00000023891 00235025041
00000000022 00000046895 00000023891 00235025041
00000000022 00000046895 00000023891 00235025041
00000000022 00000046895 00000023891 00235025041
00000000021 00000047895 00000024891 00236024842
00000000021 00000047895 00000024891 00236024842
00000000021 00000047895 00000024891 00236024842
00000000021 00000047895 00000024891 00236024842
00000000021 00000047895 00000024891 00236024842
00000000023 00000048897 00000025893 00237026801
00000000023 00000048897 00000025893 00237026801
00000000023 00000048897 00000025893 00237026801
00000000023 00000048897 00000025893 00237026801
00000000023 00000048897 00000025893 00237026801
00000000026 00000049900 00000026896 00238030223
00000000026 00000049900 00000026896 00238030223
00000000026 00000049900 00000026896 00238030223
00000000026 00000049900 00000026896 00238030223
00000000026 00000049900 00000026896 00238030223
00000000040 00000050920 00000027916 00239050476
00000000040 00000050920 00000027916 00239050476
00000000040 00000050920 00000027916 00239050476
00000000040 00000050920 00000027916 00239050476
00000000040 00000050920 00000027916 00239050476
00000000027 00000051907 00000028903 00240037469
00000000027 00000051907 00000028903 00240037469
00000000027 00000051907 00000028903 00240037469
00000000027 00000051907 00000028903 00240037469
00000000027 00000051907 00000028903 00240037469
00000000036 00000052917 00000029913 00241047453
00000000036 00000052917 00000029913 00241047453
00000000036 00000052917 00000029913 00241047453
00000000036 00000052917 00000029913 00241047453
00000000036 00000052917 00000029913 00241047453
00000000017 00000053898 00000030894 00242027926
00000000017 00000053898 00000030894 00242027926
00000000017 00000053898 00000030894 00242027926
00000000017 00000053898 00000030894 00242027926
00000000017 00000053898 00000030894 00242027926
00000000020 00000054901 00000031897 00243030862
00000000020 00000054901 00000031897 00243030862
00000000020 00000054901 00000031897 00243030862
00000000020 00000054901 00000031897 00243030862
00000000020 00000054901 00000031897 00243030862
00000000020 00000055901 00000012893 00244030673
00000000020 00000055901 00000012893 00244030673
00000000020 00000055901 00000012893 00244030673
00000000020 00000055901 00000012893 00244030673
00000000020 00000055901 00000012893 00244030673
00000000026 00000056907 00000013899 00245036796
00000000026 00000056907 00000013899 00245036796
00000000026 00000056907 00000013899 00245036796
00000000026 00000056907 00000013899 00245036796
00000000026 00000056907 00000013899 00245036796
00000000040 00000057921 00000014913 00246051584
00000000040 00000057921 00000014913 00246051584
00000000040 00000057921 00000014913 00246051584
00000000040 00000057921 00000014913 00246051584
00000000040 00000057921 00000014913 00246051584
00000000036 00000058918 00000015910 00247048354
00000000036 00000058918 00000015910 00247048354
00000000036 00000058918 00000015910 00247048354
00000000036 00000058918 00000015910 00247048354
00000000036 00000058918 00000015910 00247048354
00000000087 00000059969 00000016961 00248099148
00000000087 00000059969 00000016961 00248099148
00000000087 00000059969 00000016961 00248099148
00000000087 00000059969 00000016961 00248099148
00000000087 00000059969 00000016961 00248099148
00000000032 00000060914 00000017906 00249044371
00000000032 00000060914 00000017906 00249044371
00000000032 00000060914 00000017906 00249044371
00000000032 00000060914 00000017906 00249044371
00000000032 00000060914 00000017906 00249044371
00000000036 00000061918 00000018910 00250047954
00000000036 00000061918 00000018910 00250047954
00000000036 00000061918 00000018910 00250047954
00000000036 00000061918 00000018910 00250047954
00000000036 00000061918 00000018910 00250047954
00000000037 00000062919 00000019911 00251049531
00000000037 00000062919 00000019911 00251049531
00000000037 00000062919 00000019911 00251049531
00000000037 00000062919 00000019911 00251049531
00000000037 00000062919 00000019911 00251049531
00000000024 00000063907 00000020899 00252037060
00000000024 00000063907 00000020899 00252037060
00000000024 00000063907 00000020899 00252037060
00000000024 00000063907 00000020899 00252037060
00000000024 00000063907 00000020899 00252037060
00000000503 00000065386 00000022378 00253515960
00000000503 00000065386 00000022378 00253515960
00000000503 00000065386 00000022378 00253515960
00000000503 00000065386 00000022378 00253515960
00000000503 00000065386 00000022378 00253515960
00000000024 00000066370 00000023362 00254500052
00000000024 00000066370 00000023362 00254500052
00000000024 00000066370 00000023362 00254500052
00000000024 00000066370 00000023362 00254500052
00000000024 00000066370 00000023362 00254500052
00000000027 00000067374 00000024366 00255503847
00000000027 00000067374 00000024366 00255503847
00000000027 00000067374 00000024366 00255503847
00000000027 00000067374 00000024366 00255503847
00000000027 00000067374 00000024366 00255503847
00000000038 00000068385 00000025377 00256514742
00000000038 00000068385 00000025377 00256514742
00000000038 00000068385 00000025377 00256514742
00000000038 00000068385 00000025377 00256514742
00000000038 00000068385 00000025377 00256514742
00000000044 00000069391 00000026383 00257520879
00000000044 00000069391 00000026383 00257520879
00000000044 00000069391 00000026383 00257520879
00000000044 00000069391 00000026383 00257520879
00000000044 00000069391 00000026383 00257520879
00000000047 00000070394 00000027386 00258523714
00000000047 00000070394 00000027386 00258523714
00000000047 00000070394 00000027386 00258523714
00000000047 00000070394 00000027386 00258523714
00000000047 00000070394 00000027386 00258523714
00000000027 00000071374 00000028366 00259504525
00000000027 00000071374 00000028366 00259504525
00000000027 00000071374 00000028366 00259504525
00000000027 00000071374 00000028366 00259504525
00000000027 00000071374 00000028366 00259504525
00000000031 00000072379 00000029371 00260509052
00000000031 00000072379 00000029371 00260509052
00000000031 00000072379 00000029371 00260509052
00000000031 00000072379 00000029371 00260509052
00000000031 00000072379 00000029371 00260509052
00000000019 00000073367 00000030359 00261496738
00000000019 00000073367 00000030359 00261496738
00000000019 00000073367 00000030359 00261496738
00000000019 00000073367 00000030359 00261496738
00000000019 00000073367 00000030359 00261496738
00000000019 00000074367 00000031359 00262497547
00000000019 00000074367 00000031359 00262497547
00000000019 00000074367 00000031359 00262497547
00000000019 00000074367 00000031359 00262497547
00000000019 00000074367 00000031359 00262497547
00000000026 00000075374 00000032366 00263504405
00000000026 00000075374 00000032366 00263504405
00000000026 00000075374 00000032366 00263504405
00000000026 00000075374 00000032366 00263504405
00000000026 00000075374 00000032366 00263504405
00000000021 00000076369 00000033361 00264499612
00000000021 00000076369 00000033361 00264499612
00000000021 00000076369 00000033361 00264499612
00000000021 00000076369 00000033361 00264499612
00000000021 00000076369 00000033361 00264499612
00000000022 00000077371 00000034363 00265501189
00000000022 00000077371 00000034363 00265501189
00000000022 00000077371 00000034363 00265501189
00000000022 00000077371 00000034363 00265501189
00000000022 00000077371 00000034363 00265501189
00000000026 00000078375 00000035367 00266504932
00000000026 00000078375 00000035367 00266504932
00000000026 00000078375 00000035367 00266504932
00000000026 00000078375 00000035367 00266504932
00000000026 00000078375 00000035367 00266504932
00000000019 00000079368 00000036360 00267498249
00000000019 00000079368 00000036360 00267498249
00000000019 00000079368 00000036360 00267498249
00000000019 00000079368 00000036360 00267498249
00000000019 00000079368 00000036360 00267498249
00000000055 00000080404 00000037396 00268534498
00000000055 00000080404 00000037396 00268534498
00000000055 00000080404 00000037396 00268534498
00000000055 00000080404 00000037396 00268534498
00000000055 00000080404 00000037396 00268534498
00000000029 00000081378 00000038370 00269508121
00000000029 00000081378 00000038370 00269508121
00000000029 00000081378 00000038370 00269508121
00000000029 00000081378 00000038370 00269508121
00000000029 00000081378 00000038370 00269508121
00000000021 00000082370 00000039362 00270499927
00000000021 00000082370 00000039362 00270499927
00000000021 00000082370 00000039362 00270499927
00000000021 00000082370 00000039362 00270499927
00000000021 00000082370 00000039362 00270499927
00000000063 00000083413 00000040405 00271542766
00000000063 00000083413 00000040405 00271542766
00000000063 00000083413 00000040405 00271542766
00000000063 00000083413 00000040405 00271542766
00000000063 00000083413 00000040405 00271542766
00000000026 00000084376 00000041368 00272506180
00000000026 00000084376 00000041368 00272506180
00000000026 00000084376 00000041368 00272506180
00000000026 00000084376 00000041368 00272506180
00000000026 00000084376 00000041368 00272506180
00000000241 00000085591 00000042583 00273721211
00000000241 00000085591 00000042583 00273721211
00000000241 00000085591 00000042583 00273721211
00000000241 00000085591 00000042583 00273721211
00000000241 00000085591 00000042583 00273721211
00000000024 00000086374 00000043366 00274504490
00000000024 00000086374 00000043366 00274504490
00000000024 00000086374 00000043366 00274504490
00000000024 00000086374 00000043366 00274504490
00000000024 00000086374 00000043366 00274504490
00000000029 00000087379 00000044371 00275508893
00000000029 00000087379 00000044371 00275508893
00000000029 00000087379 00000044371 00275508893
00000000029 00000087379 00000044371 00275508893
00000000029 00000087379 00000044371 00275508893
00000000022 00000088373 00000045365 00276502843
00000000022 00000088373 00000045365 00276502843
00000000022 00000088373 00000045365 00276502843
00000000022 00000088373 00000045365 00276502843
00000000022 00000088373 00000045365 00276502843
00000000041 00000089392 00000026381 00277522541
00000000041 00000089392 00000026381 00277522541
00000000041 00000089392 00000026381 00277522541
00000000041 00000089392 00000026381 00277522541
00000000041 00000089392 00000026381 00277522541
00000000043 00000090394 00000027383 00278524352
00000000043 00000090394 00000027383 00278524352
00000000043 00000090394 00000027383 00278524352
00000000043 00000090394 00000027383 00278524352
00000000043 00000090394 00000027383 00278524352
00000000044 00000091395 00000020382 00279525158
00000000044 00000091395 00000020382 00279525158
00000000044 00000091395 00000020382 00279525158
00000000044 00000091395 00000020382 00279525158
00000000044 00000091395 00000020382 00279525158
00000000052 00000092403 00000021390 00280533113
00000000052 00000092403 00000021390 00280533113
00000000052 00000092403 00000021390 00280533113
00000000052 00000092403 00000021390 00280533113
00000000052 00000092403 00000021390 00280533113
00000000025 00000093377 00000022364 00281506711
00000000025 00000093377 00000022364 00281506711
00000000025 00000093377 00000022364 00281506711
00000000025 00000093377 00000022364 00281506711
00000000025 00000093377 00000022364 00281506711
00000000025 00000094377 00000023364 00282506808
00000000025 00000094377 00000023364 00282506808
00000000025 00000094377 00000023364 00282506808
00000000025 00000094377 00000023364 00282506808
00000000025 00000094377 00000023364 00282506808
00000000023 00000095375 00000024362 00283505614
00000000023 00000095375 00000024362 00283505614
00000000023 00000095375 00000024362 00283505614
00000000023 00000095375 00000024362 00283505614
00000000023 00000095375 00000024362 00283505614
00000000023 00000096375 00000025362 00284504953
00000000023 00000096375 00000025362 00284504953
00000000023 00000096375 00000025362 00284504953
00000000023 00000096375 00000025362 00284504953
00000000023 00000096375 00000025362 00284504953
00000000017 00000097369 00000026356 00285498773
00000000017 00000097369 00000026356 00285498773
00000000017 00000097369 00000026356 00285498773
00000000017 00000097369 00000026356 00285498773
00000000017 00000097369 00000026356 00285498773
00000000026 00000098378 00000027365 00286508126
00000000026 00000098378 00000027365 00286508126
00000000026 00000098378 00000027365 00286508126
00000000026 00000098378 00000027365 00286508126
00000000026 00000098378 00000027365 00286508126
00000000022 00000099375 00000028362 00287505161
00000000022 00000099375 00000028362 00287505161
00000000022 00000099375 00000028362 00287505161
00000000022 00000099375 00000028362 00287505161
00000000022 00000099375 00000028362 00287505161
00000000023 00000100376 00000029363 00288505767
00000000023 00000100376 00000029363 00288505767
00000000023 00000100376 00000029363 00288505767
00000000023 00000100376 00000029363 00288505767
00000000023 00000100376 00000029363 00288505767
00000000018 00000101376 00000030363 00289506027
00000000018 00000101376 00000030363 00289506027
00000000018 00000101376 00000030363 00289506027
00000000018 00000101376 00000030363 00289506027
00000000018 00000101376 00000030363 00289506027
00000000027 00000102385 00000031372 00290515171
00000000027 00000102385 00000031372 00290515171
00000000027 00000102385 00000031372 00290515171
00000000027 00000102385 00000031372 00290515171
00000000027 00000102385 00000031372 00290515171
00000000183 00000103542 00000032529 00291672339
00000000183 00000103542 00000032529 00291672339
00000000183 00000103542 00000032529 00291672339
00000000183 00000103542 00000032529 00291672339
00000000183 00000103542 00000032529 00291672339
00000000018 00000104377 00000033364 00292506955
00000000018 00000104377 00000033364 00292506955
00000000018 00000104377 00000033364 00292506955
00000000018 00000104377 00000033364 00292506955
00000000018 00000104377 00000033364 00292506955
00000000028 00000045376 00000014370 00293517549
00000000028 00000045376 00000014370 00293517549
00000000028 00000045376 00000014370 00293517549
00000000028 00000045376 00000014370 00293517549
00000000028 00000045376 00000014370 00293517549
00000000045 00000046393 00000015387 00294533931
00000000045 00000046393 00000015387 00294533931
00000000045 00000046393 00000015387 00294533931
00000000045 00000046393 00000015387 00294533931
00000000045 00000046393 00000015387 00294533931
00000000036 00000047384 00000016378 00295524775
00000000036 00000047384 00000016378 00295524775
00000000036 00000047384 00000016378 00295524775
00000000036 00000047384 00000016378 00295524775
00000000036 00000047384 00000016378 00295524775
00000000035 00000048384 00000017378 00296524857
00000000035 00000048384 00000017378 00296524857
00000000035 00000048384 00000017378 00296524857
00000000035 00000048384 00000017378 00296524857
00000000035 00000048384 00000017378 00296524857
00000000017 00000049366 00000018360 00297506861
00000000017 00000049366 00000018360 00297506861
00000000017 00000049366 00000018360 00297506861
00000000017 00000049366 00000018360 00297506861
00000000017 00000049366 00000018360 00297506861
00000000018 00000050367 00000019361 00298508219
00000000018 00000050367 00000019361 00298508219
00000000018 00000050367 00000019361 00298508219
00000000018 00000050367 00000019361 00298508219
00000000018 00000050367 00000019361 00298508219
00000000024 00000051373 00000020367 00299514132
00000000024 00000051373 00000020367 00299514132
00000000024 00000051373 00000020367 00299514132
00000000024 00000051373 00000020367 00299514132
00000000024 00000051373 00000020367 00299514132
00000000016 00000052365 00000021359 00300505738
00000000016 00000052365 00000021359 00300505738
00000000016 00000052365 00000021359 00300505738
00000000016 00000052365 00000021359 00300505738
00000000016 00000052365 00000021359 00300505738
00000000029 00000053378 00000022372 00301519565
00000000029 00000053378 00000022372 00301519565
00000000029 00000053378 00000022372 00301519565
00000000029 00000053378 00000022372 00301519565
00000000029 00000053378 00000022372 00301519565
00000000023 00000054373 00000023367 00302514574
00000000023 00000054373 00000023367 00302514574
00000000023 00000054373 00000023367 00302514574
00000000023 00000054373 00000023367 00302514574
00000000023 00000054373 00000023367 00302514574
00000000022 00000055372 00000024366 00303513373
00000000022 00000055372 00000024366 00303513373
00000000022 00000055372 00000024366 00303513373
00000000022 00000055372 00000024366 00303513373
00000000022 00000055372 00000024366 00303513373
00000000023 00000056373 00000025367 00304514520
00000000023 00000056373 00000025367 00304514520
00000000023 00000056373 00000025367 00304514520
00000000023 00000056373 00000025367 00304514520
00000000023 00000056373 00000025367 00304514520
00000000025 00000057375 00000026369 00305516324
00000000025 00000057375 00000026369 00305516324
00000000025 00000057375 00000026369 00305516324
00000000025 00000057375 00000026369 00305516324
00000000025 00000057375 00000026369 00305516324
00000000039 00000058389 00000027383 00306530035
00000000039 00000058389 00000027383 00306530035
00000000039 00000058389 00000027383 00306530035
00000000039 00000058389 00000027383 00306530035
00000000039 00000058389 00000027383 00306530035
00000000025 00000059376 00000028370 00307517033
00000000025 00000059376 00000028370 00307517033
00000000025 00000059376 00000028370 00307517033
00000000025 00000059376 00000028370 00307517033
00000000025 00000059376 00000028370 00307517033
00000000022 00000060373 00000029367 00308513690
00000000022 00000060373 00000029367 00308513690
00000000022 00000060373 00000029367 00308513690
00000000022 00000060373 00000029367 00308513690
00000000022 00000060373 00000029367 00308513690
00000000028 00000061379 00000030373 00309519667
00000000028 00000061379 00000030373 00309519667
00000000028 00000061379 00000030373 00309519667
00000000028 00000061379 00000030373 00309519667
00000000028 00000061379 00000030373 00309519667
00000000049 00000062400 00000031394 00310541393
00000000049 00000062400 00000031394 00310541393
00000000049 00000062400 00000031394 00310541393
00000000049 00000062400 00000031394 00310541393
00000000049 00000062400 00000031394 00310541393
00000000023 00000063374 00000032368 00311514782
00000000023 00000063374 00000032368 00311514782
00000000023 00000063374 00000032368 00311514782
00000000023 00000063374 00000032368 00311514782
00000000023 00000063374 00000032368 00311514782
00000000032 00000064384 00000013369 00312525605
00000000032 00000064384 00000013369 00312525605
00000000032 00000064384 00000013369 00312525605
00000000032 00000064384 00000013369 00312525605
00000000032 00000064384 00000013369 00312525605
00000000016 00000065368 00000014353 00313514977
00000000016 00000065368 00000014353 00313514977
00000000016 00000065368 00000014353 00313514977
00000000016 00000065368 00000014353 00313514977
00000000016 00000065368 00000014353 00313514977
00000000040 00000066392 00000015377 00314532749
00000000040 00000066392 00000015377 00314532749
00000000040 00000066392 00000015377 00314532749
00000000040 00000066392 00000015377 00314532749
00000000040 00000066392 00000015377 00314532749
00000000021 00000067373 00000016358 00315514494
00000000021 00000067373 00000016358 00315514494
00000000021 00000067373 00000016358 00315514494
00000000021 00000067373 00000016358 00315514494
00000000021 00000067373 00000016358 00315514494
00000000026 00000068378 00000017363 00316519354
00000000026 00000068378 00000017363 00316519354
00000000026 00000068378 00000017363 00316519354
00000000026 00000068378 00000017363 00316519354
00000000026 00000068378 00000017363 00316519354
00000000023 00000069376 00000018361 00317517118
00000000023 00000069376 00000018361 00317517118
00000000023 00000069376 00000018361 00317517118
00000000023 00000069376 00000018361 00317517118
00000000023 00000069376 00000018361 00317517118
00000000018 00000070371 00000019356 00318511814
00000000018 00000070371 00000019356 00318511814
00000000018 00000070371 00000019356 00318511814
00000000018 00000070371 00000019356 00318511814
00000000018 00000070371 00000019356 00318511814
00000000022 00000071375 00000020360 00319515968
00000000022 00000071375 00000020360 00319515968
00000000022 00000071375 00000020360 00319515968
00000000022 00000071375 00000020360 00319515968
00000000022 00000071375 00000020360 00319515968
00000000103 00000072456 00000021441 00320596839
00000000103 00000072456 00000021441 00320596839
00000000103 00000072456 00000021441 00320596839
00000000103 00000072456 00000021441 00320596839
00000000103 00000072456 00000021441 00320596839
00000000035 00000073388 00000022373 00321529326
00000000035 00000073388 00000022373 00321529326
00000000035 00000073388 00000022373 00321529326
00000000035 00000073388 00000022373 00321529326
00000000035 00000073388 00000022373 00321529326
00000000023 00000074376 00000011359 00322517031
00000000023 00000074376 00000011359 00322517031
00000000023 00000074376 00000011359 00322517031
00000000023 00000074376 00000011359 00322517031
00000000023 00000074376 00000011359 00322517031
00000000015 00000075369 00000012352 00323510626
00000000015 00000075369 00000012352 00323510626
00000000015 00000075369 00000012352 00323510626
00000000015 00000075369 00000012352 00323510626
00000000015 00000075369 00000012352 00323510626
00000000016 00000076370 00000013353 00324510815
00000000016 00000076370 00000013353 00324510815
00000000016 00000076370 00000013353 00324510815
00000000016 00000076370 00000013353 00324510815
00000000016 00000076370 00000013353 00324510815
00000000020 00000077374 00000014357 00325515556
00000000020 00000077374 00000014357 00325515556
00000000020 00000077374 00000014357 00325515556
00000000020 00000077374 00000014357 00325515556
00000000020 00000077374 00000014357 00325515556
00000000023 00000078377 00000015360 00326518168
00000000023 00000078377 00000015360 00326518168
00000000023 00000078377 00000015360 00326518168
00000000023 00000078377 00000015360 00326518168
00000000023 00000078377 00000015360 00326518168
00000000032 00000079386 00000016369 00327527276
00000000032 00000079386 00000016369 00327527276
00000000032 00000079386 00000016369 00327527276
00000000032 00000079386 00000016369 00327527276
00000000032 00000079386 00000016369 00327527276
00000000029 00000080384 00000017367 00328525420
00000000029 00000080384 00000017367 00328525420
00000000029 00000080384 00000017367 00328525420
00000000029 00000080384 00000017367 00328525420
00000000029 00000080384 00000017367 00328525420
00000000025 00000081380 00000018363 00329521304
00000000025 00000081380 00000018363 00329521304
00000000025 00000081380 00000018363 00329521304
00000000025 00000081380 00000018363 00329521304
00000000025 00000081380 00000018363 00329521304
00000000019 00000082374 00000019357 00330514789
00000000019 00000082374 00000019357 00330514789
00000000019 00000082374 00000019357 00330514789
00000000019 00000082374 00000019357 00330514789
00000000019 00000082374 00000019357 00330514789
00000000023 00000083378 00000020361 00331518674
00000000023 00000083378 00000020361 00331518674
00000000023 00000083378 00000020361 00331518674
00000000023 00000083378 00000020361 00331518674
00000000023 00000083378 00000020361 00331518674
00000000038 00000084393 00000021376 00332534127
00000000038 00000084393 00000021376 00332534127
00000000038 00000084393 00000021376 00332534127
00000000038 00000084393 00000021376 00332534127
00000000038 00000084393 00000021376 00332534127
00000000036 00000085392 00000022375 00333533235
00000000036 00000085392 00000022375 00333533235
00000000036 00000085392 00000022375 00333533235
00000000036 00000085392 00000022375 00333533235
00000000036 00000085392 00000022375 00333533235
00000000030 00000086386 00000023369 00334527399
00000000030 00000086386 00000023369 00334527399
00000000030 00000086386 00000023369 00334527399
00000000030 00000086386 00000023369 00334527399
00000000030 00000086386 00000023369 00334527399
00000000023 00000087379 00000024362 00335520618
00000000023 00000087379 00000024362 00335520618
00000000023 00000087379 00000024362 00335520618
00000000023 00000087379 00000024362 00335520618
00000000023 00000087379 00000024362 00335520618
00000000021 00000088377 00000025360 00336518405
00000000021 00000088377 00000025360 00336518405
00000000021 00000088377 00000025360 00336518405
00000000021 00000088377 00000025360 00336518405
00000000021 00000088377 00000025360 00336518405
00000000023 00000089379 00000026362 00337519692
00000000023 00000089379 00000026362 00337519692
00000000023 00000089379 00000026362 00337519692
00000000023 00000089379 00000026362 00337519692
00000000023 00000089379 00000026362 00337519692
00000000020 00000090377 00000027360 00338518108
00000000020 00000090377 00000027360 00338518108
00000000020 00000090377 00000027360 00338518108
00000000020 00000090377 00000027360 00338518108
00000000020 00000090377 00000027360 00338518108
00000000035 00000091392 00000028375 00339532833
00000000035 00000091392 00000028375 00339532833
00000000035 00000091392 00000028375 00339532833
00000000035 00000091392 00000028375 00339532833
00000000035 00000091392 00000028375 00339532833
00000000024 00000092381 00000029364 00340522540
00000000024 00000092381 00000029364 00340522540
00000000024 00000092381 00000029364 00340522540
00000000024 00000092381 00000029364 00340522540
00000000024 00000092381 00000029364 00340522540
00000000030 00000093387 00000030370 00341528375
00000000030 00000093387 00000030370 00341528375
00000000030 00000093387 00000030370 00341528375
00000000030 00000093387 00000030370 00341528375
00000000030 00000093387 00000030370 00341528375
00000000143 00000094500 00000031483 00342641055
00000000143 00000094500 00000031483 00342641055
00000000143 00000094500 00000031483 00342641055
00000000143 00000094500 00000031483 00342641055
00000000143 00000094500 00000031483 00342641055
00000000048 00000095405 00000032388 00343545814
00000000048 00000095405 00000032388 00343545814
00000000048 00000095405 00000032388 00343545814
00000000048 00000095405 00000032388 00343545814
00000000048 00000095405 00000032388 00343545814
00000000028 00000036370 00000013365 00344526775
00000000028 00000036370 00000013365 00344526775
00000000028 00000036370 00000013365 00344526775
00000000028 00000036370 00000013365 00344526775
00000000028 00000036370 00000013365 00344526775
00000000037 00000037379 00000014374 00345536327
00000000037 00000037379 00000014374 00345536327
00000000037 00000037379 00000014374 00345536327
00000000037 00000037379 00000014374 00345536327
00000000037 00000037379 00000014374 00345536327
00000000037 00000038379 00000015374 00346536012
00000000037 00000038379 00000015374 00346536012
00000000037 00000038379 00000015374 00346536012
00000000037 00000038379 00000015374 00346536012
00000000037 00000038379 00000015374 00346536012
00000000079 00000039421 00000016416 00347578352
00000000079 00000039421 00000016416 00347578352
00000000079 00000039421 00000016416 00347578352
00000000079 00000039421 00000016416 00347578352
00000000079 00000039421 00000016416 00347578352
00000000029 00000040371 00000017366 00348528442
00000000029 00000040371 00000017366 00348528442
00000000029 00000040371 00000017366 00348528442
00000000029 00000040371 00000017366 00348528442
00000000029 00000040371 00000017366 00348528442
00000000023 00000041366 00000018361 00349523446
00000000023 00000041366 00000018361 00349523446
00000000023 00000041366 00000018361 00349523446
00000000023 00000041366 00000018361 00349523446
00000000023 00000041366 00000018361 00349523446
00000000029 00000042372 00000019367 00350529040
00000000029 00000042372 00000019367 00350529040
00000000029 00000042372 00000019367 00350529040
00000000029 00000042372 00000019367 00350529040
00000000029 00000042372 00000019367 00350529040
00000000028 00000043371 00000020366 00351527885
00000000028 00000043371 00000020366 00351527885
00000000028 00000043371 00000020366 00351527885
00000000028 00000043371 00000020366 00351527885
00000000028 00000043371 00000020366 00351527885
00000000019 00000044362 00000021357 00352524578
00000000019 00000044362 00000021357 00352524578
00000000019 00000044362 00000021357 00352524578
00000000019 00000044362 00000021357 00352524578
00000000019 00000044362 00000021357 00352524578
00000000023 00000045366 00000022361 00353522860
00000000023 00000045366 00000022361 00353522860
00000000023 00000045366 00000022361 00353522860
00000000023 00000045366 00000022361 00353522860
00000000023 00000045366 00000022361 00353522860
00000000125 00000046469 00000023464 00354626660
00000000125 00000046469 00000023464 00354626660
00000000125 00000046469 00000023464 00354626660
00000000125 00000046469 00000023464 00354626660
00000000125 00000046469 00000023464 00354626660
00000000026 00000047370 00000024365 00355527317
00000000026 00000047370 00000024365 00355527317
00000000026 00000047370 00000024365 00355527317
00000000026 00000047370 00000024365 00355527317
00000000026 00000047370 00000024365 00355527317
00000000023 00000048367 00000025362 00356524279
00000000023 00000048367 00000025362 00356524279
00000000023 00000048367 00000025362 00356524279
00000000023 00000048367 00000025362 00356524279
00000000023 00000048367 00000025362 00356524279
00000000028 00000049372 00000026367 00357529082
00000000028 00000049372 00000026367 00357529082
00000000028 00000049372 00000026367 00357529082
00000000028 00000049372 00000026367 00357529082
00000000028 00000049372 00000026367 00357529082
00000000039 00000050383 00000027378 00358540178
00000000039 00000050383 00000027378 00358540178
00000000039 00000050383 00000027378 00358540178
00000000039 00000050383 00000027378 00358540178
00000000039 00000050383 00000027378 00358540178
00000000036 00000051381 00000028376 00359538079
00000000036 00000051381 00000028376 00359538079
00000000036 00000051381 00000028376 00359538079
00000000036 00000051381 00000028376 00359538079
00000000036 00000051381 00000028376 00359538079
00000000037 00000052382 00000029377 00360538955
00000000037 00000052382 00000029377 00360538955
00000000037 00000052382 00000029377 00360538955
00000000037 00000052382 00000029377 00360538955
00000000037 00000052382 00000029377 00360538955
00000000021 00000053366 00000030361 00361523420
00000000021 00000053366 00000030361 00361523420
00000000021 00000053366 00000030361 00361523420
00000000021 00000053366 00000030361 00361523420
00000000021 00000053366 00000030361 00361523420
00000000022 00000054367 00000031362 00362523813
00000000022 00000054367 00000031362 00362523813
00000000022 00000054367 00000031362 00362523813
00000000022 00000054367 00000031362 00362523813
00000000022 00000054367 00000031362 00362523813
00000000089 00000055434 00000032429 00363591204
00000000089 00000055434 00000032429 00363591204
00000000089 00000055434 00000032429 00363591204
00000000089 00000055434 00000032429 00363591204
00000000089 00000055434 00000032429 00363591204
00000000023 00000056368 00000033363 00364525424
00000000023 00000056368 00000033363 00364525424
00000000023 00000056368 00000033363 00364525424
00000000023 00000056368 00000033363 00364525424
00000000023 00000056368 00000033363 00364525424
00000000018 00000057364 00000014356 00365521617
00000000018 00000057364 00000014356 00365521617
00000000018 00000057364 00000014356 00365521617
00000000018 00000057364 00000014356 00365521617
00000000018 00000057364 00000014356 00365521617
00000000032 00000058378 00000015370 00366535025
00000000032 00000058378 00000015370 00366535025
00000000032 00000058378 00000015370 00366535025
00000000032 00000058378 00000015370 00366535025
00000000032 00000058378 00000015370 00366535025
