S[0, 0] 5644.474 14725556
S[0, 1] 4640 14727448
S[0, 2] 3639.767 14727448
S[0, 3] 2949.379 15037239
S[0, 4] 1974.076 15063683
S[0, 5] 1743.74 15833519
S[0, 6] 1203.421 16293402
S[0, 7] 1192.589 17282768
C[[0, 0], 0] 8236.91 17317989
C[[0, 0], 1] 7532.736 17620184
C[[0, 0], 2] 6532.503 17620184
C[[0, 0], 3] 5532.324 17620184
C[[0, 0], 4] 4530.578 17620184
C[[0, 0], 5] 3530.404 17620184
C[[0, 0], 6] 2530.203 17620184
C[[0, 0], 7] 1530.005 17620184
S[0, 8] 1302.486 18392847
S[0, 9] 1347.327 19437865
C[[0, 0], 9] 1507.739 19598276
C[[0, 0], 8] 2507.916 19598276
S[0, 10] 1317.944 20408662
C[[0, 0], 10] 1487.212 20577930
S[0, 11] 1335.296 21426192
C[[0, 0], 11] 1507.595 21598491
S[0, 12] 1316.963 22408037
C[[0, 0], 12] 1476.292 22567366
S[0, 13] 1314.831 23406081
C[[0, 0], 13] 1468.806 23560056
S[0, 14] 1210.912 24302348
C[[0, 0], 14] 1493.564 24585000
S[0, 15] 1316.471 25408118
C[[0, 0], 15] 1489.543 25581189
S[0, 16] 1204.161 26296590
C[[0, 0], 16] 1512.693 26605121
S[0, 17] 1185.349 27277958
C[[0, 0], 17] 1475.903 27568511
S[0, 18] 1276.467 28369252
C[[0, 0], 18] 1482.587 28575373
S[0, 19] 1499.359 29592327
C[[0, 0], 19] 2090.471 30183439
S[0, 20] 1297.115 30390265
S[0, 21] 1512.661 31606822
C[[0, 1], 0] 3066.621 32159771
S[0, 22] 1522.766 32617109
C[[0, 1], 1] 2635.617 32729778
C[[0, 1], 2] 1689.901 32784244
S[0, 23] 1544.038 33638560
C[[0, 1], 3] 1991.139 34085661
S[0, 24] 1539.633 34634330
C[[0, 1], 4] 2028.548 35123245
S[0, 25] 1383.609 35478489
S[0, 26] 1703.022 36798089
CS[0, 0] 28638.972 8625.947 37719094
C[[0, 1], 5] 3624.753 37719633
C[[0, 1], 6] 2624.566 37719633
S[0, 27] 2290.106 38385350
S[0, 28] 1489.079 38584580
C[[0, 1], 8] 1866.082 38961583
C[[0, 1], 7] 2866.339 38961583
S[0, 29] 1504.748 39600460
C[[0, 1], 9] 1828.866 39924578
S[0, 30] 1290.394 40386309
C[[0, 1], 10] 1601.476 40697391
S[0, 31] 1529.67 41625773
C[[0, 1], 11] 1837.791 41933893
S[0, 32] 1310.801 42407108
C[[0, 1], 12] 1590.058 42686364
S[0, 33] 1522.832 43619316
C[[0, 1], 13] 1848.605 43945089
S[0, 34] 1305.521 44402197
C[[0, 1], 14] 1622.873 44719549
S[0, 35] 1549.961 45646836
C[[0, 1], 15] 1858.271 45955146
S[0, 36] 1489.013 46586076
C[[0, 1], 16] 1818.573 46915637
S[0, 37] 1305.803 47403060
C[[0, 1], 17] 1607.823 47705081
S[0, 38] 1525.705 48623154
C[[0, 1], 18] 1859.209 48956658
S[0, 39] 1468.011 49565644
S[0, 40] 1464.134 50561968
C[[0, 1], 19] 2977.053 51074685
S[0, 41] 1532.763 51630783
S[0, 42] 1520.378 52618583
C[[0, 2], 0] 3802.062 52899896
C[[0, 2], 1] 3083.999 53182020
S[0, 43] 1566.711 53665108
S[0, 44] 1550.268 54648864
C[[0, 2], 2] 3832.024 54930230
C[[0, 2], 3] 3019.771 55118169
S[0, 45] 1312.455 55411236
S[0, 46] 1504.839 56603809
S[0, 47] 1301.64 57400799
C[[0, 2], 5] 4079.576 58178358
C[[0, 2], 4] 5079.762 58178358
C[[0, 2], 7] 2175.656 58274815
C[[0, 2], 6] 3175.845 58274815
S[0, 48] 1529.523 58628884
C[[0, 2], 8] 1848.153 58947514
S[0, 49] 1523.544 59623092
C[[0, 2], 9] 1947.329 60046878
CS[0, 1] 30953.806 10949.122 60046956
S[0, 50] 1313.935 60413674
C[[0, 2], 10] 1961.111 61060849
S[0, 51] 1516.873 61616791
C[[0, 2], 11] 1818.925 61918844
S[0, 52] 1292.223 62392327
C[[0, 2], 12] 1571.67 62671774
S[0, 53] 1506.132 63606413
C[[0, 2], 13] 1842.577 63942858
S[0, 54] 1528.295 64628758
C[[0, 2], 14] 1800.541 64901004
S[0, 55] 1310.635 65411289
C[[0, 2], 15] 1625.428 65726083
S[0, 56] 1521.959 66622794
C[[0, 2], 16] 1849.727 66950562
S[0, 57] 1500.57 67601582
C[[0, 2], 17] 1782.847 67883858
S[0, 58] 809.901 67911098
C[[0, 2], 18] 1630.553 68731751
S[0, 59] 1508.439 69609822
C[[0, 2], 19] 2013.272 70114656
S[1, 0] 2458.218 71559790
S[1, 1] 1523.915 71626633
S[1, 2] 1448.23 72551131
SS0 63873.449 3851.073 72952642
S[1, 3] 1463.771 73566853
C[[0, 3], 0] 4953.078 74054650
C[[0, 3], 1] 4006.854 74109572
S[1, 4] 1431.34 74534616
C[[0, 3], 2] 3497.008 74599908
S[1, 5] 1438.703 75542197
C[[0, 3], 3] 4288.593 76391674
C[[0, 3], 4] 3288.399 76391674
S[1, 6] 1455.879 76559564
S[1, 7] 1456.08 77559952
S[1, 8] 1481.3 78585352
C[[0, 3], 6] 3721.872 78825557
C[[0, 3], 5] 4722.063 78825557
C[[0, 3], 7] 3420.359 79524230
C[[0, 3], 8] 2420.179 79524230
S[1, 9] 1489.886 79594126
C[[0, 3], 9] 1844.864 79949104
S[1, 10] 1525.805 80630233
C[[0, 3], 10] 1755.921 80860349
CS[0, 2] 31762.595 11758.857 80860429
S[1, 11] 1763.014 81867633
C[[0, 3], 11] 1992.509 82097127
S[1, 12] 1499.527 82604335
C[[0, 3], 12] 1570.503 82675311
S[1, 13] 915.424 83020414
C[[0, 3], 13] 1752.453 83857443
S[1, 14] 1282.585 84387749
C[[0, 3], 14] 1804.379 84909542
S[1, 15] 1416.96 85522289
C[[0, 3], 15] 1832.757 85938086
S[1, 16] 1421.927 86527440
C[[0, 3], 16] 1595.268 86700781
S[1, 17] 1419.778 87525469
C[[0, 3], 17] 1833.609 87939300
S[1, 18] 1424.635 88530516
C[[0, 3], 18] 1631.599 88737481
S[1, 19] 1481.681 89587749
C[[0, 3], 19] 1554.545 89660613
S[1, 20] 1554.505 90660754
C[[0, 4], 0] 2506.428 91612677
S[1, 21] 1755.891 91862331
S[1, 22] 1764.534 92871157
S[1, 23] 1552.317 93659127
C[[0, 4], 1] 3815.152 93921592
S[1, 24] 1401.73 94508720
S[1, 25] 1769.449 95876619
C[[0, 4], 3] 4063.13 96169939
C[[0, 4], 2] 5063.317 96169939
S[1, 26] 1417.343 96524706
S[1, 27] 1399.87 97507409
S[1, 28] 1410.985 98518704
S[1, 29] 900.194 99008099
C[[0, 4], 6] 4687.008 99794371
C[[0, 4], 5] 5687.201 99794371
C[[0, 4], 7] 3686.832 99794371
C[[0, 4], 4] 6687.381 99794371
C[[0, 4], 9] 1849.665 99957570
C[[0, 4], 8] 2849.85 99957570
S[1, 30] 936.035 100044116
C[[0, 4], 10] 1765.472 100873553
CS[0, 3] 31772.06 11767.383 100873632
S[1, 31] 1508.428 101616692
C[[0, 4], 11] 2041.945 102150208
S[1, 32] 1503.005 102611451
C[[0, 4], 12] 1589.028 102697475
S[1, 33] 1798.784 103907413
C[[0, 4], 13] 1857.734 103966363
S[1, 34] 1721.049 104829863
C[[0, 4], 14] 1768.81 104877624
S[1, 35] 1423.64 105538260
C[[0, 4], 15] 1612.884 105727504
S[1, 36] 1417.069 106531868
C[[0, 4], 16] 1844.471 106959271
S[1, 37] 1423.215 107538193
C[[0, 4], 17] 1782.589 107897567
S[1, 38] 1408.824 108523988
C[[0, 4], 18] 1594.627 108709792
S[1, 39] 1320.283 109435632
C[[0, 4], 19] 1529.825 109645175
S[1, 40] 1426.887 110542422
C[[0, 5], 0] 2433.725 111549261
S[1, 41] 1453.464 111569188
S[1, 42] 1452.174 112568080
S[1, 43] 1500.898 113616993
C[[0, 5], 1] 3807.822 113923546
S[1, 44] 1768.725 114884993
S[1, 45] 1515.387 115631839
C[[0, 5], 3] 3916.581 116032676
C[[0, 5], 4] 2916.407 116032676
C[[0, 5], 2] 4916.77 116032676
S[1, 46] 1396.917 116513549
S[1, 47] 1406.173 117522992
S[1, 48] 1495.689 118612693
C[[0, 5], 5] 4661.577 118778029
C[[0, 5], 6] 3661.397 118778029
S[1, 49] 1403.429 119520621
CS[0, 4] 30994.515 10985.228 120100764
C[[0, 5], 9] 1983.703 120100895
C[[0, 5], 8] 2983.891 120100895
C[[0, 5], 7] 3984.076 120100895
S[1, 50] 1404.353 120521729
C[[0, 5], 10] 2121.488 121238864
S[1, 51] 1433.965 121551527
C[[0, 5], 11] 1585.46 121703021
S[1, 52] 1423.007 122540746
C[[0, 5], 12] 1795.719 122913458
S[1, 53] 1434.509 123552443
C[[0, 5], 13] 1575.961 123693895
S[1, 54] 1424.439 124542559
C[[0, 5], 14] 1823.336 124941456
S[1, 55] 1403.88 125522185
C[[0, 5], 15] 1584.135 125702440
S[1, 56] 917.346 126035837
C[[0, 5], 16] 1815.431 126933921
S[1, 57] 1303.729 127422393
C[[0, 5], 17] 1624.84 127743504
S[1, 58] 1498.828 128617670
C[[0, 5], 18] 1825.809 128944652
S[1, 59] 1516.385 129635419
C[[0, 5], 19] 1536.47 129655503
S[2, 0] 1569.968 130689184
SS1 61669.363 1651.719 130770935
C[[0, 6], 0] 2445.164 131564379
S[2, 1] 1509.363 131628760
S[2, 2] 1573.7 132693320
S[2, 3] 1419.781 133539614
C[[0, 6], 1] 3855.218 133974614
S[2, 4] 1417.695 134537714
S[2, 5] 1458.21 135578406
C[[1, 0], 0] 5167.431 136287051
C[[1, 0], 1] 4245.962 136365795
S[2, 6] 1418.804 136539185
S[2, 7] 1418.972 137539541
S[2, 8] 1445.907 138566663
C[[1, 0], 2] 6094.452 139214471
S[2, 9] 1657.25 139778180
C[[1, 0], 3] 5658.076 139778272
S[2, 10] 903.826 140024939
C[[1, 0], 4] 6277.916 141398297
S[2, 11] 1447.707 141569003
C[[1, 0], 5] 5919.613 142040183
C[[1, 0], 7] 3981.078 142102008
C[[1, 0], 6] 4981.252 142102008
C[[1, 0], 8] 3453.129 142574242
S[2, 12] 1559.014 142680486
CS[0, 5] 34103.184 14099.504 143218720
C[[1, 0], 10] 2097.395 143218868
C[[1, 0], 9] 3097.572 143218868
S[2, 13] 1785.623 143907283
C[[1, 0], 11] 1963.955 144085615
CS[0, 6] 14966.475 12966.071 144085691
S[2, 14] 1520.265 144642104
C[[1, 0], 12] 1623.366 144745205
S[2, 15] 1422.497 145544526
C[[1, 0], 13] 1839.451 145961480
S[2, 16] 1414.362 146536567
C[[1, 0], 14] 1580.647 146702852
S[2, 17] 1409.491 147531881
C[[1, 0], 15] 1766.206 147888595
S[2, 18] 1418.496 148541060
C[[1, 0], 16] 1793.066 148915630
S[2, 19] 1439.381 149562127
C[[1, 0], 17] 1605.773 149728520
S[2, 20] 1430.653 150553580
C[[1, 0], 18] 1801.858 150924785
S[2, 21] 1301.285 151424387
C[[1, 0], 19] 1992.16 152115262
S[2, 22] 1422.23 152545524
C[[1, 1], 0] 2048.372 153171667
S[2, 23] 1447.524 153571001
S[2, 24] 1487.653 154611304
S[2, 25] 1759.012 155882848
C[[1, 1], 1] 4005.516 156128994
S[2, 26] 1758.79 156882799
S[2, 27] 1689.341 157813536
C[[1, 1], 4] 2831.92 157955929
C[[1, 1], 3] 3832.093 157955929
C[[1, 1], 2] 4832.279 157955929
S[2, 28] 940.819 158065213
S[2, 29] 917.941 159042516
S[2, 30] 950.801 160075558
S[2, 31] 948.344 161073277
C[[1, 1], 5] 5137.716 161261912
C[[1, 1], 6] 4137.518 161261912
C[[1, 1], 8] 2163.535 161288292
C[[1, 1], 7] 3163.716 161288292
C[[1, 1], 9] 1805.997 161930929
S[2, 32] 1272.816 162397927
C[[1, 1], 10] 1955.27 163080381
CS[1, 0] 31960.842 11957.167 163080462
S[2, 33] 1392.287 163517573
C[[1, 1], 11] 1805.882 163931168
S[2, 34] 1507.193 164632643
C[[1, 1], 12] 1820.322 164945772
S[2, 35] 1536.914 165662542
C[[1, 1], 13] 1567.763 165693391
S[2, 36] 1756.593 166882403
C[[1, 1], 14] 1825.376 166951185
S[2, 37] 1530.38 167656374
C[[1, 1], 15] 1621.886 167747880
S[2, 38] 1431.016 168557195
C[[1, 1], 16] 1765.767 168891946
S[2, 39] 1433.391 169559753
C[[1, 1], 17] 1646.103 169772466
S[2, 40] 1442.879 170569421
C[[1, 1], 18] 1781.098 170907640
S[2, 41] 1303.284 171430023
C[[1, 1], 19] 1757.678 171884417
S[2, 42] 1454.586 172581510
C[[1, 2], 0] 2151.095 173278018
S[2, 43] 1428.839 173555942
S[2, 44] 1427.076 174554361
C[[1, 2], 1] 3138.183 175265285
S[2, 45] 1488.038 175615494
S[2, 46] 1683.039 176810710
C[[1, 2], 2] 4343.695 177470979
S[2, 47] 1488.117 177615975
C[[1, 2], 3] 3578.97 177706426
S[2, 48] 901.025 178029059
S[2, 49] 925.785 179053996
C[[1, 2], 5] 4176.012 180303870
C[[1, 2], 4] 5176.198 180303870
C[[1, 2], 6] 3175.836 180303870
C[[1, 2], 7] 2298.884 180427094
S[2, 50] 1319.225 180447614
C[[1, 2], 8] 1857.591 180985980
S[2, 51] 1421.248 181549822
C[[1, 2], 9] 1950.191 182078765
CS[1, 1] 30955.548 10951.919 182078843
S[2, 52] 1445.816 182574571
C[[1, 2], 10] 2105.937 183234692
S[2, 53] 1485.3 183614235
C[[1, 2], 11] 1792.252 183921186
S[2, 54] 1741.314 184870431
C[[1, 2], 12] 1820.615 184949731
S[2, 55] 1530.605 185659898
S[2, 56] 1406.475 186535945
C[[1, 2], 14] 1808.03 186937500
C[[1, 2], 13] 2808.207 186937500
S[2, 57] 1424.401 187554053
C[[1, 2], 15] 1584.705 187714356
S[2, 58] 1431.826 188561657
C[[1, 2], 16] 1845.689 188975521
S[2, 59] 1420.35 189550357
C[[1, 2], 17] 1776.989 189906997
S[3, 0] 1425.539 190555722
C[[1, 2], 18] 1712.343 190842525
SS2 62355.25 2344.283 191474466
S[3, 1] 1380.395 191510767
C[[1, 2], 19] 1519.869 191650241
S[3, 2] 1302.586 192433142
C[[1, 3], 0] 2044.613 193175169
S[3, 3] 1417.746 193548486
S[3, 4] 1485.797 194616720
S[3, 5] 1832.947 195964048
S[3, 6] 1753.951 196885228
C[[2, 0], 0] 5513.747 197644487
S[3, 7] 1790.324 197921823
S[3, 8] 1733.308 198864990
S[3, 9] 1444.753 199576615
C[[2, 0], 1] 7530.661 200661585
C[[2, 0], 2] 6530.484 200661585
S[3, 10] 1672.368 200804408
S[3, 11] 1435.985 201568204
C[[2, 0], 3] 6696.793 201828070
S[3, 12] 1548.442 202680848
C[[2, 0], 4] 6582.731 202714231
C[[2, 0], 5] 5756.15 202887832
C[[2, 0], 7] 4067.527 203199568
C[[2, 0], 6] 5067.706 203199568
C[[2, 0], 8] 3130.418 203262637
S[3, 13] 1432.173 203564764
C[[2, 0], 9] 3354.484 204486890
C[[2, 0], 10] 2354.298 204486890
CS[1, 3] 13356.444 12356.261 204487001
CS[1, 2] 33360.077 13356.444 204487001
S[3, 14] 1417.156 204549932
S[3, 15] 1489.263 205622223
C[[2, 0], 12] 1775.434 205908394
C[[2, 0], 11] 2775.618 205908394
S[3, 16] 1737.282 206870420
C[[2, 0], 13] 1797.909 206931046
S[3, 17] 1565.756 207699068
C[[2, 0], 14] 1642.542 207775853
S[3, 18] 1443.201 208576691
C[[2, 0], 15] 1802.958 208936448
S[3, 19] 1440.676 209574349
C[[2, 0], 16] 1827.094 209960767
S[3, 20] 1418.287 210552138
C[[2, 0], 17] 1797.183 210931035
S[3, 21] 1448.999 211583033
C[[2, 0], 18] 1779.505 211913539
S[3, 22] 1289.312 212423530
C[[2, 0], 19] 1765.841 212900058
S[3, 23] 1423.854 213558256
C[[2, 1], 0] 1885.014 214019416
S[3, 24] 1429.233 214563821
S[3, 25] 1427.672 215562433
C[[2, 1], 1] 3378.448 216513036
S[3, 26] 1833.749 216968694
S[3, 27] 1734.283 217869408
C[[2, 1], 2] 4436.014 218570775
S[3, 28] 1435.579 218570885
C[[2, 1], 3] 3532.696 218667640
S[3, 29] 1492.969 219628447
S[3, 30] 1511.22 220646891
C[[2, 1], 4] 5716.715 221851840
C[[2, 1], 5] 4716.534 221851840
C[[2, 1], 6] 3716.362 221851840
C[[2, 1], 7] 2746.767 221882438
C[[2, 1], 8] 1746.581 221882438
S[3, 31] 1780.947 221916803
S[3, 32] 1759.696 222895728
CS[2, 0] 31002.775 10999.113 223133515
C[[2, 1], 9] 1997.62 223133652
S[3, 33] 1517.921 223654131
C[[2, 1], 10] 2063.176 224199386
S[3, 34] 1417.002 224553384
C[[2, 1], 11] 1803.584 224939966
S[3, 35] 1430.013 225566607
C[[2, 1], 12] 1620.645 225757239
S[3, 36] 1440.273 226577044
C[[2, 1], 13] 1810.774 226947545
S[3, 37] 1441.901 227578851
C[[2, 1], 14] 1633.378 227770328
S[3, 38] 1421.736 228558867
C[[2, 1], 15] 1805.417 228942548
S[3, 39] 1439.197 229576510
C[[2, 1], 16] 1658.323 229795637
S[3, 40] 1425.545 230563035
C[[2, 1], 17] 1782.547 230920037
S[3, 41] 1413.592 231551257
C[[2, 1], 18] 1600.499 231738165
S[3, 42] 1522.073 232659916
C[[2, 1], 19] 1560.036 232697878
S[3, 43] 1539.137 233677156
C[[2, 2], 0] 2578.008 234716028
S[3, 44] 1772.381 234910580
S[3, 45] 1698.74 235837119
S[3, 46] 1446.67 236585223
C[[2, 2], 1] 3624.946 236763144
S[3, 47] 1423.799 237562533
S[3, 48] 1398.312 238537235
C[[2, 2], 3] 4159.021 239297573
C[[2, 2], 2] 5159.195 239297573
S[3, 49] 1429.589 239568699
S[3, 50] 1391.93 240531223
S[3, 51] 1411.507 241551001
C[[2, 2], 5] 5544.834 242683756
C[[2, 2], 4] 6545.022 242683756
S[3, 52] 1737.061 242876742
C[[2, 2], 8] 2737.335 242876829
C[[2, 2], 7] 3737.535 242876829
C[[2, 2], 6] 4737.719 242876829
C[[2, 2], 9] 1843.447 242983129
S[3, 53] 1585.125 243724991
CS[2, 1] 31814.118 11810.5 243948520
S[3, 54] 1753.769 244893821
C[[2, 2], 10] 2890.085 245029951
C[[2, 2], 11] 2116.923 245256974
S[3, 55] 1521.261 245661503
S[3, 56] 1426.022 246566438
C[[2, 2], 13] 1813.883 246954299
C[[2, 2], 12] 2814.057 246954299
S[3, 57] 1420.986 247561591
C[[2, 2], 14] 1615.141 247755746
S[3, 58] 1439.182 248579962
C[[2, 2], 15] 1804.4 248945180
S[3, 59] 5335.527 253476492
S[4, 0] 9538.066 258679200
S[4, 3] 6581.001 258722686
S[4, 2] 7581.188 258722686
S[4, 1] 8581.368 258722686
S[4, 4] 5615.127 258756998
S[4, 5] 4614.936 258756998
S[4, 6] 3614.748 258756998
S[4, 7] 2614.567 258756998
S[4, 8] 1614.381 258756998
S[4, 9] 1046.834 259189632
SS3 70796.243 10785.291 259926426
C[[2, 3], 4] 3867.753 260010185
C[[2, 2], 16] 11869.22 260010185
C[[2, 3], 0] 7868.499 260010185
C[[2, 2], 18] 9868.866 260010185
C[[2, 3], 2] 5868.122 260010185
C[[2, 3], 3] 4867.934 260010185
C[[2, 2], 19] 8868.686 260010185
C[[2, 2], 17] 10869.05 260010185
C[[2, 3], 1] 6868.313 260010185
C[[2, 3], 5] 2867.567 260010185
C[[2, 3], 6] 1867.387 260010185
S[4, 10] 1284.611 260427600
C[[2, 3], 7] 2019.528 261162517
S[4, 11] 1439.208 261582369
S[4, 12] 1723.402 262866749
C[[3, 0], 0] 3512.405 263655566
S[4, 13] 1531.021 263674542
S[4, 14] 1484.481 264628186
S[4, 15] 1746.453 265890337
C[[3, 0], 1] 5206.551 266349899
S[4, 16] 1583.803 266727862
S[4, 17] 1491.375 267635622
C[[3, 0], 2] 6372.024 268515545
S[4, 18] 1735.123 268879543
S[4, 19] 1560.201 269704804
S[4, 20] 1398.224 270543005
C[[3, 0], 3] 8386.351 271530056
S[4, 21] 1736.705 271881666
S[4, 22] 1662.366 272807505
S[4, 23] 1628.776 273774101
C[[3, 0], 4] 9872.079 274015962
S[4, 24] 1761.65 274907150
S[4, 25] 1528.165 275673843
C[[3, 0], 5] 11022.053 276166112
S[4, 26] 1411.817 276557679
CS[2, 2] 44962.158 24958.492 277100178
C[[3, 0], 15] 2120.655 277266517
C[[3, 0], 13] 4121.017 277266517
C[[3, 0], 11] 6121.378 277266517
C[[3, 0], 10] 7121.555 277266517
C[[3, 0], 8] 9121.914 277266517
C[[3, 0], 6] 11122.27 277266517
C[[3, 0], 12] 5121.191 277266517
C[[3, 0], 7] 10122.097 277266517
C[[3, 0], 14] 3120.839 277266517
C[[3, 0], 9] 8121.736 277266517
S[4, 27] 1718.384 277864419
C[[3, 0], 16] 1773.968 277920003
S[4, 28] 1447.294 278593519
C[[3, 0], 17] 1919.279 279065504
CS[2, 3] 26923.902 18922.427 279065588
S[4, 29] 1422.554 279568966
C[[3, 0], 18] 1877.139 280023551
S[4, 30] 1313.02 280459612
C[[3, 0], 19] 1926.729 281073320
S[4, 31] 1490.717 281637480
C[[3, 1], 0] 2567.032 282713794
S[4, 32] 1730.421 282877366
S[4, 33] 1552.547 283699649
S[4, 34] 1492.672 284639959
C[[3, 1], 1] 4009.629 285156574
S[4, 35] 1770.707 285918185
S[4, 36] 1660.962 286808626
C[[3, 1], 3] 4159.264 287306551
C[[3, 1], 2] 5159.448 287306551
S[4, 37] 1398.401 287546252
C[[3, 1], 4] 4217.058 288364537
C[[3, 1], 5] 3284.884 288432547
S[4, 38] 1527.158 288675195
S[4, 39] 1486.318 289634545
C[[3, 1], 6] 3634.7 289782551
S[4, 40] 1713.901 290862312
C[[3, 1], 7] 4465.068 291613105
S[4, 41] 1554.649 291703235
C[[3, 1], 8] 3555.095 291703323
C[[3, 1], 9] 2619.663 291768074
S[4, 42] 1485.28 292634051
CS[3, 0] 32903.892 12900.29 293047053
C[[3, 1], 10] 2898.607 293047193
C[[3, 1], 11] 1898.422 293047193
S[4, 43] 1693.261 293842215
C[[3, 1], 12] 1901.391 294050346
S[4, 44] 1558.723 294707865
C[[3, 1], 13] 1629.891 294779034
S[4, 45] 1513.604 295662925
C[[3, 1], 14] 1787.824 295937145
S[4, 46] 1608.292 296757806
C[[3, 1], 15] 1644.579 296794093
S[4, 47] 1791.874 297941571
C[[3, 1], 16] 1822.991 297972688
S[4, 48] 1726.564 298882010
C[[3, 1], 17] 1815.181 298970627
S[4, 49] 1725.022 299880673
C[[3, 1], 18] 1771.29 299926941
S[4, 50] 1526.616 300682444
C[[3, 1], 19] 1561.57 300717397
S[4, 51] 1749.906 301905924
C[[3, 2], 0] 2504.847 302660865
S[4, 52] 1766.223 302922421
S[4, 53] 1797.6 303953981
S[4, 54] 1731.153 304887726
S[4, 55] 872.115 305028827
C[[3, 2], 1] 3887.127 305043325
S[4, 56] 1292.781 306449685
C[[3, 2], 2] 5079.444 307235824
C[[3, 2], 3] 4079.251 307235824
C[[3, 2], 4] 3079.113 307235824
S[4, 57] 1490.006 307647088
C[[3, 2], 6] 2231.56 308388641
C[[3, 2], 5] 3231.737 308388641
S[4, 58] 1521.705 308678967
S[4, 59] 1766.399 309923845
C[[3, 2], 7] 2872.873 310030135
S[5, 0] 1715.16 310872781
C[[3, 2], 9] 1819.444 310977064
C[[3, 2], 8] 2819.619 310977064
S[5, 1] 1461.969 311619784
SS4 62663.067 2646.581 311804202
C[[3, 2], 10] 1823.435 311981250
CS[3, 1] 31834.569 11825.314 311981332
S[5, 2] 1316.704 312474703
C[[3, 2], 11] 1839.83 312997830
S[5, 3] 1426.632 313584815
S[5, 4] 1413.96 314572351
C[[4, 0], 0] 2925.274 315083457
S[5, 5] 1469.639 315628181
S[5, 6] 1575.838 316734560
C[[4, 0], 1] 3642.873 316801264
S[5, 7] 1723.631 317882538
C[[4, 0], 2] 4236.157 318394699
S[5, 8] 1541.665 318700755
C[[4, 0], 3] 3684.458 318843180
S[5, 9] 1300.609 319459877
C[[4, 0], 4] 4438.049 320596956
S[5, 10] 1437.564 320597010
C[[4, 0], 6] 3044.019 321203287
C[[4, 0], 5] 4044.196 321203287
S[5, 11] 1421.495 321581151
C[[4, 0], 7] 2940.096 322099542
C[[4, 0], 8] 1939.886 322099542
CS[3, 2] 21943.632 9941.467 322099650
S[5, 12] 1434.99 322594840
C[[4, 0], 9] 1939.052 323098902
S[5, 13] 1494.852 323654890
S[5, 14] 1469.824 324630036
C[[4, 0], 11] 1757.276 324917489
C[[4, 0], 10] 2757.451 324917489
S[5, 15] 1749.798 325910199
C[[4, 0], 12] 1782.875 325943276
S[5, 16] 1723.689 326884269
C[[4, 0], 13] 1768.963 326929542
S[5, 17] 1733.99 327894757
C[[4, 0], 14] 1770.845 327931612
S[5, 18] 1733.164 328894119
C[[4, 0], 15] 1759.68 328920634
S[5, 19] 1447.468 329608601
C[[4, 0], 16] 1735.334 329896466
S[5, 20] 1503.116 330664446
C[[4, 0], 17] 1818.839 330980169
S[5, 21] 1716.601 331878115
C[[4, 0], 18] 1756.527 331918041
S[5, 22] 1519.699 332681392
C[[4, 0], 19] 1559.077 332720770
S[5, 23] 1578.308 333740178
C[[4, 1], 0] 2079.862 334241732
S[5, 24] 1457.956 334620032
S[5, 25] 1614.783 335777024
C[[4, 1], 1] 3069.425 336231500
S[5, 26] 1427.212 336589686
S[5, 27] 1415.291 337577947
C[[4, 1], 3] 3298.912 338461386
C[[4, 1], 2] 4299.145 338461386
S[5, 28] 1471.454 338634298
C[[4, 1], 4] 3115.112 339277767
S[5, 29] 1476.979 339640021
S[5, 30] 1486.65 340649895
S[5, 31] 1724.858 341888288
C[[4, 1], 6] 4245.091 342408132
C[[4, 1], 5] 5245.288 342408132
C[[4, 1], 7] 3432.968 342596212
C[[4, 1], 8] 2432.783 342596212
S[5, 32] 1732.588 342896234
C[[4, 1], 9] 1797.509 342961155
S[5, 33] 1594.098 343757928
CS[4, 0] 31816.258 11812.571 343974441
S[5, 34] 1457.862 344621875
C[[4, 1], 10] 2847.85 345011680
C[[4, 1], 11] 1923.701 345087714
S[5, 35] 1443.539 345607735
S[5, 36] 1484.212 346648596
C[[4, 1], 13] 1773.133 346937517
C[[4, 1], 12] 2773.321 346937517
S[5, 37] 1497.559 347662120
C[[4, 1], 14] 1789.26 347953821
S[5, 38] 1564.814 348729563
C[[4, 1], 15] 1636.707 348801456
S[5, 39] 1778.818 349943758
C[[4, 1], 16] 1802.98 349967920
S[5, 40] 1777.274 350942396
C[[4, 1], 17] 1809.774 350974896
S[5, 41] 1779.594 351944889
C[[4, 1], 18] 1847.482 352012778
S[5, 42] 1485.974 352651446
C[[4, 1], 19] 1512.684 352678157
S[5, 43] 1427.831 353593483
C[[4, 2], 0] 2408.972 354574625
S[5, 44] 1460.935 354626779
S[5, 45] 1432.199 355598225
S[5, 46] 1481.456 356647672
C[[4, 2], 1] 3719.935 356885779
S[5, 47] 1634.102 357800500
S[5, 48] 1711.335 358877916
C[[4, 2], 2] 4828.145 358994172
C[[4, 2], 3] 3924.525 359090740
S[5, 49] 1743.861 359910622
C[[4, 2], 4] 4091.458 360257856
C[[4, 2], 5] 3091.274 360257856
S[5, 50] 1739.801 360906745
C[[4, 2], 6] 3587.578 361754339
S[5, 51] 1753.34 361920459
S[5, 52] 1705.436 362872751
C[[4, 2], 7] 4207.859 363374803
C[[4, 2], 8] 3366.787 363533906
C[[4, 2], 9] 2366.591 363533906
S[5, 53] 1444.631 363612124
S[5, 54] 1490.355 364658043
C[[4, 2], 11] 1939.099 365106787
C[[4, 2], 10] 2939.293 365106787
CS[4, 1] 32945.029 12941.246 365106899
S[5, 55] 1743.067 365910903
C[[4, 2], 12] 1981.205 366149041
S[5, 56] 1587.192 366755208
C[[4, 2], 13] 1610.393 366778409
