00000015994 00000035989 00000035989 00097925078
00000015994 00000035989 00000035989 00097925078
00000015994 00000035989 00000035989 00097925078
00000015994 00000035989 00000035989 00097925078
00000015994 00000035989 00000035989 00097925078
00000014993 00000035989 00000035989 00097925078
00000014993 00000035989 00000035989 00097925078
00000014993 00000035989 00000035989 00097925078
00000014993 00000035989 00000035989 00097925078
00000014993 00000035989 00000035989 00097925078
00000013993 00000035989 00000035989 00097925078
00000013993 00000035989 00000035989 00097925078
00000013993 00000035989 00000035989 00097925078
00000013993 00000035989 00000035989 00097925078
00000013993 00000035989 00000035989 00097925078
00000012992 00000035989 00000035989 00097925078
00000012992 00000035989 00000035989 00097925078
00000012992 00000035989 00000035989 00097925078
00000012992 00000035989 00000035989 00097925078
00000012992 00000035989 00000035989 00097925078
00000011992 00000035989 00000035989 00097925078
00000011992 00000035989 00000035989 00097925078
00000011992 00000035989 00000035989 00097925078
00000011992 00000035989 00000035989 00097925078
00000011992 00000035989 00000035989 00097925078
00000010992 00000035989 00000035989 00097925078
00000010992 00000035989 00000035989 00097925078
00000010992 00000035989 00000035989 00097925078
00000010992 00000035989 00000035989 00097925078
00000010992 00000035989 00000035989 00097925078
00000009992 00000035989 00000035989 00097925078
00000009992 00000035989 00000035989 00097925078
00000009992 00000035989 00000035989 00097925078
00000009992 00000035989 00000035989 00097925078
00000009992 00000035989 00000035989 00097925078
00000008992 00000035989 00000035989 00097925078
00000008992 00000035989 00000035989 00097925078
00000008992 00000035989 00000035989 00097925078
00000008992 00000035989 00000035989 00097925078
00000008992 00000035989 00000035989 00097925078
00000007991 00000035989 00000035989 00097925078
00000007991 00000035989 00000035989 00097925078
00000007991 00000035989 00000035989 00097925078
00000007991 00000035989 00000035989 00097925078
00000007991 00000035989 00000035989 00097925078
00000006991 00000035989 00000035989 00097925078
00000006991 00000035989 00000035989 00097925078
00000006991 00000035989 00000035989 00097925078
00000006991 00000035989 00000035989 00097925078
00000006991 00000035989 00000035989 00097925078
00000005991 00000035989 00000035989 00097925078
00000005991 00000035989 00000035989 00097925078
00000005991 00000035989 00000035989 00097925078
00000005991 00000035989 00000035989 00097925078
00000005991 00000035989 00000035989 00097925078
00000005502 00000051503 00000031498 00113437229
00000005502 00000051503 00000031498 00113437229
00000005502 00000051503 00000031498 00113437229
00000005502 00000051503 00000031498 00113437229
00000005502 00000051503 00000031498 00113437229
00000006502 00000051503 00000031498 00113437229
00000006502 00000051503 00000031498 00113437229
00000006502 00000051503 00000031498 00113437229
00000006502 00000051503 00000031498 00113437229
00000006502 00000051503 00000031498 00113437229
00000007502 00000051503 00000031498 00113437229
00000007502 00000051503 00000031498 00113437229
00000007502 00000051503 00000031498 00113437229
00000007502 00000051503 00000031498 00113437229
00000007502 00000051503 00000031498 00113437229
00000008502 00000051503 00000031498 00113437229
00000008502 00000051503 00000031498 00113437229
00000008502 00000051503 00000031498 00113437229
00000008502 00000051503 00000031498 00113437229
00000008502 00000051503 00000031498 00113437229
00000009503 00000051503 00000031498 00113437229
00000009503 00000051503 00000031498 00113437229
00000009503 00000051503 00000031498 00113437229
00000009503 00000051503 00000031498 00113437229
00000009503 00000051503 00000031498 00113437229
00000010503 00000051503 00000031498 00113437229
00000010503 00000051503 00000031498 00113437229
00000010503 00000051503 00000031498 00113437229
00000010503 00000051503 00000031498 00113437229
00000010503 00000051503 00000031498 00113437229
00000011503 00000051503 00000031498 00113437229
00000011503 00000051503 00000031498 00113437229
00000011503 00000051503 00000031498 00113437229
00000011503 00000051503 00000031498 00113437229
00000011503 00000051503 00000031498 00113437229
00000012503 00000051503 00000031498 00113437229
00000012503 00000051503 00000031498 00113437229
00000012503 00000051503 00000031498 00113437229
00000012503 00000051503 00000031498 00113437229
00000012503 00000051503 00000031498 00113437229
00000013503 00000051503 00000031498 00113437229
00000013503 00000051503 00000031498 00113437229
00000013503 00000051503 00000031498 00113437229
00000013503 00000051503 00000031498 00113437229
00000013503 00000051503 00000031498 00113437229
00000014503 00000051503 00000031498 00113437229
00000014503 00000051503 00000031498 00113437229
00000014503 00000051503 00000031498 00113437229
00000014503 00000051503 00000031498 00113437229
00000014503 00000051503 00000031498 00113437229
00000015504 00000051503 00000031498 00113437229
00000015504 00000051503 00000031498 00113437229
00000015504 00000051503 00000031498 00113437229
00000015504 00000051503 00000031498 00113437229
00000015504 00000051503 00000031498 00113437229
00000020505 00000051503 00000051503 00113437229
00000020505 00000051503 00000051503 00113437229
00000020505 00000051503 00000051503 00113437229
00000020505 00000051503 00000051503 00113437229
00000020505 00000051503 00000051503 00113437229
00000019505 00000051503 00000051503 00113437229
00000019505 00000051503 00000051503 00113437229
00000019505 00000051503 00000051503 00113437229
00000019505 00000051503 00000051503 00113437229
00000019505 00000051503 00000051503 00113437229
00000018504 00000051503 00000051503 00113437229
00000018504 00000051503 00000051503 00113437229
00000018504 00000051503 00000051503 00113437229
00000018504 00000051503 00000051503 00113437229
00000018504 00000051503 00000051503 00113437229
00000017504 00000051503 00000051503 00113437229
00000017504 00000051503 00000051503 00113437229
00000017504 00000051503 00000051503 00113437229
00000017504 00000051503 00000051503 00113437229
00000017504 00000051503 00000051503 00113437229
00000016504 00000051503 00000051503 00113437229
00000016504 00000051503 00000051503 00113437229
00000016504 00000051503 00000051503 00113437229
00000016504 00000051503 00000051503 00113437229
00000016504 00000051503 00000051503 00113437229
00000005905 00000067909 00000027901 00129842436
00000005905 00000067909 00000027901 00129842436
00000005905 00000067909 00000027901 00129842436
00000005905 00000067909 00000027901 00129842436
00000005905 00000067909 00000027901 00129842436
00000006905 00000067909 00000027901 00129842436
00000006905 00000067909 00000027901 00129842436
00000006905 00000067909 00000027901 00129842436
00000006905 00000067909 00000027901 00129842436
00000006905 00000067909 00000027901 00129842436
00000007905 00000067909 00000027901 00129842436
00000007905 00000067909 00000027901 00129842436
00000007905 00000067909 00000027901 00129842436
00000007905 00000067909 00000027901 00129842436
00000007905 00000067909 00000027901 00129842436
00000008905 00000067909 00000027901 00129842436
00000008905 00000067909 00000027901 00129842436
00000008905 00000067909 00000027901 00129842436
00000008905 00000067909 00000027901 00129842436
00000008905 00000067909 00000027901 00129842436
00000009905 00000067909 00000027901 00129842436
00000009905 00000067909 00000027901 00129842436
00000009905 00000067909 00000027901 00129842436
00000009905 00000067909 00000027901 00129842436
00000009905 00000067909 00000027901 00129842436
00000010906 00000067909 00000027901 00129842436
00000010906 00000067909 00000027901 00129842436
00000010906 00000067909 00000027901 00129842436
00000010906 00000067909 00000027901 00129842436
00000010906 00000067909 00000027901 00129842436
00000011906 00000067909 00000027901 00129842436
00000011906 00000067909 00000027901 00129842436
00000011906 00000067909 00000027901 00129842436
00000011906 00000067909 00000027901 00129842436
00000011906 00000067909 00000027901 00129842436
00000012906 00000067909 00000027901 00129842436
00000012906 00000067909 00000027901 00129842436
00000012906 00000067909 00000027901 00129842436
00000012906 00000067909 00000027901 00129842436
00000012906 00000067909 00000027901 00129842436
00000013906 00000067909 00000027901 00129842436
00000013906 00000067909 00000027901 00129842436
00000013906 00000067909 00000027901 00129842436
00000013906 00000067909 00000027901 00129842436
00000013906 00000067909 00000027901 00129842436
00000014906 00000067909 00000027901 00129842436
00000014906 00000067909 00000027901 00129842436
00000014906 00000067909 00000027901 00129842436
00000014906 00000067909 00000027901 00129842436
00000014906 00000067909 00000027901 00129842436
00000015907 00000067909 00000027901 00129842436
00000015907 00000067909 00000027901 00129842436
00000015907 00000067909 00000027901 00129842436
00000015907 00000067909 00000027901 00129842436
00000015907 00000067909 00000027901 00129842436
00000020907 00000067909 00000047904 00129842436
00000020907 00000067909 00000047904 00129842436
00000020907 00000067909 00000047904 00129842436
00000020907 00000067909 00000047904 00129842436
00000020907 00000067909 00000047904 00129842436
00000019907 00000067909 00000047904 00129842436
00000019907 00000067909 00000047904 00129842436
00000019907 00000067909 00000047904 00129842436
00000019907 00000067909 00000047904 00129842436
00000019907 00000067909 00000047904 00129842436
00000018907 00000067909 00000047904 00129842436
00000018907 00000067909 00000047904 00129842436
00000018907 00000067909 00000047904 00129842436
00000018907 00000067909 00000047904 00129842436
00000018907 00000067909 00000047904 00129842436
00000017907 00000067909 00000047904 00129842436
00000017907 00000067909 00000047904 00129842436
00000017907 00000067909 00000047904 00129842436
00000017907 00000067909 00000047904 00129842436
00000017907 00000067909 00000047904 00129842436
00000016907 00000067909 00000047904 00129842436
00000016907 00000067909 00000047904 00129842436
00000016907 00000067909 00000047904 00129842436
00000016907 00000067909 00000047904 00129842436
00000016907 00000067909 00000047904 00129842436
00000016599 00000083604 00000043596 00145538023
00000016599 00000083604 00000043596 00145538023
00000016599 00000083604 00000043596 00145538023
00000016599 00000083604 00000043596 00145538023
00000016599 00000083604 00000043596 00145538023
00000017599 00000083604 00000043596 00145538023
00000017599 00000083604 00000043596 00145538023
00000017599 00000083604 00000043596 00145538023
00000017599 00000083604 00000043596 00145538023
00000017599 00000083604 00000043596 00145538023
00000018599 00000083604 00000043596 00145538023
00000018599 00000083604 00000043596 00145538023
00000018599 00000083604 00000043596 00145538023
00000018599 00000083604 00000043596 00145538023
00000018599 00000083604 00000043596 00145538023
00000019599 00000083604 00000043596 00145538023
00000019599 00000083604 00000043596 00145538023
00000019599 00000083604 00000043596 00145538023
00000019599 00000083604 00000043596 00145538023
00000019599 00000083604 00000043596 00145538023
00000020599 00000083604 00000043596 00145538023
00000020599 00000083604 00000043596 00145538023
00000020599 00000083604 00000043596 00145538023
00000020599 00000083604 00000043596 00145538023
00000020599 00000083604 00000043596 00145538023
00000005597 00000083604 00000043596 00145538023
00000005597 00000083604 00000043596 00145538023
00000005597 00000083604 00000043596 00145538023
00000005597 00000083604 00000043596 00145538023
00000005597 00000083604 00000043596 00145538023
00000006597 00000083604 00000043596 00145538023
00000006597 00000083604 00000043596 00145538023
00000006597 00000083604 00000043596 00145538023
00000006597 00000083604 00000043596 00145538023
00000006597 00000083604 00000043596 00145538023
00000007597 00000083604 00000043596 00145538023
00000007597 00000083604 00000043596 00145538023
00000007597 00000083604 00000043596 00145538023
00000007597 00000083604 00000043596 00145538023
00000007597 00000083604 00000043596 00145538023
00000008597 00000083604 00000043596 00145538023
00000008597 00000083604 00000043596 00145538023
00000008597 00000083604 00000043596 00145538023
00000008597 00000083604 00000043596 00145538023
00000008597 00000083604 00000043596 00145538023
00000009597 00000083604 00000043596 00145538023
00000009597 00000083604 00000043596 00145538023
00000009597 00000083604 00000043596 00145538023
00000009597 00000083604 00000043596 00145538023
00000009597 00000083604 00000043596 00145538023
00000010598 00000083604 00000043596 00145538023
00000010598 00000083604 00000043596 00145538023
00000010598 00000083604 00000043596 00145538023
00000010598 00000083604 00000043596 00145538023
00000010598 00000083604 00000043596 00145538023
00000011598 00000083604 00000043596 00145538023
00000011598 00000083604 00000043596 00145538023
00000011598 00000083604 00000043596 00145538023
00000011598 00000083604 00000043596 00145538023
00000011598 00000083604 00000043596 00145538023
00000012598 00000083604 00000043596 00145538023
00000012598 00000083604 00000043596 00145538023
00000012598 00000083604 00000043596 00145538023
00000012598 00000083604 00000043596 00145538023
00000012598 00000083604 00000043596 00145538023
00000013598 00000083604 00000043596 00145538023
00000013598 00000083604 00000043596 00145538023
00000013598 00000083604 00000043596 00145538023
00000013598 00000083604 00000043596 00145538023
00000013598 00000083604 00000043596 00145538023
00000014598 00000083604 00000043596 00145538023
00000014598 00000083604 00000043596 00145538023
00000014598 00000083604 00000043596 00145538023
00000014598 00000083604 00000043596 00145538023
00000014598 00000083604 00000043596 00145538023
00000015599 00000083604 00000043596 00145538023
00000015599 00000083604 00000043596 00145538023
00000015599 00000083604 00000043596 00145538023
00000015599 00000083604 00000043596 00145538023
00000015599 00000083604 00000043596 00145538023
00000015939 00000098947 00000058939 00160880877
00000015939 00000098947 00000058939 00160880877
00000015939 00000098947 00000058939 00160880877
00000015939 00000098947 00000058939 00160880877
00000015939 00000098947 00000058939 00160880877
00000016939 00000098947 00000058939 00160880877
00000016939 00000098947 00000058939 00160880877
00000016939 00000098947 00000058939 00160880877
00000016939 00000098947 00000058939 00160880877
00000016939 00000098947 00000058939 00160880877
00000017939 00000098947 00000058939 00160880877
00000017939 00000098947 00000058939 00160880877
00000017939 00000098947 00000058939 00160880877
00000017939 00000098947 00000058939 00160880877
00000017939 00000098947 00000058939 00160880877
00000018939 00000098947 00000058939 00160880877
00000018939 00000098947 00000058939 00160880877
00000018939 00000098947 00000058939 00160880877
00000018939 00000098947 00000058939 00160880877
00000018939 00000098947 00000058939 00160880877
00000019940 00000098947 00000058939 00160880877
00000019940 00000098947 00000058939 00160880877
00000019940 00000098947 00000058939 00160880877
00000019940 00000098947 00000058939 00160880877
00000019940 00000098947 00000058939 00160880877
00000004937 00000098947 00000038927 00160880877
00000004937 00000098947 00000038927 00160880877
00000004937 00000098947 00000038927 00160880877
00000004937 00000098947 00000038927 00160880877
00000004937 00000098947 00000038927 00160880877
00000005937 00000098947 00000038927 00160880877
00000005937 00000098947 00000038927 00160880877
00000005937 00000098947 00000038927 00160880877
00000005937 00000098947 00000038927 00160880877
00000005937 00000098947 00000038927 00160880877
00000006937 00000098947 00000038927 00160880877
00000006937 00000098947 00000038927 00160880877
00000006937 00000098947 00000038927 00160880877
00000006937 00000098947 00000038927 00160880877
00000006937 00000098947 00000038927 00160880877
00000007937 00000098947 00000038927 00160880877
00000007937 00000098947 00000038927 00160880877
00000007937 00000098947 00000038927 00160880877
00000007937 00000098947 00000038927 00160880877
00000007937 00000098947 00000038927 00160880877
00000008937 00000098947 00000038927 00160880877
00000008937 00000098947 00000038927 00160880877
00000008937 00000098947 00000038927 00160880877
00000008937 00000098947 00000038927 00160880877
00000008937 00000098947 00000038927 00160880877
00000009938 00000098947 00000038927 00160880877
00000009938 00000098947 00000038927 00160880877
00000009938 00000098947 00000038927 00160880877
00000009938 00000098947 00000038927 00160880877
00000009938 00000098947 00000038927 00160880877
00000010938 00000098947 00000038927 00160880877
00000010938 00000098947 00000038927 00160880877
00000010938 00000098947 00000038927 00160880877
00000010938 00000098947 00000038927 00160880877
00000010938 00000098947 00000038927 00160880877
00000011938 00000098947 00000038927 00160880877
00000011938 00000098947 00000038927 00160880877
00000011938 00000098947 00000038927 00160880877
00000011938 00000098947 00000038927 00160880877
00000011938 00000098947 00000038927 00160880877
00000012938 00000098947 00000038927 00160880877
00000012938 00000098947 00000038927 00160880877
00000012938 00000098947 00000038927 00160880877
00000012938 00000098947 00000038927 00160880877
00000012938 00000098947 00000038927 00160880877
00000013938 00000098947 00000038927 00160880877
00000013938 00000098947 00000038927 00160880877
00000013938 00000098947 00000038927 00160880877
00000013938 00000098947 00000038927 00160880877
00000013938 00000098947 00000038927 00160880877
00000014939 00000098947 00000038927 00160880877
00000014939 00000098947 00000038927 00160880877
00000014939 00000098947 00000038927 00160880877
00000014939 00000098947 00000038927 00160880877
00000014939 00000098947 00000038927 00160880877
00000016911 00000114922 00000054902 00176855522
00000016911 00000114922 00000054902 00176855522
00000016911 00000114922 00000054902 00176855522
00000016911 00000114922 00000054902 00176855522
00000016911 00000114922 00000054902 00176855522
00000017911 00000114922 00000054902 00176855522
00000017911 00000114922 00000054902 00176855522
00000017911 00000114922 00000054902 00176855522
00000017911 00000114922 00000054902 00176855522
00000017911 00000114922 00000054902 00176855522
00000018911 00000114922 00000054902 00176855522
00000018911 00000114922 00000054902 00176855522
00000018911 00000114922 00000054902 00176855522
00000018911 00000114922 00000054902 00176855522
00000018911 00000114922 00000054902 00176855522
00000019911 00000114922 00000054902 00176855522
00000019911 00000114922 00000054902 00176855522
00000019911 00000114922 00000054902 00176855522
00000019911 00000114922 00000054902 00176855522
00000019911 00000114922 00000054902 00176855522
00000005909 00000114922 00000031887 00176855522
00000005909 00000114922 00000031887 00176855522
00000005909 00000114922 00000031887 00176855522
00000005909 00000114922 00000031887 00176855522
00000005909 00000114922 00000031887 00176855522
00000006909 00000114922 00000031887 00176855522
00000006909 00000114922 00000031887 00176855522
00000006909 00000114922 00000031887 00176855522
00000006909 00000114922 00000031887 00176855522
00000006909 00000114922 00000031887 00176855522
00000007909 00000114922 00000031887 00176855522
00000007909 00000114922 00000031887 00176855522
00000007909 00000114922 00000031887 00176855522
00000007909 00000114922 00000031887 00176855522
00000007909 00000114922 00000031887 00176855522
00000008909 00000114922 00000031887 00176855522
00000008909 00000114922 00000031887 00176855522
00000008909 00000114922 00000031887 00176855522
00000008909 00000114922 00000031887 00176855522
00000008909 00000114922 00000031887 00176855522
00000009910 00000114922 00000031887 00176855522
00000009910 00000114922 00000031887 00176855522
00000009910 00000114922 00000031887 00176855522
00000009910 00000114922 00000031887 00176855522
00000009910 00000114922 00000031887 00176855522
00000010910 00000114922 00000031887 00176855522
00000010910 00000114922 00000031887 00176855522
00000010910 00000114922 00000031887 00176855522
00000010910 00000114922 00000031887 00176855522
00000010910 00000114922 00000031887 00176855522
00000011910 00000114922 00000031887 00176855522
00000011910 00000114922 00000031887 00176855522
00000011910 00000114922 00000031887 00176855522
00000011910 00000114922 00000031887 00176855522
00000011910 00000114922 00000031887 00176855522
00000012910 00000114922 00000031887 00176855522
00000012910 00000114922 00000031887 00176855522
00000012910 00000114922 00000031887 00176855522
00000012910 00000114922 00000031887 00176855522
00000012910 00000114922 00000031887 00176855522
00000013910 00000114922 00000031887 00176855522
00000013910 00000114922 00000031887 00176855522
00000013910 00000114922 00000031887 00176855522
00000013910 00000114922 00000031887 00176855522
00000013910 00000114922 00000031887 00176855522
00000014910 00000114922 00000031887 00176855522
00000014910 00000114922 00000031887 00176855522
00000014910 00000114922 00000031887 00176855522
00000014910 00000114922 00000031887 00176855522
00000014910 00000114922 00000031887 00176855522
00000015911 00000114922 00000031887 00176855522
00000015911 00000114922 00000031887 00176855522
00000015911 00000114922 00000031887 00176855522
00000015911 00000114922 00000031887 00176855522
00000015911 00000114922 00000031887 00176855522
00000017177 00000131191 00000048156 00193125565
00000017177 00000131191 00000048156 00193125565
00000017177 00000131191 00000048156 00193125565
00000017177 00000131191 00000048156 00193125565
00000017177 00000131191 00000048156 00193125565
00000018177 00000131191 00000048156 00193125565
00000018177 00000131191 00000048156 00193125565
00000018177 00000131191 00000048156 00193125565
00000018177 00000131191 00000048156 00193125565
00000018177 00000131191 00000048156 00193125565
00000019177 00000131191 00000048156 00193125565
00000019177 00000131191 00000048156 00193125565
00000019177 00000131191 00000048156 00193125565
00000019177 00000131191 00000048156 00193125565
00000019177 00000131191 00000048156 00193125565
00000020177 00000131191 00000048156 00193125565
00000020177 00000131191 00000048156 00193125565
00000020177 00000131191 00000048156 00193125565
00000020177 00000131191 00000048156 00193125565
00000020177 00000131191 00000048156 00193125565
00000021178 00000131191 00000048156 00193125565
00000021178 00000131191 00000048156 00193125565
00000021178 00000131191 00000048156 00193125565
00000021178 00000131191 00000048156 00193125565
00000021178 00000131191 00000048156 00193125565
00000006175 00000071171 00000028152 00193125565
00000006175 00000071171 00000028152 00193125565
00000006175 00000071171 00000028152 00193125565
00000006175 00000071171 00000028152 00193125565
00000006175 00000071171 00000028152 00193125565
00000007175 00000071171 00000028152 00193125565
00000007175 00000071171 00000028152 00193125565
00000007175 00000071171 00000028152 00193125565
00000007175 00000071171 00000028152 00193125565
00000007175 00000071171 00000028152 00193125565
00000008175 00000071171 00000028152 00193125565
00000008175 00000071171 00000028152 00193125565
00000008175 00000071171 00000028152 00193125565
00000008175 00000071171 00000028152 00193125565
00000008175 00000071171 00000028152 00193125565
00000009175 00000071171 00000028152 00193125565
00000009175 00000071171 00000028152 00193125565
00000009175 00000071171 00000028152 00193125565
00000009175 00000071171 00000028152 00193125565
00000009175 00000071171 00000028152 00193125565
00000010176 00000071171 00000028152 00193125565
00000010176 00000071171 00000028152 00193125565
00000010176 00000071171 00000028152 00193125565
00000010176 00000071171 00000028152 00193125565
00000010176 00000071171 00000028152 00193125565
00000011176 00000071171 00000028152 00193125565
00000011176 00000071171 00000028152 00193125565
00000011176 00000071171 00000028152 00193125565
00000011176 00000071171 00000028152 00193125565
00000011176 00000071171 00000028152 00193125565
00000012176 00000071171 00000028152 00193125565
00000012176 00000071171 00000028152 00193125565
00000012176 00000071171 00000028152 00193125565
00000012176 00000071171 00000028152 00193125565
00000012176 00000071171 00000028152 00193125565
00000013176 00000071171 00000028152 00193125565
00000013176 00000071171 00000028152 00193125565
00000013176 00000071171 00000028152 00193125565
00000013176 00000071171 00000028152 00193125565
00000013176 00000071171 00000028152 00193125565
00000014176 00000071171 00000028152 00193125565
00000014176 00000071171 00000028152 00193125565
00000014176 00000071171 00000028152 00193125565
00000014176 00000071171 00000028152 00193125565
00000014176 00000071171 00000028152 00193125565
00000015177 00000071171 00000028152 00193125565
00000015177 00000071171 00000028152 00193125565
00000015177 00000071171 00000028152 00193125565
00000015177 00000071171 00000028152 00193125565
00000015177 00000071171 00000028152 00193125565
00000016177 00000071171 00000028152 00193125565
00000016177 00000071171 00000028152 00193125565
00000016177 00000071171 00000028152 00193125565
00000016177 00000071171 00000028152 00193125565
00000016177 00000071171 00000028152 00193125565
00000016451 00000086448 00000043429 00208401694
00000016451 00000086448 00000043429 00208401694
00000016451 00000086448 00000043429 00208401694
00000016451 00000086448 00000043429 00208401694
00000016451 00000086448 00000043429 00208401694
00000017451 00000086448 00000043429 00208401694
00000017451 00000086448 00000043429 00208401694
00000017451 00000086448 00000043429 00208401694
00000017451 00000086448 00000043429 00208401694
00000017451 00000086448 00000043429 00208401694
00000018451 00000086448 00000043429 00208401694
00000018451 00000086448 00000043429 00208401694
00000018451 00000086448 00000043429 00208401694
00000018451 00000086448 00000043429 00208401694
00000018451 00000086448 00000043429 00208401694
00000019452 00000086448 00000043429 00208401694
00000019452 00000086448 00000043429 00208401694
00000019452 00000086448 00000043429 00208401694
00000019452 00000086448 00000043429 00208401694
00000019452 00000086448 00000043429 00208401694
00000020452 00000086448 00000043429 00208401694
00000020452 00000086448 00000043429 00208401694
00000020452 00000086448 00000043429 00208401694
00000020452 00000086448 00000043429 00208401694
00000020452 00000086448 00000043429 00208401694
00000004449 00000086448 00000043429 00208401694
00000004449 00000086448 00000043429 00208401694
00000004449 00000086448 00000043429 00208401694
00000004449 00000086448 00000043429 00208401694
00000004449 00000086448 00000043429 00208401694
00000005449 00000086448 00000043429 00208401694
00000005449 00000086448 00000043429 00208401694
00000005449 00000086448 00000043429 00208401694
00000005449 00000086448 00000043429 00208401694
00000005449 00000086448 00000043429 00208401694
00000006449 00000086448 00000043429 00208401694
00000006449 00000086448 00000043429 00208401694
00000006449 00000086448 00000043429 00208401694
00000006449 00000086448 00000043429 00208401694
00000006449 00000086448 00000043429 00208401694
00000007449 00000086448 00000043429 00208401694
00000007449 00000086448 00000043429 00208401694
00000007449 00000086448 00000043429 00208401694
00000007449 00000086448 00000043429 00208401694
00000007449 00000086448 00000043429 00208401694
00000008449 00000086448 00000043429 00208401694
00000008449 00000086448 00000043429 00208401694
00000008449 00000086448 00000043429 00208401694
00000008449 00000086448 00000043429 00208401694
00000008449 00000086448 00000043429 00208401694
00000009450 00000086448 00000043429 00208401694
00000009450 00000086448 00000043429 00208401694
00000009450 00000086448 00000043429 00208401694
00000009450 00000086448 00000043429 00208401694
00000009450 00000086448 00000043429 00208401694
00000010450 00000086448 00000043429 00208401694
00000010450 00000086448 00000043429 00208401694
00000010450 00000086448 00000043429 00208401694
00000010450 00000086448 00000043429 00208401694
00000010450 00000086448 00000043429 00208401694
00000011450 00000086448 00000043429 00208401694
00000011450 00000086448 00000043429 00208401694
00000011450 00000086448 00000043429 00208401694
00000011450 00000086448 00000043429 00208401694
00000011450 00000086448 00000043429 00208401694
00000012450 00000086448 00000043429 00208401694
00000012450 00000086448 00000043429 00208401694
00000012450 00000086448 00000043429 00208401694
00000012450 00000086448 00000043429 00208401694
00000012450 00000086448 00000043429 00208401694
00000013450 00000086448 00000043429 00208401694
00000013450 00000086448 00000043429 00208401694
00000013450 00000086448 00000043429 00208401694
00000013450 00000086448 00000043429 00208401694
00000013450 00000086448 00000043429 00208401694
00000014451 00000086448 00000043429 00208401694
00000014451 00000086448 00000043429 00208401694
00000014451 00000086448 00000043429 00208401694
00000014451 00000086448 00000043429 00208401694
00000014451 00000086448 00000043429 00208401694
00000015451 00000086448 00000043429 00208401694
00000015451 00000086448 00000043429 00208401694
00000015451 00000086448 00000043429 00208401694
00000015451 00000086448 00000043429 00208401694
00000015451 00000086448 00000043429 00208401694
00000015958 00000101958 00000058939 00223912478
00000015958 00000101958 00000058939 00223912478
00000015958 00000101958 00000058939 00223912478
00000015958 00000101958 00000058939 00223912478
00000015958 00000101958 00000058939 00223912478
00000016958 00000101958 00000058939 00223912478
00000016958 00000101958 00000058939 00223912478
00000016958 00000101958 00000058939 00223912478
00000016958 00000101958 00000058939 00223912478
00000016958 00000101958 00000058939 00223912478
00000017958 00000101958 00000058939 00223912478
00000017958 00000101958 00000058939 00223912478
00000017958 00000101958 00000058939 00223912478
00000017958 00000101958 00000058939 00223912478
00000017958 00000101958 00000058939 00223912478
00000018959 00000101958 00000058939 00223912478
00000018959 00000101958 00000058939 00223912478
00000018959 00000101958 00000058939 00223912478
00000018959 00000101958 00000058939 00223912478
00000018959 00000101958 00000058939 00223912478
00000004956 00000101958 00000030934 00223912478
00000004956 00000101958 00000030934 00223912478
00000004956 00000101958 00000030934 00223912478
00000004956 00000101958 00000030934 00223912478
00000004956 00000101958 00000030934 00223912478
00000005956 00000101958 00000030934 00223912478
00000005956 00000101958 00000030934 00223912478
00000005956 00000101958 00000030934 00223912478
00000005956 00000101958 00000030934 00223912478
00000005956 00000101958 00000030934 00223912478
00000006956 00000101958 00000030934 00223912478
00000006956 00000101958 00000030934 00223912478
00000006956 00000101958 00000030934 00223912478
00000006956 00000101958 00000030934 00223912478
00000006956 00000101958 00000030934 00223912478
00000007956 00000101958 00000030934 00223912478
00000007956 00000101958 00000030934 00223912478
00000007956 00000101958 00000030934 00223912478
00000007956 00000101958 00000030934 00223912478
00000007956 00000101958 00000030934 00223912478
00000008957 00000101958 00000030934 00223912478
00000008957 00000101958 00000030934 00223912478
00000008957 00000101958 00000030934 00223912478
00000008957 00000101958 00000030934 00223912478
00000008957 00000101958 00000030934 00223912478
00000009957 00000101958 00000030934 00223912478
00000009957 00000101958 00000030934 00223912478
00000009957 00000101958 00000030934 00223912478
00000009957 00000101958 00000030934 00223912478
00000009957 00000101958 00000030934 00223912478
00000010957 00000101958 00000030934 00223912478
00000010957 00000101958 00000030934 00223912478
00000010957 00000101958 00000030934 00223912478
00000010957 00000101958 00000030934 00223912478
00000010957 00000101958 00000030934 00223912478
00000011957 00000101958 00000030934 00223912478
00000011957 00000101958 00000030934 00223912478
00000011957 00000101958 00000030934 00223912478
00000011957 00000101958 00000030934 00223912478
00000011957 00000101958 00000030934 00223912478
00000012957 00000101958 00000030934 00223912478
00000012957 00000101958 00000030934 00223912478
00000012957 00000101958 00000030934 00223912478
00000012957 00000101958 00000030934 00223912478
00000012957 00000101958 00000030934 00223912478
00000013958 00000101958 00000030934 00223912478
00000013958 00000101958 00000030934 00223912478
00000013958 00000101958 00000030934 00223912478
00000013958 00000101958 00000030934 00223912478
00000013958 00000101958 00000030934 00223912478
00000014958 00000101958 00000030934 00223912478
00000014958 00000101958 00000030934 00223912478
00000014958 00000101958 00000030934 00223912478
00000014958 00000101958 00000030934 00223912478
00000014958 00000101958 00000030934 00223912478
00000016312 00000117315 00000046291 00239269201
00000016312 00000117315 00000046291 00239269201
00000016312 00000117315 00000046291 00239269201
00000016312 00000117315 00000046291 00239269201
00000016312 00000117315 00000046291 00239269201
00000017312 00000117315 00000046291 00239269201
00000017312 00000117315 00000046291 00239269201
00000017312 00000117315 00000046291 00239269201
00000017312 00000117315 00000046291 00239269201
00000017312 00000117315 00000046291 00239269201
00000018312 00000117315 00000046291 00239269201
00000018312 00000117315 00000046291 00239269201
00000018312 00000117315 00000046291 00239269201
00000018312 00000117315 00000046291 00239269201
00000018312 00000117315 00000046291 00239269201
00000019313 00000117315 00000046291 00239269201
00000019313 00000117315 00000046291 00239269201
00000019313 00000117315 00000046291 00239269201
00000019313 00000117315 00000046291 00239269201
00000019313 00000117315 00000046291 00239269201
00000005310 00000057293 00000026287 00239269201
00000005310 00000057293 00000026287 00239269201
00000005310 00000057293 00000026287 00239269201
00000005310 00000057293 00000026287 00239269201
00000005310 00000057293 00000026287 00239269201
00000006310 00000057293 00000026287 00239269201
00000006310 00000057293 00000026287 00239269201
00000006310 00000057293 00000026287 00239269201
00000006310 00000057293 00000026287 00239269201
00000006310 00000057293 00000026287 00239269201
00000007310 00000057293 00000026287 00239269201
00000007310 00000057293 00000026287 00239269201
00000007310 00000057293 00000026287 00239269201
00000007310 00000057293 00000026287 00239269201
00000007310 00000057293 00000026287 00239269201
00000008311 00000057293 00000026287 00239269201
00000008311 00000057293 00000026287 00239269201
00000008311 00000057293 00000026287 00239269201
00000008311 00000057293 00000026287 00239269201
00000008311 00000057293 00000026287 00239269201
00000009311 00000057293 00000026287 00239269201
00000009311 00000057293 00000026287 00239269201
00000009311 00000057293 00000026287 00239269201
00000009311 00000057293 00000026287 00239269201
00000009311 00000057293 00000026287 00239269201
00000010311 00000057293 00000026287 00239269201
00000010311 00000057293 00000026287 00239269201
00000010311 00000057293 00000026287 00239269201
00000010311 00000057293 00000026287 00239269201
00000010311 00000057293 00000026287 00239269201
00000011311 00000057293 00000026287 00239269201
00000011311 00000057293 00000026287 00239269201
00000011311 00000057293 00000026287 00239269201
00000011311 00000057293 00000026287 00239269201
00000011311 00000057293 00000026287 00239269201
00000012311 00000057293 00000026287 00239269201
00000012311 00000057293 00000026287 00239269201
00000012311 00000057293 00000026287 00239269201
00000012311 00000057293 00000026287 00239269201
00000012311 00000057293 00000026287 00239269201
00000013312 00000057293 00000026287 00239269201
00000013312 00000057293 00000026287 00239269201
00000013312 00000057293 00000026287 00239269201
00000013312 00000057293 00000026287 00239269201
00000013312 00000057293 00000026287 00239269201
00000014312 00000057293 00000026287 00239269201
00000014312 00000057293 00000026287 00239269201
00000014312 00000057293 00000026287 00239269201
00000014312 00000057293 00000026287 00239269201
00000014312 00000057293 00000026287 00239269201
00000015312 00000057293 00000026287 00239269201
00000015312 00000057293 00000026287 00239269201
00000015312 00000057293 00000026287 00239269201
00000015312 00000057293 00000026287 00239269201
00000015312 00000057293 00000026287 00239269201
00000015847 00000072831 00000041825 00254807508
00000015847 00000072831 00000041825 00254807508
00000015847 00000072831 00000041825 00254807508
00000015847 00000072831 00000041825 00254807508
00000015847 00000072831 00000041825 00254807508
00000016847 00000072831 00000041825 00254807508
00000016847 00000072831 00000041825 00254807508
00000016847 00000072831 00000041825 00254807508
00000016847 00000072831 00000041825 00254807508
00000016847 00000072831 00000041825 00254807508
00000017848 00000072831 00000041825 00254807508
00000017848 00000072831 00000041825 00254807508
00000017848 00000072831 00000041825 00254807508
00000017848 00000072831 00000041825 00254807508
00000017848 00000072831 00000041825 00254807508
00000018848 00000072831 00000041825 00254807508
00000018848 00000072831 00000041825 00254807508
00000018848 00000072831 00000041825 00254807508
00000018848 00000072831 00000041825 00254807508
00000018848 00000072831 00000041825 00254807508
00000019848 00000072831 00000041825 00254807508
00000019848 00000072831 00000041825 00254807508
00000019848 00000072831 00000041825 00254807508
00000019848 00000072831 00000041825 00254807508
00000019848 00000072831 00000041825 00254807508
00000004845 00000072831 00000041825 00254807508
00000004845 00000072831 00000041825 00254807508
00000004845 00000072831 00000041825 00254807508
00000004845 00000072831 00000041825 00254807508
00000004845 00000072831 00000041825 00254807508
00000005845 00000072831 00000041825 00254807508
00000005845 00000072831 00000041825 00254807508
00000005845 00000072831 00000041825 00254807508
00000005845 00000072831 00000041825 00254807508
00000005845 00000072831 00000041825 00254807508
00000006845 00000072831 00000041825 00254807508
00000006845 00000072831 00000041825 00254807508
00000006845 00000072831 00000041825 00254807508
00000006845 00000072831 00000041825 00254807508
00000006845 00000072831 00000041825 00254807508
00000007846 00000072831 00000041825 00254807508
00000007846 00000072831 00000041825 00254807508
00000007846 00000072831 00000041825 00254807508
00000007846 00000072831 00000041825 00254807508
00000007846 00000072831 00000041825 00254807508
00000008846 00000072831 00000041825 00254807508
00000008846 00000072831 00000041825 00254807508
00000008846 00000072831 00000041825 00254807508
00000008846 00000072831 00000041825 00254807508
00000008846 00000072831 00000041825 00254807508
00000009846 00000072831 00000041825 00254807508
00000009846 00000072831 00000041825 00254807508
00000009846 00000072831 00000041825 00254807508
00000009846 00000072831 00000041825 00254807508
00000009846 00000072831 00000041825 00254807508
00000010846 00000072831 00000041825 00254807508
00000010846 00000072831 00000041825 00254807508
00000010846 00000072831 00000041825 00254807508
00000010846 00000072831 00000041825 00254807508
00000010846 00000072831 00000041825 00254807508
00000011846 00000072831 00000041825 00254807508
00000011846 00000072831 00000041825 00254807508
00000011846 00000072831 00000041825 00254807508
00000011846 00000072831 00000041825 00254807508
00000011846 00000072831 00000041825 00254807508
00000012847 00000072831 00000041825 00254807508
00000012847 00000072831 00000041825 00254807508
00000012847 00000072831 00000041825 00254807508
00000012847 00000072831 00000041825 00254807508
00000012847 00000072831 00000041825 00254807508
00000013847 00000072831 00000041825 00254807508
00000013847 00000072831 00000041825 00254807508
00000013847 00000072831 00000041825 00254807508
00000013847 00000072831 00000041825 00254807508
00000013847 00000072831 00000041825 00254807508
00000014847 00000072831 00000041825 00254807508
00000014847 00000072831 00000041825 00254807508
00000014847 00000072831 00000041825 00254807508
00000014847 00000072831 00000041825 00254807508
00000014847 00000072831 00000041825 00254807508
00000017954 00000089941 00000058935 00271916856
00000017954 00000089941 00000058935 00271916856
00000017954 00000089941 00000058935 00271916856
00000017954 00000089941 00000058935 00271916856
00000017954 00000089941 00000058935 00271916856
00000018954 00000089941 00000058935 00271916856
00000018954 00000089941 00000058935 00271916856
00000018954 00000089941 00000058935 00271916856
00000018954 00000089941 00000058935 00271916856
00000018954 00000089941 00000058935 00271916856
00000019955 00000089941 00000058935 00271916856
00000019955 00000089941 00000058935 00271916856
00000019955 00000089941 00000058935 00271916856
00000019955 00000089941 00000058935 00271916856
00000019955 00000089941 00000058935 00271916856
00000020955 00000089941 00000058935 00271916856
00000020955 00000089941 00000058935 00271916856
00000020955 00000089941 00000058935 00271916856
00000020955 00000089941 00000058935 00271916856
00000020955 00000089941 00000058935 00271916856
00000006952 00000089941 00000038932 00271916856
00000006952 00000089941 00000038932 00271916856
00000006952 00000089941 00000038932 00271916856
00000006952 00000089941 00000038932 00271916856
00000006952 00000089941 00000038932 00271916856
00000007952 00000089941 00000038932 00271916856
00000007952 00000089941 00000038932 00271916856
00000007952 00000089941 00000038932 00271916856
00000007952 00000089941 00000038932 00271916856
00000007952 00000089941 00000038932 00271916856
00000008953 00000089941 00000038932 00271916856
00000008953 00000089941 00000038932 00271916856
00000008953 00000089941 00000038932 00271916856
00000008953 00000089941 00000038932 00271916856
00000008953 00000089941 00000038932 00271916856
00000009953 00000089941 00000038932 00271916856
00000009953 00000089941 00000038932 00271916856
00000009953 00000089941 00000038932 00271916856
00000009953 00000089941 00000038932 00271916856
00000009953 00000089941 00000038932 00271916856
00000010953 00000089941 00000038932 00271916856
00000010953 00000089941 00000038932 00271916856
00000010953 00000089941 00000038932 00271916856
00000010953 00000089941 00000038932 00271916856
00000010953 00000089941 00000038932 00271916856
00000011953 00000089941 00000038932 00271916856
00000011953 00000089941 00000038932 00271916856
00000011953 00000089941 00000038932 00271916856
00000011953 00000089941 00000038932 00271916856
00000011953 00000089941 00000038932 00271916856
00000012953 00000089941 00000038932 00271916856
00000012953 00000089941 00000038932 00271916856
00000012953 00000089941 00000038932 00271916856
00000012953 00000089941 00000038932 00271916856
00000012953 00000089941 00000038932 00271916856
00000013954 00000089941 00000038932 00271916856
00000013954 00000089941 00000038932 00271916856
00000013954 00000089941 00000038932 00271916856
00000013954 00000089941 00000038932 00271916856
00000013954 00000089941 00000038932 00271916856
00000014954 00000089941 00000038932 00271916856
00000014954 00000089941 00000038932 00271916856
00000014954 00000089941 00000038932 00271916856
00000014954 00000089941 00000038932 00271916856
00000014954 00000089941 00000038932 00271916856
00000015954 00000089941 00000038932 00271916856
00000015954 00000089941 00000038932 00271916856
00000015954 00000089941 00000038932 00271916856
00000015954 00000089941 00000038932 00271916856
00000015954 00000089941 00000038932 00271916856
00000016954 00000089941 00000038932 00271916856
00000016954 00000089941 00000038932 00271916856
00000016954 00000089941 00000038932 00271916856
00000016954 00000089941 00000038932 00271916856
00000016954 00000089941 00000038932 00271916856
00000016488 00000105478 00000054469 00287453873
00000016488 00000105478 00000054469 00287453873
00000016488 00000105478 00000054469 00287453873
00000016488 00000105478 00000054469 00287453873
00000016488 00000105478 00000054469 00287453873
00000017488 00000105478 00000054469 00287453873
00000017488 00000105478 00000054469 00287453873
00000017488 00000105478 00000054469 00287453873
00000017488 00000105478 00000054469 00287453873
00000017488 00000105478 00000054469 00287453873
00000018489 00000105478 00000054469 00287453873
00000018489 00000105478 00000054469 00287453873
00000018489 00000105478 00000054469 00287453873
00000018489 00000105478 00000054469 00287453873
00000018489 00000105478 00000054469 00287453873
00000019489 00000105478 00000054469 00287453873
00000019489 00000105478 00000054469 00287453873
00000019489 00000105478 00000054469 00287453873
00000019489 00000105478 00000054469 00287453873
00000019489 00000105478 00000054469 00287453873
00000020489 00000105478 00000054469 00287453873
00000020489 00000105478 00000054469 00287453873
00000020489 00000105478 00000054469 00287453873
00000020489 00000105478 00000054469 00287453873
00000020489 00000105478 00000054469 00287453873
00000021489 00000105478 00000054469 00287453873
00000021489 00000105478 00000054469 00287453873
00000021489 00000105478 00000054469 00287453873
00000021489 00000105478 00000054469 00287453873
00000021489 00000105478 00000054469 00287453873
00000005486 00000105478 00000033465 00287453873
00000005486 00000105478 00000033465 00287453873
00000005486 00000105478 00000033465 00287453873
00000005486 00000105478 00000033465 00287453873
00000005486 00000105478 00000033465 00287453873
00000006486 00000105478 00000033465 00287453873
00000006486 00000105478 00000033465 00287453873
00000006486 00000105478 00000033465 00287453873
00000006486 00000105478 00000033465 00287453873
00000006486 00000105478 00000033465 00287453873
00000007487 00000105478 00000033465 00287453873
00000007487 00000105478 00000033465 00287453873
00000007487 00000105478 00000033465 00287453873
00000007487 00000105478 00000033465 00287453873
00000007487 00000105478 00000033465 00287453873
00000008487 00000105478 00000033465 00287453873
00000008487 00000105478 00000033465 00287453873
00000008487 00000105478 00000033465 00287453873
00000008487 00000105478 00000033465 00287453873
00000008487 00000105478 00000033465 00287453873
00000009487 00000105478 00000033465 00287453873
00000009487 00000105478 00000033465 00287453873
00000009487 00000105478 00000033465 00287453873
00000009487 00000105478 00000033465 00287453873
00000009487 00000105478 00000033465 00287453873
00000010487 00000105478 00000033465 00287453873
00000010487 00000105478 00000033465 00287453873
00000010487 00000105478 00000033465 00287453873
00000010487 00000105478 00000033465 00287453873
00000010487 00000105478 00000033465 00287453873
00000011487 00000105478 00000033465 00287453873
00000011487 00000105478 00000033465 00287453873
00000011487 00000105478 00000033465 00287453873
00000011487 00000105478 00000033465 00287453873
00000011487 00000105478 00000033465 00287453873
00000012487 00000105478 00000033465 00287453873
00000012487 00000105478 00000033465 00287453873
00000012487 00000105478 00000033465 00287453873
00000012487 00000105478 00000033465 00287453873
00000012487 00000105478 00000033465 00287453873
00000013488 00000105478 00000033465 00287453873
00000013488 00000105478 00000033465 00287453873
00000013488 00000105478 00000033465 00287453873
00000013488 00000105478 00000033465 00287453873
00000013488 00000105478 00000033465 00287453873
00000014488 00000105478 00000033465 00287453873
00000014488 00000105478 00000033465 00287453873
00000014488 00000105478 00000033465 00287453873
00000014488 00000105478 00000033465 00287453873
00000014488 00000105478 00000033465 00287453873
00000015488 00000105478 00000033465 00287453873
00000015488 00000105478 00000033465 00287453873
00000015488 00000105478 00000033465 00287453873
00000015488 00000105478 00000033465 00287453873
00000015488 00000105478 00000033465 00287453873
00000017576 00000121569 00000049556 00303544829
00000017576 00000121569 00000049556 00303544829
00000017576 00000121569 00000049556 00303544829
00000017576 00000121569 00000049556 00303544829
00000017576 00000121569 00000049556 00303544829
00000018577 00000121569 00000049556 00303544829
00000018577 00000121569 00000049556 00303544829
00000018577 00000121569 00000049556 00303544829
00000018577 00000121569 00000049556 00303544829
00000018577 00000121569 00000049556 00303544829
00000019577 00000121569 00000049556 00303544829
00000019577 00000121569 00000049556 00303544829
00000019577 00000121569 00000049556 00303544829
00000019577 00000121569 00000049556 00303544829
00000019577 00000121569 00000049556 00303544829
00000016576 00000121569 00000049556 00303544829
00000016576 00000121569 00000049556 00303544829
00000016576 00000121569 00000049556 00303544829
00000016576 00000121569 00000049556 00303544829
00000016576 00000121569 00000049556 00303544829
00000020577 00000121569 00000049556 00303544829
00000020577 00000121569 00000049556 00303544829
00000020577 00000121569 00000049556 00303544829
00000020577 00000121569 00000049556 00303544829
00000020577 00000121569 00000049556 00303544829
00000005574 00000061558 00000029552 00303544829
00000005574 00000061558 00000029552 00303544829
00000005574 00000061558 00000029552 00303544829
00000005574 00000061558 00000029552 00303544829
00000005574 00000061558 00000029552 00303544829
00000006574 00000061558 00000029552 00303544829
00000006574 00000061558 00000029552 00303544829
00000006574 00000061558 00000029552 00303544829
00000006574 00000061558 00000029552 00303544829
00000006574 00000061558 00000029552 00303544829
00000007575 00000061558 00000029552 00303544829
00000007575 00000061558 00000029552 00303544829
00000007575 00000061558 00000029552 00303544829
00000007575 00000061558 00000029552 00303544829
00000007575 00000061558 00000029552 00303544829
00000008575 00000061558 00000029552 00303544829
00000008575 00000061558 00000029552 00303544829
00000008575 00000061558 00000029552 00303544829
00000008575 00000061558 00000029552 00303544829
00000008575 00000061558 00000029552 00303544829
00000009575 00000061558 00000029552 00303544829
00000009575 00000061558 00000029552 00303544829
00000009575 00000061558 00000029552 00303544829
00000009575 00000061558 00000029552 00303544829
00000009575 00000061558 00000029552 00303544829
00000010575 00000061558 00000029552 00303544829
00000010575 00000061558 00000029552 00303544829
00000010575 00000061558 00000029552 00303544829
00000010575 00000061558 00000029552 00303544829
00000010575 00000061558 00000029552 00303544829
00000011575 00000061558 00000029552 00303544829
00000011575 00000061558 00000029552 00303544829
00000011575 00000061558 00000029552 00303544829
00000011575 00000061558 00000029552 00303544829
00000011575 00000061558 00000029552 00303544829
00000012575 00000061558 00000029552 00303544829
00000012575 00000061558 00000029552 00303544829
00000012575 00000061558 00000029552 00303544829
00000012575 00000061558 00000029552 00303544829
00000012575 00000061558 00000029552 00303544829
00000013576 00000061558 00000029552 00303544829
00000013576 00000061558 00000029552 00303544829
00000013576 00000061558 00000029552 00303544829
00000013576 00000061558 00000029552 00303544829
00000013576 00000061558 00000029552 00303544829
00000014576 00000061558 00000029552 00303544829
00000014576 00000061558 00000029552 00303544829
00000014576 00000061558 00000029552 00303544829
00000014576 00000061558 00000029552 00303544829
00000014576 00000061558 00000029552 00303544829
00000015576 00000061558 00000029552 00303544829
00000015576 00000061558 00000029552 00303544829
00000015576 00000061558 00000029552 00303544829
00000015576 00000061558 00000029552 00303544829
00000015576 00000061558 00000029552 00303544829
