C[[0, 0], 0] 18181.755 21085357
C[[0, 0], 1] 17175.093 21085357
C[[0, 0], 2] 16174.876 21085357
C[[0, 0], 3] 15174.654 21085357
C[[0, 0], 4] 14172.832 21085357
C[[0, 0], 5] 13172.658 21085357
C[[0, 0], 6] 12172.462 21085357
C[[0, 0], 7] 11172.289 21085357
C[[0, 0], 8] 10172.1 21085357
C[[0, 0], 9] 9171.917 21085357
C[[0, 0], 10] 8171.735 21085357
S[0, 0] 18188.631 21092232
S[0, 1] 17181.969 21092232
S[0, 2] 16181.752 21092232
S[0, 3] 15181.53 21092232
S[0, 4] 14179.708 21092232
S[0, 5] 13179.534 21092232
S[0, 6] 12179.338 21092232
S[0, 7] 11179.165 21092232
S[0, 8] 10178.976 21092232
S[0, 9] 9178.793 21092232
S[0, 10] 8178.611 21092232
CS[0, 0] 31451.026 11437.547 34353749
S[0, 25] 6436.488 34354486
S[0, 24] 7436.674 34354486
S[0, 23] 8436.87 34354486
S[0, 22] 9437.021 34354486
S[0, 21] 10437.234 34354486
S[0, 20] 11438.28 34354486
S[0, 19] 12438.464 34354486
S[0, 11] 20440.67 34354486
S[0, 12] 19440.489 34354486
S[0, 13] 18440.28 34354486
S[0, 14] 17440.075 34354486
S[0, 15] 16439.881 34354486
S[0, 16] 15439.071 34354486
S[0, 17] 14438.888 34354486
S[0, 18] 13438.686 34354486
C[[0, 1], 5] 6436.744 34354742
C[[0, 1], 4] 7436.93 34354742
C[[0, 1], 3] 8437.126 34354742
C[[0, 1], 2] 9437.277 34354742
C[[0, 1], 1] 10437.49 34354742
C[[0, 1], 0] 11438.536 34354742
C[[0, 0], 19] 12438.72 34354742
C[[0, 0], 11] 20440.926 34354742
C[[0, 0], 12] 19440.745 34354742
C[[0, 0], 13] 18440.536 34354742
C[[0, 0], 14] 17440.331 34354742
C[[0, 0], 15] 16440.137 34354742
C[[0, 0], 16] 15439.327 34354742
C[[0, 0], 17] 14439.144 34354742
C[[0, 0], 18] 13438.942 34354742
S[0, 29] 18249.432 50168161
S[0, 28] 19249.6 50168161
S[0, 27] 20249.787 50168161
S[0, 26] 21249.988 50168161
S[0, 40] 7238.084 50168161
S[0, 39] 8238.263 50168161
S[0, 38] 9238.453 50168161
S[0, 37] 10238.641 50168161
S[0, 36] 11238.796 50168161
S[0, 35] 12238.977 50168161
S[0, 34] 13239.178 50168161
S[0, 33] 14239.356 50168161
S[0, 32] 15239.538 50168161
S[0, 30] 17249.245 50168161
S[0, 31] 16249.041 50168161
C[[0, 1], 9] 18250.111 50168840
C[[0, 1], 8] 19250.279 50168840
C[[0, 1], 7] 20250.466 50168840
C[[0, 1], 6] 21250.667 50168840
C[[0, 2], 1] 6238.587 50168840
C[[0, 2], 0] 7238.763 50168840
C[[0, 1], 19] 8238.942 50168840
C[[0, 1], 18] 9239.132 50168840
C[[0, 1], 17] 10239.32 50168840
C[[0, 1], 16] 11239.475 50168840
C[[0, 1], 15] 12239.656 50168840
C[[0, 1], 14] 13239.857 50168840
C[[0, 1], 13] 14240.035 50168840
C[[0, 1], 12] 15240.217 50168840
C[[0, 1], 10] 17249.924 50168840
C[[0, 1], 11] 16249.72 50168840
CS[0, 1] 43510.235 23496.364 66426441
S[0, 46] 17496.005 66427167
S[0, 45] 18496.179 66427167
S[0, 44] 19496.348 66427167
S[0, 43] 20496.535 66427167
S[0, 42] 21496.741 66427167
S[0, 41] 22496.914 66427167
S[0, 58] 5493.803 66427167
S[0, 57] 6494.022 66427167
S[0, 56] 7494.202 66427167
S[0, 55] 8494.39 66427167
S[0, 54] 9494.572 66427167
S[0, 53] 10494.753 66427167
S[0, 52] 11494.928 66427167
S[0, 51] 12495.1 66427167
S[0, 50] 13495.288 66427167
S[0, 49] 14495.471 66427167
S[0, 48] 15495.646 66427167
S[0, 47] 16495.838 66427167
C[[0, 2], 6] 17496.432 66427594
C[[0, 2], 5] 18496.606 66427594
C[[0, 2], 4] 19496.775 66427594
C[[0, 2], 3] 20496.962 66427594
C[[0, 2], 2] 21497.168 66427594
C[[0, 2], 17] 6494.449 66427594
C[[0, 2], 16] 7494.629 66427594
C[[0, 2], 15] 8494.817 66427594
C[[0, 2], 14] 9494.999 66427594
C[[0, 2], 13] 10495.18 66427594
C[[0, 2], 12] 11495.355 66427594
C[[0, 2], 11] 12495.527 66427594
C[[0, 2], 10] 13495.715 66427594
C[[0, 2], 9] 14495.898 66427594
C[[0, 2], 8] 15496.073 66427594
C[[0, 2], 7] 16496.265 66427594
CS[0, 2] 38977.823 18974.213 81907900
S[1, 2] 16972.536 81908084
S[1, 1] 17972.713 81908084
S[1, 0] 18974.397 81908084
S[0, 59] 19974.565 81908084
S[1, 13] 5970.498 81908084
S[1, 12] 6970.676 81908084
S[1, 11] 7970.876 81908084
S[1, 10] 8971.066 81908084
S[1, 9] 9971.251 81908084
S[1, 8] 10971.434 81908084
S[1, 7] 11971.62 81908084
S[1, 6] 12971.799 81908084
S[1, 5] 13972.002 81908084
S[1, 4] 14972.187 81908084
S[1, 3] 15972.37 81908084
SS0 79014.939 18983.237 81916920
C[[0, 3], 3] 15990.886 81926600
C[[0, 3], 2] 16991.052 81926600
C[[0, 3], 1] 17991.229 81926600
C[[0, 3], 0] 18992.913 81926600
C[[0, 2], 19] 19993.081 81926600
C[[0, 2], 18] 20993.236 81926600
C[[0, 3], 13] 5989.014 81926600
C[[0, 3], 12] 6989.192 81926600
C[[0, 3], 11] 7989.392 81926600
C[[0, 3], 10] 8989.582 81926600
C[[0, 3], 9] 9989.767 81926600
C[[0, 3], 8] 10989.95 81926600
C[[0, 3], 7] 11990.136 81926600
C[[0, 3], 6] 12990.315 81926600
C[[0, 3], 5] 13990.518 81926600
C[[0, 3], 4] 14990.703 81926600
CS[0, 3] 34992.891 14987.694 97926579
S[1, 18] 16988.081 97926677
S[1, 17] 17988.257 97926677
S[1, 16] 18988.433 97926677
S[1, 15] 19988.619 97926677
S[1, 14] 20988.884 97926677
S[1, 28] 6986.279 97926677
S[1, 27] 7986.454 97926677
S[1, 26] 8986.636 97926677
S[1, 25] 9986.812 97926677
S[1, 24] 10986.996 97926677
S[1, 23] 11987.181 97926677
S[1, 22] 12987.368 97926677
S[1, 21] 13987.558 97926677
S[1, 20] 14987.792 97926677
S[1, 19] 15987.94 97926677
C[[0, 3], 18] 16988.281 97926877
C[[0, 3], 17] 17988.457 97926877
C[[0, 3], 16] 18988.633 97926877
C[[0, 3], 15] 19988.819 97926877
C[[0, 3], 14] 20989.084 97926877
C[[0, 4], 8] 6986.479 97926877
C[[0, 4], 7] 7986.654 97926877
C[[0, 4], 6] 8986.836 97926877
C[[0, 4], 5] 9987.012 97926877
C[[0, 4], 4] 10987.196 97926877
C[[0, 4], 3] 11987.381 97926877
C[[0, 4], 2] 12987.568 97926877
C[[0, 4], 1] 13987.758 97926877
C[[0, 4], 0] 14987.992 97926877
C[[0, 3], 19] 15988.14 97926877
CS[0, 4] 30500.298 10497.599 113439182
C[[0, 4], 14] 16497.728 113439272
C[[0, 4], 13] 17497.905 113439272
C[[0, 4], 12] 18498.079 113439272
C[[0, 4], 11] 19498.259 113439272
C[[0, 4], 10] 20498.459 113439272
C[[0, 4], 9] 21498.688 113439272
C[[0, 5], 4] 6496.957 113439272
C[[0, 5], 3] 7497.131 113439272
C[[0, 5], 2] 8497.334 113439272
C[[0, 5], 1] 9497.53 113439272
C[[0, 5], 0] 10497.688 113439272
C[[0, 4], 19] 11497.862 113439272
C[[0, 4], 18] 12498.038 113439272
C[[0, 4], 17] 13498.221 113439272
C[[0, 4], 16] 14497.402 113439272
C[[0, 4], 15] 15497.571 113439272
S[1, 33] 17498.148 113439515
S[1, 32] 18498.322 113439515
S[1, 31] 19498.502 113439515
S[1, 30] 20498.702 113439515
S[1, 34] 16497.971 113439515
S[1, 29] 21498.931 113439515
S[1, 44] 6497.2 113439515
S[1, 43] 7497.374 113439515
S[1, 42] 8497.577 113439515
S[1, 41] 9497.773 113439515
S[1, 40] 10497.931 113439515
S[1, 39] 11498.105 113439515
S[1, 38] 12498.281 113439515
S[1, 37] 13498.464 113439515
S[1, 36] 14497.645 113439515
S[1, 35] 15497.814 113439515
S[1, 50] 16900.235 129843668
S[1, 49] 17900.401 129843668
S[1, 48] 18900.576 129843668
S[1, 47] 19900.793 129843668
S[1, 46] 20900.985 129843668
S[1, 45] 21901.152 129843668
S[2, 0] 6890.027 129843668
S[1, 59] 7890.17 129843668
S[1, 58] 8898.765 129843668
S[1, 57] 9898.953 129843668
S[1, 56] 10899.127 129843668
S[1, 55] 11899.302 129843668
S[1, 54] 12899.503 129843668
S[1, 53] 13899.685 129843668
S[1, 52] 14899.874 129843668
S[1, 51] 15900.057 129843668
C[[0, 5], 10] 16900.482 129843916
C[[0, 5], 9] 17900.648 129843916
C[[0, 5], 8] 18900.823 129843916
C[[0, 5], 7] 19901.04 129843916
C[[0, 5], 6] 20901.232 129843916
C[[0, 5], 5] 21901.399 129843916
C[[0, 6], 0] 6890.274 129843916
C[[0, 5], 19] 7890.417 129843916
C[[0, 5], 18] 8899.012 129843916
C[[0, 5], 17] 9899.2 129843916
C[[0, 5], 16] 10899.374 129843916
C[[0, 5], 15] 11899.549 129843916
C[[0, 5], 14] 12899.75 129843916
C[[0, 5], 13] 13899.932 129843916
C[[0, 5], 12] 14900.121 129843916
C[[0, 5], 11] 15900.304 129843916
CS[0, 5] 42595.937 22583.879 145537520
C[[0, 6], 6] 16585.099 145539772
C[[0, 6], 5] 17585.269 145539772
C[[0, 6], 4] 18585.449 145539772
C[[0, 6], 3] 19585.628 145539772
C[[0, 6], 2] 20585.79 145539772
C[[0, 6], 1] 21585.952 145539772
C[[0, 6], 16] 6572.104 145539772
C[[0, 6], 15] 7572.277 145539772
C[[0, 6], 14] 8583.691 145539772
C[[0, 6], 13] 9583.867 145539772
C[[0, 6], 12] 10584.045 145539772
C[[0, 6], 11] 11584.226 145539772
C[[0, 6], 10] 12584.402 145539772
C[[0, 6], 9] 13584.583 145539772
C[[0, 6], 8] 14584.766 145539772
C[[0, 6], 7] 15584.909 145539772
SS1 82606.527 22586.573 145540214
S[2, 6] 16586.009 145540682
S[2, 5] 17586.179 145540682
S[2, 4] 18586.359 145540682
S[2, 3] 19586.538 145540682
S[2, 2] 20586.7 145540682
S[2, 1] 21586.862 145540682
S[2, 16] 6573.014 145540682
S[2, 15] 7573.187 145540682
S[2, 14] 8584.601 145540682
S[2, 13] 9584.777 145540682
S[2, 12] 10584.955 145540682
S[2, 11] 11585.136 145540682
S[2, 10] 12585.312 145540682
S[2, 9] 13585.493 145540682
S[2, 8] 14585.676 145540682
S[2, 7] 15585.819 145540682
CS[0, 6] 37929.24 17914.484 160882881
CS[0, 7] 17914.484 14913.956 160882881
S[2, 22] 15914.347 160883098
S[2, 21] 16914.523 160883098
S[2, 20] 17914.701 160883098
S[2, 19] 18914.868 160883098
S[2, 18] 19915.068 160883098
S[2, 17] 20915.261 160883098
S[2, 32] 5912.508 160883098
S[2, 31] 6912.692 160883098
S[2, 30] 7912.873 160883098
S[2, 29] 8913.046 160883098
S[2, 28] 9913.229 160883098
S[2, 27] 10913.379 160883098
S[2, 26] 11913.575 160883098
S[2, 25] 12913.753 160883098
S[2, 24] 13913.947 160883098
S[2, 23] 14914.173 160883098
C[[0, 7], 2] 15914.844 160883596
C[[0, 7], 1] 16915.02 160883596
C[[0, 7], 0] 17915.198 160883596
C[[0, 6], 19] 18915.365 160883596
C[[0, 6], 18] 19915.565 160883596
C[[0, 6], 17] 20915.758 160883596
C[[1, 0], 9] 5913.005 160883596
C[[1, 0], 8] 6913.189 160883596
C[[1, 0], 7] 7913.37 160883596
C[[1, 0], 6] 8913.543 160883596
C[[1, 0], 5] 9913.726 160883596
C[[1, 0], 4] 10913.876 160883596
C[[1, 0], 3] 11914.072 160883596
C[[1, 0], 2] 12914.25 160883596
C[[1, 0], 1] 13914.444 160883596
C[[1, 0], 0] 14914.67 160883596
CS[1, 0] 30887.507 10883.81 176856432
S[2, 37] 16884.97 176856516
S[2, 36] 17885.144 176856516
S[2, 35] 18885.328 176856516
S[2, 34] 19885.563 176856516
S[2, 33] 20885.74 176856516
S[2, 47] 6883.16 176856516
S[2, 46] 7883.35 176856516
S[2, 45] 8883.533 176856516
S[2, 44] 9883.705 176856516
S[2, 43] 10883.894 176856516
S[2, 42] 11884.069 176856516
S[2, 41] 12884.25 176856516
S[2, 40] 13884.435 176856516
S[2, 39] 14884.612 176856516
S[2, 38] 15884.803 176856516
C[[1, 0], 14] 16885.174 176856721
C[[1, 0], 13] 17885.348 176856721
C[[1, 0], 12] 18885.532 176856721
C[[1, 0], 11] 19885.767 176856721
C[[1, 0], 10] 20885.944 176856721
C[[1, 1], 4] 6883.364 176856721
C[[1, 1], 3] 7883.554 176856721
C[[1, 1], 2] 8883.737 176856721
C[[1, 1], 1] 9883.909 176856721
C[[1, 1], 0] 10884.098 176856721
C[[1, 0], 19] 11884.273 176856721
C[[1, 0], 18] 12884.454 176856721
C[[1, 0], 17] 13884.639 176856721
C[[1, 0], 16] 14884.816 176856721
C[[1, 0], 15] 15885.007 176856721
S[2, 53] 17153.615 193128034
S[2, 52] 18153.782 193128034
S[2, 51] 19153.958 193128034
S[2, 50] 20154.141 193128034
S[2, 49] 21154.339 193128034
S[2, 48] 22154.513 193128034
S[3, 4] 6151.575 193128034
S[3, 3] 7151.752 193128034
S[3, 2] 8151.93 193128034
S[3, 1] 9152.128 193128034
S[3, 0] 10152.316 193128034
S[2, 59] 11152.498 193128034
S[2, 58] 12152.68 193128034
S[2, 57] 13152.86 193128034
S[2, 56] 14153.055 193128034
S[2, 55] 15153.239 193128034
S[2, 54] 16153.425 193128034
C[[1, 1], 10] 17154.042 193128461
C[[1, 1], 9] 18154.209 193128461
C[[1, 1], 8] 19154.385 193128461
C[[1, 1], 7] 20154.568 193128461
C[[1, 1], 6] 21154.766 193128461
C[[1, 1], 5] 22154.94 193128461
C[[1, 1], 19] 8152.357 193128461
C[[1, 1], 18] 9152.555 193128461
C[[1, 1], 17] 10152.743 193128461
C[[1, 1], 16] 11152.925 193128461
C[[1, 1], 15] 12153.107 193128461
C[[1, 1], 14] 13153.287 193128461
C[[1, 1], 13] 14153.482 193128461
C[[1, 1], 12] 15153.666 193128461
C[[1, 1], 11] 16153.852 193128461
SS2 70175.233 10153.156 193128874
CS[1, 1] 42431.137 22427.477 208403760
CS[1, 2] 22427.477 14426.068 208403760
S[3, 9] 16426.605 208403947
S[3, 8] 17426.773 208403947
S[3, 7] 18426.942 208403947
S[3, 6] 19427.116 208403947
S[3, 10] 15426.421 208403947
S[3, 5] 20427.31 208403947
S[3, 20] 5424.605 208403947
S[3, 19] 6424.796 208403947
S[3, 18] 7424.969 208403947
S[3, 17] 8425.168 208403947
S[3, 16] 9425.346 208403947
S[3, 15] 10425.525 208403947
S[3, 14] 11425.707 208403947
S[3, 13] 12425.881 208403947
S[3, 12] 13426.057 208403947
S[3, 11] 14426.256 208403947
C[[1, 2], 6] 16427.034 208404376
C[[1, 2], 5] 17427.202 208404376
C[[1, 2], 4] 18427.371 208404376
C[[1, 2], 3] 19427.545 208404376
C[[1, 2], 2] 20427.739 208404376
C[[1, 2], 1] 21427.917 208404376
C[[2, 0], 9] 5425.034 208404376
C[[1, 2], 0] 22428.094 208404376
C[[2, 0], 8] 6425.225 208404376
C[[2, 0], 7] 7425.398 208404376
C[[2, 0], 6] 8425.597 208404376
C[[2, 0], 5] 9425.775 208404376
C[[2, 0], 4] 10425.954 208404376
C[[2, 0], 3] 11426.136 208404376
C[[2, 0], 2] 12426.31 208404376
C[[2, 0], 1] 13426.486 208404376
C[[2, 0], 0] 14426.685 208404376
C[[1, 2], 7] 15426.85 208404376
CS[2, 0] 29936.558 9932.869 223914249
S[3, 25] 15934.138 223914397
S[3, 24] 16934.312 223914397
S[3, 23] 17934.49 223914397
S[3, 22] 18934.672 223914397
S[3, 21] 19934.863 223914397
S[3, 35] 5932.28 223914397
S[3, 34] 6932.454 223914397
S[3, 33] 7932.636 223914397
S[3, 32] 8932.831 223914397
S[3, 31] 9933.017 223914397
S[3, 30] 10933.2 223914397
S[3, 29] 11933.402 223914397
S[3, 28] 12933.581 223914397
S[3, 27] 13933.771 223914397
S[3, 26] 14933.956 223914397
C[[2, 0], 14] 15934.522 223914782
C[[2, 0], 13] 16934.696 223914782
C[[2, 0], 12] 17934.874 223914782
C[[2, 0], 11] 18935.056 223914782
C[[2, 0], 10] 19935.247 223914782
C[[2, 1], 3] 6932.838 223914782
C[[2, 1], 2] 7933.02 223914782
C[[2, 1], 1] 8933.215 223914782
C[[2, 1], 0] 9933.401 223914782
C[[2, 0], 19] 10933.584 223914782
C[[2, 0], 18] 11933.786 223914782
C[[2, 0], 17] 12933.965 223914782
C[[2, 0], 16] 13934.155 223914782
C[[2, 0], 15] 14934.34 223914782
C[[2, 1], 9] 16288.121 239271121
C[[2, 1], 19] 6286.318 239271121
C[[2, 1], 8] 17288.294 239271121
C[[2, 1], 7] 18288.469 239271121
C[[2, 1], 6] 19288.655 239271121
C[[2, 1], 5] 20288.83 239271121
C[[2, 1], 4] 21289.004 239271121
C[[2, 1], 18] 7286.502 239271121
C[[2, 1], 17] 8286.686 239271121
C[[2, 1], 16] 9286.868 239271121
C[[2, 1], 15] 10287.051 239271121
C[[2, 1], 14] 11287.23 239271121
C[[2, 1], 13] 12287.404 239271121
C[[2, 1], 12] 13287.595 239271121
C[[2, 1], 11] 14287.77 239271121
C[[2, 1], 10] 15287.95 239271121
S[3, 40] 16288.413 239271414
S[3, 39] 17288.586 239271414
S[3, 38] 18288.761 239271414
S[3, 37] 19288.947 239271414
S[3, 36] 20289.122 239271414
S[3, 50] 6286.61 239271414
S[3, 49] 7286.794 239271414
S[3, 48] 8286.978 239271414
S[3, 47] 9287.16 239271414
S[3, 46] 10287.343 239271414
S[3, 45] 11287.522 239271414
S[3, 44] 12287.696 239271414
S[3, 43] 13287.887 239271414
S[3, 42] 14288.062 239271414
S[3, 41] 15288.242 239271414
CS[2, 1] 40828.129 20824.533 254809509
S[3, 56] 15823.795 254809661
S[4, 7] 4821.741 254809661
S[3, 55] 16823.969 254809661
S[3, 54] 17824.15 254809661
S[3, 53] 18824.319 254809661
S[3, 52] 19824.513 254809661
S[3, 51] 20824.685 254809661
S[4, 6] 5821.947 254809661
S[4, 5] 6822.131 254809661
S[4, 4] 7822.32 254809661
S[4, 3] 8822.503 254809661
S[4, 2] 9822.686 254809661
S[4, 1] 10822.88 254809661
S[4, 0] 11823.071 254809661
S[3, 59] 12823.257 254809661
S[3, 58] 13823.44 254809661
S[3, 57] 14823.623 254809661
C[[2, 2], 5] 15824.408 254810274
C[[2, 2], 4] 16824.582 254810274
C[[2, 2], 3] 17824.763 254810274
C[[2, 2], 2] 18824.932 254810274
C[[2, 2], 1] 19825.126 254810274
C[[2, 2], 0] 20825.298 254810274
C[[2, 2], 14] 6822.744 254810274
C[[2, 2], 13] 7822.933 254810274
C[[2, 2], 12] 8823.116 254810274
C[[2, 2], 11] 9823.299 254810274
C[[2, 2], 10] 10823.493 254810274
C[[2, 2], 9] 11823.684 254810274
C[[2, 2], 8] 12823.87 254810274
C[[2, 2], 7] 13824.053 254810274
C[[2, 2], 6] 14824.236 254810274
SS3 71834.975 11824.103 254810693
CS[2, 2] 37932.679 17929.004 271917656
CS[2, 3] 17929.004 16928.825 271917656
S[4, 11] 17929.099 271917750
S[4, 10] 18929.277 271917750
S[4, 9] 19929.459 271917750
S[4, 8] 20929.634 271917750
S[4, 22] 6927.133 271917750
S[4, 21] 7927.299 271917750
S[4, 20] 8927.481 271917750
S[4, 19] 9927.667 271917750
S[4, 18] 10927.849 271917750
S[4, 17] 11928.033 271917750
S[4, 16] 12928.193 271917750
S[4, 15] 13928.368 271917750
S[4, 14] 14928.554 271917750
S[4, 13] 15928.727 271917750
S[4, 12] 16928.92 271917750
C[[3, 0], 9] 7927.503 271917954
C[[2, 3], 0] 17929.303 271917954
C[[2, 2], 19] 18929.481 271917954
C[[2, 2], 18] 19929.663 271917954
C[[2, 2], 17] 20929.838 271917954
C[[2, 2], 16] 21930.034 271917954
C[[2, 2], 15] 22930.24 271917954
C[[3, 0], 8] 8927.685 271917954
C[[3, 0], 7] 9927.871 271917954
C[[3, 0], 6] 10928.053 271917954
C[[3, 0], 5] 11928.237 271917954
C[[3, 0], 4] 12928.397 271917954
C[[3, 0], 3] 13928.572 271917954
C[[3, 0], 2] 14928.758 271917954
C[[3, 0], 1] 15928.931 271917954
C[[3, 0], 0] 16929.124 271917954
CS[3, 0] 32466.279 12462.697 287455110
S[4, 28] 16463.529 287455202
S[4, 27] 17463.722 287455202
S[4, 26] 18463.893 287455202
S[4, 25] 19464.04 287455202
S[4, 24] 20464.213 287455202
S[4, 23] 21464.405 287455202
S[4, 38] 6461.701 287455202
S[4, 37] 7461.875 287455202
S[4, 36] 8462.067 287455202
S[4, 35] 9462.248 287455202
S[4, 34] 10462.428 287455202
S[4, 33] 11462.603 287455202
S[4, 32] 12462.789 287455202
S[4, 31] 13462.977 287455202
S[4, 30] 14463.158 287455202
S[4, 29] 15463.336 287455202
C[[3, 0], 16] 16463.777 287455450
C[[3, 0], 14] 18464.141 287455450
C[[3, 0], 13] 19464.288 287455450
C[[3, 0], 15] 17463.97 287455450
C[[3, 0], 12] 20464.461 287455450
C[[3, 0], 11] 21464.653 287455450
C[[3, 0], 10] 22464.832 287455450
C[[3, 1], 6] 6461.949 287455450
C[[3, 1], 5] 7462.123 287455450
C[[3, 1], 4] 8462.315 287455450
C[[3, 1], 3] 9462.496 287455450
C[[3, 1], 2] 10462.676 287455450
C[[3, 1], 1] 11462.851 287455450
C[[3, 1], 0] 12463.037 287455450
C[[3, 0], 19] 13463.225 287455450
C[[3, 0], 18] 14463.406 287455450
C[[3, 0], 17] 15463.584 287455450
S[4, 43] 17552.329 303546719
S[4, 42] 18552.504 303546719
S[4, 41] 19552.679 303546719
S[4, 40] 20552.876 303546719
S[4, 44] 16552.154 303546719
S[4, 55] 5539.159 303546719
S[4, 39] 21553.045 303546719
S[4, 54] 6539.327 303546719
S[4, 53] 7539.505 303546719
S[4, 52] 8550.614 303546719
S[4, 51] 9550.811 303546719
S[4, 50] 10550.997 303546719
S[4, 49] 11551.176 303546719
S[4, 48] 12551.378 303546719
S[4, 47] 13551.556 303546719
S[4, 46] 14551.785 303546719
S[4, 45] 15551.969 303546719
C[[3, 1], 12] 16552.597 303547162
C[[3, 1], 11] 17552.772 303547162
C[[3, 1], 10] 18552.947 303547162
C[[3, 1], 9] 19553.122 303547162
C[[3, 1], 8] 20553.319 303547162
C[[3, 1], 7] 21553.488 303547162
C[[3, 2], 1] 7539.948 303547162
C[[3, 2], 0] 8551.057 303547162
C[[3, 1], 19] 9551.254 303547162
C[[3, 1], 18] 10551.44 303547162
C[[3, 1], 17] 11551.619 303547162
C[[3, 1], 16] 12551.821 303547162
C[[3, 1], 15] 13551.999 303547162
C[[3, 1], 14] 14552.228 303547162
C[[3, 1], 13] 15552.412 303547162
