000.002 WPR 00250588276
000.002 RBE 00250589366
000.004 WPR 00250590558
000.005 WPR 00250590738
000.003 WPR 00250591033
000.004 RBE 00250591262
000.005 RBE 00250591412
000.001 WPR 00250591497
000.003 RBE 00250591641
000.001 RBE 00250592231
000.009 AFR 00253087694
000.018 AFR 00253098433
000.017 AFR 00253414698
000.017 WPR 00253427210
000.009 WPR 00253427528
000.017 RBE 00253427867
000.009 RBE 00253428194
000.020 WPR 00253428396
000.018 WPR 00253428870
000.008 WPR 00253428937
000.020 RBE 00253429016
000.007 WPR 00253429432
000.008 RBE 00253429703
000.016 WPR 00253429777
000.018 RBE 00253429799
000.007 RBE 00253430070
000.016 RBE 00253430488
000.010 WPR 00253430688
000.010 RBE 00253431211
000.011 WPR 00253431292
000.011 RBE 00253431670
000.019 WPR 00253431930
000.006 WPR 00253431992
000.019 RBE 00253432233
000.006 RBE 00253432761
000.015 WPR 00253432993
000.015 RBE 00253433605
000.014 WPR 00253435051
000.014 RBE 00253435723
000.013 WPR 00253437982
000.013 RBE 00253438923
000.012 WPR 00253439775
000.012 RBE 00253440411
000.021 WPR 00253448525
000.022 WPR 00253448874
000.021 RBE 00253448989
000.024 WPR 00253454893
000.022 RBE 00253454896
000.023 WPR 00253454897
000.024 RBE 00253454936
000.023 RBE 00253454996
000 RTF 253675734
000 REP 0004217 0004218 0047607 0133194 0135398 0136615 0136800 0137067 0137068 0140308 00254099795
000.022 RPR 00254128925
000.024 RPR 00254131178
000.023 RPR 00254132939
000.021 RPR 00254138345
000.004 RPR 00254203944
000.003 RPR 00254204222
000.005 RPR 00254204764
000.002 RPR 00254216179
000.008 RPR 00254231344
000.013 RPR 00254239484
000.020 RPR 00254240340
000.017 RPR 00254241292
000.011 RPR 00254242266
000.018 RPR 00254243819
000.006 RPR 00254244358
000.019 RPR 00254245306
000.009 RPR 00254245479
000.014 RPR 00254245727
000.010 RPR 00254245722
000.016 RPR 00254247106
000.007 RPR 00254249534
000.001 RPR 00254451666
000.012 RPR 00254512495
000.015 RPR 00254576436
