00000000105 00000006015 00000026024 00075552914
00000000105 00000006015 00000026024 00075552914
00000000105 00000006015 00000026024 00075552914
00000000105 00000006015 00000026024 00075552914
00000000105 00000006015 00000026024 00075552914
00000000044 00000006955 00000026964 00076488626
00000000044 00000006955 00000026964 00076488626
00000000044 00000006955 00000026964 00076488626
00000000044 00000006955 00000026964 00076488626
00000000044 00000006955 00000026964 00076488626
00000000055 00000007967 00000027976 00077500591
00000000055 00000007967 00000027976 00077500591
00000000055 00000007967 00000027976 00077500591
00000000055 00000007967 00000027976 00077500591
00000000055 00000007967 00000027976 00077500591
00000000030 00000008942 00000028951 00078475366
00000000030 00000008942 00000028951 00078475366
00000000030 00000008942 00000028951 00078475366
00000000030 00000008942 00000028951 00078475366
00000000030 00000008942 00000028951 00078475366
00000000036 00000009948 00000029957 00079481545
00000000036 00000009948 00000029957 00079481545
00000000036 00000009948 00000029957 00079481545
00000000036 00000009948 00000029957 00079481545
00000000036 00000009948 00000029957 00079481545
00000000033 00000010945 00000030954 00080478556
00000000033 00000010945 00000030954 00080478556
00000000033 00000010945 00000030954 00080478556
00000000033 00000010945 00000030954 00080478556
00000000033 00000010945 00000030954 00080478556
00000000058 00000011970 00000031979 00081504236
00000000058 00000011970 00000031979 00081504236
00000000058 00000011970 00000031979 00081504236
00000000058 00000011970 00000031979 00081504236
00000000058 00000011970 00000031979 00081504236
00000000029 00000012942 00000032951 00082475313
00000000029 00000012942 00000032951 00082475313
00000000029 00000012942 00000032951 00082475313
00000000029 00000012942 00000032951 00082475313
00000000029 00000012942 00000032951 00082475313
00000000028 00000013941 00000033950 00083474707
00000000028 00000013941 00000033950 00083474707
00000000028 00000013941 00000033950 00083474707
00000000028 00000013941 00000033950 00083474707
00000000028 00000013941 00000033950 00083474707
00000000018 00000014931 00000034940 00084464565
00000000018 00000014931 00000034940 00084464565
00000000018 00000014931 00000034940 00084464565
00000000018 00000014931 00000034940 00084464565
00000000018 00000014931 00000034940 00084464565
00000000019 00000015932 00000035941 00085465729
00000000019 00000015932 00000035941 00085465729
00000000019 00000015932 00000035941 00085465729
00000000019 00000015932 00000035941 00085465729
00000000019 00000015932 00000035941 00085465729
00000000110 00000017023 00000037032 00086556470
00000000110 00000017023 00000037032 00086556470
00000000110 00000017023 00000037032 00086556470
00000000110 00000017023 00000037032 00086556470
00000000110 00000017023 00000037032 00086556470
00000000036 00000017950 00000017950 00087483682
00000000036 00000017950 00000017950 00087483682
00000000036 00000017950 00000017950 00087483682
00000000036 00000017950 00000017950 00087483682
00000000036 00000017950 00000017950 00087483682
00000000023 00000018937 00000018937 00088470741
00000000023 00000018937 00000018937 00088470741
00000000023 00000018937 00000018937 00088470741
00000000023 00000018937 00000018937 00088470741
00000000023 00000018937 00000018937 00088470741
00000000035 00000019949 00000019949 00089482484
00000000035 00000019949 00000019949 00089482484
00000000035 00000019949 00000019949 00089482484
00000000035 00000019949 00000019949 00089482484
00000000035 00000019949 00000019949 00089482484
00000000027 00000020942 00000020942 00090475412
00000000027 00000020942 00000020942 00090475412
00000000027 00000020942 00000020942 00090475412
00000000027 00000020942 00000020942 00090475412
00000000027 00000020942 00000020942 00090475412
00000000027 00000021942 00000021942 00091475445
00000000027 00000021942 00000021942 00091475445
00000000027 00000021942 00000021942 00091475445
00000000027 00000021942 00000021942 00091475445
00000000027 00000021942 00000021942 00091475445
00000000019 00000022934 00000022934 00092467426
00000000019 00000022934 00000022934 00092467426
00000000019 00000022934 00000022934 00092467426
00000000019 00000022934 00000022934 00092467426
00000000019 00000022934 00000022934 00092467426
00000000029 00000023944 00000023944 00093477636
00000000029 00000023944 00000023944 00093477636
00000000029 00000023944 00000023944 00093477636
00000000029 00000023944 00000023944 00093477636
00000000029 00000023944 00000023944 00093477636
00000000036 00000024951 00000024951 00094484410
00000000036 00000024951 00000024951 00094484410
00000000036 00000024951 00000024951 00094484410
00000000036 00000024951 00000024951 00094484410
00000000036 00000024951 00000024951 00094484410
00000000042 00000025958 00000025958 00095492254
00000000042 00000025958 00000025958 00095492254
00000000042 00000025958 00000025958 00095492254
00000000042 00000025958 00000025958 00095492254
00000000042 00000025958 00000025958 00095492254
00000000054 00000026970 00000026970 00096503784
00000000054 00000026970 00000026970 00096503784
00000000054 00000026970 00000026970 00096503784
00000000054 00000026970 00000026970 00096503784
00000000054 00000026970 00000026970 00096503784
00000000035 00000027951 00000027951 00097484880
00000000035 00000027951 00000027951 00097484880
00000000035 00000027951 00000027951 00097484880
00000000035 00000027951 00000027951 00097484880
00000000035 00000027951 00000027951 00097484880
00000000046 00000028962 00000028962 00098495967
00000000046 00000028962 00000028962 00098495967
00000000046 00000028962 00000028962 00098495967
00000000046 00000028962 00000028962 00098495967
00000000046 00000028962 00000028962 00098495967
00000000017 00000029933 00000029933 00099466926
00000000017 00000029933 00000029933 00099466926
00000000017 00000029933 00000029933 00099466926
00000000017 00000029933 00000029933 00099466926
00000000017 00000029933 00000029933 00099466926
00000000022 00000030939 00000030939 00100473194
00000000022 00000030939 00000030939 00100473194
00000000022 00000030939 00000030939 00100473194
00000000022 00000030939 00000030939 00100473194
00000000022 00000030939 00000030939 00100473194
00000000025 00000031942 00000031942 00101475802
00000000025 00000031942 00000031942 00101475802
00000000025 00000031942 00000031942 00101475802
00000000025 00000031942 00000031942 00101475802
00000000025 00000031942 00000031942 00101475802
00000000016 00000032933 00000032933 00102466535
00000000016 00000032933 00000032933 00102466535
00000000016 00000032933 00000032933 00102466535
00000000016 00000032933 00000032933 00102466535
00000000016 00000032933 00000032933 00102466535
00000000027 00000033944 00000033944 00103477880
00000000027 00000033944 00000033944 00103477880
00000000027 00000033944 00000033944 00103477880
00000000027 00000033944 00000033944 00103477880
00000000027 00000033944 00000033944 00103477880
00000000028 00000034945 00000034945 00104479282
00000000028 00000034945 00000034945 00104479282
00000000028 00000034945 00000034945 00104479282
00000000028 00000034945 00000034945 00104479282
00000000028 00000034945 00000034945 00104479282
00000000021 00000035938 00000035938 00105472160
00000000021 00000035938 00000035938 00105472160
00000000021 00000035938 00000035938 00105472160
00000000021 00000035938 00000035938 00105472160
00000000021 00000035938 00000035938 00105472160
00000000129 00000037047 00000037047 00106581158
00000000129 00000037047 00000037047 00106581158
00000000129 00000037047 00000037047 00106581158
00000000129 00000037047 00000037047 00106581158
00000000129 00000037047 00000037047 00106581158
00000000020 00000037938 00000017933 00107471878
00000000020 00000037938 00000017933 00107471878
00000000020 00000037938 00000017933 00107471878
00000000020 00000037938 00000017933 00107471878
00000000020 00000037938 00000017933 00107471878
00000000017 00000038935 00000018930 00108468642
00000000017 00000038935 00000018930 00108468642
00000000017 00000038935 00000018930 00108468642
00000000017 00000038935 00000018930 00108468642
00000000017 00000038935 00000018930 00108468642
00000000035 00000039953 00000019948 00109487190
00000000035 00000039953 00000019948 00109487190
00000000035 00000039953 00000019948 00109487190
00000000035 00000039953 00000019948 00109487190
00000000035 00000039953 00000019948 00109487190
00000000033 00000040951 00000020946 00110484331
00000000033 00000040951 00000020946 00110484331
00000000033 00000040951 00000020946 00110484331
00000000033 00000040951 00000020946 00110484331
00000000033 00000040951 00000020946 00110484331
00000000022 00000041941 00000021936 00111474300
00000000022 00000041941 00000021936 00111474300
00000000022 00000041941 00000021936 00111474300
00000000022 00000041941 00000021936 00111474300
00000000022 00000041941 00000021936 00111474300
00000000018 00000042937 00000022932 00112471035
00000000018 00000042937 00000022932 00112471035
00000000018 00000042937 00000022932 00112471035
00000000018 00000042937 00000022932 00112471035
00000000018 00000042937 00000022932 00112471035
00000000029 00000043948 00000023943 00113481370
00000000029 00000043948 00000023943 00113481370
00000000029 00000043948 00000023943 00113481370
00000000029 00000043948 00000023943 00113481370
00000000029 00000043948 00000023943 00113481370
00000000048 00000044967 00000024962 00114501168
00000000048 00000044967 00000024962 00114501168
00000000048 00000044967 00000024962 00114501168
00000000048 00000044967 00000024962 00114501168
00000000048 00000044967 00000024962 00114501168
00000000024 00000045943 00000025938 00115477241
00000000024 00000045943 00000025938 00115477241
00000000024 00000045943 00000025938 00115477241
00000000024 00000045943 00000025938 00115477241
00000000024 00000045943 00000025938 00115477241
00000000035 00000046955 00000026950 00116489090
00000000035 00000046955 00000026950 00116489090
00000000035 00000046955 00000026950 00116489090
00000000035 00000046955 00000026950 00116489090
00000000035 00000046955 00000026950 00116489090
00000000031 00000047951 00000027946 00117484319
00000000031 00000047951 00000027946 00117484319
00000000031 00000047951 00000027946 00117484319
00000000031 00000047951 00000027946 00117484319
00000000031 00000047951 00000027946 00117484319
00000000060 00000048980 00000028975 00118513820
00000000060 00000048980 00000028975 00118513820
00000000060 00000048980 00000028975 00118513820
00000000060 00000048980 00000028975 00118513820
00000000060 00000048980 00000028975 00118513820
00000000019 00000049939 00000029934 00119472484
00000000019 00000049939 00000029934 00119472484
00000000019 00000049939 00000029934 00119472484
00000000019 00000049939 00000029934 00119472484
00000000019 00000049939 00000029934 00119472484
00000000047 00000050967 00000030962 00120500748
00000000047 00000050967 00000030962 00120500748
00000000047 00000050967 00000030962 00120500748
00000000047 00000050967 00000030962 00120500748
00000000047 00000050967 00000030962 00120500748
00000000019 00000051940 00000031935 00121474028
00000000019 00000051940 00000031935 00121474028
00000000019 00000051940 00000031935 00121474028
00000000019 00000051940 00000031935 00121474028
00000000019 00000051940 00000031935 00121474028
00000000028 00000052949 00000032944 00122482811
00000000028 00000052949 00000032944 00122482811
00000000028 00000052949 00000032944 00122482811
00000000028 00000052949 00000032944 00122482811
00000000028 00000052949 00000032944 00122482811
00000000090 00000054011 00000034006 00123544440
00000000090 00000054011 00000034006 00123544440
00000000090 00000054011 00000034006 00123544440
00000000090 00000054011 00000034006 00123544440
00000000090 00000054011 00000034006 00123544440
00000000030 00000054951 00000034946 00124484502
00000000030 00000054951 00000034946 00124484502
00000000030 00000054951 00000034946 00124484502
00000000030 00000054951 00000034946 00124484502
00000000030 00000054951 00000034946 00124484502
00000000033 00000055954 00000015940 00125487626
00000000033 00000055954 00000015940 00125487626
00000000033 00000055954 00000015940 00125487626
00000000033 00000055954 00000015940 00125487626
00000000033 00000055954 00000015940 00125487626
00000000029 00000056951 00000016937 00126484717
00000000029 00000056951 00000016937 00126484717
00000000029 00000056951 00000016937 00126484717
00000000029 00000056951 00000016937 00126484717
00000000029 00000056951 00000016937 00126484717
00000000015 00000057937 00000017923 00127470987
00000000015 00000057937 00000017923 00127470987
00000000015 00000057937 00000017923 00127470987
00000000015 00000057937 00000017923 00127470987
00000000015 00000057937 00000017923 00127470987
00000000029 00000058951 00000018937 00128484346
00000000029 00000058951 00000018937 00128484346
00000000029 00000058951 00000018937 00128484346
00000000029 00000058951 00000018937 00128484346
00000000029 00000058951 00000018937 00128484346
00000000021 00000059943 00000019929 00129476960
00000000021 00000059943 00000019929 00129476960
00000000021 00000059943 00000019929 00129476960
00000000021 00000059943 00000019929 00129476960
00000000021 00000059943 00000019929 00129476960
00000000028 00000060950 00000020936 00130484002
00000000028 00000060950 00000020936 00130484002
00000000028 00000060950 00000020936 00130484002
00000000028 00000060950 00000020936 00130484002
00000000028 00000060950 00000020936 00130484002
00000000044 00000061967 00000021953 00131501169
00000000044 00000061967 00000021953 00131501169
00000000044 00000061967 00000021953 00131501169
00000000044 00000061967 00000021953 00131501169
00000000044 00000061967 00000021953 00131501169
00000000053 00000062976 00000022962 00132509701
00000000053 00000062976 00000022962 00132509701
00000000053 00000062976 00000022962 00132509701
00000000053 00000062976 00000022962 00132509701
00000000053 00000062976 00000022962 00132509701
00000000039 00000063962 00000023948 00133496009
00000000039 00000063962 00000023948 00133496009
00000000039 00000063962 00000023948 00133496009
00000000039 00000063962 00000023948 00133496009
00000000039 00000063962 00000023948 00133496009
00000000015 00000064938 00000024924 00134471628
00000000015 00000064938 00000024924 00134471628
00000000015 00000064938 00000024924 00134471628
00000000015 00000064938 00000024924 00134471628
00000000015 00000064938 00000024924 00134471628
00000000030 00000065953 00000025939 00135486335
00000000030 00000065953 00000025939 00135486335
00000000030 00000065953 00000025939 00135486335
00000000030 00000065953 00000025939 00135486335
00000000030 00000065953 00000025939 00135486335
00000000033 00000066957 00000026943 00136491161
00000000033 00000066957 00000026943 00136491161
00000000033 00000066957 00000026943 00136491161
00000000033 00000066957 00000026943 00136491161
00000000033 00000066957 00000026943 00136491161
00000000038 00000067962 00000027948 00137496140
00000000038 00000067962 00000027948 00137496140
00000000038 00000067962 00000027948 00137496140
00000000038 00000067962 00000027948 00137496140
00000000038 00000067962 00000027948 00137496140
00000000017 00000068947 00000028933 00138481012
00000000017 00000068947 00000028933 00138481012
00000000017 00000068947 00000028933 00138481012
00000000017 00000068947 00000028933 00138481012
00000000017 00000068947 00000028933 00138481012
00000000021 00000069951 00000029937 00139485266
00000000021 00000069951 00000029937 00139485266
00000000021 00000069951 00000029937 00139485266
00000000021 00000069951 00000029937 00139485266
00000000021 00000069951 00000029937 00139485266
00000000027 00000070957 00000030943 00140490844
00000000027 00000070957 00000030943 00140490844
00000000027 00000070957 00000030943 00140490844
00000000027 00000070957 00000030943 00140490844
00000000027 00000070957 00000030943 00140490844
00000000021 00000071951 00000031937 00141485276
00000000021 00000071951 00000031937 00141485276
00000000021 00000071951 00000031937 00141485276
00000000021 00000071951 00000031937 00141485276
00000000021 00000071951 00000031937 00141485276
00000000024 00000072954 00000032940 00142487950
00000000024 00000072954 00000032940 00142487950
00000000024 00000072954 00000032940 00142487950
00000000024 00000072954 00000032940 00142487950
00000000024 00000072954 00000032940 00142487950
00000000021 00000073952 00000033938 00143486278
00000000021 00000073952 00000033938 00143486278
00000000021 00000073952 00000033938 00143486278
00000000021 00000073952 00000033938 00143486278
00000000021 00000073952 00000033938 00143486278
00000000042 00000074973 00000034959 00144507005
00000000042 00000074973 00000034959 00144507005
00000000042 00000074973 00000034959 00144507005
00000000042 00000074973 00000034959 00144507005
00000000042 00000074973 00000034959 00144507005
00000000044 00000075975 00000035961 00145508438
00000000044 00000075975 00000035961 00145508438
00000000044 00000075975 00000035961 00145508438
00000000044 00000075975 00000035961 00145508438
00000000044 00000075975 00000035961 00145508438
00000000042 00000076973 00000036959 00146506630
00000000042 00000076973 00000036959 00146506630
00000000042 00000076973 00000036959 00146506630
00000000042 00000076973 00000036959 00146506630
00000000042 00000076973 00000036959 00146506630
00000000023 00000077954 00000037940 00147488063
00000000023 00000077954 00000037940 00147488063
00000000023 00000077954 00000037940 00147488063
00000000023 00000077954 00000037940 00147488063
00000000023 00000077954 00000037940 00147488063
00000000032 00000078964 00000038950 00148497375
00000000032 00000078964 00000038950 00148497375
00000000032 00000078964 00000038950 00148497375
00000000032 00000078964 00000038950 00148497375
00000000032 00000078964 00000038950 00148497375
00000000041 00000079973 00000039959 00149506816
00000000041 00000079973 00000039959 00149506816
00000000041 00000079973 00000039959 00149506816
00000000041 00000079973 00000039959 00149506816
00000000041 00000079973 00000039959 00149506816
00000000019 00000080951 00000040937 00150485077
00000000019 00000080951 00000040937 00150485077
00000000019 00000080951 00000040937 00150485077
00000000019 00000080951 00000040937 00150485077
00000000019 00000080951 00000040937 00150485077
00000000026 00000081958 00000021940 00151491326
00000000026 00000081958 00000021940 00151491326
00000000026 00000081958 00000021940 00151491326
00000000026 00000081958 00000021940 00151491326
00000000026 00000081958 00000021940 00151491326
00000000030 00000082962 00000022944 00152496233
00000000030 00000082962 00000022944 00152496233
00000000030 00000082962 00000022944 00152496233
00000000030 00000082962 00000022944 00152496233
00000000030 00000082962 00000022944 00152496233
00000000059 00000083991 00000023973 00153524641
00000000059 00000083991 00000023973 00153524641
00000000059 00000083991 00000023973 00153524641
00000000059 00000083991 00000023973 00153524641
00000000059 00000083991 00000023973 00153524641
00000000037 00000084970 00000021951 00154504260
00000000037 00000084970 00000021951 00154504260
00000000037 00000084970 00000021951 00154504260
00000000037 00000084970 00000021951 00154504260
00000000037 00000084970 00000021951 00154504260
00000000030 00000085963 00000022944 00155496751
00000000030 00000085963 00000022944 00155496751
00000000030 00000085963 00000022944 00155496751
00000000030 00000085963 00000022944 00155496751
00000000030 00000085963 00000022944 00155496751
00000000027 00000086960 00000023941 00156494087
00000000027 00000086960 00000023941 00156494087
00000000027 00000086960 00000023941 00156494087
00000000027 00000086960 00000023941 00156494087
00000000027 00000086960 00000023941 00156494087
00000000026 00000087959 00000024940 00157493184
00000000026 00000087959 00000024940 00157493184
00000000026 00000087959 00000024940 00157493184
00000000026 00000087959 00000024940 00157493184
00000000026 00000087959 00000024940 00157493184
00000000030 00000088963 00000025944 00158496396
00000000030 00000088963 00000025944 00158496396
00000000030 00000088963 00000025944 00158496396
00000000030 00000088963 00000025944 00158496396
00000000030 00000088963 00000025944 00158496396
00000000054 00000089988 00000026969 00159522186
00000000054 00000089988 00000026969 00159522186
00000000054 00000089988 00000026969 00159522186
00000000054 00000089988 00000026969 00159522186
00000000054 00000089988 00000026969 00159522186
00000000027 00000090961 00000027942 00160494319
00000000027 00000090961 00000027942 00160494319
00000000027 00000090961 00000027942 00160494319
00000000027 00000090961 00000027942 00160494319
00000000027 00000090961 00000027942 00160494319
00000000025 00000091959 00000028940 00161492876
00000000025 00000091959 00000028940 00161492876
00000000025 00000091959 00000028940 00161492876
00000000025 00000091959 00000028940 00161492876
00000000025 00000091959 00000028940 00161492876
00000000032 00000092966 00000029947 00162499435
00000000032 00000092966 00000029947 00162499435
00000000032 00000092966 00000029947 00162499435
00000000032 00000092966 00000029947 00162499435
00000000032 00000092966 00000029947 00162499435
00000000040 00000093974 00000030955 00163507704
00000000040 00000093974 00000030955 00163507704
00000000040 00000093974 00000030955 00163507704
00000000040 00000093974 00000030955 00163507704
00000000040 00000093974 00000030955 00163507704
00000000024 00000094959 00000031940 00164492684
00000000024 00000094959 00000031940 00164492684
00000000024 00000094959 00000031940 00164492684
00000000024 00000094959 00000031940 00164492684
00000000024 00000094959 00000031940 00164492684
00000000016 00000095951 00000032932 00165484578
00000000016 00000095951 00000032932 00165484578
00000000016 00000095951 00000032932 00165484578
00000000016 00000095951 00000032932 00165484578
00000000016 00000095951 00000032932 00165484578
00000000023 00000096958 00000033939 00166491306
00000000023 00000096958 00000033939 00166491306
00000000023 00000096958 00000033939 00166491306
00000000023 00000096958 00000033939 00166491306
00000000023 00000096958 00000033939 00166491306
00000000024 00000097959 00000034940 00167493095
00000000024 00000097959 00000034940 00167493095
00000000024 00000097959 00000034940 00167493095
00000000024 00000097959 00000034940 00167493095
00000000024 00000097959 00000034940 00167493095
00000000024 00000098959 00000035940 00168492833
00000000024 00000098959 00000035940 00168492833
00000000024 00000098959 00000035940 00168492833
00000000024 00000098959 00000035940 00168492833
00000000024 00000098959 00000035940 00168492833
00000000038 00000039956 00000016952 00169508254
00000000038 00000039956 00000016952 00169508254
00000000038 00000039956 00000016952 00169508254
00000000038 00000039956 00000016952 00169508254
00000000038 00000039956 00000016952 00169508254
00000000019 00000040937 00000017933 00170488524
00000000019 00000040937 00000017933 00170488524
00000000019 00000040937 00000017933 00170488524
00000000019 00000040937 00000017933 00170488524
00000000019 00000040937 00000017933 00170488524
00000000041 00000041959 00000018955 00171510416
00000000041 00000041959 00000018955 00171510416
00000000041 00000041959 00000018955 00171510416
00000000041 00000041959 00000018955 00171510416
00000000041 00000041959 00000018955 00171510416
00000000038 00000042956 00000019952 00172508237
00000000038 00000042956 00000019952 00172508237
00000000038 00000042956 00000019952 00172508237
00000000038 00000042956 00000019952 00172508237
00000000038 00000042956 00000019952 00172508237
00000000024 00000043942 00000020938 00173493393
00000000024 00000043942 00000020938 00173493393
00000000024 00000043942 00000020938 00173493393
00000000024 00000043942 00000020938 00173493393
00000000024 00000043942 00000020938 00173493393
00000000030 00000044948 00000021944 00174499847
00000000030 00000044948 00000021944 00174499847
00000000030 00000044948 00000021944 00174499847
00000000030 00000044948 00000021944 00174499847
00000000030 00000044948 00000021944 00174499847
00000000066 00000045985 00000022981 00175536365
00000000066 00000045985 00000022981 00175536365
00000000066 00000045985 00000022981 00175536365
00000000066 00000045985 00000022981 00175536365
00000000066 00000045985 00000022981 00175536365
00000000032 00000046951 00000023947 00176503026
00000000032 00000046951 00000023947 00176503026
00000000032 00000046951 00000023947 00176503026
00000000032 00000046951 00000023947 00176503026
00000000032 00000046951 00000023947 00176503026
00000000037 00000047956 00000024952 00177507565
00000000037 00000047956 00000024952 00177507565
00000000037 00000047956 00000024952 00177507565
00000000037 00000047956 00000024952 00177507565
00000000037 00000047956 00000024952 00177507565
00000000034 00000048953 00000025949 00178504344
00000000034 00000048953 00000025949 00178504344
00000000034 00000048953 00000025949 00178504344
00000000034 00000048953 00000025949 00178504344
00000000034 00000048953 00000025949 00178504344
00000000022 00000049941 00000026937 00179493028
00000000022 00000049941 00000026937 00179493028
00000000022 00000049941 00000026937 00179493028
00000000022 00000049941 00000026937 00179493028
00000000022 00000049941 00000026937 00179493028
00000000028 00000050948 00000027944 00180500247
00000000028 00000050948 00000027944 00180500247
00000000028 00000050948 00000027944 00180500247
00000000028 00000050948 00000027944 00180500247
00000000028 00000050948 00000027944 00180500247
00000000028 00000051948 00000028944 00181499616
00000000028 00000051948 00000028944 00181499616
00000000028 00000051948 00000028944 00181499616
00000000028 00000051948 00000028944 00181499616
00000000028 00000051948 00000028944 00181499616
00000000016 00000052936 00000029932 00182487858
00000000016 00000052936 00000029932 00182487858
00000000016 00000052936 00000029932 00182487858
00000000016 00000052936 00000029932 00182487858
00000000016 00000052936 00000029932 00182487858
00000000017 00000053937 00000030933 00183488850
00000000017 00000053937 00000030933 00183488850
00000000017 00000053937 00000030933 00183488850
00000000017 00000053937 00000030933 00183488850
00000000017 00000053937 00000030933 00183488850
00000000030 00000054950 00000031946 00184501485
00000000030 00000054950 00000031946 00184501485
00000000030 00000054950 00000031946 00184501485
00000000030 00000054950 00000031946 00184501485
00000000030 00000054950 00000031946 00184501485
00000000019 00000055940 00000032936 00185491951
00000000019 00000055940 00000032936 00185491951
00000000019 00000055940 00000032936 00185491951
00000000019 00000055940 00000032936 00185491951
00000000019 00000055940 00000032936 00185491951
00000000081 00000057002 00000033998 00186559354
00000000081 00000057002 00000033998 00186559354
00000000081 00000057002 00000033998 00186559354
00000000081 00000057002 00000033998 00186559354
00000000081 00000057002 00000033998 00186559354
00000000261 00000058182 00000035178 00187733589
00000000261 00000058182 00000035178 00187733589
00000000261 00000058182 00000035178 00187733589
00000000261 00000058182 00000035178 00187733589
00000000261 00000058182 00000035178 00187733589
00000000082 00000059003 00000035999 00188554490
00000000082 00000059003 00000035999 00188554490
00000000082 00000059003 00000035999 00188554490
00000000082 00000059003 00000035999 00188554490
00000000082 00000059003 00000035999 00188554490
00000000018 00000059939 00000016931 00189490661
00000000018 00000059939 00000016931 00189490661
00000000018 00000059939 00000016931 00189490661
00000000018 00000059939 00000016931 00189490661
00000000018 00000059939 00000016931 00189490661
00000000031 00000060953 00000017945 00190504567
00000000031 00000060953 00000017945 00190504567
00000000031 00000060953 00000017945 00190504567
00000000031 00000060953 00000017945 00190504567
00000000031 00000060953 00000017945 00190504567
00000000034 00000061956 00000018948 00191508213
00000000034 00000061956 00000018948 00191508213
00000000034 00000061956 00000018948 00191508213
00000000034 00000061956 00000018948 00191508213
00000000034 00000061956 00000018948 00191508213
00000000026 00000062948 00000019940 00192499460
00000000026 00000062948 00000019940 00192499460
00000000026 00000062948 00000019940 00192499460
00000000026 00000062948 00000019940 00192499460
00000000026 00000062948 00000019940 00192499460
00000000037 00000063959 00000020951 00193511162
00000000037 00000063959 00000020951 00193511162
00000000037 00000063959 00000020951 00193511162
00000000037 00000063959 00000020951 00193511162
00000000037 00000063959 00000020951 00193511162
00000000027 00000064949 00000021941 00194501213
00000000027 00000064949 00000021941 00194501213
00000000027 00000064949 00000021941 00194501213
00000000027 00000064949 00000021941 00194501213
00000000027 00000064949 00000021941 00194501213
00000000026 00000065948 00000022940 00195499443
00000000026 00000065948 00000022940 00195499443
00000000026 00000065948 00000022940 00195499443
00000000026 00000065948 00000022940 00195499443
00000000026 00000065948 00000022940 00195499443
00000000032 00000066955 00000023947 00196507095
00000000032 00000066955 00000023947 00196507095
00000000032 00000066955 00000023947 00196507095
00000000032 00000066955 00000023947 00196507095
00000000032 00000066955 00000023947 00196507095
00000000036 00000067959 00000024951 00197511068
00000000036 00000067959 00000024951 00197511068
00000000036 00000067959 00000024951 00197511068
00000000036 00000067959 00000024951 00197511068
00000000036 00000067959 00000024951 00197511068
00000000063 00000068986 00000025978 00198537297
00000000063 00000068986 00000025978 00198537297
00000000063 00000068986 00000025978 00198537297
00000000063 00000068986 00000025978 00198537297
00000000063 00000068986 00000025978 00198537297
00000000028 00000069951 00000026943 00199502506
00000000028 00000069951 00000026943 00199502506
00000000028 00000069951 00000026943 00199502506
00000000028 00000069951 00000026943 00199502506
00000000028 00000069951 00000026943 00199502506
00000000035 00000070958 00000027950 00200509980
00000000035 00000070958 00000027950 00200509980
00000000035 00000070958 00000027950 00200509980
00000000035 00000070958 00000027950 00200509980
00000000035 00000070958 00000027950 00200509980
00000000032 00000071956 00000028948 00201507529
00000000032 00000071956 00000028948 00201507529
00000000032 00000071956 00000028948 00201507529
00000000032 00000071956 00000028948 00201507529
00000000032 00000071956 00000028948 00201507529
00000000045 00000072969 00000029961 00202520798
00000000045 00000072969 00000029961 00202520798
00000000045 00000072969 00000029961 00202520798
00000000045 00000072969 00000029961 00202520798
00000000045 00000072969 00000029961 00202520798
00000000032 00000073956 00000030948 00203507551
00000000032 00000073956 00000030948 00203507551
00000000032 00000073956 00000030948 00203507551
00000000032 00000073956 00000030948 00203507551
00000000032 00000073956 00000030948 00203507551
00000000037 00000074961 00000031953 00204512417
00000000037 00000074961 00000031953 00204512417
00000000037 00000074961 00000031953 00204512417
00000000037 00000074961 00000031953 00204512417
00000000037 00000074961 00000031953 00204512417
00000000022 00000075946 00000032938 00205497934
00000000022 00000075946 00000032938 00205497934
00000000022 00000075946 00000032938 00205497934
00000000022 00000075946 00000032938 00205497934
00000000022 00000075946 00000032938 00205497934
00000000073 00000076998 00000033990 00206549602
00000000073 00000076998 00000033990 00206549602
00000000073 00000076998 00000033990 00206549602
00000000073 00000076998 00000033990 00206549602
00000000073 00000076998 00000033990 00206549602
00000000097 00000078022 00000035014 00207573903
00000000097 00000078022 00000035014 00207573903
00000000097 00000078022 00000035014 00207573903
00000000097 00000078022 00000035014 00207573903
00000000097 00000078022 00000035014 00207573903
00000000108 00000079033 00000036025 00208584999
00000000108 00000079033 00000036025 00208584999
00000000108 00000079033 00000036025 00208584999
00000000108 00000079033 00000036025 00208584999
00000000108 00000079033 00000036025 00208584999
00000000043 00000079975 00000016963 00209526363
00000000043 00000079975 00000016963 00209526363
00000000043 00000079975 00000016963 00209526363
00000000043 00000079975 00000016963 00209526363
00000000043 00000079975 00000016963 00209526363
00000000026 00000080958 00000017946 00210509825
00000000026 00000080958 00000017946 00210509825
00000000026 00000080958 00000017946 00210509825
00000000026 00000080958 00000017946 00210509825
00000000026 00000080958 00000017946 00210509825
00000000032 00000081964 00000018952 00211515374
00000000032 00000081964 00000018952 00211515374
00000000032 00000081964 00000018952 00211515374
00000000032 00000081964 00000018952 00211515374
00000000032 00000081964 00000018952 00211515374
00000000040 00000082972 00000019960 00212523415
00000000040 00000082972 00000019960 00212523415
00000000040 00000082972 00000019960 00212523415
00000000040 00000082972 00000019960 00212523415
00000000040 00000082972 00000019960 00212523415
00000000038 00000083970 00000020958 00213521375
00000000038 00000083970 00000020958 00213521375
00000000038 00000083970 00000020958 00213521375
00000000038 00000083970 00000020958 00213521375
00000000038 00000083970 00000020958 00213521375
00000000023 00000084955 00000021943 00214507261
00000000023 00000084955 00000021943 00214507261
00000000023 00000084955 00000021943 00214507261
00000000023 00000084955 00000021943 00214507261
00000000023 00000084955 00000021943 00214507261
00000000028 00000085961 00000022949 00215513023
00000000028 00000085961 00000022949 00215513023
00000000028 00000085961 00000022949 00215513023
00000000028 00000085961 00000022949 00215513023
00000000028 00000085961 00000022949 00215513023
00000000039 00000086972 00000023960 00216524249
00000000039 00000086972 00000023960 00216524249
00000000039 00000086972 00000023960 00216524249
00000000039 00000086972 00000023960 00216524249
00000000039 00000086972 00000023960 00216524249
00000000040 00000087973 00000024961 00217524847
00000000040 00000087973 00000024961 00217524847
00000000040 00000087973 00000024961 00217524847
00000000040 00000087973 00000024961 00217524847
00000000040 00000087973 00000024961 00217524847
00000000046 00000088979 00000025967 00218530825
00000000046 00000088979 00000025967 00218530825
00000000046 00000088979 00000025967 00218530825
00000000046 00000088979 00000025967 00218530825
00000000046 00000088979 00000025967 00218530825
00000000039 00000089972 00000026960 00219523922
00000000039 00000089972 00000026960 00219523922
00000000039 00000089972 00000026960 00219523922
00000000039 00000089972 00000026960 00219523922
00000000039 00000089972 00000026960 00219523922
00000000035 00000090969 00000027957 00220520627
00000000035 00000090969 00000027957 00220520627
00000000035 00000090969 00000027957 00220520627
00000000035 00000090969 00000027957 00220520627
00000000035 00000090969 00000027957 00220520627
00000000028 00000091962 00000028950 00221513955
00000000028 00000091962 00000028950 00221513955
00000000028 00000091962 00000028950 00221513955
00000000028 00000091962 00000028950 00221513955
00000000028 00000091962 00000028950 00221513955
00000000021 00000092955 00000029943 00222506956
00000000021 00000092955 00000029943 00222506956
00000000021 00000092955 00000029943 00222506956
00000000021 00000092955 00000029943 00222506956
00000000021 00000092955 00000029943 00222506956
00000000019 00000093953 00000030941 00223504471
00000000019 00000093953 00000030941 00223504471
00000000019 00000093953 00000030941 00223504471
00000000019 00000093953 00000030941 00223504471
00000000019 00000093953 00000030941 00223504471
00000000042 00000094976 00000031964 00224527532
00000000042 00000094976 00000031964 00224527532
00000000042 00000094976 00000031964 00224527532
00000000042 00000094976 00000031964 00224527532
00000000042 00000094976 00000031964 00224527532
00000000050 00000095985 00000032973 00225536852
00000000050 00000095985 00000032973 00225536852
00000000050 00000095985 00000032973 00225536852
00000000050 00000095985 00000032973 00225536852
00000000050 00000095985 00000032973 00225536852
00000000022 00000096957 00000033945 00226508687
00000000022 00000096957 00000033945 00226508687
00000000022 00000096957 00000033945 00226508687
00000000022 00000096957 00000033945 00226508687
00000000022 00000096957 00000033945 00226508687
00000000036 00000097971 00000034959 00227522635
00000000036 00000097971 00000034959 00227522635
00000000036 00000097971 00000034959 00227522635
00000000036 00000097971 00000034959 00227522635
00000000036 00000097971 00000034959 00227522635
00000000019 00000098954 00000035942 00228505886
00000000019 00000098954 00000035942 00228505886
00000000019 00000098954 00000035942 00228505886
00000000019 00000098954 00000035942 00228505886
00000000019 00000098954 00000035942 00228505886
00000000080 00000100015 00000037003 00229567134
00000000080 00000100015 00000037003 00229567134
00000000080 00000100015 00000037003 00229567134
00000000080 00000100015 00000037003 00229567134
00000000080 00000100015 00000037003 00229567134
00000000017 00000040941 00000017937 00230503758
00000000017 00000040941 00000017937 00230503758
00000000017 00000040941 00000017937 00230503758
00000000017 00000040941 00000017937 00230503758
00000000017 00000040941 00000017937 00230503758
00000000017 00000041942 00000018938 00231505106
00000000017 00000041942 00000018938 00231505106
00000000017 00000041942 00000018938 00231505106
00000000017 00000041942 00000018938 00231505106
00000000017 00000041942 00000018938 00231505106
00000000020 00000042945 00000019941 00232507962
00000000020 00000042945 00000019941 00232507962
00000000020 00000042945 00000019941 00232507962
00000000020 00000042945 00000019941 00232507962
00000000020 00000042945 00000019941 00232507962
00000000029 00000043954 00000020950 00233516749
00000000029 00000043954 00000020950 00233516749
00000000029 00000043954 00000020950 00233516749
00000000029 00000043954 00000020950 00233516749
00000000029 00000043954 00000020950 00233516749
00000000039 00000044964 00000021960 00234526860
00000000039 00000044964 00000021960 00234526860
00000000039 00000044964 00000021960 00234526860
00000000039 00000044964 00000021960 00234526860
00000000039 00000044964 00000021960 00234526860
00000000066 00000045991 00000022987 00235553954
00000000066 00000045991 00000022987 00235553954
00000000066 00000045991 00000022987 00235553954
00000000066 00000045991 00000022987 00235553954
00000000066 00000045991 00000022987 00235553954
00000000027 00000046953 00000023949 00236515539
00000000027 00000046953 00000023949 00236515539
00000000027 00000046953 00000023949 00236515539
00000000027 00000046953 00000023949 00236515539
00000000027 00000046953 00000023949 00236515539
00000000021 00000047947 00000024943 00237509637
00000000021 00000047947 00000024943 00237509637
00000000021 00000047947 00000024943 00237509637
00000000021 00000047947 00000024943 00237509637
00000000021 00000047947 00000024943 00237509637
00000000018 00000048944 00000025940 00238506724
00000000018 00000048944 00000025940 00238506724
00000000018 00000048944 00000025940 00238506724
00000000018 00000048944 00000025940 00238506724
00000000018 00000048944 00000025940 00238506724
00000000023 00000049949 00000026945 00239512252
00000000023 00000049949 00000026945 00239512252
00000000023 00000049949 00000026945 00239512252
00000000023 00000049949 00000026945 00239512252
00000000023 00000049949 00000026945 00239512252
00000000038 00000050964 00000027960 00240526739
00000000038 00000050964 00000027960 00240526739
00000000038 00000050964 00000027960 00240526739
00000000038 00000050964 00000027960 00240526739
00000000038 00000050964 00000027960 00240526739
00000000028 00000051955 00000028951 00241517806
00000000028 00000051955 00000028951 00241517806
00000000028 00000051955 00000028951 00241517806
00000000028 00000051955 00000028951 00241517806
00000000028 00000051955 00000028951 00241517806
00000000050 00000052977 00000029973 00242539345
00000000050 00000052977 00000029973 00242539345
00000000050 00000052977 00000029973 00242539345
00000000050 00000052977 00000029973 00242539345
00000000050 00000052977 00000029973 00242539345
00000000023 00000053950 00000030946 00243513272
00000000023 00000053950 00000030946 00243513272
00000000023 00000053950 00000030946 00243513272
00000000023 00000053950 00000030946 00243513272
00000000023 00000053950 00000030946 00243513272
00000000040 00000054967 00000031963 00244529323
00000000040 00000054967 00000031963 00244529323
00000000040 00000054967 00000031963 00244529323
00000000040 00000054967 00000031963 00244529323
00000000040 00000054967 00000031963 00244529323
00000000040 00000055967 00000032963 00245530211
00000000040 00000055967 00000032963 00245530211
00000000040 00000055967 00000032963 00245530211
00000000040 00000055967 00000032963 00245530211
00000000040 00000055967 00000032963 00245530211
00000000023 00000056951 00000033947 00246513481
00000000023 00000056951 00000033947 00246513481
00000000023 00000056951 00000033947 00246513481
00000000023 00000056951 00000033947 00246513481
00000000023 00000056951 00000033947 00246513481
00000000172 00000058100 00000035096 00247662800
00000000172 00000058100 00000035096 00247662800
00000000172 00000058100 00000035096 00247662800
00000000172 00000058100 00000035096 00247662800
00000000172 00000058100 00000035096 00247662800
00000000150 00000059078 00000036074 00248640509
00000000150 00000059078 00000036074 00248640509
00000000150 00000059078 00000036074 00248640509
00000000150 00000059078 00000036074 00248640509
00000000150 00000059078 00000036074 00248640509
00000000040 00000059968 00000016954 00249530870
00000000040 00000059968 00000016954 00249530870
00000000040 00000059968 00000016954 00249530870
00000000040 00000059968 00000016954 00249530870
00000000040 00000059968 00000016954 00249530870
00000000036 00000060964 00000017950 00250526979
00000000036 00000060964 00000017950 00250526979
00000000036 00000060964 00000017950 00250526979
00000000036 00000060964 00000017950 00250526979
00000000036 00000060964 00000017950 00250526979
00000000032 00000061961 00000018947 00251524252
00000000032 00000061961 00000018947 00251524252
00000000032 00000061961 00000018947 00251524252
00000000032 00000061961 00000018947 00251524252
00000000032 00000061961 00000018947 00251524252
00000000025 00000062954 00000019940 00252517142
00000000025 00000062954 00000019940 00252517142
00000000025 00000062954 00000019940 00252517142
00000000025 00000062954 00000019940 00252517142
00000000025 00000062954 00000019940 00252517142
00000001072 00000065001 00000021987 00254563270
00000001072 00000065001 00000021987 00254563270
00000001072 00000065001 00000021987 00254563270
00000001072 00000065001 00000021987 00254563270
00000001072 00000065001 00000021987 00254563270
00000000021 00000065981 00000022967 00255543600
00000000021 00000065981 00000022967 00255543600
00000000021 00000065981 00000022967 00255543600
00000000021 00000065981 00000022967 00255543600
00000000021 00000065981 00000022967 00255543600
00000000037 00000066997 00000023983 00256560177
00000000037 00000066997 00000023983 00256560177
00000000037 00000066997 00000023983 00256560177
00000000037 00000066997 00000023983 00256560177
00000000037 00000066997 00000023983 00256560177
00000000033 00000067993 00000024979 00257563355
00000000033 00000067993 00000024979 00257563355
00000000033 00000067993 00000024979 00257563355
00000000033 00000067993 00000024979 00257563355
00000000033 00000067993 00000024979 00257563355
00000000063 00000069023 00000026009 00258585476
00000000063 00000069023 00000026009 00258585476
00000000063 00000069023 00000026009 00258585476
00000000063 00000069023 00000026009 00258585476
00000000063 00000069023 00000026009 00258585476
00000000047 00000070008 00000026994 00259570673
00000000047 00000070008 00000026994 00259570673
00000000047 00000070008 00000026994 00259570673
00000000047 00000070008 00000026994 00259570673
00000000047 00000070008 00000026994 00259570673
00000000064 00000071025 00000028011 00260587427
00000000064 00000071025 00000028011 00260587427
00000000064 00000071025 00000028011 00260587427
00000000064 00000071025 00000028011 00260587427
00000000064 00000071025 00000028011 00260587427
00000000027 00000071988 00000028974 00261551054
00000000027 00000071988 00000028974 00261551054
00000000027 00000071988 00000028974 00261551054
00000000027 00000071988 00000028974 00261551054
00000000027 00000071988 00000028974 00261551054
00000000017 00000072978 00000029964 00262540665
00000000017 00000072978 00000029964 00262540665
00000000017 00000072978 00000029964 00262540665
00000000017 00000072978 00000029964 00262540665
00000000017 00000072978 00000029964 00262540665
00000000054 00000074015 00000031001 00263577489
00000000054 00000074015 00000031001 00263577489
00000000054 00000074015 00000031001 00263577489
00000000054 00000074015 00000031001 00263577489
00000000054 00000074015 00000031001 00263577489
00000000019 00000074981 00000031967 00264544048
00000000019 00000074981 00000031967 00264544048
00000000019 00000074981 00000031967 00264544048
00000000019 00000074981 00000031967 00264544048
00000000019 00000074981 00000031967 00264544048
00000000028 00000075990 00000032976 00265552933
00000000028 00000075990 00000032976 00265552933
00000000028 00000075990 00000032976 00265552933
00000000028 00000075990 00000032976 00265552933
00000000028 00000075990 00000032976 00265552933
00000000040 00000077002 00000033988 00266564464
00000000040 00000077002 00000033988 00266564464
00000000040 00000077002 00000033988 00266564464
00000000040 00000077002 00000033988 00266564464
00000000040 00000077002 00000033988 00266564464
00000000050 00000078012 00000034998 00267574500
00000000050 00000078012 00000034998 00267574500
00000000050 00000078012 00000034998 00267574500
00000000050 00000078012 00000034998 00267574500
00000000050 00000078012 00000034998 00267574500
00000000087 00000079057 00000036043 00268619613
00000000087 00000079057 00000036043 00268619613
00000000087 00000079057 00000036043 00268619613
00000000087 00000079057 00000036043 00268619613
00000000087 00000079057 00000036043 00268619613
00000000036 00000080006 00000036992 00269568405
00000000036 00000080006 00000036992 00269568405
00000000036 00000080006 00000036992 00269568405
00000000036 00000080006 00000036992 00269568405
00000000036 00000080006 00000036992 00269568405
00000000048 00000081018 00000038004 00270580769
00000000048 00000081018 00000038004 00270580769
00000000048 00000081018 00000038004 00270580769
00000000048 00000081018 00000038004 00270580769
00000000048 00000081018 00000038004 00270580769
00000000038 00000082008 00000038994 00271570759
00000000038 00000082008 00000038994 00271570759
00000000038 00000082008 00000038994 00271570759
00000000038 00000082008 00000038994 00271570759
00000000038 00000082008 00000038994 00271570759
00000000026 00000082996 00000039982 00272558518
00000000026 00000082996 00000039982 00272558518
00000000026 00000082996 00000039982 00272558518
00000000026 00000082996 00000039982 00272558518
00000000026 00000082996 00000039982 00272558518
00000000022 00000083992 00000040978 00273555200
00000000022 00000083992 00000040978 00273555200
00000000022 00000083992 00000040978 00273555200
00000000022 00000083992 00000040978 00273555200
00000000022 00000083992 00000040978 00273555200
00000000019 00000084990 00000041976 00274552529
00000000019 00000084990 00000041976 00274552529
00000000019 00000084990 00000041976 00274552529
00000000019 00000084990 00000041976 00274552529
00000000019 00000084990 00000041976 00274552529
00000000030 00000086001 00000042987 00275563507
00000000030 00000086001 00000042987 00275563507
00000000030 00000086001 00000042987 00275563507
00000000030 00000086001 00000042987 00275563507
00000000030 00000086001 00000042987 00275563507
00000000026 00000086997 00000043983 00276559608
00000000026 00000086997 00000043983 00276559608
00000000026 00000086997 00000043983 00276559608
00000000026 00000086997 00000043983 00276559608
00000000026 00000086997 00000043983 00276559608
00000000031 00000088002 00000044988 00277564359
00000000031 00000088002 00000044988 00277564359
00000000031 00000088002 00000044988 00277564359
00000000031 00000088002 00000044988 00277564359
00000000031 00000088002 00000044988 00277564359
00000000021 00000088992 00000045978 00278554785
00000000021 00000088992 00000045978 00278554785
00000000021 00000088992 00000045978 00278554785
00000000021 00000088992 00000045978 00278554785
00000000021 00000088992 00000045978 00278554785
00000000027 00000089999 00000046985 00279562035
00000000027 00000089999 00000046985 00279562035
00000000027 00000089999 00000046985 00279562035
00000000027 00000089999 00000046985 00279562035
00000000027 00000089999 00000046985 00279562035
00000000036 00000091008 00000027990 00280571005
00000000036 00000091008 00000027990 00280571005
00000000036 00000091008 00000027990 00280571005
00000000036 00000091008 00000027990 00280571005
00000000036 00000091008 00000027990 00280571005
00000000024 00000091996 00000028978 00281558493
00000000024 00000091996 00000028978 00281558493
00000000024 00000091996 00000028978 00281558493
00000000024 00000091996 00000028978 00281558493
00000000024 00000091996 00000028978 00281558493
00000000035 00000093007 00000029989 00282569441
00000000035 00000093007 00000029989 00282569441
00000000035 00000093007 00000029989 00282569441
00000000035 00000093007 00000029989 00282569441
00000000035 00000093007 00000029989 00282569441
00000000031 00000094003 00000030985 00283565490
00000000031 00000094003 00000030985 00283565490
00000000031 00000094003 00000030985 00283565490
00000000031 00000094003 00000030985 00283565490
00000000031 00000094003 00000030985 00283565490
00000000027 00000095000 00000031982 00284562565
00000000027 00000095000 00000031982 00284562565
00000000027 00000095000 00000031982 00284562565
00000000027 00000095000 00000031982 00284562565
00000000027 00000095000 00000031982 00284562565
00000000094 00000096067 00000033049 00285630009
00000000094 00000096067 00000033049 00285630009
00000000094 00000096067 00000033049 00285630009
00000000094 00000096067 00000033049 00285630009
00000000094 00000096067 00000033049 00285630009
00000000032 00000097005 00000026986 00286567361
00000000032 00000097005 00000026986 00286567361
00000000032 00000097005 00000026986 00286567361
00000000032 00000097005 00000026986 00286567361
00000000032 00000097005 00000026986 00286567361
00000000033 00000098006 00000027987 00287568617
00000000033 00000098006 00000027987 00287568617
00000000033 00000098006 00000027987 00287568617
00000000033 00000098006 00000027987 00287568617
00000000033 00000098006 00000027987 00287568617
00000000030 00000099003 00000028984 00288566066
00000000030 00000099003 00000028984 00288566066
00000000030 00000099003 00000028984 00288566066
00000000030 00000099003 00000028984 00288566066
00000000030 00000099003 00000028984 00288566066
00000000035 00000100009 00000029990 00289571446
00000000035 00000100009 00000029990 00289571446
00000000035 00000100009 00000029990 00289571446
00000000035 00000100009 00000029990 00289571446
00000000035 00000100009 00000029990 00289571446
00000000025 00000100999 00000030980 00290561500
00000000025 00000100999 00000030980 00290561500
00000000025 00000100999 00000030980 00290561500
00000000025 00000100999 00000030980 00290561500
00000000025 00000100999 00000030980 00290561500
00000000023 00000101997 00000031978 00291559664
00000000023 00000101997 00000031978 00291559664
00000000023 00000101997 00000031978 00291559664
00000000023 00000101997 00000031978 00291559664
00000000023 00000101997 00000031978 00291559664
00000000036 00000103010 00000032991 00292573203
00000000036 00000103010 00000032991 00292573203
00000000036 00000103010 00000032991 00292573203
00000000036 00000103010 00000032991 00292573203
00000000036 00000103010 00000032991 00292573203
00000000018 00000103992 00000033973 00293555241
00000000018 00000103992 00000033973 00293555241
00000000018 00000103992 00000033973 00293555241
00000000018 00000103992 00000033973 00293555241
00000000018 00000103992 00000033973 00293555241
00000000020 00000104995 00000034976 00294558070
00000000020 00000104995 00000034976 00294558070
00000000020 00000104995 00000034976 00294558070
00000000020 00000104995 00000034976 00294558070
00000000020 00000104995 00000034976 00294558070
00000000024 00000105999 00000035980 00295561332
00000000024 00000105999 00000035980 00295561332
00000000024 00000105999 00000035980 00295561332
00000000024 00000105999 00000035980 00295561332
00000000024 00000105999 00000035980 00295561332
00000000024 00000106999 00000036980 00296561577
00000000024 00000106999 00000036980 00296561577
00000000024 00000106999 00000036980 00296561577
00000000024 00000106999 00000036980 00296561577
00000000024 00000106999 00000036980 00296561577
00000000026 00000108001 00000037982 00297563416
00000000026 00000108001 00000037982 00297563416
00000000026 00000108001 00000037982 00297563416
00000000026 00000108001 00000037982 00297563416
00000000026 00000108001 00000037982 00297563416
00000000054 00000109029 00000039010 00298591729
00000000054 00000109029 00000039010 00298591729
00000000054 00000109029 00000039010 00298591729
00000000054 00000109029 00000039010 00298591729
00000000054 00000109029 00000039010 00298591729
00000000192 00000110167 00000040148 00299729831
00000000192 00000110167 00000040148 00299729831
00000000192 00000110167 00000040148 00299729831
00000000192 00000110167 00000040148 00299729831
00000000192 00000110167 00000040148 00299729831
00000000026 00000111002 00000040983 00300564882
00000000026 00000111002 00000040983 00300564882
00000000026 00000111002 00000040983 00300564882
00000000026 00000111002 00000040983 00300564882
00000000026 00000111002 00000040983 00300564882
00000000033 00000051992 00000021986 00301572015
00000000033 00000051992 00000021986 00301572015
00000000033 00000051992 00000021986 00301572015
00000000033 00000051992 00000021986 00301572015
00000000033 00000051992 00000021986 00301572015
00000000015 00000052974 00000022968 00302553454
00000000015 00000052974 00000022968 00302553454
00000000015 00000052974 00000022968 00302553454
00000000015 00000052974 00000022968 00302553454
00000000015 00000052974 00000022968 00302553454
00000000019 00000053978 00000023972 00303558192
00000000019 00000053978 00000023972 00303558192
00000000019 00000053978 00000023972 00303558192
00000000019 00000053978 00000023972 00303558192
00000000019 00000053978 00000023972 00303558192
00000000023 00000054982 00000024976 00304562287
00000000023 00000054982 00000024976 00304562287
00000000023 00000054982 00000024976 00304562287
00000000023 00000054982 00000024976 00304562287
00000000023 00000054982 00000024976 00304562287
00000000016 00000055976 00000025970 00305556255
00000000016 00000055976 00000025970 00305556255
00000000016 00000055976 00000025970 00305556255
00000000016 00000055976 00000025970 00305556255
00000000016 00000055976 00000025970 00305556255
00000000039 00000056999 00000026993 00306578483
00000000039 00000056999 00000026993 00306578483
00000000039 00000056999 00000026993 00306578483
00000000039 00000056999 00000026993 00306578483
00000000039 00000056999 00000026993 00306578483
00000000035 00000057995 00000027989 00307574590
00000000035 00000057995 00000027989 00307574590
00000000035 00000057995 00000027989 00307574590
00000000035 00000057995 00000027989 00307574590
00000000035 00000057995 00000027989 00307574590
00000000037 00000058997 00000028991 00308576312
00000000037 00000058997 00000028991 00308576312
00000000037 00000058997 00000028991 00308576312
00000000037 00000058997 00000028991 00308576312
00000000037 00000058997 00000028991 00308576312
00000000033 00000059993 00000029987 00309573045
00000000033 00000059993 00000029987 00309573045
00000000033 00000059993 00000029987 00309573045
00000000033 00000059993 00000029987 00309573045
00000000033 00000059993 00000029987 00309573045
00000000025 00000060986 00000030980 00310566071
00000000025 00000060986 00000030980 00310566071
00000000025 00000060986 00000030980 00310566071
00000000025 00000060986 00000030980 00310566071
00000000025 00000060986 00000030980 00310566071
00000000028 00000061989 00000031983 00311569108
00000000028 00000061989 00000031983 00311569108
00000000028 00000061989 00000031983 00311569108
00000000028 00000061989 00000031983 00311569108
00000000028 00000061989 00000031983 00311569108
00000000017 00000062978 00000032972 00312557646
00000000017 00000062978 00000032972 00312557646
00000000017 00000062978 00000032972 00312557646
00000000017 00000062978 00000032972 00312557646
00000000017 00000062978 00000032972 00312557646
00000000027 00000063988 00000033982 00313567471
00000000027 00000063988 00000033982 00313567471
00000000027 00000063988 00000033982 00313567471
00000000027 00000063988 00000033982 00313567471
00000000027 00000063988 00000033982 00313567471
00000000035 00000064996 00000034990 00314576062
00000000035 00000064996 00000034990 00314576062
00000000035 00000064996 00000034990 00314576062
00000000035 00000064996 00000034990 00314576062
00000000035 00000064996 00000034990 00314576062
00000000027 00000065989 00000035983 00315568716
00000000027 00000065989 00000035983 00315568716
00000000027 00000065989 00000035983 00315568716
00000000027 00000065989 00000035983 00315568716
00000000027 00000065989 00000035983 00315568716
00000000040 00000067002 00000036996 00316581607
00000000040 00000067002 00000036996 00316581607
00000000040 00000067002 00000036996 00316581607
00000000040 00000067002 00000036996 00316581607
00000000040 00000067002 00000036996 00316581607
00000000036 00000067998 00000037992 00317577412
00000000036 00000067998 00000037992 00317577412
00000000036 00000067998 00000037992 00317577412
00000000036 00000067998 00000037992 00317577412
00000000036 00000067998 00000037992 00317577412
00000000185 00000069147 00000039141 00318726478
00000000185 00000069147 00000039141 00318726478
00000000185 00000069147 00000039141 00318726478
00000000185 00000069147 00000039141 00318726478
00000000185 00000069147 00000039141 00318726478
00000000021 00000069983 00000019963 00319563133
00000000021 00000069983 00000019963 00319563133
00000000021 00000069983 00000019963 00319563133
00000000021 00000069983 00000019963 00319563133
00000000021 00000069983 00000019963 00319563133
00000000028 00000070991 00000020971 00320570745
00000000028 00000070991 00000020971 00320570745
00000000028 00000070991 00000020971 00320570745
00000000028 00000070991 00000020971 00320570745
00000000028 00000070991 00000020971 00320570745
00000000043 00000072006 00000021986 00321585815
00000000043 00000072006 00000021986 00321585815
00000000043 00000072006 00000021986 00321585815
00000000043 00000072006 00000021986 00321585815
00000000043 00000072006 00000021986 00321585815
00000000040 00000073003 00000022983 00322583140
00000000040 00000073003 00000022983 00322583140
00000000040 00000073003 00000022983 00322583140
00000000040 00000073003 00000022983 00322583140
00000000040 00000073003 00000022983 00322583140
00000000022 00000073985 00000023965 00323564537
00000000022 00000073985 00000023965 00323564537
00000000022 00000073985 00000023965 00323564537
00000000022 00000073985 00000023965 00323564537
00000000022 00000073985 00000023965 00323564537
00000000052 00000075015 00000024995 00324594662
00000000052 00000075015 00000024995 00324594662
00000000052 00000075015 00000024995 00324594662
00000000052 00000075015 00000024995 00324594662
00000000052 00000075015 00000024995 00324594662
00000000051 00000076015 00000025995 00325594916
00000000051 00000076015 00000025995 00325594916
00000000051 00000076015 00000025995 00325594916
00000000051 00000076015 00000025995 00325594916
00000000051 00000076015 00000025995 00325594916
00000000031 00000076995 00000026975 00326574359
00000000031 00000076995 00000026975 00326574359
00000000031 00000076995 00000026975 00326574359
00000000031 00000076995 00000026975 00326574359
00000000031 00000076995 00000026975 00326574359
00000000057 00000078021 00000028001 00327601071
00000000057 00000078021 00000028001 00327601071
00000000057 00000078021 00000028001 00327601071
00000000057 00000078021 00000028001 00327601071
00000000057 00000078021 00000028001 00327601071
00000000037 00000079001 00000028981 00328580523
00000000037 00000079001 00000028981 00328580523
00000000037 00000079001 00000028981 00328580523
00000000037 00000079001 00000028981 00328580523
00000000037 00000079001 00000028981 00328580523
00000000033 00000079997 00000029977 00329576901
00000000033 00000079997 00000029977 00329576901
00000000033 00000079997 00000029977 00329576901
00000000033 00000079997 00000029977 00329576901
00000000033 00000079997 00000029977 00329576901
00000000026 00000080991 00000018968 00330570623
00000000026 00000080991 00000018968 00330570623
00000000026 00000080991 00000018968 00330570623
00000000026 00000080991 00000018968 00330570623
00000000026 00000080991 00000018968 00330570623
00000000028 00000081993 00000019970 00331572995
00000000028 00000081993 00000019970 00331572995
00000000028 00000081993 00000019970 00331572995
00000000028 00000081993 00000019970 00331572995
00000000028 00000081993 00000019970 00331572995
00000000018 00000082983 00000020960 00332563286
00000000018 00000082983 00000020960 00332563286
00000000018 00000082983 00000020960 00332563286
00000000018 00000082983 00000020960 00332563286
00000000018 00000082983 00000020960 00332563286
00000000037 00000084002 00000021979 00333582245
00000000037 00000084002 00000021979 00333582245
00000000037 00000084002 00000021979 00333582245
00000000037 00000084002 00000021979 00333582245
00000000037 00000084002 00000021979 00333582245
00000000019 00000084984 00000022961 00334563849
00000000019 00000084984 00000022961 00334563849
00000000019 00000084984 00000022961 00334563849
00000000019 00000084984 00000022961 00334563849
00000000019 00000084984 00000022961 00334563849
00000000017 00000085983 00000023960 00335562747
00000000017 00000085983 00000023960 00335562747
00000000017 00000085983 00000023960 00335562747
00000000017 00000085983 00000023960 00335562747
00000000017 00000085983 00000023960 00335562747
00000000022 00000086988 00000024965 00336567497
00000000022 00000086988 00000024965 00336567497
00000000022 00000086988 00000024965 00336567497
00000000022 00000086988 00000024965 00336567497
00000000022 00000086988 00000024965 00336567497
00000000024 00000087990 00000025967 00337569516
00000000024 00000087990 00000025967 00337569516
00000000024 00000087990 00000025967 00337569516
00000000024 00000087990 00000025967 00337569516
00000000024 00000087990 00000025967 00337569516
00000000031 00000088997 00000026974 00338577267
00000000031 00000088997 00000026974 00338577267
00000000031 00000088997 00000026974 00338577267
00000000031 00000088997 00000026974 00338577267
00000000031 00000088997 00000026974 00338577267
00000000039 00000090005 00000027982 00339584763
00000000039 00000090005 00000027982 00339584763
00000000039 00000090005 00000027982 00339584763
00000000039 00000090005 00000027982 00339584763
00000000039 00000090005 00000027982 00339584763
00000000045 00000091011 00000028988 00340590486
00000000045 00000091011 00000028988 00340590486
00000000045 00000091011 00000028988 00340590486
00000000045 00000091011 00000028988 00340590486
00000000045 00000091011 00000028988 00340590486
00000000017 00000091984 00000029961 00341564113
00000000017 00000091984 00000029961 00341564113
00000000017 00000091984 00000029961 00341564113
00000000017 00000091984 00000029961 00341564113
00000000017 00000091984 00000029961 00341564113
00000000041 00000093008 00000030985 00342587856
00000000041 00000093008 00000030985 00342587856
00000000041 00000093008 00000030985 00342587856
00000000041 00000093008 00000030985 00342587856
00000000041 00000093008 00000030985 00342587856
00000000022 00000093989 00000031966 00343569092
00000000022 00000093989 00000031966 00343569092
00000000022 00000093989 00000031966 00343569092
00000000022 00000093989 00000031966 00343569092
00000000022 00000093989 00000031966 00343569092
00000000024 00000094991 00000032968 00344570965
00000000024 00000094991 00000032968 00344570965
00000000024 00000094991 00000032968 00344570965
00000000024 00000094991 00000032968 00344570965
00000000024 00000094991 00000032968 00344570965
00000000018 00000095985 00000033962 00345564458
00000000018 00000095985 00000033962 00345564458
00000000018 00000095985 00000033962 00345564458
00000000018 00000095985 00000033962 00345564458
00000000018 00000095985 00000033962 00345564458
