S[0, 0] 4940.701 15448835
S[0, 1] 3936.735 15450759
S[0, 2] 2936.563 15450759
S[0, 3] 2028.891 15543226
S[0, 4] 1216.664 15732767
S[0, 5] 1286.117 16802412
S[0, 6] 1323.283 17839774
C[[0, 0], 0] 7515.078 18023212
S[0, 7] 1321.463 18838137
C[[0, 0], 1] 7491.036 19005059
C[[0, 0], 2] 6490.864 19005059
C[[0, 0], 3] 5490.726 19005059
C[[0, 0], 4] 4488.957 19005059
C[[0, 0], 5] 3488.765 19005059
C[[0, 0], 6] 2488.569 19005059
C[[0, 0], 7] 1488.386 19005059
S[0, 8] 1315.388 19832248
C[[0, 0], 8] 1473.529 19990389
S[0, 9] 1350.424 20867463
C[[0, 0], 9] 1483.921 21000961
S[0, 10] 1319.48 21836703
C[[0, 0], 10] 1510.961 22028184
S[0, 11] 1339.832 22857235
C[[0, 0], 11] 1510.044 23027448
S[0, 12] 1322.715 23840299
C[[0, 0], 12] 1471.705 23989289
S[0, 13] 1317.915 24835685
C[[0, 0], 13] 1458.219 24975989
S[0, 14] 1302.231 25820193
C[[0, 0], 14] 1493.987 26011949
S[0, 15] 1324.927 26843077
C[[0, 0], 15] 1518.518 27036668
S[0, 16] 1331.83 27850754
C[[0, 0], 16] 1482.882 28001806
S[0, 17] 1314.246 28833348
C[[0, 0], 17] 1521.141 29040243
S[0, 18] 1312.551 29831842
C[[0, 0], 18] 1482.246 30001537
S[0, 19] 1294.622 30814097
C[[0, 0], 19] 2067.359 31586834
S[0, 20] 1470.784 31990443
S[0, 21] 1462.938 32983853
C[[0, 1], 0] 2833.179 33352838
S[0, 22] 856.196 33377301
C[[0, 1], 1] 2876.61 34397525
C[[0, 1], 2] 1876.421 34397525
S[0, 23] 1458.987 34980277
S[0, 24] 1048.831 35570312
C[[0, 1], 3] 2049.106 35570397
S[0, 25] 1016.388 36538054
C[[0, 1], 4] 2291.387 36812868
S[0, 26] 1857.023 38378880
C[[0, 1], 6] 3011.256 39533114
C[[0, 1], 5] 4011.447 39533114
CS[0, 0] 29030.798 9018.386 39538043
S[0, 27] 2800.373 40322412
S[0, 28] 1903.593 40425858
S[0, 29] 903.395 40425858
C[[0, 1], 7] 2926.734 40448772
S[0, 30] 1489.111 42011774
C[[0, 1], 9] 2821.482 42343944
C[[0, 1], 8] 3821.68 42343944
C[[0, 1], 10] 1821.281 42343944
S[0, 31] 1471.141 42993987
C[[0, 1], 11] 1774.991 43297837
S[0, 32] 1522.732 44045799
C[[0, 1], 12] 1805.068 44328135
S[0, 33] 1472.343 44995599
C[[0, 1], 13] 1796.909 45320166
S[0, 34] 1487.583 46011015
C[[0, 1], 14] 1864.921 46388353
S[0, 35] 1318.46 46842086
C[[0, 1], 15] 1595.386 47119013
S[0, 36] 1485.421 48009233
C[[0, 1], 16] 1852.773 48376585
S[0, 37] 1298.456 48822451
S[0, 38] 572.104 49096349
C[[0, 1], 17] 1606.635 49130630
C[[0, 1], 18] 1837.736 50361980
S[0, 39] 1539.877 51064301
C[[0, 1], 19] 1572.434 51096858
S[0, 40] 1460.655 51985274
S[0, 41] 880.041 52404848
S[0, 42] 1440.597 53965590
C[[0, 2], 1] 3245.766 54770573
C[[0, 2], 0] 4245.954 54770573
S[0, 43] 1483.898 55009075
S[0, 44] 1294.524 55819888
S[0, 45] 1493.459 57019008
C[[0, 2], 2] 5112.852 57637845
C[[0, 2], 3] 4250.146 57775323
S[0, 46] 1491.585 58017321
S[0, 47] 1529.758 59055682
C[[0, 2], 4] 4636.072 59161435
C[[0, 2], 5] 3635.886 59161435
C[[0, 2], 6] 2668.15 59193886
S[0, 48] 1522.462 60054612
S[0, 49] 1303.902 60836243
C[[0, 2], 7] 4547.34 62073264
S[0, 50] 1540.799 62073329
C[[0, 2], 8] 4595.123 63127274
S[0, 51] 1594.627 63127358
C[[0, 2], 9] 3638.65 63170991
C[[0, 2], 10] 2682.627 63215157
C[[0, 2], 11] 1819.701 63352432
S[0, 52] 1552.679 64085591
CS[0, 1] 33956.297 13951.337 64475956
C[[0, 2], 12] 1943.457 64476370
S[0, 53] 1487.362 65020459
C[[0, 2], 13] 2039.624 65572721
S[0, 54] 1472.868 66006147
C[[0, 2], 14] 1771.118 66304397
S[0, 55] 1296.989 66830450
C[[0, 2], 15] 1869.485 67402945
S[0, 56] 1284.551 67818202
S[0, 57] 1481.493 69015325
C[[0, 2], 16] 2819.321 69352972
C[[0, 2], 17] 1819.14 69352972
S[0, 58] 1469.288 70003309
C[[0, 2], 18] 1787.803 70321823
S[0, 59] 1429.826 70964032
C[[0, 2], 19] 2914.701 72448907
S[1, 0] 2872.004 73406401
S[1, 1] 1905.184 73440657
S[1, 2] 1506.337 74041990
C[[0, 3], 0] 3741.193 74275590
C[[0, 3], 1] 3135.147 74670620
C[[0, 3], 2] 2172.626 74708278
S[1, 3] 1388.701 74924528
SS0 64920.868 4892.987 75427375
S[1, 4] 1450.282 75986306
S[1, 5] 1432.432 76968676
C[[0, 3], 3] 3628.35 77164177
S[1, 6] 1428.037 77964477
S[1, 7] 1493.814 79030441
C[[0, 3], 4] 5486.881 80022905
C[[0, 3], 5] 4511.294 80047538
S[1, 8] 1754.192 80290999
C[[0, 3], 6] 3920.026 80456466
S[1, 9] 1742.369 81279353
C[[0, 3], 8] 3288.212 81825019
C[[0, 3], 9] 2288.035 81825019
C[[0, 3], 7] 4288.392 81825019
S[1, 10] 1718.4 82255557
S[1, 11] 1418.954 82956288
S[1, 12] 1439.076 83976606
C[[0, 3], 10] 4339.123 84876280
S[1, 13] 1409.181 84946897
S[1, 14] 1407.546 85945448
C[[0, 3], 14] 1953.782 86491684
C[[0, 3], 13] 2953.968 86491684
C[[0, 3], 12] 3954.154 86491684
C[[0, 3], 11] 4954.35 86491684
CS[0, 2] 35967.22 15957.443 86491840
S[1, 15] 1396.096 86934184
C[[0, 3], 15] 2004.125 87542213
S[1, 16] 1418.685 87956963
C[[0, 3], 16] 1795.749 88334027
S[1, 17] 1481.486 89019955
C[[0, 3], 17] 1833.709 89372177
S[1, 18] 1518.758 90057408
C[[0, 3], 18] 1839.625 90378274
S[1, 19] 1293.648 90832484
C[[0, 3], 19] 2020.726 91559562
S[1, 20] 1787.761 92332363
C[[0, 4], 0] 1964.551 92509154
S[1, 21] 1459.841 93004630
S[1, 22] 1414.698 93959676
S[1, 23] 1390.53 94935700
S[1, 24] 964.549 95509905
C[[0, 4], 1] 4206.014 95750803
S[1, 25] 980.136 96525686
S[1, 26] 1270.125 97815864
C[[0, 4], 2] 6093.285 98638263
C[[0, 4], 3] 5199.565 98744734
C[[0, 4], 4] 4214.949 98760306
S[1, 27] 1404.384 98950314
S[1, 28] 1407.853 99953974
C[[0, 4], 7] 2862.889 100408819
C[[0, 4], 6] 3863.08 100408819
C[[0, 4], 5] 4863.269 100408819
S[1, 29] 1490.757 101037063
S[1, 30] 1453.774 102000271
S[1, 31] 1802.326 103349002
S[1, 32] 1755.274 104302131
S[1, 33] 1469.1 105016156
C[[0, 4], 8] 6844.295 105390415
C[[0, 4], 9] 5844.109 105390415
C[[0, 4], 12] 2874.677 105421534
C[[0, 4], 11] 3874.858 105421534
C[[0, 4], 10] 4875.038 105421534
C[[0, 4], 13] 1874.478 105421534
S[1, 34] 1448.441 105995677
C[[0, 4], 14] 1981.907 106529144
CS[0, 3] 35994.831 15984.625 106529227
S[1, 35] 1453.576 107001001
C[[0, 4], 15] 2082.271 107629696
S[1, 36] 1401.474 107949091
S[1, 37] 1421.83 108969629
C[[0, 4], 16] 2598.169 109145787
S[1, 38] 1495.347 110043333
C[[0, 4], 17] 2625.457 110173256
C[[0, 4], 18] 1759.722 110307708
S[1, 39] 1521.72 111069897
C[[0, 4], 19] 2177.362 111725539
S[1, 40] 1460.537 112008895
C[[0, 5], 0] 2660.26 113208617
S[1, 41] 1808.303 113356843
S[1, 42] 1794.026 114342748
S[1, 43] 1790.348 115339252
C[[0, 5], 1] 4237.059 115785599
S[1, 44] 1767.066 116316149
S[1, 45] 1434.354 116983624
S[1, 46] 1408.059 117957512
C[[0, 5], 2] 6136.704 118685426
S[1, 47] 1417.243 118966877
C[[0, 5], 3] 5444.694 118993598
C[[0, 5], 4] 4844.233 119393315
S[1, 48] 1410.335 119960155
C[[0, 5], 5] 5265.288 120814558
C[[0, 5], 8] 2264.738 120814558
C[[0, 5], 6] 4265.105 120814558
C[[0, 5], 7] 3264.924 120814558
S[1, 49] 1422.886 120972893
S[1, 50] 1429.589 121979783
S[1, 51] 1423.221 122973603
C[[0, 5], 9] 3775.332 123325340
S[1, 52] 1436.985 123987558
S[1, 53] 1410.583 124961331
C[[0, 5], 13] 1879.506 125430254
C[[0, 5], 12] 2879.681 125430254
C[[0, 5], 11] 3879.873 125430254
C[[0, 5], 10] 4880.06 125430254
CS[0, 4] 34885.827 14882.072 125430429
S[1, 54] 1391.543 125942476
C[[0, 5], 14] 2027.982 126578915
S[1, 55] 1432.808 126983918
C[[0, 5], 15] 1753.309 127304419
S[1, 56] 1443.134 127994418
C[[0, 5], 16] 1736.302 128287585
S[1, 57] 1713.29 129264750
C[[0, 5], 17] 1747.645 129299106
S[1, 58] 1723.177 130274817
C[[0, 5], 18] 1746.8 130298440
S[1, 59] 1408.74 130960560
C[[0, 5], 19] 2129.382 131681202
S[2, 0] 1561.038 132113033
C[[0, 6], 0] 2324.128 132876082
S[2, 1] 1396.509 132948711
SS1 62849.928 2832.33 133384324
S[2, 2] 1291.787 133844176
S[2, 3] 1407.843 134960410
C[[0, 6], 1] 4227.096 135779298
S[2, 4] 1414.491 135967272
S[2, 5] 1423.624 136976582
S[2, 6] 1404.769 137957905
C[[0, 6], 2] 6235.972 138788361
S[2, 7] 1484.422 139037724
S[2, 8] 1686.032 140239513
S[2, 9] 1707.588 141261262
S[2, 10] 1689.231 142243088
S[2, 11] 1727.041 143281069
S[2, 12] 1484.715 144038925
S[2, 13] 952.741 144507124
S[2, 14] 1407.037 145961601
S[2, 15] 978.525 146533270
C[[1, 0], 0] 13693.78 147246348
S[2, 16] 1253.985 147808909
S[2, 17] 1374.658 148929755
C[[1, 0], 1] 14932.548 149485328
S[2, 18] 1389.615 149944902
S[2, 19] 1467.336 151022783
CS[0, 5] 40751.552 20747.915 151299909
C[[1, 0], 2] 15747.106 151300063
C[[1, 0], 3] 15508.392 152061528
C[[1, 0], 4] 14565.564 152118866
C[[1, 0], 5] 13592.443 152145924
C[[1, 0], 6] 12628.654 152182328
C[[1, 0], 7] 11671.305 152225162
S[2, 20] 1710 152265633
C[[1, 0], 16] 2756.081 152311528
C[[1, 0], 14] 4756.43 152311528
C[[1, 0], 8] 10757.499 152311528
C[[1, 0], 9] 9757.317 152311528
C[[1, 0], 10] 8757.144 152311528
C[[1, 0], 11] 7756.964 152311528
C[[1, 0], 12] 6756.782 152311528
C[[1, 0], 13] 5756.603 152311528
C[[1, 0], 15] 3756.24 152311528
C[[1, 0], 17] 1755.894 152311528
S[2, 21] 1767.852 153323670
C[[1, 0], 18] 1942.592 153498411
CS[0, 6] 22946.491 19945.918 153498486
S[2, 22] 1443.498 153999503
C[[1, 0], 19] 1466.019 154022024
S[2, 23] 1480.556 155036766
C[[1, 1], 0] 2315.016 155871226
S[2, 24] 1449.262 156005662
S[2, 25] 1421.046 156977624
S[2, 26] 1410.06 157966811
C[[1, 1], 1] 4327.31 158883709
S[2, 27] 1424.401 158981333
C[[1, 1], 2] 3965.741 159522320
S[2, 28] 1417.142 159974254
S[2, 29] 1452.99 161010292
S[2, 30] 1485.297 162042756
C[[1, 1], 3] 5504.824 162061575
C[[1, 1], 4] 4504.643 162061575
C[[1, 1], 5] 3856.088 162413200
S[2, 31] 1501.466 163059111
C[[1, 1], 6] 4281.439 163838741
C[[1, 1], 7] 3281.283 163838741
C[[1, 1], 8] 2302.248 163859893
S[2, 32] 1694.906 164252728
S[2, 33] 1708.685 165266686
S[2, 34] 1785.857 166344030
S[2, 35] 1495.566 167053916
C[[1, 1], 9] 5393.389 167951211
S[2, 36] 1422.64 167981173
C[[1, 1], 11] 3836.158 168394331
C[[1, 1], 10] 4836.331 168394331
C[[1, 1], 13] 1835.799 168394331
C[[1, 1], 12] 2835.981 168394331
S[2, 37] 1399.294 168957999
CS[1, 0] 35911.676 15908.033 169464243
S[2, 38] 1438.735 169997616
C[[1, 1], 14] 2907.91 170466615
C[[1, 1], 15] 1907.734 170466615
S[2, 39] 1425.801 170984857
C[[1, 1], 16] 1604.762 171163818
S[2, 40] 1414.852 171974083
C[[1, 1], 17] 1815.754 172374985
S[2, 41] 1406.858 172966262
C[[1, 1], 18] 1584.089 173143492
S[2, 42] 1520.504 174080069
C[[1, 1], 19] 1520.625 174080190
S[2, 43] 1496.603 175056354
C[[1, 2], 0] 2478.01 176037761
S[2, 44] 1777.389 176337326
S[2, 45] 1476.768 177036893
S[2, 46] 1396.769 177957078
S[2, 47] 1422.589 178983073
C[[1, 2], 1] 4477.127 179037064
S[2, 48] 1408.363 179969028
S[2, 49] 1416.995 180977845
C[[1, 2], 2] 6237.548 181797673
S[2, 50] 1415.06 181976082
C[[1, 2], 3] 5443.005 182003315
C[[1, 2], 4] 4564.541 182125026
S[2, 51] 1398.537 182959760
C[[1, 2], 5] 5122.225 183682890
C[[1, 2], 6] 4155.894 183716744
S[2, 52] 1458.961 184020359
S[2, 53] 1739.644 185301231
S[2, 54] 1679.489 186241255
C[[1, 2], 7] 5944.153 186505192
S[2, 55] 1722.532 187284492
C[[1, 2], 8] 6022.801 187584024
C[[1, 2], 9] 5022.626 187584024
S[2, 56] 1745.545 188307665
C[[1, 2], 12] 2938.2 188500160
C[[1, 2], 13] 1938.041 188500160
C[[1, 2], 10] 4938.573 188500160
C[[1, 2], 11] 3938.394 188500160
CS[1, 1] 34944.125 14940.584 188500336
S[2, 57] 1754.082 189316387
C[[1, 2], 14] 1969.861 189532166
S[2, 58] 1485.793 190048273
S[2, 59] 1402.981 190965644
C[[1, 2], 16] 1812.848 191375511
C[[1, 2], 15] 2813.031 191375511
C[[1, 2], 17] 1803.079 192365925
S[3, 0] 1854.261 192417107
S[3, 1] 1484.13 193047162
SS2 62870.025 2859.173 193422019
C[[1, 2], 18] 1859.087 193422120
S[3, 2] 1484.639 194047856
C[[1, 2], 19] 1570.951 194134168
S[3, 3] 1796.925 195360324
C[[2, 0], 0] 2533.196 196096595
S[3, 4] 1702.25 196265835
S[3, 5] 1413.558 196977322
S[3, 6] 1409.249 197973170
C[[2, 0], 1] 4104.884 198668469
S[3, 7] 1428.045 198992165
S[3, 8] 1417.26 199981560
S[3, 9] 1396.198 200960685
S[3, 10] 1432.625 201997288
S[3, 11] 1410.651 202975496
S[3, 12] 1396.032 203961056
S[3, 13] 1396.633 204961832
S[3, 14] 1477.254 206042633
C[[2, 0], 2] 11823.948 207387712
S[3, 15] 1994.747 207560306
C[[2, 0], 12] 1994.841 207560400
C[[2, 0], 11] 2995.021 207560400
C[[2, 0], 10] 3995.201 207560400
C[[2, 0], 9] 4995.376 207560400
C[[2, 0], 8] 5995.555 207560400
C[[2, 0], 5] 8996.1 207560400
C[[2, 0], 4] 9996.281 207560400
C[[2, 0], 7] 6995.737 207560400
C[[2, 0], 6] 7995.913 207560400
C[[2, 0], 3] 10996.48 207560400
S[3, 16] 1736.749 208302491
CS[1, 3] 14987.936 14987.936 208551335
CS[1, 2] 34991.584 14987.936 208551335
C[[2, 0], 13] 1985.756 208551498
S[3, 17] 1468.722 209034651
C[[2, 0], 14] 2064.57 209630499
S[3, 18] 1417.096 209983211
C[[2, 0], 15] 1814.854 210380970
S[3, 19] 1458.134 211024430
S[3, 20] 1399.303 211965774
C[[2, 0], 17] 1831.361 212397832
C[[2, 0], 16] 2831.536 212397832
S[3, 21] 1431.21 212997860
C[[2, 0], 18] 1592.345 213158995
S[3, 22] 1283.923 213850749
C[[2, 0], 19] 1547.779 214114605
S[3, 23] 1430.125 214997126
S[3, 24] 1449.777 216016957
C[[2, 1], 0] 2616.476 216183478
S[3, 25] 976.576 216543935
S[3, 26] 1436.742 218004282
C[[2, 1], 1] 4248.337 218815517
S[3, 27] 1476.875 219044587
C[[2, 1], 2] 3641.086 219208445
S[3, 28] 1531.943 220099838
S[3, 29] 1731.651 221299720
C[[2, 1], 4] 4337.95 221905662
C[[2, 1], 3] 5338.122 221905662
S[3, 30] 1704.889 222273173
S[3, 31] 1765.821 223334298
C[[2, 1], 6] 4226.071 223794140
C[[2, 1], 5] 5226.245 223794140
C[[2, 1], 7] 3225.856 223794140
S[3, 32] 1764.012 224332668
S[3, 33] 1885.031 225453872
S[3, 34] 1741.907 226310939
S[3, 35] 1505.142 227074354
C[[2, 1], 8] 5859.539 227428016
S[3, 36] 1423.028 227992420
C[[2, 1], 13] 1903.227 228472619
C[[2, 1], 12] 2903.408 228472619
C[[2, 1], 10] 4903.778 228472619
C[[2, 1], 11] 3903.588 228472619
C[[2, 1], 9] 5903.963 228472619
S[3, 37] 1458.032 229027603
C[[2, 1], 14] 1965.272 229534844
CS[2, 0] 35971.524 15967.922 229534923
S[3, 38] 1446.972 230016730
C[[2, 1], 15] 1972.057 230541815
S[3, 39] 1420.291 230990228
C[[2, 1], 16] 1835.876 231405814
S[3, 40] 1438.14 232008265
C[[2, 1], 17] 1782.802 232352927
S[3, 41] 1489.132 233059440
S[3, 42] 1500.966 234077709
C[[2, 1], 18] 2534.16 234104468
C[[2, 1], 19] 1571.052 234147795
S[3, 43] 1538.007 235114923
C[[2, 2], 0] 2477.676 236054592
S[3, 44] 1788.479 236365584
S[3, 45] 1777.946 237355236
S[3, 46] 1499.171 238076644
S[3, 47] 1426.128 239003789
C[[2, 2], 1] 4567.24 239144345
S[3, 48] 1389.257 239967097
S[3, 49] 1446.353 241024368
C[[2, 2], 2] 6287.35 241864641
S[3, 50] 1408.171 241986371
C[[2, 2], 3] 5638.437 242215911
S[3, 51] 1402.41 242980793
C[[2, 2], 7] 3264.552 243842751
C[[2, 2], 5] 5264.911 243842751
C[[2, 2], 4] 6265.09 243842751
C[[2, 2], 6] 4264.736 243842751
S[3, 52] 1426.869 244005439
S[3, 53] 1396.742 244975494
S[3, 54] 1426.354 246005290
S[3, 55] 1588.579 247167710
C[[2, 2], 8] 5589.412 247167795
C[[2, 2], 9] 4900.909 247479479
C[[2, 2], 10] 4072.87 247651622
C[[2, 2], 12] 2072.492 247651622
C[[2, 2], 11] 3072.687 247651622
S[3, 56] 1495.586 248074891
CS[2, 1] 35029.639 15019.724 248596640
C[[2, 2], 13] 2017.469 248596775
S[3, 57] 1734.35 249313842
C[[2, 2], 14] 1986.297 249565789
S[3, 58] 1582.19 250161872
C[[2, 2], 15] 1731.001 250310683
S[3, 59] 971.402 250551267
S[4, 0] 7893.625 258473664
S[4, 1] 6927.781 258508043
S[4, 4] 3955.787 258536579
S[4, 3] 4955.964 258536579
S[4, 2] 5956.14 258536579
S[4, 5] 2955.603 258536579
S[4, 6] 1955.417 258536579
S[4, 7] 1571.429 259152768
S[4, 8] 1430.523 260012046
SS3 69867.268 9850.075 260430114
C[[2, 2], 16] 11222.017 260801882
S[4, 9] 1274.376 260856073
C[[2, 3], 2] 5613.481 261194457
C[[2, 3], 5] 2612.934 261194457
C[[2, 3], 4] 3613.118 261194457
C[[2, 3], 3] 4613.295 261194457
C[[2, 3], 1] 6613.665 261194457
C[[2, 3], 0] 7613.842 261194457
C[[2, 2], 18] 9614.195 261194457
C[[2, 2], 19] 8614.018 261194457
C[[2, 2], 17] 10614.418 261194457
C[[2, 3], 6] 1631.304 261213000
S[4, 10] 1442.81 262024686
S[4, 11] 1482.288 263064349
S[4, 12] 1760.262 264342515
C[[3, 0], 0] 4437.104 265018980
S[4, 13] 1755.273 265337667
S[4, 14] 1505.29 266087866
S[4, 15] 981.824 266564588
S[4, 16] 991.672 267574616
C[[3, 0], 1] 6207.888 267789949
S[4, 17] 1036.633 268619743
C[[3, 0], 2] 6556.674 269138927
S[4, 18] 985.239 269568525
S[4, 19] 986.626 270570093
S[4, 20] 1011.627 271595271
S[4, 21] 1485.354 273069173
S[4, 22] 1530.08 274114074
C[[3, 0], 3] 11379.433 274961827
S[4, 23] 1741.192 275325387
S[4, 24] 1490.629 276075011
C[[3, 0], 4] 11572.533 276155109
S[4, 25] 1408.647 276993219
S[4, 26] 1772.78 278357533
C[[3, 0], 5] 13474.32 279057084
S[4, 27] 1503.219 279088160
CS[2, 2] 46027.47 26023.771 279604386
S[4, 28] 1405.698 279990821
C[[3, 0], 6] 14234.727 280817671
S[4, 29] 1275.522 280860821
S[4, 30] 1393.436 281978918
S[4, 31] 1429.369 283015039
C[[3, 0], 7] 15707.875 283290985
S[4, 32] 1007.067 283592924
C[[3, 0], 13] 10459.59 284043785
C[[3, 0], 8] 15460.499 284043785
C[[3, 0], 12] 11459.791 284043785
C[[3, 0], 17] 6458.844 284043785
C[[3, 0], 18] 5458.662 284043785
C[[3, 0], 11] 12459.966 284043785
C[[3, 0], 10] 13460.141 284043785
C[[3, 0], 16] 7459.032 284043785
C[[3, 0], 15] 8459.213 284043785
C[[3, 0], 14] 9459.403 284043785
C[[3, 0], 9] 14460.318 284043785
S[4, 33] 1499.633 285091234
C[[3, 1], 0] 4767.12 285352602
C[[3, 1], 2] 2766.745 285352602
C[[3, 0], 19] 5767.304 285352602
C[[3, 1], 1] 3766.932 285352602
CS[2, 3] 31993.76 24992.499 285574376
S[4, 34] 1559.706 286151487
S[4, 35] 1727.328 287319274
S[4, 36] 1777.012 288369141
C[[3, 1], 3] 4777.622 288369223
C[[3, 1], 4] 4656.039 289247819
S[4, 37] 1750.755 289343062
S[4, 38] 1489.636 290082120
S[4, 39] 1437.08 291029756
S[4, 40] 1440.965 292033831
C[[3, 1], 5] 6823.87 292415816
C[[3, 1], 6] 5958.154 292550283
S[4, 41] 1435.065 293033800
S[4, 42] 1403.763 294002678
C[[3, 1], 10] 3660.152 294253018
C[[3, 1], 7] 6660.711 294253018
C[[3, 1], 8] 5660.534 294253018
C[[3, 1], 9] 4660.343 294253018
C[[3, 1], 11] 2678.653 294277389
S[4, 43] 1429.611 295028702
S[4, 44] 1408.277 296007547
S[4, 45] 1443.401 297042850
S[4, 46] 1508.317 298107940
C[[3, 1], 12] 6101.002 298699916
S[4, 47] 1703.094 299302900
C[[3, 1], 17] 2130.17 299729976
C[[3, 1], 16] 3130.353 299729976
C[[3, 1], 13] 6130.885 299729976
C[[3, 1], 14] 5130.706 299729976
C[[3, 1], 15] 4130.528 299729976
S[4, 48] 1520.763 300120753
C[[3, 1], 18] 1649.987 300249977
S[4, 49] 1276.839 300877050
C[[3, 1], 19] 1665.655 301265866
CS[3, 0] 40684.066 20680.46 301265943
S[4, 50] 1436.361 302036746
S[4, 51] 1483.27 303083832
S[4, 52] 1495.027 304095774
S[4, 53] 1784.996 305385930
C[[3, 2], 0] 5274.083 305874467
S[4, 54] 1762.75 306363864
C[[3, 2], 1] 4958.676 306559238
S[4, 55] 1522.218 307123509
S[4, 56] 1415.631 308017108
S[4, 57] 1421.517 309023168
C[[3, 2], 2] 6528.281 309129028
C[[3, 2], 3] 5561.332 309162266
C[[3, 2], 4] 4816.597 309417711
C[[3, 2], 5] 3927.677 309528968
S[4, 58] 1450.431 310052268
S[4, 59] 1409.015 311011013
C[[3, 2], 7] 3577.895 311179546
C[[3, 2], 6] 4578.069 311179546
S[5, 0] 1453.426 312055569
SS4 61850.574 1828.47 312430613
S[5, 1] 1481.351 313083674
S[5, 2] 1693.487 314295991
S[5, 3] 1541.616 315144303
C[[3, 2], 8] 7155.87 315757706
S[5, 4] 1425.296 316028173
C[[3, 2], 9] 7157.031 316759028
C[[3, 2], 10] 6421.122 317023265
C[[3, 2], 11] 5634.683 317237006
C[[4, 0], 0] 4716.885 317319389
S[5, 5] 1716.439 317319500
S[5, 6] 1404.069 318007314
C[[4, 0], 1] 4654.554 318257240
C[[4, 0], 2] 4076.695 318679572
CS[3, 1] 38094.171 18079.269 318679653
S[5, 7] 1572.49 319175929
S[5, 8] 1415.631 320019248
S[5, 9] 1417.176 321020967
S[5, 10] 1409.994 322013966
S[5, 11] 1425.267 323029411
C[[4, 0], 3] 8275.064 323878125
S[5, 12] 1406.911 324011269
C[[4, 0], 4] 8224.263 324827508
S[5, 13] 1414.575 325019118
S[5, 14] 1419.574 326024291
S[5, 15] 1468.08 327072986
S[5, 16] 1510.04 328115130
C[[4, 0], 5] 11279.151 328882589
C[[4, 0], 13] 3277.683 328882589
C[[4, 0], 8] 8278.617 328882589
C[[4, 0], 10] 6278.231 328882589
C[[4, 0], 9] 7278.445 328882589
C[[4, 0], 11] 5278.046 328882589
C[[4, 0], 12] 4277.872 328882589
C[[4, 0], 6] 10278.972 328882589
C[[4, 0], 7] 9278.798 328882589
S[5, 17] 1765.716 329370987
C[[4, 0], 15] 1848.373 329453644
C[[4, 0], 14] 2848.554 329453644
S[5, 18] 1514.466 330119911
CS[3, 2] 29777.471 17775.351 330377855
C[[4, 0], 16] 1772.553 330377998
S[5, 19] 1417.994 331023619
C[[4, 0], 17] 1857.359 331462984
S[5, 20] 1766.625 332372430
C[[4, 0], 18] 1822.722 332428528
S[5, 21] 1317.368 332923350
C[[4, 0], 19] 1969.314 333575296
S[5, 22] 1428.48 334034645
C[[4, 1], 0] 2213.414 334819579
S[5, 23] 1435.831 335042169
S[5, 24] 1439.251 336045763
S[5, 25] 1419.975 337026662
C[[4, 1], 1] 3727.425 337333764
S[5, 26] 1446.674 338053542
S[5, 27] 1441.499 339048545
S[5, 28] 1417.762 340024991
C[[4, 1], 2] 6002.951 340609463
C[[4, 1], 3] 5138.92 340745607
S[5, 29] 1467.397 341074812
S[5, 30] 1450.17 342057758
C[[4, 1], 5] 4700.914 342307960
C[[4, 1], 4] 5701.092 342307960
C[[4, 1], 7] 2732.705 342340120
C[[4, 1], 6] 3732.891 342340120
S[5, 31] 1503.254 343111018
S[5, 32] 1546.839 344154782
C[[4, 1], 8] 4710.03 345317618
S[5, 33] 1746.68 345354804
