00000010810 00000022238 00000042243 00084145138
00000010810 00000022238 00000042243 00084145138
00000010810 00000022238 00000042243 00084145138
00000010810 00000022238 00000042243 00084145138
00000010810 00000022238 00000042243 00084145138
00000009809 00000022238 00000042243 00084145138
00000009809 00000022238 00000042243 00084145138
00000009809 00000022238 00000042243 00084145138
00000009809 00000022238 00000042243 00084145138
00000009809 00000022238 00000042243 00084145138
00000008809 00000022238 00000042243 00084145138
00000008809 00000022238 00000042243 00084145138
00000008809 00000022238 00000042243 00084145138
00000008809 00000022238 00000042243 00084145138
00000008809 00000022238 00000042243 00084145138
00000007809 00000022238 00000042243 00084145138
00000007809 00000022238 00000042243 00084145138
00000007809 00000022238 00000042243 00084145138
00000007809 00000022238 00000042243 00084145138
00000007809 00000022238 00000042243 00084145138
00000006809 00000022238 00000042243 00084145138
00000006809 00000022238 00000042243 00084145138
00000006809 00000022238 00000042243 00084145138
00000006809 00000022238 00000042243 00084145138
00000006809 00000022238 00000042243 00084145138
00000006353 00000032784 00000052789 00094688197
00000006353 00000032784 00000052789 00094688197
00000006353 00000032784 00000052789 00094688197
00000006353 00000032784 00000052789 00094688197
00000006353 00000032784 00000052789 00094688197
00000007353 00000032784 00000052789 00094688197
00000007353 00000032784 00000052789 00094688197
00000007353 00000032784 00000052789 00094688197
00000007353 00000032784 00000052789 00094688197
00000007353 00000032784 00000052789 00094688197
00000008353 00000032784 00000052789 00094688197
00000008353 00000032784 00000052789 00094688197
00000008353 00000032784 00000052789 00094688197
00000008353 00000032784 00000052789 00094688197
00000008353 00000032784 00000052789 00094688197
00000009353 00000032784 00000052789 00094688197
00000009353 00000032784 00000052789 00094688197
00000009353 00000032784 00000052789 00094688197
00000009353 00000032784 00000052789 00094688197
00000009353 00000032784 00000052789 00094688197
00000010353 00000032784 00000052789 00094688197
00000010353 00000032784 00000052789 00094688197
00000010353 00000032784 00000052789 00094688197
00000010353 00000032784 00000052789 00094688197
00000010353 00000032784 00000052789 00094688197
00000016355 00000032784 00000052789 00094688197
00000016355 00000032784 00000052789 00094688197
00000016355 00000032784 00000052789 00094688197
00000016355 00000032784 00000052789 00094688197
00000016355 00000032784 00000052789 00094688197
00000015354 00000032784 00000052789 00094688197
00000015354 00000032784 00000052789 00094688197
00000015354 00000032784 00000052789 00094688197
00000015354 00000032784 00000052789 00094688197
00000015354 00000032784 00000052789 00094688197
00000014354 00000032784 00000052789 00094688197
00000014354 00000032784 00000052789 00094688197
00000014354 00000032784 00000052789 00094688197
00000014354 00000032784 00000052789 00094688197
00000014354 00000032784 00000052789 00094688197
00000013354 00000032784 00000052789 00094688197
00000013354 00000032784 00000052789 00094688197
00000013354 00000032784 00000052789 00094688197
00000013354 00000032784 00000052789 00094688197
00000013354 00000032784 00000052789 00094688197
00000012354 00000032784 00000052789 00094688197
00000012354 00000032784 00000052789 00094688197
00000012354 00000032784 00000052789 00094688197
00000012354 00000032784 00000052789 00094688197
00000012354 00000032784 00000052789 00094688197
00000011354 00000032784 00000052789 00094688197
00000011354 00000032784 00000052789 00094688197
00000011354 00000032784 00000052789 00094688197
00000011354 00000032784 00000052789 00094688197
00000011354 00000032784 00000052789 00094688197
00000006073 00000043517 00000023513 00105420634
00000006073 00000043517 00000023513 00105420634
00000006073 00000043517 00000023513 00105420634
00000006073 00000043517 00000023513 00105420634
00000006073 00000043517 00000023513 00105420634
00000007073 00000043517 00000023513 00105420634
00000007073 00000043517 00000023513 00105420634
00000007073 00000043517 00000023513 00105420634
00000007073 00000043517 00000023513 00105420634
00000007073 00000043517 00000023513 00105420634
00000008073 00000043517 00000023513 00105420634
00000008073 00000043517 00000023513 00105420634
00000008073 00000043517 00000023513 00105420634
00000008073 00000043517 00000023513 00105420634
00000008073 00000043517 00000023513 00105420634
00000009073 00000043517 00000023513 00105420634
00000009073 00000043517 00000023513 00105420634
00000009073 00000043517 00000023513 00105420634
00000009073 00000043517 00000023513 00105420634
00000009073 00000043517 00000023513 00105420634
00000010074 00000043517 00000023513 00105420634
00000010074 00000043517 00000023513 00105420634
00000010074 00000043517 00000023513 00105420634
00000010074 00000043517 00000023513 00105420634
00000010074 00000043517 00000023513 00105420634
00000016085 00000043517 00000063522 00105420634
00000016085 00000043517 00000063522 00105420634
00000016085 00000043517 00000063522 00105420634
00000016085 00000043517 00000063522 00105420634
00000016085 00000043517 00000063522 00105420634
00000015085 00000043517 00000063522 00105420634
00000015085 00000043517 00000063522 00105420634
00000015085 00000043517 00000063522 00105420634
00000015085 00000043517 00000063522 00105420634
00000015085 00000043517 00000063522 00105420634
00000014085 00000043517 00000063522 00105420634
00000014085 00000043517 00000063522 00105420634
00000014085 00000043517 00000063522 00105420634
00000014085 00000043517 00000063522 00105420634
00000014085 00000043517 00000063522 00105420634
00000013085 00000043517 00000063522 00105420634
00000013085 00000043517 00000063522 00105420634
00000013085 00000043517 00000063522 00105420634
00000013085 00000043517 00000063522 00105420634
00000013085 00000043517 00000063522 00105420634
00000012084 00000043517 00000063522 00105420634
00000012084 00000043517 00000063522 00105420634
00000012084 00000043517 00000063522 00105420634
00000012084 00000043517 00000063522 00105420634
00000012084 00000043517 00000063522 00105420634
00000011074 00000043517 00000063522 00105420634
00000011074 00000043517 00000063522 00105420634
00000011074 00000043517 00000063522 00105420634
00000011074 00000043517 00000063522 00105420634
00000011074 00000043517 00000063522 00105420634
00000011147 00000054592 00000034588 00116496243
00000011147 00000054592 00000034588 00116496243
00000011147 00000054592 00000034588 00116496243
00000011147 00000054592 00000034588 00116496243
00000011147 00000054592 00000034588 00116496243
00000012147 00000054592 00000034588 00116496243
00000012147 00000054592 00000034588 00116496243
00000012147 00000054592 00000034588 00116496243
00000012147 00000054592 00000034588 00116496243
00000012147 00000054592 00000034588 00116496243
00000013147 00000054592 00000034588 00116496243
00000013147 00000054592 00000034588 00116496243
00000013147 00000054592 00000034588 00116496243
00000013147 00000054592 00000034588 00116496243
00000013147 00000054592 00000034588 00116496243
00000014147 00000054592 00000034588 00116496243
00000014147 00000054592 00000034588 00116496243
00000014147 00000054592 00000034588 00116496243
00000014147 00000054592 00000034588 00116496243
00000014147 00000054592 00000034588 00116496243
00000015147 00000054592 00000034588 00116496243
00000015147 00000054592 00000034588 00116496243
00000015147 00000054592 00000034588 00116496243
00000015147 00000054592 00000034588 00116496243
00000015147 00000054592 00000034588 00116496243
00000016148 00000054592 00000034588 00116496243
00000016148 00000054592 00000034588 00116496243
00000016148 00000054592 00000034588 00116496243
00000016148 00000054592 00000034588 00116496243
00000016148 00000054592 00000034588 00116496243
00000006146 00000054592 00000034588 00116496243
00000006146 00000054592 00000034588 00116496243
00000006146 00000054592 00000034588 00116496243
00000006146 00000054592 00000034588 00116496243
00000006146 00000054592 00000034588 00116496243
00000007146 00000054592 00000034588 00116496243
00000007146 00000054592 00000034588 00116496243
00000007146 00000054592 00000034588 00116496243
00000007146 00000054592 00000034588 00116496243
00000007146 00000054592 00000034588 00116496243
00000008146 00000054592 00000034588 00116496243
00000008146 00000054592 00000034588 00116496243
00000008146 00000054592 00000034588 00116496243
00000008146 00000054592 00000034588 00116496243
00000008146 00000054592 00000034588 00116496243
00000009146 00000054592 00000034588 00116496243
00000009146 00000054592 00000034588 00116496243
00000009146 00000054592 00000034588 00116496243
00000009146 00000054592 00000034588 00116496243
00000009146 00000054592 00000034588 00116496243
00000010147 00000054592 00000034588 00116496243
00000010147 00000054592 00000034588 00116496243
00000010147 00000054592 00000034588 00116496243
00000010147 00000054592 00000034588 00116496243
00000010147 00000054592 00000034588 00116496243
00000010566 00000065013 00000045009 00126916641
00000010566 00000065013 00000045009 00126916641
00000010566 00000065013 00000045009 00126916641
00000010566 00000065013 00000045009 00126916641
00000010566 00000065013 00000045009 00126916641
00000011566 00000065013 00000045009 00126916641
00000011566 00000065013 00000045009 00126916641
00000011566 00000065013 00000045009 00126916641
00000011566 00000065013 00000045009 00126916641
00000011566 00000065013 00000045009 00126916641
00000012566 00000065013 00000045009 00126916641
00000012566 00000065013 00000045009 00126916641
00000012566 00000065013 00000045009 00126916641
00000012566 00000065013 00000045009 00126916641
00000012566 00000065013 00000045009 00126916641
00000013566 00000065013 00000045009 00126916641
00000013566 00000065013 00000045009 00126916641
00000013566 00000065013 00000045009 00126916641
00000013566 00000065013 00000045009 00126916641
00000013566 00000065013 00000045009 00126916641
00000014566 00000065013 00000045009 00126916641
00000014566 00000065013 00000045009 00126916641
00000014566 00000065013 00000045009 00126916641
00000014566 00000065013 00000045009 00126916641
00000014566 00000065013 00000045009 00126916641
00000015567 00000065013 00000045009 00126916641
00000015567 00000065013 00000045009 00126916641
00000015567 00000065013 00000045009 00126916641
00000015567 00000065013 00000045009 00126916641
00000015567 00000065013 00000045009 00126916641
00000005565 00000065013 00000045009 00126916641
00000005565 00000065013 00000045009 00126916641
00000005565 00000065013 00000045009 00126916641
00000005565 00000065013 00000045009 00126916641
00000005565 00000065013 00000045009 00126916641
00000006565 00000065013 00000045009 00126916641
00000006565 00000065013 00000045009 00126916641
00000006565 00000065013 00000045009 00126916641
00000006565 00000065013 00000045009 00126916641
00000006565 00000065013 00000045009 00126916641
00000007565 00000065013 00000045009 00126916641
00000007565 00000065013 00000045009 00126916641
00000007565 00000065013 00000045009 00126916641
00000007565 00000065013 00000045009 00126916641
00000007565 00000065013 00000045009 00126916641
00000008565 00000065013 00000045009 00126916641
00000008565 00000065013 00000045009 00126916641
00000008565 00000065013 00000045009 00126916641
00000008565 00000065013 00000045009 00126916641
00000008565 00000065013 00000045009 00126916641
00000009565 00000065013 00000045009 00126916641
00000009565 00000065013 00000045009 00126916641
00000009565 00000065013 00000045009 00126916641
00000009565 00000065013 00000045009 00126916641
00000009565 00000065013 00000045009 00126916641
00000011000 00000075449 00000055445 00137353365
00000011000 00000075449 00000055445 00137353365
00000011000 00000075449 00000055445 00137353365
00000011000 00000075449 00000055445 00137353365
00000011000 00000075449 00000055445 00137353365
00000012000 00000075449 00000055445 00137353365
00000012000 00000075449 00000055445 00137353365
00000012000 00000075449 00000055445 00137353365
00000012000 00000075449 00000055445 00137353365
00000012000 00000075449 00000055445 00137353365
00000013000 00000075449 00000055445 00137353365
00000013000 00000075449 00000055445 00137353365
00000013000 00000075449 00000055445 00137353365
00000013000 00000075449 00000055445 00137353365
00000013000 00000075449 00000055445 00137353365
00000014000 00000075449 00000055445 00137353365
00000014000 00000075449 00000055445 00137353365
00000014000 00000075449 00000055445 00137353365
00000014000 00000075449 00000055445 00137353365
00000014000 00000075449 00000055445 00137353365
00000015001 00000075449 00000055445 00137353365
00000015001 00000075449 00000055445 00137353365
00000015001 00000075449 00000055445 00137353365
00000015001 00000075449 00000055445 00137353365
00000015001 00000075449 00000055445 00137353365
00000005999 00000075449 00000055445 00137353365
00000005999 00000075449 00000055445 00137353365
00000005999 00000075449 00000055445 00137353365
00000005999 00000075449 00000055445 00137353365
00000005999 00000075449 00000055445 00137353365
00000006999 00000075449 00000055445 00137353365
00000006999 00000075449 00000055445 00137353365
00000006999 00000075449 00000055445 00137353365
00000006999 00000075449 00000055445 00137353365
00000006999 00000075449 00000055445 00137353365
00000007999 00000075449 00000055445 00137353365
00000007999 00000075449 00000055445 00137353365
00000007999 00000075449 00000055445 00137353365
00000007999 00000075449 00000055445 00137353365
00000007999 00000075449 00000055445 00137353365
00000008999 00000075449 00000055445 00137353365
00000008999 00000075449 00000055445 00137353365
00000008999 00000075449 00000055445 00137353365
00000008999 00000075449 00000055445 00137353365
00000008999 00000075449 00000055445 00137353365
00000010000 00000075449 00000055445 00137353365
00000010000 00000075449 00000055445 00137353365
00000010000 00000075449 00000055445 00137353365
00000010000 00000075449 00000055445 00137353365
00000010000 00000075449 00000055445 00137353365
00000005548 00000086011 00000025986 00147914947
00000005548 00000086011 00000025986 00147914947
00000005548 00000086011 00000025986 00147914947
00000005548 00000086011 00000025986 00147914947
00000005548 00000086011 00000025986 00147914947
00000011560 00000086011 00000066007 00147914947
00000011560 00000086011 00000066007 00147914947
00000011560 00000086011 00000066007 00147914947
00000011560 00000086011 00000066007 00147914947
00000011560 00000086011 00000066007 00147914947
00000012560 00000086011 00000066007 00147914947
00000012560 00000086011 00000066007 00147914947
00000012560 00000086011 00000066007 00147914947
00000012560 00000086011 00000066007 00147914947
00000012560 00000086011 00000066007 00147914947
00000013560 00000086011 00000066007 00147914947
00000013560 00000086011 00000066007 00147914947
00000013560 00000086011 00000066007 00147914947
00000013560 00000086011 00000066007 00147914947
00000013560 00000086011 00000066007 00147914947
00000014560 00000086011 00000066007 00147914947
00000014560 00000086011 00000066007 00147914947
00000014560 00000086011 00000066007 00147914947
00000014560 00000086011 00000066007 00147914947
00000014560 00000086011 00000066007 00147914947
00000015561 00000086011 00000066007 00147914947
00000015561 00000086011 00000066007 00147914947
00000015561 00000086011 00000066007 00147914947
00000015561 00000086011 00000066007 00147914947
00000015561 00000086011 00000066007 00147914947
00000006559 00000086011 00000025986 00147914947
00000006559 00000086011 00000025986 00147914947
00000006559 00000086011 00000025986 00147914947
00000006559 00000086011 00000025986 00147914947
00000006559 00000086011 00000025986 00147914947
00000007559 00000086011 00000025986 00147914947
00000007559 00000086011 00000025986 00147914947
00000007559 00000086011 00000025986 00147914947
00000007559 00000086011 00000025986 00147914947
00000007559 00000086011 00000025986 00147914947
00000008559 00000086011 00000025986 00147914947
00000008559 00000086011 00000025986 00147914947
00000008559 00000086011 00000025986 00147914947
00000008559 00000086011 00000025986 00147914947
00000008559 00000086011 00000025986 00147914947
00000009560 00000086011 00000025986 00147914947
00000009560 00000086011 00000025986 00147914947
00000009560 00000086011 00000025986 00147914947
00000009560 00000086011 00000025986 00147914947
00000009560 00000086011 00000025986 00147914947
00000010560 00000086011 00000025986 00147914947
00000010560 00000086011 00000025986 00147914947
00000010560 00000086011 00000025986 00147914947
00000010560 00000086011 00000025986 00147914947
00000010560 00000086011 00000025986 00147914947
00000012456 00000096920 00000036895 00158824297
00000012456 00000096920 00000036895 00158824297
00000012456 00000096920 00000036895 00158824297
00000012456 00000096920 00000036895 00158824297
00000012456 00000096920 00000036895 00158824297
00000013456 00000096920 00000036895 00158824297
00000013456 00000096920 00000036895 00158824297
00000013456 00000096920 00000036895 00158824297
00000013456 00000096920 00000036895 00158824297
00000013456 00000096920 00000036895 00158824297
00000014456 00000096920 00000036895 00158824297
00000014456 00000096920 00000036895 00158824297
00000014456 00000096920 00000036895 00158824297
00000014456 00000096920 00000036895 00158824297
00000014456 00000096920 00000036895 00158824297
00000015456 00000096920 00000036895 00158824297
00000015456 00000096920 00000036895 00158824297
00000015456 00000096920 00000036895 00158824297
00000015456 00000096920 00000036895 00158824297
00000015456 00000096920 00000036895 00158824297
00000011456 00000096920 00000036895 00158824297
00000011456 00000096920 00000036895 00158824297
00000011456 00000096920 00000036895 00158824297
00000011456 00000096920 00000036895 00158824297
00000011456 00000096920 00000036895 00158824297
00000006455 00000096920 00000021888 00158824297
00000006455 00000096920 00000021888 00158824297
00000006455 00000096920 00000021888 00158824297
00000006455 00000096920 00000021888 00158824297
00000006455 00000096920 00000021888 00158824297
00000007455 00000096920 00000021888 00158824297
00000007455 00000096920 00000021888 00158824297
00000007455 00000096920 00000021888 00158824297
00000007455 00000096920 00000021888 00158824297
00000007455 00000096920 00000021888 00158824297
00000008455 00000096920 00000021888 00158824297
00000008455 00000096920 00000021888 00158824297
00000008455 00000096920 00000021888 00158824297
00000008455 00000096920 00000021888 00158824297
00000008455 00000096920 00000021888 00158824297
00000009455 00000096920 00000021888 00158824297
00000009455 00000096920 00000021888 00158824297
00000009455 00000096920 00000021888 00158824297
00000009455 00000096920 00000021888 00158824297
00000009455 00000096920 00000021888 00158824297
00000010455 00000096920 00000021888 00158824297
00000010455 00000096920 00000021888 00158824297
00000010455 00000096920 00000021888 00158824297
00000010455 00000096920 00000021888 00158824297
00000010455 00000096920 00000021888 00158824297
00000010988 00000107455 00000032423 00169359227
00000010988 00000107455 00000032423 00169359227
00000010988 00000107455 00000032423 00169359227
00000010988 00000107455 00000032423 00169359227
00000010988 00000107455 00000032423 00169359227
00000011989 00000107455 00000032423 00169359227
00000011989 00000107455 00000032423 00169359227
00000011989 00000107455 00000032423 00169359227
00000011989 00000107455 00000032423 00169359227
00000011989 00000107455 00000032423 00169359227
00000012989 00000107455 00000032423 00169359227
00000012989 00000107455 00000032423 00169359227
00000012989 00000107455 00000032423 00169359227
00000012989 00000107455 00000032423 00169359227
00000012989 00000107455 00000032423 00169359227
00000013989 00000107455 00000032423 00169359227
00000013989 00000107455 00000032423 00169359227
00000013989 00000107455 00000032423 00169359227
00000013989 00000107455 00000032423 00169359227
00000013989 00000107455 00000032423 00169359227
00000014989 00000107455 00000032423 00169359227
00000014989 00000107455 00000032423 00169359227
00000014989 00000107455 00000032423 00169359227
00000014989 00000107455 00000032423 00169359227
00000014989 00000107455 00000032423 00169359227
00000015989 00000107455 00000032423 00169359227
00000015989 00000107455 00000032423 00169359227
00000015989 00000107455 00000032423 00169359227
00000015989 00000107455 00000032423 00169359227
00000015989 00000107455 00000032423 00169359227
00000005988 00000107455 00000032423 00169359227
00000005988 00000107455 00000032423 00169359227
00000005988 00000107455 00000032423 00169359227
00000005988 00000107455 00000032423 00169359227
00000005988 00000107455 00000032423 00169359227
00000006988 00000107455 00000032423 00169359227
00000006988 00000107455 00000032423 00169359227
00000006988 00000107455 00000032423 00169359227
00000006988 00000107455 00000032423 00169359227
00000006988 00000107455 00000032423 00169359227
00000007988 00000107455 00000032423 00169359227
00000007988 00000107455 00000032423 00169359227
00000007988 00000107455 00000032423 00169359227
00000007988 00000107455 00000032423 00169359227
00000007988 00000107455 00000032423 00169359227
00000008988 00000107455 00000032423 00169359227
00000008988 00000107455 00000032423 00169359227
00000008988 00000107455 00000032423 00169359227
00000008988 00000107455 00000032423 00169359227
00000008988 00000107455 00000032423 00169359227
00000009988 00000107455 00000032423 00169359227
00000009988 00000107455 00000032423 00169359227
00000009988 00000107455 00000032423 00169359227
00000009988 00000107455 00000032423 00169359227
00000009988 00000107455 00000032423 00169359227
00000011523 00000117991 00000042959 00179894506
00000011523 00000117991 00000042959 00179894506
00000011523 00000117991 00000042959 00179894506
00000011523 00000117991 00000042959 00179894506
00000011523 00000117991 00000042959 00179894506
00000012523 00000117991 00000042959 00179894506
00000012523 00000117991 00000042959 00179894506
00000012523 00000117991 00000042959 00179894506
00000012523 00000117991 00000042959 00179894506
00000012523 00000117991 00000042959 00179894506
00000013523 00000117991 00000042959 00179894506
00000013523 00000117991 00000042959 00179894506
00000013523 00000117991 00000042959 00179894506
00000013523 00000117991 00000042959 00179894506
00000013523 00000117991 00000042959 00179894506
00000014523 00000117991 00000042959 00179894506
00000014523 00000117991 00000042959 00179894506
00000014523 00000117991 00000042959 00179894506
00000014523 00000117991 00000042959 00179894506
00000014523 00000117991 00000042959 00179894506
00000015523 00000117991 00000042959 00179894506
00000015523 00000117991 00000042959 00179894506
00000015523 00000117991 00000042959 00179894506
00000015523 00000117991 00000042959 00179894506
00000015523 00000117991 00000042959 00179894506
00000006522 00000117991 00000042959 00179894506
00000006522 00000117991 00000042959 00179894506
00000006522 00000117991 00000042959 00179894506
00000006522 00000117991 00000042959 00179894506
00000006522 00000117991 00000042959 00179894506
00000007522 00000117991 00000042959 00179894506
00000007522 00000117991 00000042959 00179894506
00000007522 00000117991 00000042959 00179894506
00000007522 00000117991 00000042959 00179894506
00000007522 00000117991 00000042959 00179894506
00000008522 00000117991 00000042959 00179894506
00000008522 00000117991 00000042959 00179894506
00000008522 00000117991 00000042959 00179894506
00000008522 00000117991 00000042959 00179894506
00000008522 00000117991 00000042959 00179894506
00000009522 00000117991 00000042959 00179894506
00000009522 00000117991 00000042959 00179894506
00000009522 00000117991 00000042959 00179894506
00000009522 00000117991 00000042959 00179894506
00000009522 00000117991 00000042959 00179894506
00000010523 00000117991 00000042959 00179894506
00000010523 00000117991 00000042959 00179894506
00000010523 00000117991 00000042959 00179894506
00000010523 00000117991 00000042959 00179894506
00000010523 00000117991 00000042959 00179894506
00000010989 00000128460 00000053428 00190363500
00000010989 00000128460 00000053428 00190363500
00000010989 00000128460 00000053428 00190363500
00000010989 00000128460 00000053428 00190363500
00000010989 00000128460 00000053428 00190363500
00000011990 00000128460 00000053428 00190363500
00000011990 00000128460 00000053428 00190363500
00000011990 00000128460 00000053428 00190363500
00000011990 00000128460 00000053428 00190363500
00000011990 00000128460 00000053428 00190363500
00000012990 00000128460 00000053428 00190363500
00000012990 00000128460 00000053428 00190363500
00000012990 00000128460 00000053428 00190363500
00000012990 00000128460 00000053428 00190363500
00000012990 00000128460 00000053428 00190363500
00000013990 00000128460 00000053428 00190363500
00000013990 00000128460 00000053428 00190363500
00000013990 00000128460 00000053428 00190363500
00000013990 00000128460 00000053428 00190363500
00000013990 00000128460 00000053428 00190363500
00000014990 00000128460 00000053428 00190363500
00000014990 00000128460 00000053428 00190363500
00000014990 00000128460 00000053428 00190363500
00000014990 00000128460 00000053428 00190363500
00000014990 00000128460 00000053428 00190363500
00000015990 00000128460 00000053428 00190363500
00000015990 00000128460 00000053428 00190363500
00000015990 00000128460 00000053428 00190363500
00000015990 00000128460 00000053428 00190363500
00000015990 00000128460 00000053428 00190363500
00000005989 00000128460 00000053428 00190363500
00000005989 00000128460 00000053428 00190363500
00000005989 00000128460 00000053428 00190363500
00000005989 00000128460 00000053428 00190363500
00000005989 00000128460 00000053428 00190363500
00000006989 00000128460 00000053428 00190363500
00000006989 00000128460 00000053428 00190363500
00000006989 00000128460 00000053428 00190363500
00000006989 00000128460 00000053428 00190363500
00000006989 00000128460 00000053428 00190363500
00000007989 00000128460 00000053428 00190363500
00000007989 00000128460 00000053428 00190363500
00000007989 00000128460 00000053428 00190363500
00000007989 00000128460 00000053428 00190363500
00000007989 00000128460 00000053428 00190363500
00000008989 00000128460 00000053428 00190363500
00000008989 00000128460 00000053428 00190363500
00000008989 00000128460 00000053428 00190363500
00000008989 00000128460 00000053428 00190363500
00000008989 00000128460 00000053428 00190363500
00000009989 00000128460 00000053428 00190363500
00000009989 00000128460 00000053428 00190363500
00000009989 00000128460 00000053428 00190363500
00000009989 00000128460 00000053428 00190363500
00000009989 00000128460 00000053428 00190363500
