S[0, 0] 13708.157 16587427
C[[0, 0], 0] 13719.93 16599202
S[0, 14] 6765.242 23658398
S[0, 1] 19769.375 23658398
S[0, 2] 18769.166 23658398
S[0, 3] 17768.954 23658398
S[0, 4] 16767.159 23658398
S[0, 5] 15766.977 23658398
S[0, 6] 14766.806 23658398
S[0, 7] 13766.568 23658398
S[0, 8] 12766.373 23658398
S[0, 9] 11766.172 23658398
S[0, 10] 10765.973 23658398
S[0, 11] 9765.792 23658398
S[0, 12] 8765.623 23658398
S[0, 13] 7765.44 23658398
S[0, 15] 5765.041 23658398
S[0, 16] 4764.29 23658398
C[[0, 0], 14] 6765.818 23658975
C[[0, 0], 1] 19769.951 23658975
C[[0, 0], 2] 18769.742 23658975
C[[0, 0], 3] 17769.53 23658975
C[[0, 0], 4] 16767.735 23658975
C[[0, 0], 5] 15767.553 23658975
C[[0, 0], 6] 14767.382 23658975
C[[0, 0], 7] 13767.144 23658975
C[[0, 0], 8] 12766.949 23658975
C[[0, 0], 9] 11766.748 23658975
C[[0, 0], 10] 10766.549 23658975
C[[0, 0], 11] 9766.368 23658975
C[[0, 0], 12] 8766.199 23658975
C[[0, 0], 13] 7766.016 23658975
C[[0, 0], 15] 5765.617 23658975
C[[0, 0], 16] 4764.866 23658975
S[0, 25] 4631.521 32527417
S[0, 24] 5631.709 32527417
S[0, 23] 6631.892 32527417
S[0, 22] 7632.077 32527417
S[0, 21] 8632.268 32527417
S[0, 17] 12633.107 32527417
S[0, 18] 11632.832 32527417
S[0, 19] 10632.633 32527417
S[0, 20] 9632.467 32527417
C[[0, 0], 25] 4631.992 32527888
C[[0, 0], 24] 5632.18 32527888
C[[0, 0], 23] 6632.363 32527888
C[[0, 0], 22] 7632.548 32527888
C[[0, 0], 21] 8632.739 32527888
C[[0, 0], 17] 12633.578 32527888
C[[0, 0], 18] 11633.303 32527888
C[[0, 0], 19] 10633.104 32527888
C[[0, 0], 20] 9632.938 32527888
S[0, 29] 9912.592 41809261
S[0, 28] 10912.758 41809261
S[0, 27] 11912.958 41809261
S[0, 26] 12913.171 41809261
S[0, 34] 4911.677 41809261
S[0, 33] 5911.855 41809261
S[0, 32] 6912.038 41809261
S[0, 31] 7912.234 41809261
S[0, 30] 8912.41 41809261
C[[0, 0], 29] 9912.934 41809603
C[[0, 0], 28] 10913.1 41809603
C[[0, 0], 27] 11913.3 41809603
C[[0, 0], 26] 12913.513 41809603
C[[0, 0], 34] 4912.019 41809603
C[[0, 0], 33] 5912.197 41809603
C[[0, 0], 32] 6912.38 41809603
C[[0, 0], 31] 7912.576 41809603
C[[0, 0], 30] 8912.752 41809603
CS[0, 0] 49500.269 9479.456 52378144
S[0, 38] 11480.93 52379289
S[0, 37] 12481.108 52379289
S[0, 36] 13481.313 52379289
S[0, 35] 14481.52 52379289
S[0, 43] 6478.97 52379289
S[0, 42] 7479.176 52379289
S[0, 41] 8479.381 52379289
S[0, 40] 9480.595 52379289
S[0, 39] 10480.773 52379289
C[[0, 0], 38] 11481.18 52379539
C[[0, 0], 37] 12481.358 52379539
C[[0, 0], 36] 13481.563 52379539
C[[0, 0], 35] 14481.77 52379539
C[[0, 1], 3] 6479.22 52379539
C[[0, 1], 2] 7479.426 52379539
C[[0, 1], 1] 8479.631 52379539
C[[0, 1], 0] 9480.845 52379539
C[[0, 0], 39] 10481.023 52379539
S[0, 49] 10632.836 62534291
S[0, 48] 11633.014 62534291
S[0, 47] 12633.197 62534291
S[0, 46] 13633.369 62534291
S[0, 45] 14633.579 62534291
S[0, 44] 15633.779 62534291
S[0, 54] 5631.919 62534291
S[0, 53] 6632.117 62534291
S[0, 52] 7632.297 62534291
S[0, 51] 8632.472 62534291
S[0, 50] 9632.663 62534291
C[[0, 1], 9] 10633.315 62534769
C[[0, 1], 8] 11633.493 62534769
C[[0, 1], 7] 12633.676 62534769
C[[0, 1], 6] 13633.848 62534769
C[[0, 1], 5] 14634.058 62534769
C[[0, 1], 4] 15634.258 62534769
C[[0, 1], 14] 5632.398 62534769
C[[0, 1], 13] 6632.596 62534769
C[[0, 1], 12] 7632.776 62534769
C[[0, 1], 11] 8632.951 62534769
C[[0, 1], 10] 9633.142 62534769
S[0, 59] 11409.599 73312942
S[0, 58] 12409.772 73312942
S[0, 57] 13409.988 73312942
S[0, 56] 14410.18 73312942
S[0, 55] 15410.389 73312942
S[1, 4] 6407.669 73312942
S[1, 3] 7407.86 73312942
S[1, 2] 8408.049 73312942
S[1, 1] 9408.274 73312942
S[1, 0] 10409.439 73312942
SS0 70442.643 10415.864 73319364
C[[0, 1], 19] 11425.701 73329045
C[[0, 1], 18] 12425.874 73329045
C[[0, 1], 17] 13426.09 73329045
C[[0, 1], 16] 14426.282 73329045
C[[0, 1], 15] 15426.491 73329045
C[[0, 1], 24] 6423.771 73329045
C[[0, 1], 23] 7423.962 73329045
C[[0, 1], 22] 8424.151 73329045
C[[0, 1], 21] 9424.376 73329045
C[[0, 1], 20] 10425.541 73329045
C[[0, 1], 30] 11240.872 84147295
C[[0, 1], 29] 12241.043 84147295
C[[0, 1], 28] 13241.221 84147295
C[[0, 1], 27] 14241.419 84147295
C[[0, 1], 26] 15241.62 84147295
C[[0, 1], 25] 16241.841 84147295
C[[0, 1], 35] 6239.92 84147295
C[[0, 1], 34] 7240.099 84147295
C[[0, 1], 33] 8240.321 84147295
C[[0, 1], 32] 9240.495 84147295
C[[0, 1], 31] 10240.658 84147295
S[1, 10] 11241.073 84147497
S[1, 9] 12241.244 84147497
S[1, 8] 13241.422 84147497
S[1, 7] 14241.62 84147497
S[1, 6] 15241.821 84147497
S[1, 5] 16242.042 84147497
S[1, 15] 6240.121 84147497
S[1, 14] 7240.3 84147497
S[1, 13] 8240.522 84147497
S[1, 12] 9240.696 84147497
S[1, 11] 10240.859 84147497
CS[0, 1] 51790.933 11781.338 94689627
S[1, 21] 10781.705 94690181
S[1, 20] 11781.892 94690181
S[1, 19] 12782.065 94690181
S[1, 18] 13782.238 94690181
S[1, 17] 14782.419 94690181
S[1, 16] 15782.631 94690181
S[1, 26] 5780.82 94690181
S[1, 25] 6780.994 94690181
S[1, 24] 7781.177 94690181
S[1, 23] 8781.352 94690181
S[1, 22] 9781.538 94690181
C[[0, 2], 1] 10782.107 94690583
C[[0, 2], 0] 11782.294 94690583
C[[0, 1], 39] 12782.467 94690583
C[[0, 1], 38] 13782.64 94690583
C[[0, 1], 37] 14782.821 94690583
C[[0, 1], 36] 15783.033 94690583
C[[0, 2], 6] 5781.222 94690583
C[[0, 2], 5] 6781.396 94690583
C[[0, 2], 4] 7781.579 94690583
C[[0, 2], 3] 8781.754 94690583
C[[0, 2], 2] 9781.94 94690583
S[1, 31] 11511.64 105421921
S[1, 30] 12511.808 105421921
S[1, 29] 13511.978 105421921
S[1, 28] 14512.164 105421921
S[1, 27] 15512.362 105421921
S[1, 36] 6510.66 105421921
S[1, 35] 7510.897 105421921
S[1, 34] 8511.083 105421921
S[1, 33] 9511.281 105421921
S[1, 32] 10511.457 105421921
C[[0, 2], 11] 11511.924 105422206
C[[0, 2], 10] 12512.092 105422206
C[[0, 2], 9] 13512.262 105422206
C[[0, 2], 8] 14512.448 105422206
C[[0, 2], 7] 15512.646 105422206
C[[0, 2], 16] 6510.944 105422206
C[[0, 2], 15] 7511.181 105422206
C[[0, 2], 14] 8511.367 105422206
C[[0, 2], 13] 9511.565 105422206
C[[0, 2], 12] 10511.741 105422206
S[1, 42] 11571.068 116497010
S[1, 41] 12571.238 116497010
S[1, 40] 13571.42 116497010
S[1, 39] 14571.599 116497010
S[1, 38] 15571.807 116497010
S[1, 37] 16573.418 116497010
S[1, 47] 6570.186 116497010
S[1, 46] 7570.369 116497010
S[1, 45] 8570.539 116497010
S[1, 44] 9570.713 116497010
S[1, 43] 10570.899 116497010
C[[0, 2], 22] 11571.261 116497204
C[[0, 2], 21] 12571.431 116497204
C[[0, 2], 20] 13571.613 116497204
C[[0, 2], 19] 14571.792 116497204
C[[0, 2], 18] 15572 116497204
C[[0, 2], 17] 16573.611 116497204
C[[0, 2], 27] 6570.379 116497204
C[[0, 2], 26] 7570.562 116497204
C[[0, 2], 25] 8570.732 116497204
C[[0, 2], 24] 9570.906 116497204
C[[0, 2], 23] 10571.092 116497204
S[1, 53] 10989.838 126917862
S[1, 52] 11990.004 126917862
S[1, 51] 12990.191 126917862
S[1, 50] 13990.361 126917862
S[1, 49] 14990.536 126917862
S[1, 48] 15990.845 126917862
S[1, 58] 5988.883 126917862
S[1, 57] 6989.059 126917862
S[1, 56] 7989.249 126917862
S[1, 55] 8989.43 126917862
S[1, 54] 9989.637 126917862
C[[0, 2], 33] 10990.134 126918158
C[[0, 2], 32] 11990.3 126918158
C[[0, 2], 31] 12990.487 126918158
C[[0, 2], 30] 13990.657 126918158
C[[0, 2], 29] 14990.832 126918158
C[[0, 2], 28] 15991.141 126918158
C[[0, 2], 38] 5989.179 126918158
C[[0, 2], 37] 6989.355 126918158
C[[0, 2], 36] 7989.545 126918158
C[[0, 2], 35] 8989.726 126918158
C[[0, 2], 34] 9989.933 126918158
CS[0, 2] 54446.437 14425.356 137354726
S[2, 3] 11424.947 137354872
S[2, 2] 12425.121 137354872
S[2, 1] 13425.296 137354872
S[2, 0] 14425.502 137354872
S[1, 59] 15425.72 137354872
S[2, 8] 6424.112 137354872
S[2, 7] 7424.289 137354872
S[2, 6] 8424.48 137354872
S[2, 5] 9424.656 137354872
S[2, 4] 10424.802 137354872
C[[0, 3], 3] 11425.283 137355208
C[[0, 3], 2] 12425.457 137355208
C[[0, 3], 1] 13425.632 137355208
C[[0, 3], 0] 14425.838 137355208
C[[0, 2], 39] 15426.056 137355208
C[[0, 3], 8] 6424.448 137355208
C[[0, 3], 7] 7424.625 137355208
C[[0, 3], 6] 8424.816 137355208
C[[0, 3], 5] 9424.992 137355208
C[[0, 3], 4] 10425.138 137355208
SS1 74452.005 14426.138 137355508
CS[0, 3] 24986.712 9979.749 147916082
S[2, 14] 10980.069 147916212
S[2, 13] 11980.238 147916212
S[2, 12] 12980.406 147916212
S[2, 11] 13980.584 147916212
S[2, 10] 14980.799 147916212
S[2, 9] 15981.606 147916212
S[2, 19] 5979.115 147916212
S[2, 18] 6979.305 147916212
S[2, 17] 7979.481 147916212
S[2, 16] 8979.659 147916212
S[2, 15] 9979.879 147916212
C[[0, 3], 14] 10980.354 147916497
C[[0, 3], 13] 11980.523 147916497
C[[0, 3], 12] 12980.691 147916497
C[[0, 3], 11] 13980.869 147916497
C[[0, 3], 10] 14981.084 147916497
C[[0, 3], 9] 15981.891 147916497
C[[1, 0], 4] 5979.4 147916497
C[[1, 0], 3] 6979.59 147916497
C[[1, 0], 2] 7979.766 147916497
C[[1, 0], 1] 8979.944 147916497
C[[1, 0], 0] 9980.164 147916497
S[2, 24] 11887.792 158825794
S[2, 23] 12887.966 158825794
S[2, 22] 13888.132 158825794
S[2, 21] 14888.315 158825794
S[2, 20] 15888.505 158825794
S[2, 29] 6886.932 158825794
S[2, 28] 7887.112 158825794
S[2, 27] 8887.292 158825794
S[2, 26] 9887.482 158825794
S[2, 25] 10887.637 158825794
C[[1, 0], 9] 11888.068 158826071
C[[1, 0], 8] 12888.242 158826071
C[[1, 0], 7] 13888.408 158826071
C[[1, 0], 6] 14888.591 158826071
C[[1, 0], 5] 15888.781 158826071
C[[1, 0], 14] 6887.208 158826071
C[[1, 0], 13] 7887.388 158826071
C[[1, 0], 12] 8887.568 158826071
C[[1, 0], 11] 9887.758 158826071
C[[1, 0], 10] 10887.913 158826071
S[2, 35] 11420.106 169360140
S[2, 34] 12420.277 169360140
S[2, 33] 13420.445 169360140
S[2, 32] 14420.617 169360140
S[2, 31] 15420.821 169360140
S[2, 30] 16421.074 169360140
S[2, 40] 6419.214 169360140
S[2, 39] 7419.397 169360140
S[2, 38] 8419.572 169360140
S[2, 37] 9419.758 169360140
S[2, 36] 10419.944 169360140
C[[1, 0], 20] 11420.304 169360339
C[[1, 0], 19] 12420.475 169360339
C[[1, 0], 18] 13420.643 169360339
C[[1, 0], 17] 14420.815 169360339
C[[1, 0], 16] 15421.019 169360339
C[[1, 0], 15] 16421.272 169360339
C[[1, 0], 25] 6419.412 169360339
C[[1, 0], 24] 7419.595 169360339
C[[1, 0], 23] 8419.77 169360339
C[[1, 0], 22] 9419.956 169360339
C[[1, 0], 21] 10420.142 169360339
S[2, 46] 10953.778 179895784
S[2, 45] 11953.951 179895784
S[2, 44] 12954.12 179895784
S[2, 43] 13954.284 179895784
S[2, 42] 14954.487 179895784
S[2, 41] 15954.687 179895784
S[2, 51] 5952.87 179895784
S[2, 50] 6953.057 179895784
S[2, 49] 7953.244 179895784
S[2, 48] 8953.425 179895784
S[2, 47] 9953.611 179895784
C[[1, 0], 31] 10954.021 179896027
C[[1, 0], 30] 11954.194 179896027
C[[1, 0], 29] 12954.363 179896027
C[[1, 0], 28] 13954.527 179896027
C[[1, 0], 27] 14954.73 179896027
C[[1, 0], 26] 15954.93 179896027
C[[1, 0], 36] 5953.113 179896027
C[[1, 0], 35] 6953.3 179896027
C[[1, 0], 34] 7953.487 179896027
C[[1, 0], 33] 8953.668 179896027
C[[1, 0], 32] 9953.854 179896027
