Logging initialized to console
Connected components on a random graph (100000000 nodes, 75000000 edges)
Registering 0
Registering 1
Registering 2
Registering 5
Registering 6
Registering 8
Registering 9
Registering 11
Registering 13
Registering 14
Registering 16
Registering 18
Registering 20
Registering 23
Registering 25
Registering 26
Registering 28
Registering 30
Registering 33
Registering 35
Registering 38
Registering 40
Registering 43
Registering 45
Registering 48
Registering 51
Registering 53
Registering 55
Registering 57
Aggregator[0]
<<
>>
Centralizer[1]
<<
>>
Consumer[2]
<<
>>
__Input0[5]
<<
>> CheckpointUpdateAggregator[6]
CheckpointUpdateAggregator[6]
<< __Input0[5]
>>
__Input1[8]
<<
>> PartitionBy[9]
PartitionBy[9]
<< __Input1[8]
>> Subscribe[11]
Subscribe[11]
<< PartitionBy[9]
>>
__Input2[13]
<<
>> Select[14] Select[18] Concat[20]
Select[14]
<< __Input2[13]
>> Consolidate[16]
Consolidate[16]
<< Select[14]
>> Where[23] FixedPoint.Ingress[38]
Select[18]
<< __Input2[13]
>> Concat[20]
Concat[20]
<< __Input2[13] Select[18]
>> FixedPoint.Ingress[33]
Where[23]
<< Consolidate[16]
>> FixedPoint.Ingress[26]
Iterate.Advance[25]
<< Consolidate[48]
>> Concat[30]
FixedPoint.Ingress[26]
<< Where[23]
>> PartitionBy[28]
PartitionBy[28]
<< FixedPoint.Ingress[26]
>> Concat[30] Except[45]
Concat[30]
<< Iterate.Advance[25] PartitionBy[28]
>> Join[35]
FixedPoint.Ingress[33]
<< Concat[20]
>> Join[35]
Join[35]
<< Concat[30] FixedPoint.Ingress[33]
>> Concat[40]
FixedPoint.Ingress[38]
<< Consolidate[16]
>> Concat[40]
Concat[40]
<< Join[35] FixedPoint.Ingress[38]
>> Min[43]
Min[43]
<< Concat[40]
>> Except[45] FixedPoint.Egress[51]
Except[45]
<< PartitionBy[28] Min[43]
>> Consolidate[48]
Consolidate[48]
<< Except[45]
>> Iterate.Advance[25]
FixedPoint.Egress[51]
<< Min[43]
>> Count[53]
Count[53]
<< FixedPoint.Egress[51]
>> Consolidate[55]
Consolidate[55]
<< Count[53]
>> Subscribe[57]
Subscribe[57]
<< Consolidate[55]
>>
29 stages
Initialized 3888
419954 Caching output 0
428901 Caching output 1
438535 Caching output 2
449614 Caching output 3
461751 Caching output 4
473786 Caching output 5
486530 Caching output 6
499493 Caching output 7
510859 Caching output 8
522726 Caching output 9
533905 Caching output 10
546309 Caching output 11
558342 Caching output 12
571068 Caching output 13
583870 Caching output 14
596469 Caching output 15
611090 Caching output 16
626199 Caching output 17
640028 Caching output 18
655978 Caching output 19
670713 Caching output 20
687064 Caching output 21
703623 Caching output 22
720939 Caching output 23
739326 Caching output 24
756817 Caching output 25
773694 Caching output 26
790185 Caching output 27
807828 Caching output 28
827215 Caching output 29
845077 Caching output 30
865986 Caching output 31
885467 Caching output 32
904150 Caching output 33
925427 Caching output 34
945695 Caching output 35
966811 Caching output 36
987641 Caching output 37
1012764 Caching output 38
1035497 Caching output 39
1057416 Caching output 40
1079233 Caching output 41
1101981 Caching output 42
1125569 Caching output 43
1145778 Caching output 44
1167989 Caching output 45
1192061 Caching output 46
1217519 Caching output 47
1244633 Caching output 48
1275756 Caching output 49
1305141 Caching output 50