Logging initialized to console
Connected components on a random graph (100000000 nodes, 75000000 edges)
Aggregator[0]
<<
>>
Centralizer[1]
<<
>>
Consumer[2]
<<
>>
__Input0[5]
<<
>> Join[56] Join[76]
__Input1[6]
<<
>> Select[10] Join[39] Join[105]
__Input2[7]
<<
>> Join[67]
__Input3[8]
<<
>> Join[87]
__Input4[9]
<<
>> Join[26]
Select[10]
<< __Input1[6]
>> Combiner[12]
Combiner[12]
<< Select[10]
>> Combiner[14]
Combiner[14]
<< Combiner[12]
>> SelectMany[16]
SelectMany[16]
<< Combiner[14]
>> Where[18] Where[54] Where[74] Concat[126]
Where[18]
<< SelectMany[16]
>> Select[20]
Select[20]
<< Where[18]
>> Combiner[22]
Combiner[22]
<< Select[20]
>> Combiner[24]
Combiner[24]
<< Combiner[22]
>> Join[26]
Join[26]
<< __Input4[9] Combiner[24]
>> Where[29]
Where[29]
<< Join[26]
>> Select[31]
Select[31]
<< Where[29]
>> Select[33]
Select[33]
<< Select[31]
>> Combiner[35]
Combiner[35]
<< Select[33]
>> Combiner[37]
Combiner[37]
<< Combiner[35]
>> Join[39]
Join[39]
<< __Input1[6] Combiner[37]
>> Where[42]
Where[42]
<< Join[39]
>> Select[44]
Select[44]
<< Where[42]
>> Select[46]
Select[46]
<< Select[44]
>> Combiner[48]
Combiner[48]
<< Select[46]
>> Combiner[50]
Combiner[50]
<< Combiner[48]
>> SelectMany[52]
SelectMany[52]
<< Combiner[50]
>> Concat[123]
Where[54]
<< SelectMany[16]
>> Join[56]
Join[56]
<< __Input0[5] Where[54]
>> Select[59]
Select[59]
<< Join[56]
>> Combiner[61]
Combiner[61]
<< Select[59]
>> Combiner[63]
Combiner[63]
<< Combiner[61]
>> Select[65]
Select[65]
<< Combiner[63]
>> Join[67]
Join[67]
<< __Input2[7] Select[65]
>> Where[70]
Where[70]
<< Join[67]
>> Select[72]
Select[72]
<< Where[70]
>> Concat[94]
Where[74]
<< SelectMany[16]
>> Join[76]
Join[76]
<< __Input0[5] Where[74]
>> Select[79]
Select[79]
<< Join[76]
>> Combiner[81]
Combiner[81]
<< Select[79]
>> Combiner[83]
Combiner[83]
<< Combiner[81]
>> Select[85]
Select[85]
<< Combiner[83]
>> Join[87] Concat[120]
Join[87]
<< __Input3[8] Select[85]
>> Where[90]
Where[90]
<< Join[87]
>> Select[92]
Select[92]
<< Where[90]
>> Concat[94]
Concat[94]
<< Select[72] Select[92]
>> Select[97]
Select[97]
<< Concat[94]
>> Combiner[99]
Combiner[99]
<< Select[97]
>> Combiner[101]
Combiner[101]
<< Combiner[99]
>> Select[103]
Select[103]
<< Combiner[101]
>> Join[105]
Join[105]
<< __Input1[6] Select[103]
>> Where[108]
Where[108]
<< Join[105]
>> Select[110]
Select[110]
<< Where[108]
>> Combiner[112]
Combiner[112]
<< Select[110]
>> Combiner[114]
Combiner[114]
<< Combiner[112]
>> Select[116]
Select[116]
<< Combiner[114]
>> SelectMany[118]
SelectMany[118]
<< Select[116]
>> Concat[120]
Concat[120]
<< Select[85] SelectMany[118]
>> Concat[123]
Concat[123]
<< SelectMany[52] Concat[120]
>> Concat[126]
Concat[126]
<< SelectMany[16] Concat[123]
>> Select[129]
Select[129]
<< Concat[126]
>> Combiner[131]
Combiner[131]
<< Select[129]
>> Combiner[133]
Combiner[133]
<< Combiner[131]
>> Select[135]
Select[135]
<< Combiner[133]
>> Subscribe[137]
Subscribe[137]
<< Select[135]
>>
67 stages
Aggregator[0]
<<
>>
Centralizer[1]
<<
>>
Consumer[2]
<<
>>
__Input0[5]
<<
>> CheckpointUpdateAggregator[6]
CheckpointUpdateAggregator[6]
<< __Input0[5]
>>
__Input1[8]
<<
>> PartitionBy[9]
PartitionBy[9]
<< __Input1[8]
>> Subscribe[11]
Subscribe[11]
<< PartitionBy[9]
>>
__Input2[13]
<<
>> Select[14] Select[18] Concat[20]
Select[14]
<< __Input2[13]
>> Consolidate[16]
Consolidate[16]
<< Select[14]
>> Where[23] FixedPoint.Ingress[38]
Select[18]
<< __Input2[13]
>> Concat[20]
Concat[20]
<< __Input2[13] Select[18]
>> FixedPoint.Ingress[33]
Where[23]
<< Consolidate[16]
>> FixedPoint.Ingress[26]
Iterate.Advance[25]
<< Consolidate[48]
>> Concat[30]
FixedPoint.Ingress[26]
<< Where[23]
>> PartitionBy[28]
PartitionBy[28]
<< FixedPoint.Ingress[26]
>> Concat[30] Except[45]
Concat[30]
<< Iterate.Advance[25] PartitionBy[28]
>> Join[35]
FixedPoint.Ingress[33]
<< Concat[20]
>> Join[35]
Join[35]
<< Concat[30] FixedPoint.Ingress[33]
>> Concat[40]
FixedPoint.Ingress[38]
<< Consolidate[16]
>> Concat[40]
Concat[40]
<< Join[35] FixedPoint.Ingress[38]
>> Min[43]
Min[43]
<< Concat[40]
>> Except[45] FixedPoint.Egress[51]
Except[45]
<< PartitionBy[28] Min[43]
>> Consolidate[48]
Consolidate[48]
<< Except[45]
>> Iterate.Advance[25]
FixedPoint.Egress[51]
<< Min[43]
>> Count[53]
Count[53]
<< FixedPoint.Egress[51]
>> Consolidate[55]
Consolidate[55]
<< Count[53]
>> Subscribe[57]
Subscribe[57]
<< Consolidate[55]
>>
29 stages
Initialized 3327
CompactInternTable
CompactInternTable
CompactInternTable
514310 Caching output 0
515637 Caching output remove 0
Time to process: 00:08:36.3917769
[ 2, +3730308 ]
[ 3, +1247732 ]
[ 4, +555739 ]
[ 5, +291385 ]
[ 6, +168355 ]
[ 7, +104686 ]
[ 8, +67650 ]
[ 9, +46161 ]
[ 10, +32520 ]
[ 11, +23107 ]
[ 12, +16862 ]
[ 13, +12741 ]
[ 14, +9629 ]
[ 15, +7383 ]
[ 16, +5674 ]
[ 17, +4435 ]
[ 18, +3549 ]
[ 19, +2805 ]
[ 20, +2263 ]
[ 21, +1846 ]
[ 22, +1463 ]
[ 23, +1228 ]
[ 24, +966 ]
[ 25, +717 ]
[ 26, +600 ]
[ 27, +536 ]
[ 28, +441 ]
[ 29, +367 ]
[ 30, +368 ]
[ 31, +291 ]
[ 32, +213 ]
[ 33, +197 ]
[ 34, +149 ]
[ 35, +141 ]
[ 36, +109 ]
[ 37, +110 ]
[ 38, +80 ]
[ 39, +70 ]
[ 40, +52 ]
[ 41, +47 ]
[ 42, +48 ]
[ 43, +35 ]
[ 44, +34 ]
[ 45, +31 ]
[ 46, +25 ]
[ 47, +22 ]
[ 48, +17 ]
[ 49, +12 ]
[ 50, +18 ]
[ 51, +20 ]
[ 52, +8 ]
[ 53, +9 ]
[ 54, +6 ]
[ 55, +10 ]
[ 56, +3 ]
[ 57, +7 ]
[ 58, +2 ]
[ 59, +3 ]
[ 60, +4 ]
[ 61, +2 ]
[ 62, +2 ]
[ 63, +3 ]
[ 64, +1 ]
[ 65, +3 ]
[ 66, +1 ]
[ 67, +2 ]
[ 68, +1 ]
[ 69, +1 ]
[ 70, +1 ]
[ 72, +2 ]
[ 73, +1 ]
[ 80, +1 ]
[ 81, +3 ]
[ 58291618, +1 ]
NextCheckpointIsIncremental: 787 0 5076524 0.000155027337603447
MustStartFullCheckpoint False
516275 Caching output 1
NextCheckpointIsIncremental: 16405 0 77528452 0.000211599736313579
MustStartFullCheckpoint False
NextCheckpointIsIncremental: 39898 0 101507384 0.000393055149564292
MustStartFullCheckpoint False
518555 Caching output remove 1
Time to process: 00:08:39.3068176
[ 2, -22 ]
[ 3, -16 ]
[ 4, -4 ]
[ 5, -6 ]
[ 6, +3 ]
[ 7, +6 ]
[ 8, +6 ]
[ 9, +5 ]
[ 10, -4 ]
[ 11, +2 ]
[ 12, +4 ]
[ 13, -4 ]
[ 14, -4 ]
[ 15, +3 ]
[ 16, -1 ]
[ 17, -1 ]
[ 18, +1 ]
[ 19, -2 ]
[ 20, +3 ]
[ 22, +1 ]
[ 23, +1 ]
[ 26, +1 ]
[ 27, +1 ]
[ 29, -1 ]
[ 31, -1 ]
[ 36, +1 ]
[ 41, -1 ]
[ 44, -1 ]
[ 48, +1 ]
[ 51, -1 ]
[ 58291618, -1 ]
[ 58291619, +1 ]
NextCheckpointIsIncremental: 773 787 5076524 0.00030729688267011
MustStartFullCheckpoint False
519156 Caching output 2
NextCheckpointIsIncremental: 19336 16405 77528452 0.000461004948222106
MustStartFullCheckpoint False
CompactInternTable
NextCheckpointIsIncremental: 47569 39898 101507384 0.000861681156121608
MustStartFullCheckpoint False
CompactInternTable
546604 Caching output remove 2
Time to process: 00:09:07.3556603
[ 2, +1 ]
[ 3, +23 ]
[ 4, -1 ]
[ 5, -10 ]
[ 6, -6 ]
[ 7, +11 ]
[ 8, +2 ]
[ 9, -6 ]
[ 10, +2 ]
[ 11, +2 ]
[ 12, +1 ]
[ 13, +1 ]
[ 15, -3 ]
[ 16, +1 ]
[ 17, -2 ]
[ 18, -2 ]
[ 19, +2 ]
[ 20, +1 ]
[ 21, +2 ]
[ 22, -2 ]
[ 23, -1 ]
[ 31, -1 ]
[ 58291618, +1 ]
[ 58291619, -1 ]
CompactInternTable
CompactInternTable
NextCheckpointIsIncremental: 793 1560 5076524 0.00046350613136075
MustStartFullCheckpoint False
575121 Caching output 3
NextCheckpointIsIncremental: 21638 35741 77528452 0.000740102485214073
MustStartFullCheckpoint False
NextCheckpointIsIncremental: 53997 87467 101507384 0.00139363260509206
MustStartFullCheckpoint False
577410 Caching output remove 3
Time to process: 00:09:38.1618652
[ 2, +22 ]
[ 3, -6 ]
[ 4, -7 ]
[ 5, +6 ]
[ 6, -4 ]
[ 7, +1 ]
[ 8, -2 ]
[ 10, +1 ]
[ 11, +5 ]
[ 12, +5 ]
[ 13, -2 ]
[ 14, -1 ]
[ 15, -2 ]
[ 16, +2 ]
[ 17, -2 ]
[ 18, -1 ]
[ 19, +1 ]
[ 20, -1 ]
[ 23, +1 ]
[ 24, +3 ]
[ 25, +2 ]
[ 26, +1 ]
[ 28, -1 ]
[ 29, -1 ]
[ 34, +2 ]
[ 35, -2 ]
[ 36, +1 ]
[ 58291476, +1 ]
[ 58291618, -1 ]
CompactInternTable
CompactInternTable
NextCheckpointIsIncremental: 740 2353 5076524 0.000609275165447854
MustStartFullCheckpoint False
606993 Caching output 4
NextCheckpointIsIncremental: 36636 57379 77528452 0.00121265158241519
MustStartFullCheckpoint False
NextCheckpointIsIncremental: 93433 141464 101507384 0.00231408781059711
MustStartFullCheckpoint False
609389 Caching output remove 4
Time to process: 00:10:10.1401704
[ 2, -36 ]
[ 3, +25 ]
[ 4, -2 ]
[ 5, -4 ]
[ 6, +9 ]
[ 7, +6 ]
[ 8, -4 ]
[ 9, +7 ]
[ 10, -6 ]
[ 11, -4 ]
[ 12, +7 ]
[ 13, -2 ]
[ 14, -3 ]
[ 15, -2 ]
[ 16, +2 ]
[ 17, -2 ]
[ 18, +1 ]
[ 20, -2 ]
[ 21, +1 ]
[ 22, +4 ]
[ 23, -1 ]
[ 24, -1 ]
[ 26, -1 ]
[ 29, -1 ]
[ 31, +1 ]
[ 33, -1 ]
[ 34, +1 ]
[ 36, +1 ]
[ 37, -1 ]
[ 38, -1 ]
[ 39, +1 ]
[ 54, +1 ]
[ 58291423, +1 ]
[ 58291476, -1 ]
NextCheckpointIsIncremental: 821 3093 5076524 0.000770999999212059
MustStartFullCheckpoint False
NextCheckpointIsIncremental: 31430 94015 77528452 0.00161805113818086
MustStartFullCheckpoint False
CompactInternTable
NextCheckpointIsIncremental: 78524 234897 101507384 0.00308766700164394
MustStartFullCheckpoint False
CompactInternTable
636570 Caching output 5
637854 Caching output remove 5
Time to process: 00:10:38.6058852
[ 2, -4 ]
[ 3, +22 ]
[ 4, +14 ]
[ 5, +5 ]
[ 6, +5 ]
[ 7, +6 ]
[ 8, +6 ]
[ 9, -1 ]
[ 10, -1 ]
[ 11, -2 ]
[ 12, -7 ]
[ 13, -3 ]
[ 14, -2 ]
[ 15, +1 ]
[ 16, +5 ]
[ 17, -4 ]
[ 18, +4 ]
[ 21, +1 ]
[ 22, -1 ]
[ 23, -2 ]
[ 24, -1 ]
[ 28, +1 ]
[ 30, -1 ]
[ 31, -2 ]
[ 58291423, -1 ]
[ 58291428, +1 ]
CompactInternTable
CompactInternTable
NextCheckpointIsIncremental: 787 3914 5076524 0.000926027336815506
MustStartFullCheckpoint False
666176 Caching output 6
NextCheckpointIsIncremental: 19418 125445 77528452 0.00186851402630869
MustStartFullCheckpoint False
NextCheckpointIsIncremental: 47939 313421 101507384 0.00355993806322504
MustStartFullCheckpoint False
668495 Caching output remove 6
Time to process: 00:11:09.2462544
[ 2, +17 ]
[ 3, +1 ]
[ 5, +20 ]
[ 6, -2 ]
[ 7, -6 ]
[ 8, -2 ]
[ 9, -6 ]
[ 11, +4 ]
[ 12, -6 ]
[ 13, +3 ]
[ 14, -2 ]
[ 15, +5 ]
[ 16, -1 ]
[ 17, -6 ]
[ 18, +2 ]
[ 19, +1 ]
[ 20, +1 ]
[ 21, -1 ]
[ 22, -2 ]
[ 26, -1 ]
[ 31, +1 ]
[ 39, -1 ]
[ 58291428, -1 ]
[ 58291530, +1 ]
CompactInternTable
CompactInternTable
NextCheckpointIsIncremental: 815 4701 5076524 0.00108657025949252
MustStartFullCheckpoint False
697922 Caching output 7
NextCheckpointIsIncremental: 31402 144863 77528452 0.00227355242434094
MustStartFullCheckpoint False
NextCheckpointIsIncremental: 80337 361360 101507384 0.00435137802388839
MustStartFullCheckpoint False
700338 Caching output remove 7
Time to process: 00:11:41.0894190
[ 2, +30 ]
[ 3, -12 ]
[ 4, -11 ]
[ 5, -6 ]
[ 6, -6 ]
[ 7, -1 ]
[ 8, -5 ]
[ 9, +11 ]
[ 10, +5 ]
[ 11, -3 ]
[ 12, -2 ]
[ 13, -5 ]
[ 14, -2 ]
[ 15, +5 ]
[ 16, +1 ]
[ 17, -1 ]
[ 18, +1 ]
[ 19, +1 ]
[ 20, +1 ]
[ 21, -1 ]
[ 22, -2 ]
[ 23, -4 ]
[ 27, +2 ]
[ 29, -1 ]
[ 37, -1 ]
[ 39, -1 ]
[ 41, +1 ]
[ 45, +1 ]
[ 57, -1 ]
[ 81, -1 ]
[ 58291530, -1 ]
[ 58291787, +1 ]
NextCheckpointIsIncremental: 717 5516 5076524 0.00122780863441205
MustStartFullCheckpoint False
700949 Caching output 8
NextCheckpointIsIncremental: 20041 176265 77528452 0.0025320510720374
MustStartFullCheckpoint False
CompactInternTable
NextCheckpointIsIncremental: 50150 441697 101507384 0.00484543075211159
MustStartFullCheckpoint False
CompactInternTable
728465 Caching output remove 8
Time to process: 00:12:09.2163484
[ 2, +17 ]
[ 3, -21 ]
[ 4, +32 ]
[ 5, -17 ]
[ 6, -5 ]
[ 7, -1 ]
[ 8, -7 ]
[ 9, +8 ]
[ 10, -3 ]
[ 11, -2 ]
[ 13, -1 ]
[ 15, +2 ]
[ 16, +2 ]
[ 18, +1 ]
[ 19, +1 ]
[ 20, +2 ]
[ 21, -1 ]
[ 22, -1 ]
[ 23, +2 ]
[ 27, -2 ]
[ 30, +1 ]
[ 31, -1 ]
[ 37, -1 ]
[ 58291787, -1 ]
[ 58291812, +1 ]
CompactInternTable
CompactInternTable
NextCheckpointIsIncremental: 762 6233 5076524 0.00137791134248553
MustStartFullCheckpoint False
756820 Caching output 9
NextCheckpointIsIncremental: 27456 196306 77528452 0.00288619202663817
MustStartFullCheckpoint False
NextCheckpointIsIncremental: 69346 491847 101507384 0.00552859287556854
MustStartFullCheckpoint False
759145 Caching output remove 9
Time to process: 00:12:39.8964170
[ 2, -20 ]
[ 4, +5 ]
[ 5, +8 ]
[ 6, +8 ]
[ 7, -6 ]
[ 8, +12 ]
[ 9, +4 ]
[ 10, -2 ]
[ 11, -5 ]
[ 12, -4 ]
[ 13, +2 ]
[ 14, +3 ]
[ 16, +2 ]
[ 20, -1 ]
[ 22, +2 ]
[ 23, -4 ]
[ 24, +1 ]
[ 26, +1 ]
[ 29, +1 ]
[ 31, -1 ]
[ 33, +1 ]
[ 34, -1 ]
[ 35, -1 ]
[ 58291717, +1 ]
[ 58291812, -1 ]
NextCheckpointIsIncremental: 757 6995 5076524 0.00152702912465301
MustStartFullCheckpoint False
759722 Caching output 10
NextCheckpointIsIncremental: 20167 223762 77528452 0.00314631588413503
MustStartFullCheckpoint False
CompactInternTable
NextCheckpointIsIncremental: 50190 561193 101507384 0.00602303966379431
MustStartFullCheckpoint False
CompactInternTable
787255 Caching output remove 10
Time to process: 00:13:08.0065320
[ 2, -21 ]
[ 3, -26 ]
[ 4, +26 ]
[ 5, -2 ]
[ 6, +3 ]
[ 7, +7 ]
[ 8, +16 ]
[ 9, +2 ]
[ 10, -11 ]
[ 11, +3 ]
[ 12, -5 ]
[ 13, -1 ]
[ 14, -5 ]
[ 15, +2 ]
[ 16, +2 ]
[ 17, +1 ]
[ 18, +3 ]
[ 19, -2 ]
[ 24, -1 ]
[ 25, +1 ]
[ 26, +2 ]
[ 27, -1 ]
[ 28, -1 ]
[ 30, +1 ]
[ 42, +1 ]
[ 44, -1 ]
[ 65, -1 ]
[ 58291663, +1 ]
[ 58291717, -1 ]
CompactInternTable
CompactInternTable
NextCheckpointIsIncremental: 812 7752 5076524 0.00168698109178643
MustStartFullCheckpoint False
815890 Caching output 11
NextCheckpointIsIncremental: 31986 243929 77528452 0.00355888700060721
MustStartFullCheckpoint False
NextCheckpointIsIncremental: 81263 611383 101507384 0.00682360211351718
MustStartFullCheckpoint False
819220 Caching output remove 11
Time to process: 00:13:39.9712185
[ 2, +12 ]
[ 3, +7 ]
[ 4, +1 ]
[ 5, -3 ]
[ 6, -2 ]
[ 7, +4 ]
[ 8, +1 ]
[ 9, -2 ]
[ 10, +1 ]
[ 11, -2 ]
[ 12, -2 ]
[ 14, -1 ]
[ 15, -2 ]
[ 18, +1 ]
[ 19, -1 ]
[ 20, +5 ]
[ 21, +2 ]
[ 22, +1 ]
[ 23, -1 ]
[ 24, +1 ]
[ 25, +1 ]
[ 27, -1 ]
[ 29, -1 ]
[ 31, +1 ]
[ 33, -1 ]
[ 37, +1 ]
[ 39, +1 ]
[ 58291516, +1 ]
[ 58291663, -1 ]
NextCheckpointIsIncremental: 645 8564 5076524 0.00181403653365965
MustStartFullCheckpoint False
820051 Caching output 12
NextCheckpointIsIncremental: 35084 275915 77528452 0.00401141764058439
MustStartFullCheckpoint False
CompactInternTable
NextCheckpointIsIncremental: 89478 692646 101507384 0.00770509463626804
MustStartFullCheckpoint False
CompactInternTable
847864 Caching output remove 12
Time to process: 00:14:08.6157134
[ 2, -11 ]
[ 3, -6 ]
[ 4, +7 ]
[ 5, +2 ]
[ 6, -6 ]
[ 7, +9 ]
[ 8, +11 ]
[ 9, -9 ]
[ 10, +9 ]
[ 11, -5 ]
[ 12, -4 ]
[ 13, -2 ]
[ 15, +1 ]
[ 16, -2 ]
[ 18, -1 ]
[ 19, +1 ]
[ 20, -3 ]
[ 22, -1 ]
[ 23, +1 ]
[ 24, +1 ]
[ 25, -1 ]
[ 28, +1 ]
[ 30, -1 ]
[ 33, -1 ]
[ 34, +1 ]
[ 35, +1 ]
[ 36, -1 ]
[ 42, +1 ]
[ 61, -1 ]
[ 62, +1 ]
[ 58291516, -1 ]
[ 58291567, +1 ]
CompactInternTable
CompactInternTable
NextCheckpointIsIncremental: 768 9209 5076524 0.00196532115282032
MustStartFullCheckpoint False
876213 Caching output 13
NextCheckpointIsIncremental: 17009 310999 77528452 0.00423080806514749
MustStartFullCheckpoint False
NextCheckpointIsIncremental: 41871 782124 101507384 0.00811758679545914
MustStartFullCheckpoint False
878485 Caching output remove 13
Time to process: 00:14:39.2365564
[ 2, +2 ]
[ 3, +9 ]
[ 4, +12 ]
[ 5, -8 ]
[ 6, +5 ]
[ 7, +4 ]
[ 8, +3 ]
[ 9, +1 ]
[ 10, -11 ]
[ 11, -4 ]
[ 12, -3 ]
[ 13, +6 ]
[ 14, +3 ]
[ 16, -3 ]
[ 17, +3 ]
[ 18, -1 ]
[ 19, +5 ]
[ 20, -1 ]
[ 21, -1 ]
[ 22, -1 ]
[ 23, -1 ]
[ 24, +1 ]
[ 25, +1 ]
[ 26, +1 ]
[ 27, -1 ]
[ 29, +1 ]
[ 39, -1 ]
[ 40, +1 ]
[ 58291477, +1 ]
[ 58291567, -1 ]
NextCheckpointIsIncremental: 765 9977 5076524 0.00211601481643739
MustStartFullCheckpoint False
879092 Caching output 14
NextCheckpointIsIncremental: 22987 328008 77528452 0.00452730566579609
MustStartFullCheckpoint False
CompactInternTable
NextCheckpointIsIncremental: 57418 823995 101507384 0.00868324022614946
MustStartFullCheckpoint False
CompactInternTable
906654 Caching output remove 14
Time to process: 00:15:07.4056434
[ 2, +6 ]
[ 3, -18 ]
[ 4, +12 ]
[ 5, +2 ]
[ 6, -3 ]
[ 7, +3 ]
[ 8, -3 ]
[ 9, +5 ]
[ 10, -4 ]
[ 11, -1 ]
[ 12, -2 ]
[ 13, +1 ]
[ 14, +4 ]
[ 16, +1 ]
[ 17, -1 ]
[ 19, +1 ]
[ 21, -1 ]
[ 23, +1 ]
[ 26, +1 ]
[ 27, -1 ]
[ 29, -1 ]
[ 30, -1 ]
[ 31, +1 ]
[ 34, -1 ]
[ 35, +1 ]
[ 36, -1 ]
[ 58291477, -1 ]
[ 58291481, +1 ]
CompactInternTable
CompactInternTable
NextCheckpointIsIncremental: 705 10742 5076524 0.00225488936918254
MustStartFullCheckpoint False
935046 Caching output 15
NextCheckpointIsIncremental: 19197 350995 77528452 0.00477491798752798
MustStartFullCheckpoint False
NextCheckpointIsIncremental: 47576 881413 101507384 0.00915193519320722
MustStartFullCheckpoint False
937337 Caching output remove 15
Time to process: 00:15:38.0887408
[ 2, +46 ]
[ 3, +6 ]
[ 4, +7 ]
[ 5, -15 ]
[ 7, +11 ]
[ 8, +1 ]
[ 9, +3 ]
[ 10, +1 ]
[ 11, +8 ]
[ 12, -8 ]
[ 13, +1 ]
[ 14, -4 ]
[ 15, +1 ]
[ 16, +1 ]
[ 17, +3 ]
[ 18, +1 ]
[ 19, -3 ]
[ 21, -1 ]
[ 23, -1 ]
[ 24, -1 ]
[ 26, +1 ]
[ 28, -1 ]
[ 29, +1 ]
[ 30, -1 ]
[ 58291419, +1 ]
[ 58291481, -1 ]
NextCheckpointIsIncremental: 715 11447 5076524 0.00239573377373967
MustStartFullCheckpoint False
938109 Caching output 16
NextCheckpointIsIncremental: 27555 370192 77528452 0.00513033589268621
MustStartFullCheckpoint False
CompactInternTable
NextCheckpointIsIncremental: 69907 928989 101507384 0.00984062400820023
MustStartFullCheckpoint False
CompactInternTable
965714 Caching output remove 16
Time to process: 00:16:06.4658599
[ 2, -3 ]
[ 3, -22 ]
[ 4, +3 ]
[ 5, +6 ]
[ 6, +10 ]
[ 7, -1 ]
[ 8, -8 ]
[ 9, +2 ]
[ 10, +3 ]
[ 11, -5 ]
[ 12, +2 ]
[ 13, +6 ]
[ 14, -4 ]
[ 17, +1 ]
[ 19, -2 ]
[ 20, +1 ]
[ 21, +1 ]
[ 23, +1 ]
[ 25, -1 ]
[ 26, +2 ]
[ 33, -1 ]
[ 43, -1 ]
[ 45, -1 ]
[ 46, +1 ]
[ 47, +1 ]
[ 58291403, +1 ]
[ 58291419, -1 ]
CompactInternTable
CompactInternTable
NextCheckpointIsIncremental: 827 12162 5076524 0.00255864051859107
MustStartFullCheckpoint False
995064 Caching output 17
NextCheckpointIsIncremental: 19290 397747 77528452 0.00537914777403269
MustStartFullCheckpoint False
NextCheckpointIsIncremental: 47893 998896 101507384 0.0103124419007784
MustStartFullCheckpoint False
997362 Caching output remove 17
Time to process: 00:16:38.1135617
[ 2, -14 ]
[ 4, -23 ]
[ 5, +4 ]
[ 6, -1 ]
[ 8, +4 ]
[ 9, -2 ]
[ 10, +6 ]
[ 11, +1 ]
[ 12, +5 ]
[ 13, -4 ]
[ 14, -3 ]
[ 15, +3 ]
[ 16, +2 ]
[ 18, +2 ]
[ 19, -1 ]
[ 20, -1 ]
[ 21, -1 ]
[ 22, +3 ]
[ 23, +3 ]
[ 25, -1 ]
[ 28, -1 ]
[ 29, -1 ]
[ 41, -1 ]
[ 58291386, +1 ]
[ 58291403, -1 ]
NextCheckpointIsIncremental: 754 12989 5076524 0.00270716734521495
MustStartFullCheckpoint False
997998 Caching output 18
NextCheckpointIsIncremental: 21663 417037 77528452 0.00565856777328664
MustStartFullCheckpoint False
CompactInternTable
NextCheckpointIsIncremental: 53663 1046789 101507384 0.0108411029487274
MustStartFullCheckpoint False
CompactInternTable
1025562 Caching output remove 18
Time to process: 00:17:06.3133741
[ 2, -8 ]
[ 3, +1 ]
[ 4, -25 ]
[ 5, +3 ]
[ 6, -10 ]
[ 7, +3 ]
[ 8, +15 ]
[ 9, +2 ]
[ 11, +4 ]
[ 12, -6 ]
[ 13, +6 ]
[ 14, -2 ]
[ 16, +1 ]
[ 17, +1 ]
[ 18, +1 ]
[ 19, +1 ]
[ 20, +1 ]
[ 23, -1 ]
[ 24, +1 ]
[ 26, +1 ]
[ 30, -1 ]
[ 32, +1 ]
[ 33, -1 ]
[ 38, +1 ]
[ 40, -1 ]
[ 58291283, +1 ]
[ 58291386, -1 ]
CompactInternTable
CompactInternTable
NextCheckpointIsIncremental: 891 13743 5076524 0.00288268114166308
MustStartFullCheckpoint False
1054555 Caching output 19
NextCheckpointIsIncremental: 26116 438700 77528452 0.00599542475064509
MustStartFullCheckpoint False
NextCheckpointIsIncremental: 65435 1100452 101507384 0.0114857358554329
MustStartFullCheckpoint False
1056867 Caching output remove 19
Time to process: 00:17:37.6183734
[ 2, +35 ]
[ 3, -1 ]
[ 4, +11 ]
[ 5, +5 ]
[ 6, -3 ]
[ 7, -1 ]
[ 8, -6 ]
[ 9, +7 ]
[ 10, -1 ]
[ 11, -2 ]
[ 12, +3 ]
[ 13, -5 ]
[ 14, +1 ]
[ 15, +2 ]
[ 16, +2 ]
[ 17, -1 ]
[ 18, +1 ]
[ 19, -1 ]
[ 21, +1 ]
[ 24, -1 ]
[ 25, +1 ]
[ 26, -1 ]
[ 27, -1 ]
[ 28, +1 ]
[ 38, +1 ]
[ 45, -1 ]
[ 52, +1 ]
[ 53, -1 ]
[ 58291205, +1 ]
[ 58291283, -1 ]
NextCheckpointIsIncremental: 765 14634 5076524 0.00303337480528015
MustStartFullCheckpoint False
1057434 Caching output 20
NextCheckpointIsIncremental: 17769 464816 77528452 0.00622461802797249
MustStartFullCheckpoint False
CompactInternTable
NextCheckpointIsIncremental: 43460 1165887 101507384 0.0119138820482262
MustStartFullCheckpoint False
CompactInternTable
1084909 Caching output remove 20
Time to process: 00:18:05.6605765
[ 2, +20 ]
[ 4, +12 ]
[ 5, -14 ]
[ 6, -5 ]
[ 7, +13 ]
[ 8, -2 ]
[ 9, +3 ]
[ 10, +1 ]
[ 12, -6 ]
[ 13, +1 ]
[ 14, -1 ]
[ 16, -2 ]
[ 17, -6 ]
[ 18, -1 ]
[ 19, +2 ]
[ 20, -1 ]
[ 22, -1 ]
[ 23, +2 ]
[ 25, -1 ]
[ 28, +1 ]
[ 29, +1 ]
[ 31, +2 ]
[ 40, +1 ]
[ 58291139, +1 ]
[ 58291205, -1 ]
CompactInternTable
CompactInternTable
NextCheckpointIsIncremental: 838 15399 5076524 0.00319844838712473
MustStartFullCheckpoint False
1113946 Caching output 21
NextCheckpointIsIncremental: 17973 482585 77528452 0.00645644259735768
MustStartFullCheckpoint False
NextCheckpointIsIncremental: 44218 1209347 101507384 0.0123494956780681
MustStartFullCheckpoint False
1116245 Caching output remove 21
Time to process: 00:18:36.9963855
[ 2, +37 ]
[ 3, -11 ]
[ 4, +13 ]
[ 5, +10 ]
[ 6, -5 ]
[ 7, +1 ]
[ 8, -19 ]
[ 9, -3 ]
[ 10, -5 ]
[ 12, +3 ]
[ 13, -5 ]
[ 14, +1 ]
[ 15, +3 ]
[ 16, +5 ]
[ 17, -1 ]
[ 18, +2 ]
[ 19, -1 ]
[ 20, +3 ]
[ 22, -1 ]
[ 25, +1 ]
[ 26, -2 ]
[ 28, -1 ]
[ 29, +1 ]
[ 30, +1 ]
[ 31, -1 ]
[ 34, +1 ]
[ 36, -1 ]
[ 38, -2 ]
[ 42, -1 ]
[ 44, +1 ]
[ 58291139, -1 ]
[ 58291185, +1 ]
NextCheckpointIsIncremental: 800 16237 5076524 0.00335603653208376
MustStartFullCheckpoint False
1116887 Caching output 22
NextCheckpointIsIncremental: 20552 500558 77528452 0.00672153237368908
MustStartFullCheckpoint False
CompactInternTable
NextCheckpointIsIncremental: 50945 1253565 101507384 0.0128513803488424
MustStartFullCheckpoint False
CompactInternTable
1144433 Caching output remove 22
Time to process: 00:19:05.1840932
[ 2, +29 ]
[ 3, -7 ]
[ 4, +11 ]
[ 5, +7 ]
[ 6, -6 ]
[ 7, -14 ]
[ 8, +10 ]
[ 9, -3 ]
[ 10, -10 ]
[ 11, +3 ]
[ 12, -2 ]
[ 13, -1 ]
[ 14, -1 ]
[ 15, -2 ]
[ 16, +1 ]
[ 17, -1 ]
[ 18, +2 ]
[ 19, +3 ]
[ 20, +4 ]
[ 21, -1 ]
[ 22, -1 ]
[ 24, -1 ]
[ 25, +2 ]
[ 26, -2 ]
[ 28, -2 ]
[ 30, -1 ]
[ 31, -1 ]
[ 32, +2 ]
[ 35, +1 ]
[ 37, -1 ]
[ 58291185, -1 ]
[ 58291263, +1 ]
CompactInternTable
CompactInternTable
NextCheckpointIsIncremental: 749 17037 5076524 0.00350357843280166
MustStartFullCheckpoint False
1173069 Caching output 23
NextCheckpointIsIncremental: 20270 521110 77528452 0.00698298477570531
MustStartFullCheckpoint False
NextCheckpointIsIncremental: 50315 1304510 101507384 0.0133470585745762
MustStartFullCheckpoint False
1175373 Caching output remove 23
Time to process: 00:19:36.1243657
[ 2, +7 ]
[ 3, -2 ]
[ 4, -2 ]
[ 5, +14 ]
[ 6, +12 ]
[ 7, +5 ]
[ 8, -6 ]
[ 9, -2 ]
[ 10, -3 ]
[ 11, +2 ]
[ 12, +6 ]
[ 13, -5 ]
[ 14, -2 ]
[ 15, -2 ]
[ 16, +1 ]
[ 17, +1 ]
[ 18, +4 ]
[ 19, -1 ]
[ 21, -1 ]
[ 22, +2 ]
[ 23, -2 ]
[ 25, +2 ]
[ 29, +1 ]
[ 31, -2 ]
[ 33, +1 ]
[ 34, -1 ]
[ 35, +1 ]
[ 58291096, +1 ]
[ 58291263, -1 ]
NextCheckpointIsIncremental: 872 17786 5076524 0.003675349510807
MustStartFullCheckpoint False
1175922 Caching output 24
NextCheckpointIsIncremental: 14674 541380 77528452 0.00717225722499915
MustStartFullCheckpoint False
CompactInternTable
NextCheckpointIsIncremental: 35590 1354825 101507384 0.0136976734618636
MustStartFullCheckpoint False
CompactInternTable
1203805 Caching output remove 24
Time to process: 00:20:04.5563623
[ 2, +5 ]
[ 3, -12 ]
[ 4, -4 ]
[ 5, -3 ]
[ 6, +2 ]
[ 7, -7 ]
[ 8, +1 ]
[ 9, -4 ]
[ 10, +3 ]
[ 11, -1 ]
[ 12, +1 ]
[ 13, +2 ]
[ 15, -2 ]
[ 16, +1 ]
[ 18, +1 ]
[ 20, +2 ]
[ 21, -1 ]
[ 22, +3 ]
[ 23, +1 ]
[ 24, -2 ]
[ 29, +1 ]
[ 30, +1 ]
[ 31, -2 ]
[ 32, +1 ]
[ 36, -2 ]
[ 38, +1 ]
[ 40, -1 ]
[ 41, -1 ]
[ 42, -1 ]
[ 46, +1 ]
[ 58291096, -1 ]
[ 58291181, +1 ]
CompactInternTable
CompactInternTable
NextCheckpointIsIncremental: 733 18658 5076524 0.00381973964862571
MustStartFullCheckpoint False
1232777 Caching output 25
NextCheckpointIsIncremental: 19679 556054 77528452 0.00742608661914209
MustStartFullCheckpoint False
NextCheckpointIsIncremental: 48490 1390415 101507384 0.0141753726999801
MustStartFullCheckpoint False
1235103 Caching output remove 25
Time to process: 00:20:35.8543074
[ 2, +7 ]
[ 3, +6 ]
[ 4, +8 ]
[ 6, -3 ]
[ 7, -2 ]
[ 8, -1 ]
[ 9, +8 ]
[ 10, -1 ]
[ 11, +5 ]
[ 12, -7 ]
[ 13, -1 ]
[ 14, -2 ]
[ 16, +1 ]
[ 17, -3 ]
[ 18, +1 ]
[ 19, -1 ]
[ 21, +1 ]
[ 22, -1 ]
[ 23, -2 ]
[ 24, -1 ]
[ 25, +1 ]
[ 26, +1 ]
[ 27, +1 ]
[ 28, -1 ]
[ 29, +3 ]
[ 31, -1 ]
[ 33, -3 ]
[ 36, +2 ]
[ 38, +1 ]
[ 39, -1 ]
[ 45, -1 ]
[ 46, +1 ]
[ 48, -1 ]
[ 51, +1 ]
[ 58291181, -1 ]
[ 58291197, +1 ]
NextCheckpointIsIncremental: 868 19391 5076524 0.00399072278590626
MustStartFullCheckpoint False
1235743 Caching output 26
NextCheckpointIsIncremental: 20904 575733 77528452 0.00769571666412222
MustStartFullCheckpoint False
CompactInternTable
NextCheckpointIsIncremental: 52235 1438905 101507384 0.0146899658058373
MustStartFullCheckpoint False
CompactInternTable
1263537 Caching output remove 26
Time to process: 00:21:04.2886049
[ 2, +10 ]
[ 3, +19 ]
[ 4, -17 ]
[ 5, -13 ]
[ 6, +9 ]
[ 7, +8 ]
[ 9, -5 ]
[ 10, +2 ]
[ 11, +3 ]
[ 12, +1 ]
[ 13, +4 ]
[ 14, -2 ]
[ 15, +1 ]
[ 16, -1 ]
[ 18, +2 ]
[ 20, +1 ]
[ 21, +1 ]
[ 22, -1 ]
[ 24, +3 ]
[ 27, +1 ]
[ 29, -1 ]
[ 33, +1 ]
[ 34, +1 ]
[ 36, -1 ]
[ 58290964, +1 ]
[ 58291197, -1 ]
CompactInternTable
CompactInternTable
NextCheckpointIsIncremental: 767 20259 5076524 0.00414181041988573
MustStartFullCheckpoint False
1291921 Caching output 27
NextCheckpointIsIncremental: 20753 596637 77528452 0.00796339903703998
MustStartFullCheckpoint False
NextCheckpointIsIncremental: 51778 1491140 101507384 0.0152000567761652
MustStartFullCheckpoint False
1294229 Caching output remove 27
Time to process: 00:21:34.9810031
[ 2, +7 ]
[ 3, +6 ]
[ 4, -11 ]
[ 5, +10 ]
[ 6, -9 ]
[ 7, +8 ]
[ 8, -4 ]
[ 9, -4 ]
[ 10, +1 ]
[ 11, +2 ]
[ 12, -3 ]
[ 13, +3 ]
[ 14, -5 ]
[ 15, -2 ]
[ 16, -1 ]
[ 18, +1 ]
[ 19, +1 ]
[ 21, -1 ]
[ 23, -1 ]
[ 24, +1 ]
[ 25, +1 ]
[ 26, -1 ]
[ 27, -1 ]
[ 28, +1 ]
[ 29, -1 ]
[ 30, +1 ]
[ 31, +1 ]
[ 32, -1 ]
[ 58290964, -1 ]
[ 58291055, +1 ]
NextCheckpointIsIncremental: 862 21026 5076524 0.00431161164607909
MustStartFullCheckpoint False
1294915 Caching output 28
NextCheckpointIsIncremental: 24373 617390 77528452 0.00827777394549294
MustStartFullCheckpoint False
CompactInternTable
NextCheckpointIsIncremental: 61168 1542918 101507384 0.0158026533320965
MustStartFullCheckpoint False
CompactInternTable
1322615 Caching output remove 28
Time to process: 00:22:03.3667932
[ 3, -11 ]
[ 4, +9 ]
[ 5, +11 ]
[ 6, -6 ]
[ 7, +7 ]
[ 8, -9 ]
[ 9, +1 ]
[ 10, -8 ]
[ 11, +1 ]
[ 12, -5 ]
[ 13, +6 ]
[ 14, +1 ]
[ 15, -1 ]
[ 16, +2 ]
[ 17, -1 ]
[ 18, -2 ]
[ 19, +4 ]
[ 20, -5 ]
[ 21, -2 ]
[ 22, +2 ]
[ 23, +2 ]
[ 24, +1 ]
[ 25, -1 ]
[ 31, -1 ]
[ 32, -2 ]
[ 34, +1 ]
[ 58291055, -1 ]
[ 58291131, +1 ]
CompactInternTable
CompactInternTable
NextCheckpointIsIncremental: 695 21888 5076524 0.00444851634701225
MustStartFullCheckpoint False
1351267 Caching output 29
NextCheckpointIsIncremental: 37818 641763 77528452 0.00876556905844064
MustStartFullCheckpoint False
NextCheckpointIsIncremental: 96496 1604086 101507384 0.0167532836822984
MustStartFullCheckpoint False
1354640 Caching output remove 29
Time to process: 00:22:35.3919943
[ 2, +10 ]
[ 3, -26 ]
[ 4, -9 ]
[ 6, +9 ]
[ 7, +2 ]
[ 9, +4 ]
[ 10, +4 ]
[ 11, +3 ]
[ 12, -4 ]
[ 13, +1 ]
[ 14, +3 ]
[ 16, +1 ]
[ 17, +1 ]
[ 19, -3 ]
[ 20, -2 ]
[ 21, +3 ]
[ 22, -2 ]
[ 23, -1 ]
[ 25, +1 ]
[ 26, +1 ]
[ 27, -2 ]
[ 28, +1 ]
[ 31, +1 ]
[ 33, -1 ]
[ 34, +1 ]
[ 41, -1 ]
[ 58291089, +1 ]
[ 58291131, -1 ]
CompactInternTable
CompactInternTable
NextCheckpointIsIncremental: 845 22583 5076524 0.00461496882512522
MustStartFullCheckpoint False
1383881 Caching output 30
NextCheckpointIsIncremental: 68010 679581 77528452 0.00964279539594058
MustStartFullCheckpoint False
NextCheckpointIsIncremental: 176151 1700582 101507384 0.0184886352701199
MustStartFullCheckpoint False
1386528 Caching output remove 30
Time to process: 00:23:07.2799521
[ 2, -33 ]
[ 3, +14 ]
[ 4, -8 ]
[ 5, +10 ]
[ 6, +22 ]
[ 7, -14 ]
[ 8, +5 ]
[ 9, -14 ]
[ 10, -7 ]
[ 11, +2 ]
[ 12, -6 ]
[ 13, +1 ]
[ 14, -3 ]
[ 15, +4 ]
[ 16, +1 ]
[ 17, -2 ]
[ 18, +2 ]
[ 19, -1 ]
[ 20, +5 ]
[ 21, -3 ]
[ 22, -1 ]
[ 23, -2 ]
[ 25, +1 ]
[ 26, +1 ]
[ 27, +2 ]
[ 30, -1 ]
[ 36, -1 ]
[ 58291089, -1 ]
[ 58291220, +1 ]
CompactInternTable
CompactInternTable
NextCheckpointIsIncremental: 809 23428 5076524 0.00477432983671504
MustStartFullCheckpoint False
1416094 Caching output 31
NextCheckpointIsIncremental: 71894 747591 77528452 0.0105701194704623
MustStartFullCheckpoint False
NextCheckpointIsIncremental: 186515 1876733 101507384 0.0203260878046074
MustStartFullCheckpoint False
1418805 Caching output remove 31
Time to process: 00:23:39.5561933
[ 2, +21 ]
[ 3, +2 ]
[ 4, -20 ]
[ 5, +3 ]
[ 6, +5 ]
[ 7, -6 ]
[ 8, -2 ]
[ 9, +1 ]
[ 11, -5 ]
[ 12, +6 ]
[ 13, -2 ]
[ 14, +4 ]
[ 15, +5 ]
[ 16, +1 ]
[ 17, -5 ]
[ 18, +3 ]
[ 19, -1 ]
[ 26, +2 ]
[ 27, -2 ]
[ 31, -1 ]
[ 36, +1 ]
[ 58291161, +1 ]
[ 58291220, -1 ]
CompactInternTable
CompactInternTable
NextCheckpointIsIncremental: 833 24237 5076524 0.00493841849265363
MustStartFullCheckpoint False
1448379 Caching output 32
NextCheckpointIsIncremental: 22805 819485 77528452 0.0108642695458436
MustStartFullCheckpoint False
NextCheckpointIsIncremental: 56834 2063248 101507384 0.0208859879592602
MustStartFullCheckpoint False
1450703 Caching output remove 32
Time to process: 00:24:11.4546855
[ 2, +32 ]
[ 3, +6 ]
[ 4, +22 ]
[ 5, -11 ]
[ 6, +11 ]
[ 7, -18 ]
[ 9, -7 ]
[ 10, +1 ]
[ 11, -4 ]
[ 13, +1 ]
[ 14, -2 ]
[ 15, -5 ]
[ 16, -2 ]
[ 17, +2 ]
[ 18, -1 ]
[ 21, -1 ]
[ 22, +1 ]
[ 23, +2 ]
[ 24, -1 ]
[ 25, -1 ]
[ 27, +1 ]
[ 31, +1 ]
[ 36, -1 ]
[ 38, +1 ]
[ 40, +1 ]
[ 58291161, -1 ]
[ 58291236, +1 ]
CompactInternTable
CompactInternTable
NextCheckpointIsIncremental: 755 25070 5076524 0.00508714230445872
MustStartFullCheckpoint False
1479224 Caching output 33
NextCheckpointIsIncremental: 25244 842290 77528452 0.0111898790395041
MustStartFullCheckpoint False
NextCheckpointIsIncremental: 62656 2120082 101507384 0.0215032435472872
MustStartFullCheckpoint False
1481529 Caching output remove 33
Time to process: 00:24:42.2802841
[ 2, +9 ]
[ 3, +20 ]
[ 4, -7 ]
[ 5, +10 ]
[ 6, +1 ]
[ 7, -8 ]
[ 8, -5 ]
[ 9, -2 ]
[ 12, -3 ]
[ 13, +1 ]
[ 14, -2 ]
[ 15, -5 ]
[ 16, +4 ]
[ 17, -4 ]
[ 18, +1 ]
[ 19, +1 ]
[ 20, +1 ]
[ 21, +3 ]
[ 22, +1 ]
[ 23, -1 ]
[ 24, -2 ]
[ 25, -1 ]
[ 28, +1 ]
[ 31, +1 ]
[ 32, -1 ]
[ 33, -1 ]
[ 34, +1 ]
[ 35, +1 ]
[ 39, -1 ]
[ 40, +1 ]
[ 58291236, -1 ]
[ 58291283, +1 ]
NextCheckpointIsIncremental: 944 25825 5076524 0.00527309631551038
MustStartFullCheckpoint False
1482299 Caching output 34
NextCheckpointIsIncremental: 29614 867534 77528452 0.0115718549365593
MustStartFullCheckpoint False
CompactInternTable
NextCheckpointIsIncremental: 75293 2182738 101507384 0.0222449925416263
MustStartFullCheckpoint False
CompactInternTable
1509982 Caching output remove 34
Time to process: 00:25:10.7338397
[ 2, +26 ]
[ 3, +4 ]
[ 4, +3 ]
[ 5, +6 ]
[ 6, -5 ]
[ 7, -1 ]
[ 8, -2 ]
[ 9, +7 ]
[ 10, +4 ]
[ 11, -10 ]
[ 12, -8 ]
[ 13, +2 ]
[ 15, -4 ]
[ 16, -2 ]
[ 18, -1 ]
[ 19, -2 ]
[ 20, +4 ]
[ 21, +1 ]
[ 23, +1 ]
[ 24, -3 ]
[ 25, -1 ]
[ 27, +2 ]
[ 28, -1 ]
[ 31, +1 ]
[ 58291283, -1 ]
[ 58291356, +1 ]
CompactInternTable
CompactInternTable
NextCheckpointIsIncremental: 720 26769 5076524 0.0054149256459735
MustStartFullCheckpoint False
1538369 Caching output 35
NextCheckpointIsIncremental: 19271 897148 77528452 0.0118204217465867
MustStartFullCheckpoint False
NextCheckpointIsIncremental: 47325 2258031 101507384 0.022711214782168
MustStartFullCheckpoint False
1540652 Caching output remove 35
Time to process: 00:25:41.4036335
[ 2, -7 ]
[ 3, -6 ]
[ 4, +15 ]
[ 5, -2 ]
[ 6, +1 ]
[ 7, +3 ]
[ 8, +2 ]
[ 9, -3 ]
[ 10, +2 ]
[ 11, -5 ]
[ 12, +5 ]
[ 13, -7 ]
[ 14, -5 ]
[ 16, +3 ]
[ 17, -2 ]
[ 18, -4 ]
[ 19, -1 ]
[ 20, -1 ]
[ 21, +4 ]
[ 25, -1 ]
[ 28, +1 ]
[ 38, +1 ]
[ 39, -1 ]
[ 44, +1 ]
[ 58291356, -1 ]
[ 58291461, +1 ]
NextCheckpointIsIncremental: 813 27489 5076524 0.00557507459828812
MustStartFullCheckpoint False
1541281 Caching output 36
NextCheckpointIsIncremental: 19008 916419 77528452 0.012065596253618
MustStartFullCheckpoint False
CompactInternTable
NextCheckpointIsIncremental: 46927 2305356 101507384 0.023173516125684
MustStartFullCheckpoint False
CompactInternTable
1568888 Caching output remove 36
Time to process: 00:26:09.6396648
[ 2, -7 ]
[ 3, +10 ]
[ 4, -23 ]
[ 5, +5 ]
[ 6, +10 ]
[ 7, -8 ]
[ 8, -2 ]
[ 9, -5 ]
[ 10, +10 ]
[ 11, +3 ]
[ 12, -1 ]
[ 13, +4 ]
[ 14, -2 ]
[ 15, -1 ]
[ 16, -3 ]
[ 17, +2 ]
[ 18, +1 ]
[ 19, -2 ]
[ 20, -1 ]
[ 21, -4 ]
[ 23, +1 ]
[ 25, +1 ]
[ 26, +1 ]
[ 27, -1 ]
[ 29, -1 ]
[ 32, +1 ]
[ 58291461, -1 ]
[ 58291554, +1 ]
CompactInternTable
CompactInternTable
NextCheckpointIsIncremental: 758 28302 5076524 0.0057243893656368
MustStartFullCheckpoint False
1597314 Caching output 37
NextCheckpointIsIncremental: 21664 935427 77528452 0.0123450291513624
MustStartFullCheckpoint False
NextCheckpointIsIncremental: 54337 2352283 101507384 0.0237088170846763
MustStartFullCheckpoint False
1599602 Caching output remove 37
Time to process: 00:26:40.3532754
[ 2, +25 ]
[ 3, -3 ]
[ 4, +6 ]
[ 5, -18 ]
[ 6, +5 ]
[ 7, -3 ]
[ 8, -5 ]
[ 10, +8 ]
[ 11, -7 ]
[ 13, -4 ]
[ 14, +2 ]
[ 15, +1 ]
[ 16, -2 ]
[ 19, -2 ]
[ 20, -1 ]
[ 21, -4 ]
[ 22, -1 ]
[ 23, +1 ]
[ 28, -2 ]
[ 33, +1 ]
[ 34, -1 ]
[ 38, -1 ]
[ 58291554, -1 ]
[ 58291874, +1 ]
CompactInternTable
CompactInternTable
NextCheckpointIsIncremental: 783 29060 5076524 0.00587862876251545
MustStartFullCheckpoint False
1630677 Caching output 38
NextCheckpointIsIncremental: 115710 957091 77528452 0.0138375134847269
MustStartFullCheckpoint False
NextCheckpointIsIncremental: 303080 2406620 101507384 0.0266946097241556
MustStartFullCheckpoint False
1633795 Caching output remove 38
Time to process: 00:27:14.5465059
[ 2, -12 ]
[ 3, +13 ]
[ 4, +9 ]
[ 6, +2 ]
[ 7, +3 ]
[ 9, -2 ]
[ 10, +5 ]
[ 12, -1 ]
[ 13, -5 ]
[ 14, +5 ]
[ 15, -4 ]
[ 16, -2 ]
[ 17, +2 ]
[ 19, -2 ]
[ 20, +1 ]
[ 22, -2 ]
[ 23, +1 ]
[ 24, -1 ]
[ 26, +1 ]
[ 27, +2 ]
[ 28, -1 ]
[ 30, -1 ]
[ 31, -2 ]
[ 32, +1 ]
[ 33, -1 ]
[ 34, +1 ]
[ 37, -1 ]
[ 44, +1 ]
[ 58291869, +1 ]
[ 58291874, -1 ]
CompactInternTable
CompactInternTable
NextCheckpointIsIncremental: 764 29843 5076524 0.00602912544095133
MustStartFullCheckpoint False
1663136 Caching output 39
NextCheckpointIsIncremental: 18047 1072801 77528452 0.0140702925424075
MustStartFullCheckpoint False
NextCheckpointIsIncremental: 44512 2709700 101507384 0.0271331196950165
MustStartFullCheckpoint False
1665432 Caching output remove 39
Time to process: 00:27:46.1830049
[ 2, +50 ]
[ 3, -29 ]
[ 4, +9 ]
[ 5, -9 ]
[ 6, -7 ]
[ 7, +4 ]
[ 8, -3 ]
[ 9, +2 ]
[ 10, +1 ]
[ 11, +9 ]
[ 12, -1 ]
[ 13, +2 ]
[ 14, +4 ]
[ 15, +4 ]
[ 16, +2 ]
[ 17, -3 ]
[ 18, -3 ]
[ 19, +1 ]
[ 20, -1 ]
[ 21, -1 ]
[ 22, -1 ]
[ 23, -1 ]
[ 24, -1 ]
[ 25, -1 ]
[ 27, -1 ]
[ 28, +2 ]
[ 31, -1 ]
[ 34, -1 ]
[ 42, -1 ]
[ 58291869, -1 ]
[ 58291924, +1 ]
NextCheckpointIsIncremental: 671 30607 5076524 0.00616130249753572
MustStartFullCheckpoint False
1666117 Caching output 40
NextCheckpointIsIncremental: 24977 1090848 77528452 0.01439245813911
MustStartFullCheckpoint False
CompactInternTable
NextCheckpointIsIncremental: 63026 2754212 101507384 0.0277540203380672
MustStartFullCheckpoint False
CompactInternTable
1693967 Caching output remove 40
Time to process: 00:28:14.7182388
[ 2, +4 ]
[ 3, -14 ]
[ 4, +30 ]
[ 5, +10 ]
[ 7, -4 ]
[ 8, -2 ]
[ 9, -13 ]
[ 10, -3 ]
[ 11, +2 ]
[ 13, -3 ]
[ 16, +4 ]
[ 17, +4 ]
[ 18, -1 ]
[ 19, +3 ]
[ 21, +1 ]
[ 22, -1 ]
[ 24, -1 ]
[ 27, -1 ]
[ 28, -1 ]
[ 29, +1 ]
[ 30, -2 ]
[ 32, +1 ]
[ 39, -1 ]
[ 42, +1 ]
[ 43, -1 ]
[ 58291924, -1 ]
[ 58291929, +1 ]
CompactInternTable
CompactInternTable
NextCheckpointIsIncremental: 800 31278 5076524 0.00631889064249475
MustStartFullCheckpoint False
1723433 Caching output 41
NextCheckpointIsIncremental: 36358 1115825 77528452 0.0148614214559579
MustStartFullCheckpoint False
NextCheckpointIsIncremental: 92963 2817238 101507384 0.0286698453385421
MustStartFullCheckpoint False
1725858 Caching output remove 41
Time to process: 00:28:46.6095637
[ 2, +21 ]
[ 3, -12 ]
[ 4, -6 ]
[ 6, -7 ]
[ 7, +7 ]
[ 8, +6 ]
[ 9, -7 ]
[ 10, +2 ]
[ 11, -6 ]
[ 12, +2 ]
[ 13, +4 ]
[ 14, -3 ]
[ 15, +4 ]
[ 17, -4 ]
[ 18, -1 ]
[ 19, -2 ]
[ 20, +3 ]
[ 21, +2 ]
[ 22, -1 ]
[ 24, -1 ]
[ 25, +1 ]
[ 26, -1 ]
[ 29, +1 ]
[ 30, -2 ]
[ 31, +1 ]
[ 34, -1 ]
[ 35, +1 ]
[ 46, -1 ]
[ 58291929, -1 ]
[ 58292025, +1 ]
CompactInternTable
CompactInternTable
NextCheckpointIsIncremental: 760 32078 5076524 0.00646859938020583
MustStartFullCheckpoint False
1754841 Caching output 42
NextCheckpointIsIncremental: 39844 1152183 77528452 0.0153753489106167
MustStartFullCheckpoint False
NextCheckpointIsIncremental: 102272 2910201 101507384 0.0296773779531152
MustStartFullCheckpoint False
1757271 Caching output remove 42
Time to process: 00:29:18.0224821
[ 2, +4 ]
[ 3, -17 ]
[ 4, +1 ]
[ 5, +7 ]
[ 6, +3 ]
[ 7, -9 ]
[ 8, +3 ]
[ 9, +2 ]
[ 10, +2 ]
[ 11, -4 ]
[ 12, -7 ]
[ 13, +1 ]
[ 14, -6 ]
[ 15, -1 ]
[ 16, -1 ]
[ 17, -4 ]
[ 19, +5 ]
[ 20, -1 ]
[ 23, +1 ]
[ 24, +1 ]
[ 25, +1 ]
[ 26, -1 ]
[ 43, -1 ]
[ 58292025, -1 ]
[ 58292210, +1 ]
NextCheckpointIsIncremental: 761 32838 5076524 0.0066185051030981
MustStartFullCheckpoint False
1757929 Caching output 43
NextCheckpointIsIncremental: 22387 1192027 77528452 0.0156641074169777
MustStartFullCheckpoint False
CompactInternTable
NextCheckpointIsIncremental: 56101 3012473 101507384 0.0302300569582209
MustStartFullCheckpoint False
CompactInternTable
1785697 Caching output remove 43
Time to process: 00:29:46.4481577
[ 2, -26 ]
[ 3, +16 ]
[ 4, +5 ]
[ 5, -6 ]
[ 6, +8 ]
[ 7, -7 ]
[ 8, +3 ]
[ 9, +4 ]
[ 10, +2 ]
[ 11, -4 ]
[ 12, +7 ]
[ 13, -1 ]
[ 14, -5 ]
[ 15, -2 ]
[ 17, +2 ]
[ 18, -2 ]
[ 19, -1 ]
[ 20, +1 ]
[ 21, +2 ]
[ 23, -1 ]
[ 25, -1 ]
[ 28, +1 ]
[ 29, -2 ]
[ 31, +1 ]
[ 32, -2 ]
[ 34, +2 ]
[ 36, -1 ]
[ 37, -1 ]
[ 40, -1 ]
[ 58292210, -1 ]
[ 58292318, +1 ]
CompactInternTable
CompactInternTable
NextCheckpointIsIncremental: 717 33599 5076524 0.00675974347801764
MustStartFullCheckpoint False
1814090 Caching output 44
NextCheckpointIsIncremental: 21125 1214414 77528452 0.0159365880283538
MustStartFullCheckpoint False
NextCheckpointIsIncremental: 52446 3068574 101507384 0.0307467287305917
MustStartFullCheckpoint False
1816356 Caching output remove 44
Time to process: 00:30:17.1072729
[ 2, +41 ]
[ 3, -16 ]
[ 4, -7 ]
[ 5, +2 ]
[ 6, +2 ]
[ 7, -6 ]
[ 9, +3 ]
[ 10, -4 ]
[ 11, +10 ]
[ 12, -5 ]
[ 13, +3 ]
[ 14, -6 ]
[ 15, +6 ]
[ 16, +1 ]
[ 17, +1 ]
[ 18, +1 ]
[ 21, -1 ]
[ 22, +1 ]
[ 23, +2 ]
[ 24, -1 ]
[ 26, -1 ]
[ 31, +1 ]
[ 47, +1 ]
[ 48, -1 ]
[ 58292187, +1 ]
[ 58292318, -1 ]
NextCheckpointIsIncremental: 825 34316 5076524 0.00692225625250664
MustStartFullCheckpoint False
1817000 Caching output 45
NextCheckpointIsIncremental: 23779 1235539 77528452 0.016243301233462
MustStartFullCheckpoint False
CompactInternTable
NextCheckpointIsIncremental: 59379 3121020 101507384 0.031331700952908
MustStartFullCheckpoint False
CompactInternTable
1844904 Caching output remove 45
Time to process: 00:30:45.6555315
[ 2, +9 ]
[ 3, +23 ]
[ 4, +26 ]
[ 5, -23 ]
[ 6, -11 ]
[ 7, +7 ]
[ 8, +3 ]
[ 9, +1 ]
[ 10, -6 ]
[ 11, -3 ]
[ 12, +1 ]
[ 13, +4 ]
[ 14, +2 ]
[ 15, +2 ]
[ 16, -6 ]
[ 17, -1 ]
[ 18, -3 ]
[ 19, +1 ]
[ 20, +1 ]
[ 21, -1 ]
[ 22, +1 ]
[ 24, +2 ]
[ 26, -1 ]
[ 33, +1 ]
[ 58292144, +1 ]
[ 58292187, -1 ]
CompactInternTable
CompactInternTable
NextCheckpointIsIncremental: 686 35141 5076524 0.00705738808680901
MustStartFullCheckpoint False
1874028 Caching output 46
NextCheckpointIsIncremental: 22030 1259318 77528452 0.0165274549787219
MustStartFullCheckpoint False
NextCheckpointIsIncremental: 55367 3180399 101507384 0.0318771489569665
MustStartFullCheckpoint False
1876359 Caching output remove 46
Time to process: 00:31:17.1102479
[ 2, -6 ]
[ 3, -7 ]
[ 4, +13 ]
[ 6, -13 ]
[ 7, -10 ]
[ 8, +7 ]
[ 9, +7 ]
[ 11, -4 ]
[ 12, -3 ]
[ 13, -3 ]
[ 15, +1 ]
[ 16, -2 ]
[ 17, +2 ]
[ 18, -5 ]
[ 19, +1 ]
[ 20, -1 ]
[ 21, +1 ]
[ 22, +1 ]
[ 23, +1 ]
[ 24, +1 ]
[ 25, -1 ]
[ 26, +1 ]
[ 29, +1 ]
[ 31, -1 ]
[ 32, -1 ]
[ 33, +1 ]
[ 58292144, -1 ]
[ 58292248, +1 ]
NextCheckpointIsIncremental: 789 35827 5076524 0.00721280939477485
MustStartFullCheckpoint False
1876948 Caching output 47
NextCheckpointIsIncremental: 19260 1281348 77528452 0.016775879905354
MustStartFullCheckpoint False
CompactInternTable
NextCheckpointIsIncremental: 47427 3235766 101507384 0.0323443760505147
MustStartFullCheckpoint False
CompactInternTable
1904701 Caching output remove 47
Time to process: 00:31:45.4524581
[ 3, -14 ]
[ 4, +6 ]
[ 5, +6 ]
[ 6, +4 ]
[ 7, -13 ]
[ 8, -14 ]
[ 9, +5 ]
[ 13, +3 ]
[ 14, -1 ]
[ 15, +4 ]
[ 16, -4 ]
[ 17, -2 ]
[ 18, -2 ]
[ 19, +1 ]
[ 20, -1 ]
[ 21, +1 ]
[ 22, -2 ]
[ 24, +1 ]
[ 27, +1 ]
[ 28, +1 ]
[ 31, -1 ]
[ 40, -1 ]
[ 58292248, -1 ]
[ 58292394, +1 ]
CompactInternTable
CompactInternTable
NextCheckpointIsIncremental: 777 36616 5076524 0.00736586688056631
MustStartFullCheckpoint False
1933641 Caching output 48
NextCheckpointIsIncremental: 43225 1300608 77528452 0.0173334171563235
MustStartFullCheckpoint False
NextCheckpointIsIncremental: 110726 3283193 101507384 0.0334351932466312
MustStartFullCheckpoint False
1937054 Caching output remove 48
Time to process: 00:32:17.8081142
[ 2, -8 ]
[ 3, +27 ]
[ 4, -12 ]
[ 6, -13 ]
[ 7, -7 ]
[ 8, +13 ]
[ 9, +1 ]
[ 10, +1 ]
[ 11, -3 ]
[ 12, +4 ]
[ 13, -5 ]
[ 14, +1 ]
[ 15, -1 ]
[ 16, -4 ]
[ 17, -1 ]
[ 18, +1 ]
[ 19, -3 ]
[ 20, +1 ]
[ 21, +1 ]
[ 23, -2 ]
[ 24, +2 ]
[ 28, +1 ]
[ 33, -1 ]
[ 39, +1 ]
[ 41, -1 ]
[ 58292394, -1 ]
[ 58292502, +1 ]
NextCheckpointIsIncremental: 682 37393 5076524 0.00750021077414388
MustStartFullCheckpoint False
1937718 Caching output 49
NextCheckpointIsIncremental: 21491 1343833 77528452 0.017610618615215
MustStartFullCheckpoint False
CompactInternTable
NextCheckpointIsIncremental: 53804 3393919 101507384 0.0339652433560892
MustStartFullCheckpoint False
CompactInternTable
1965781 Caching output remove 49
Time to process: 00:32:46.5322727
[ 2, -23 ]
[ 3, -7 ]
[ 4, +3 ]
[ 5, +3 ]
[ 6, -3 ]
[ 7, -7 ]
[ 8, +2 ]
[ 9, -2 ]
[ 10, +3 ]
[ 11, +8 ]
[ 12, +4 ]
[ 13, -1 ]
[ 14, +3 ]
[ 15, -3 ]
[ 16, +2 ]
[ 17, -2 ]
[ 18, -1 ]
[ 19, -4 ]
[ 20, +5 ]
[ 21, +1 ]
[ 22, -1 ]
[ 23, -1 ]
[ 25, -1 ]
[ 26, +2 ]
[ 29, +1 ]
[ 30, -1 ]
[ 32, +1 ]
[ 33, -1 ]
[ 34, +1 ]
[ 40, -1 ]
[ 58292467, +1 ]
[ 58292502, -1 ]
CompactInternTable
CompactInternTable
NextCheckpointIsIncremental: 737 38075 5076524 0.00764538885268739
MustStartFullCheckpoint False
1995040 Caching output 50
NextCheckpointIsIncremental: 55823 1365324 77528452 0.0183306510492432
MustStartFullCheckpoint False
NextCheckpointIsIncremental: 144392 3447723 101507384 0.0353877211533695
MustStartFullCheckpoint False
1997620 Caching output remove 50
Time to process: 00:33:18.3713408
[ 2, +13 ]
[ 3, -1 ]
[ 4, -7 ]
[ 5, +3 ]
[ 6, +4 ]
[ 7, -10 ]
[ 8, -3 ]
[ 9, +13 ]
[ 10, -3 ]
[ 11, +4 ]
[ 12, -2 ]
[ 14, +2 ]
[ 15, +1 ]
[ 16, +1 ]
[ 18, -1 ]
[ 19, -2 ]
[ 20, -5 ]
[ 21, +4 ]
[ 22, -1 ]
[ 23, +1 ]
[ 25, +1 ]
[ 27, -3 ]
[ 29, +1 ]
[ 34, -1 ]
[ 35, +1 ]
[ 37, +1 ]
[ 58292458, +1 ]
[ 58292467, -1 ]
Total time 1998371
Getting empty frontier from updates 
NextCheckpointIsIncremental: 0 1421147 77528452 0.0183306510492432
MustStartFullCheckpoint False
NextCheckpointIsIncremental: 0 3592115 101507384 0.0353877211533695
MustStartFullCheckpoint False
NextCheckpointIsIncremental: 0 38812 5076524 0.00764538885268739
MustStartFullCheckpoint False

Unhandled Exception:
System.AggregateException: One or more errors occurred. ---> System.ObjectDisposedException: Cannot access a disposed object.
Object name: 'handle'.
  at System.Runtime.InteropServices.SafeHandle.DangerousReleaseInternal (System.Boolean dispose) [0x00040] in <8f2c484307284b51944a1a13a14c0266>:0 
  at System.Runtime.InteropServices.SafeHandle.DangerousRelease () [0x00000] in <8f2c484307284b51944a1a13a14c0266>:0 
  at System.IO.MonoIO.Flush (System.Runtime.InteropServices.SafeHandle safeHandle, System.IO.MonoIOError& error) [0x00022] in <8f2c484307284b51944a1a13a14c0266>:0 
  at System.IO.FileStream.Flush (System.Boolean flushToDisk) [0x00027] in <8f2c484307284b51944a1a13a14c0266>:0 
  at Microsoft.Research.Naiad.Runtime.FaultTolerance.FileStreamSequence.Flush (System.IO.Stream stream) [0x00007] in <3534641e0b244434b7176e229b3a7262>:0 
  at Microsoft.Research.Naiad.Runtime.FaultTolerance.StreamSequence+<FlushAsync>c__AnonStorey2.<>m__0 (System.Threading.Tasks.Task t) [0x00000] in <3534641e0b244434b7176e229b3a7262>:0 
  at Microsoft.Research.Naiad.Runtime.FaultTolerance.StreamSequence+<AddIO>c__AnonStorey1.<>m__1 (System.Threading.Tasks.Task t) [0x00000] in <3534641e0b244434b7176e229b3a7262>:0 
  at System.Threading.Tasks.ContinuationTaskFromTask.InnerInvoke () [0x00027] in <8f2c484307284b51944a1a13a14c0266>:0 
  at System.Threading.Tasks.Task.Execute () [0x00016] in <8f2c484307284b51944a1a13a14c0266>:0 
   --- End of inner exception stack trace ---
  at System.Threading.Tasks.Task.ThrowIfExceptional (System.Boolean includeTaskCanceledExceptions) [0x00014] in <8f2c484307284b51944a1a13a14c0266>:0 
  at System.Threading.Tasks.Task.Wait (System.Int32 millisecondsTimeout, System.Threading.CancellationToken cancellationToken) [0x00052] in <8f2c484307284b51944a1a13a14c0266>:0 
  at System.Threading.Tasks.Task.Wait () [0x00000] in <8f2c484307284b51944a1a13a14c0266>:0 
  at Microsoft.Research.Naiad.Scheduling.Scheduler.CheckPersistenceQueue () [0x00007] in <3534641e0b244434b7176e229b3a7262>:0 
  at Microsoft.Research.Naiad.Scheduling.Scheduler.InternalStart () [0x00055] in <3534641e0b244434b7176e229b3a7262>:0 
  at System.Threading.ThreadHelper.ThreadStart_Context (System.Object state) [0x00017] in <8f2c484307284b51944a1a13a14c0266>:0 
  at System.Threading.ExecutionContext.RunInternal (System.Threading.ExecutionContext executionContext, System.Threading.ContextCallback callback, System.Object state, System.Boolean preserveSyncCtx) [0x0008d] in <8f2c484307284b51944a1a13a14c0266>:0 
  at System.Threading.ExecutionContext.Run (System.Threading.ExecutionContext executionContext, System.Threading.ContextCallback callback, System.Object state, System.Boolean preserveSyncCtx) [0x00000] in <8f2c484307284b51944a1a13a14c0266>:0 
  at System.Threading.ExecutionContext.Run (System.Threading.ExecutionContext executionContext, System.Threading.ContextCallback callback, System.Object state) [0x00031] in <8f2c484307284b51944a1a13a14c0266>:0 
  at System.Threading.ThreadHelper.ThreadStart () [0x0000b] in <8f2c484307284b51944a1a13a14c0266>:0 
---> (Inner Exception #0) System.ObjectDisposedException: Cannot access a disposed object.
Object name: 'handle'.
  at System.Runtime.InteropServices.SafeHandle.DangerousReleaseInternal (System.Boolean dispose) [0x00040] in <8f2c484307284b51944a1a13a14c0266>:0 
  at System.Runtime.InteropServices.SafeHandle.DangerousRelease () [0x00000] in <8f2c484307284b51944a1a13a14c0266>:0 
  at System.IO.MonoIO.Flush (System.Runtime.InteropServices.SafeHandle safeHandle, System.IO.MonoIOError& error) [0x00022] in <8f2c484307284b51944a1a13a14c0266>:0 
  at System.IO.FileStream.Flush (System.Boolean flushToDisk) [0x00027] in <8f2c484307284b51944a1a13a14c0266>:0 
  at Microsoft.Research.Naiad.Runtime.FaultTolerance.FileStreamSequence.Flush (System.IO.Stream stream) [0x00007] in <3534641e0b244434b7176e229b3a7262>:0 
  at Microsoft.Research.Naiad.Runtime.FaultTolerance.StreamSequence+<FlushAsync>c__AnonStorey2.<>m__0 (System.Threading.Tasks.Task t) [0x00000] in <3534641e0b244434b7176e229b3a7262>:0 
  at Microsoft.Research.Naiad.Runtime.FaultTolerance.StreamSequence+<AddIO>c__AnonStorey1.<>m__1 (System.Threading.Tasks.Task t) [0x00000] in <3534641e0b244434b7176e229b3a7262>:0 
  at System.Threading.Tasks.ContinuationTaskFromTask.InnerInvoke () [0x00027] in <8f2c484307284b51944a1a13a14c0266>:0 
  at System.Threading.Tasks.Task.Execute () [0x00016] in <8f2c484307284b51944a1a13a14c0266>:0 <---

[ERROR] FATAL UNHANDLED EXCEPTION: System.AggregateException: One or more errors occurred. ---> System.ObjectDisposedException: Cannot access a disposed object.
Object name: 'handle'.
  at System.Runtime.InteropServices.SafeHandle.DangerousReleaseInternal (System.Boolean dispose) [0x00040] in <8f2c484307284b51944a1a13a14c0266>:0 
  at System.Runtime.InteropServices.SafeHandle.DangerousRelease () [0x00000] in <8f2c484307284b51944a1a13a14c0266>:0 
  at System.IO.MonoIO.Flush (System.Runtime.InteropServices.SafeHandle safeHandle, System.IO.MonoIOError& error) [0x00022] in <8f2c484307284b51944a1a13a14c0266>:0 
  at System.IO.FileStream.Flush (System.Boolean flushToDisk) [0x00027] in <8f2c484307284b51944a1a13a14c0266>:0 
  at Microsoft.Research.Naiad.Runtime.FaultTolerance.FileStreamSequence.Flush (System.IO.Stream stream) [0x00007] in <3534641e0b244434b7176e229b3a7262>:0 
  at Microsoft.Research.Naiad.Runtime.FaultTolerance.StreamSequence+<FlushAsync>c__AnonStorey2.<>m__0 (System.Threading.Tasks.Task t) [0x00000] in <3534641e0b244434b7176e229b3a7262>:0 
  at Microsoft.Research.Naiad.Runtime.FaultTolerance.StreamSequence+<AddIO>c__AnonStorey1.<>m__1 (System.Threading.Tasks.Task t) [0x00000] in <3534641e0b244434b7176e229b3a7262>:0 
  at System.Threading.Tasks.ContinuationTaskFromTask.InnerInvoke () [0x00027] in <8f2c484307284b51944a1a13a14c0266>:0 
  at System.Threading.Tasks.Task.Execute () [0x00016] in <8f2c484307284b51944a1a13a14c0266>:0 
   --- End of inner exception stack trace ---
  at System.Threading.Tasks.Task.ThrowIfExceptional (System.Boolean includeTaskCanceledExceptions) [0x00014] in <8f2c484307284b51944a1a13a14c0266>:0 
  at System.Threading.Tasks.Task.Wait (System.Int32 millisecondsTimeout, System.Threading.CancellationToken cancellationToken) [0x00052] in <8f2c484307284b51944a1a13a14c0266>:0 
  at System.Threading.Tasks.Task.Wait () [0x00000] in <8f2c484307284b51944a1a13a14c0266>:0 
  at Microsoft.Research.Naiad.Scheduling.Scheduler.CheckPersistenceQueue () [0x00007] in <3534641e0b244434b7176e229b3a7262>:0 
  at Microsoft.Research.Naiad.Scheduling.Scheduler.InternalStart () [0x00055] in <3534641e0b244434b7176e229b3a7262>:0 
  at System.Threading.ThreadHelper.ThreadStart_Context (System.Object state) [0x00017] in <8f2c484307284b51944a1a13a14c0266>:0 
  at System.Threading.ExecutionContext.RunInternal (System.Threading.ExecutionContext executionContext, System.Threading.ContextCallback callback, System.Object state, System.Boolean preserveSyncCtx) [0x0008d] in <8f2c484307284b51944a1a13a14c0266>:0 
  at System.Threading.ExecutionContext.Run (System.Threading.ExecutionContext executionContext, System.Threading.ContextCallback callback, System.Object state, System.Boolean preserveSyncCtx) [0x00000] in <8f2c484307284b51944a1a13a14c0266>:0 
  at System.Threading.ExecutionContext.Run (System.Threading.ExecutionContext executionContext, System.Threading.ContextCallback callback, System.Object state) [0x00031] in <8f2c484307284b51944a1a13a14c0266>:0 
  at System.Threading.ThreadHelper.ThreadStart () [0x0000b] in <8f2c484307284b51944a1a13a14c0266>:0 
---> (Inner Exception #0) System.ObjectDisposedException: Cannot access a disposed object.
Object name: 'handle'.
  at System.Runtime.InteropServices.SafeHandle.DangerousReleaseInternal (System.Boolean dispose) [0x00040] in <8f2c484307284b51944a1a13a14c0266>:0 
  at System.Runtime.InteropServices.SafeHandle.DangerousRelease () [0x00000] in <8f2c484307284b51944a1a13a14c0266>:0 
  at System.IO.MonoIO.Flush (System.Runtime.InteropServices.SafeHandle safeHandle, System.IO.MonoIOError& error) [0x00022] in <8f2c484307284b51944a1a13a14c0266>:0 
  at System.IO.FileStream.Flush (System.Boolean flushToDisk) [0x00027] in <8f2c484307284b51944a1a13a14c0266>:0 
  at Microsoft.Research.Naiad.Runtime.FaultTolerance.FileStreamSequence.Flush (System.IO.Stream stream) [0x00007] in <3534641e0b244434b7176e229b3a7262>:0 
  at Microsoft.Research.Naiad.Runtime.FaultTolerance.StreamSequence+<FlushAsync>c__AnonStorey2.<>m__0 (System.Threading.Tasks.Task t) [0x00000] in <3534641e0b244434b7176e229b3a7262>:0 
  at Microsoft.Research.Naiad.Runtime.FaultTolerance.StreamSequence+<AddIO>c__AnonStorey1.<>m__1 (System.Threading.Tasks.Task t) [0x00000] in <3534641e0b244434b7176e229b3a7262>:0 
  at System.Threading.Tasks.ContinuationTaskFromTask.InnerInvoke () [0x00027] in <8f2c484307284b51944a1a13a14c0266>:0 
  at System.Threading.Tasks.Task.Execute () [0x00016] in <8f2c484307284b51944a1a13a14c0266>:0 <---

_wapi_handle_unref_full: Attempting to unref unused handle 0x13
_wapi_handle_unref_full: Attempting to unref unused handle 0x12
_wapi_handle_unref_full: Attempting to unref unused handle 0x14
_wapi_handle_unref_full: Attempting to unref unused handle 0x16
_wapi_handle_unref_full: Attempting to unref unused handle 0x19
_wapi_handle_unref_full: Attempting to unref unused handle 0x1c
_wapi_handle_unref_full: Attempting to unref unused handle 0x20
_wapi_handle_unref_full: Attempting to unref unused handle 0x22
_wapi_handle_unref_full: Attempting to unref unused handle 0x21
_wapi_handle_unref_full: Attempting to unref unused handle 0x1e
_wapi_handle_unref_full: Attempting to unref unused handle 0x23
_wapi_handle_unref_full: Attempting to unref unused handle 0x25
_wapi_handle_unref_full: Attempting to unref unused handle 0x24
_wapi_handle_unref_full: Attempting to unref unused handle 0x26
_wapi_handle_unref_full: Attempting to unref unused handle 0x27
_wapi_handle_unref_full: Attempting to unref unused handle 0x1b
_wapi_handle_unref_full: Attempting to unref unused handle 0x29
