015.000 AFR 00249692991
000.003 WPR 00249866752
000.003 RBE 00249867662
000.005 WPR 00249868248
000.005 RBE 00249868600
000.002 WPR 00249869040
000.002 RBE 00249869713
000.001 WPR 00249875459
000.001 RBE 00249876066
000.004 AFR 00252679219
000.004 WPR 00252690929
000.004 RBE 00252691561
000.019 AFR 00252727450
000.015 AFR 00253151313
000.020 WPR 00253167396
000.020 RBE 00253167647
000.008 WPR 00253168200
000.015 WPR 00253168400
000.019 WPR 00253168535
000.008 RBE 00253168528
000.017 WPR 00253168539
000.018 WPR 00253168650
000.019 RBE 00253168890
000.017 RBE 00253168921
000.018 RBE 00253169038
000.015 RBE 00253169054
000.006 WPR 00253170327
000.006 RBE 00253170687
000.010 WPR 00253171400
000.010 RBE 00253171780
000.013 WPR 00253171905
000.012 WPR 00253172357
000.013 RBE 00253172572
000.016 WPR 00253172798
000.012 RBE 00253172929
000.016 RBE 00253173203
000.014 WPR 00253173223
000.014 RBE 00253173554
000.009 WPR 00253175100
000.009 RBE 00253175486
000.007 WPR 00253175652
000.007 RBE 00253176048
000.011 WPR 00253176310
000.011 RBE 00253176675
000.024 WPR 00253186389
000.022 WPR 00253186424
000.023 WPR 00253186674
000.021 WPR 00253187021
000.024 RBE 00253187034
000.022 RBE 00253187083
000.023 RBE 00253187332
000.021 RBE 00253187771
000 RTF 253546422
000 REP 0004445 0004446 0048467 0140067 0142421 0143460 0143649 0143893 0143895 0147560 00253983279
000.022 RPR 00254009782
000.023 RPR 00254010884
000.024 RPR 00254015727
000.021 RPR 00254016303
000.003 RPR 00254091254
000.005 RPR 00254095893
000.002 RPR 00254109636
000.004 RPR 00254119144
000.016 RPR 00254119959
000.007 RPR 00254122122
000.018 RPR 00254124085
000.020 RPR 00254124117
000.009 RPR 00254124712
000.014 RPR 00254124871
000.006 RPR 00254127021
000.011 RPR 00254128020
000.013 RPR 00254128773
000.010 RPR 00254128839
000.008 RPR 00254132654
000.017 RPR 00254133424
000.019 RPR 00254136261
000.001 RPR 00254356993
000.012 RPR 00254408659
000.015 RPR 00254421175
012 P 0039998 0041958 1268761 2886988 2887938 2914575 00255919322