00000000102 00000004913 00000024917 00073731939
00000000102 00000004913 00000024917 00073731939
00000000102 00000004913 00000024917 00073731939
00000000102 00000004913 00000024917 00073731939
00000000102 00000004913 00000024917 00073731939
00000000059 00000005871 00000025875 00074684920
00000000059 00000005871 00000025875 00074684920
00000000059 00000005871 00000025875 00074684920
00000000059 00000005871 00000025875 00074684920
00000000059 00000005871 00000025875 00074684920
00000000033 00000006845 00000026849 00075658551
00000000033 00000006845 00000026849 00075658551
00000000033 00000006845 00000026849 00075658551
00000000033 00000006845 00000026849 00075658551
00000000033 00000006845 00000026849 00075658551
00000000020 00000007833 00000027837 00076646838
00000000020 00000007833 00000027837 00076646838
00000000020 00000007833 00000027837 00076646838
00000000020 00000007833 00000027837 00076646838
00000000020 00000007833 00000027837 00076646838
00000000023 00000008836 00000028840 00077649998
00000000023 00000008836 00000028840 00077649998
00000000023 00000008836 00000028840 00077649998
00000000023 00000008836 00000028840 00077649998
00000000023 00000008836 00000028840 00077649998
00000000030 00000009843 00000029847 00078656723
00000000030 00000009843 00000029847 00078656723
00000000030 00000009843 00000029847 00078656723
00000000030 00000009843 00000029847 00078656723
00000000030 00000009843 00000029847 00078656723
00000000031 00000010844 00000030848 00079657913
00000000031 00000010844 00000030848 00079657913
00000000031 00000010844 00000030848 00079657913
00000000031 00000010844 00000030848 00079657913
00000000031 00000010844 00000030848 00079657913
00000000269 00000012082 00000032086 00080896034
00000000269 00000012082 00000032086 00080896034
00000000269 00000012082 00000032086 00080896034
00000000269 00000012082 00000032086 00080896034
00000000269 00000012082 00000032086 00080896034
00000000065 00000012879 00000032883 00081692938
00000000065 00000012879 00000032883 00081692938
00000000065 00000012879 00000032883 00081692938
00000000065 00000012879 00000032883 00081692938
00000000065 00000012879 00000032883 00081692938
00000000205 00000014019 00000034023 00082832796
00000000205 00000014019 00000034023 00082832796
00000000205 00000014019 00000034023 00082832796
00000000205 00000014019 00000034023 00082832796
00000000205 00000014019 00000034023 00082832796
00000000041 00000014855 00000014855 00083669273
00000000041 00000014855 00000014855 00083669273
00000000041 00000014855 00000014855 00083669273
00000000041 00000014855 00000014855 00083669273
00000000041 00000014855 00000014855 00083669273
00000000046 00000015860 00000015860 00084673548
00000000046 00000015860 00000015860 00084673548
00000000046 00000015860 00000015860 00084673548
00000000046 00000015860 00000015860 00084673548
00000000046 00000015860 00000015860 00084673548
00000000050 00000016864 00000016864 00085677990
00000000050 00000016864 00000016864 00085677990
00000000050 00000016864 00000016864 00085677990
00000000050 00000016864 00000016864 00085677990
00000000050 00000016864 00000016864 00085677990
00000000059 00000017874 00000017874 00086687664
00000000059 00000017874 00000017874 00086687664
00000000059 00000017874 00000017874 00086687664
00000000059 00000017874 00000017874 00086687664
00000000059 00000017874 00000017874 00086687664
00000000053 00000018868 00000018868 00087681700
00000000053 00000018868 00000018868 00087681700
00000000053 00000018868 00000018868 00087681700
00000000053 00000018868 00000018868 00087681700
00000000053 00000018868 00000018868 00087681700
00000000024 00000019839 00000019839 00088652780
00000000024 00000019839 00000019839 00088652780
00000000024 00000019839 00000019839 00088652780
00000000024 00000019839 00000019839 00088652780
00000000024 00000019839 00000019839 00088652780
00000000029 00000020844 00000020844 00089657936
00000000029 00000020844 00000020844 00089657936
00000000029 00000020844 00000020844 00089657936
00000000029 00000020844 00000020844 00089657936
00000000029 00000020844 00000020844 00089657936
00000000072 00000021887 00000021887 00090700881
00000000072 00000021887 00000021887 00090700881
00000000072 00000021887 00000021887 00090700881
00000000072 00000021887 00000021887 00090700881
00000000072 00000021887 00000021887 00090700881
00000000063 00000022879 00000022879 00091693173
00000000063 00000022879 00000022879 00091693173
00000000063 00000022879 00000022879 00091693173
00000000063 00000022879 00000022879 00091693173
00000000063 00000022879 00000022879 00091693173
00000000056 00000023872 00000023872 00092686288
00000000056 00000023872 00000023872 00092686288
00000000056 00000023872 00000023872 00092686288
00000000056 00000023872 00000023872 00092686288
00000000056 00000023872 00000023872 00092686288
00000000032 00000024848 00000024848 00093662069
00000000032 00000024848 00000024848 00093662069
00000000032 00000024848 00000024848 00093662069
00000000032 00000024848 00000024848 00093662069
00000000032 00000024848 00000024848 00093662069
00000000035 00000025851 00000025851 00094664969
00000000035 00000025851 00000025851 00094664969
00000000035 00000025851 00000025851 00094664969
00000000035 00000025851 00000025851 00094664969
00000000035 00000025851 00000025851 00094664969
00000000040 00000026856 00000026856 00095669959
00000000040 00000026856 00000026856 00095669959
00000000040 00000026856 00000026856 00095669959
00000000040 00000026856 00000026856 00095669959
00000000040 00000026856 00000026856 00095669959
00000000028 00000027845 00000027845 00096658741
00000000028 00000027845 00000027845 00096658741
00000000028 00000027845 00000027845 00096658741
00000000028 00000027845 00000027845 00096658741
00000000028 00000027845 00000027845 00096658741
00000000049 00000028866 00000028866 00097679539
00000000049 00000028866 00000028866 00097679539
00000000049 00000028866 00000028866 00097679539
00000000049 00000028866 00000028866 00097679539
00000000049 00000028866 00000028866 00097679539
00000000020 00000029837 00000029837 00098651377
00000000020 00000029837 00000029837 00098651377
00000000020 00000029837 00000029837 00098651377
00000000020 00000029837 00000029837 00098651377
00000000020 00000029837 00000029837 00098651377
00000000035 00000030852 00000030852 00099666219
00000000035 00000030852 00000030852 00099666219
00000000035 00000030852 00000030852 00099666219
00000000035 00000030852 00000030852 00099666219
00000000035 00000030852 00000030852 00099666219
00000000301 00000032118 00000032118 00100932484
00000000301 00000032118 00000032118 00100932484
00000000301 00000032118 00000032118 00100932484
00000000301 00000032118 00000032118 00100932484
00000000301 00000032118 00000032118 00100932484
00000000029 00000032846 00000012838 00101659796
00000000029 00000032846 00000012838 00101659796
00000000029 00000032846 00000012838 00101659796
00000000029 00000032846 00000012838 00101659796
00000000029 00000032846 00000012838 00101659796
00000000045 00000033863 00000013855 00102676570
00000000045 00000033863 00000013855 00102676570
00000000045 00000033863 00000013855 00102676570
00000000045 00000033863 00000013855 00102676570
00000000045 00000033863 00000013855 00102676570
00000000042 00000034860 00000014852 00103674193
00000000042 00000034860 00000014852 00103674193
00000000042 00000034860 00000014852 00103674193
00000000042 00000034860 00000014852 00103674193
00000000042 00000034860 00000014852 00103674193
00000000036 00000035860 00000015852 00104673653
00000000036 00000035860 00000015852 00104673653
00000000036 00000035860 00000015852 00104673653
00000000036 00000035860 00000015852 00104673653
00000000036 00000035860 00000015852 00104673653
00000000028 00000036853 00000016845 00105666721
00000000028 00000036853 00000016845 00105666721
00000000028 00000036853 00000016845 00105666721
00000000028 00000036853 00000016845 00105666721
00000000028 00000036853 00000016845 00105666721
00000000052 00000037877 00000017869 00106690716
00000000052 00000037877 00000017869 00106690716
00000000052 00000037877 00000017869 00106690716
00000000052 00000037877 00000017869 00106690716
00000000052 00000037877 00000017869 00106690716
00000000043 00000038868 00000018860 00107681937
00000000043 00000038868 00000018860 00107681937
00000000043 00000038868 00000018860 00107681937
00000000043 00000038868 00000018860 00107681937
00000000043 00000038868 00000018860 00107681937
00000000017 00000039842 00000019834 00108655842
00000000017 00000039842 00000019834 00108655842
00000000017 00000039842 00000019834 00108655842
00000000017 00000039842 00000019834 00108655842
00000000017 00000039842 00000019834 00108655842
00000000053 00000040878 00000020870 00109692095
00000000053 00000040878 00000020870 00109692095
00000000053 00000040878 00000020870 00109692095
00000000053 00000040878 00000020870 00109692095
00000000053 00000040878 00000020870 00109692095
00000000041 00000041866 00000021858 00110679900
00000000041 00000041866 00000021858 00110679900
00000000041 00000041866 00000021858 00110679900
00000000041 00000041866 00000021858 00110679900
00000000041 00000041866 00000021858 00110679900
00000000065 00000042891 00000022883 00111704809
00000000065 00000042891 00000022883 00111704809
00000000065 00000042891 00000022883 00111704809
00000000065 00000042891 00000022883 00111704809
00000000065 00000042891 00000022883 00111704809
00000000038 00000043864 00000023856 00112677938
00000000038 00000043864 00000023856 00112677938
00000000038 00000043864 00000023856 00112677938
00000000038 00000043864 00000023856 00112677938
00000000038 00000043864 00000023856 00112677938
00000000032 00000044858 00000024850 00113671671
00000000032 00000044858 00000024850 00113671671
00000000032 00000044858 00000024850 00113671671
00000000032 00000044858 00000024850 00113671671
00000000032 00000044858 00000024850 00113671671
00000000041 00000045867 00000025859 00114680558
00000000041 00000045867 00000025859 00114680558
00000000041 00000045867 00000025859 00114680558
00000000041 00000045867 00000025859 00114680558
00000000041 00000045867 00000025859 00114680558
00000000046 00000046872 00000026864 00115686332
00000000046 00000046872 00000026864 00115686332
00000000046 00000046872 00000026864 00115686332
00000000046 00000046872 00000026864 00115686332
00000000046 00000046872 00000026864 00115686332
00000000039 00000047866 00000027858 00116679570
00000000039 00000047866 00000027858 00116679570
00000000039 00000047866 00000027858 00116679570
00000000039 00000047866 00000027858 00116679570
00000000039 00000047866 00000027858 00116679570
00000000054 00000048881 00000028873 00117695425
00000000054 00000048881 00000028873 00117695425
00000000054 00000048881 00000028873 00117695425
00000000054 00000048881 00000028873 00117695425
00000000054 00000048881 00000028873 00117695425
00000000049 00000049876 00000029868 00118689616
00000000049 00000049876 00000029868 00118689616
00000000049 00000049876 00000029868 00118689616
00000000049 00000049876 00000029868 00118689616
00000000049 00000049876 00000029868 00118689616
00000000038 00000050865 00000030857 00119679455
00000000038 00000050865 00000030857 00119679455
00000000038 00000050865 00000030857 00119679455
00000000038 00000050865 00000030857 00119679455
00000000038 00000050865 00000030857 00119679455
00000000039 00000051866 00000031858 00120679712
00000000039 00000051866 00000031858 00120679712
00000000039 00000051866 00000031858 00120679712
00000000039 00000051866 00000031858 00120679712
00000000039 00000051866 00000031858 00120679712
00000000021 00000052849 00000012837 00121663103
00000000021 00000052849 00000012837 00121663103
00000000021 00000052849 00000012837 00121663103
00000000021 00000052849 00000012837 00121663103
00000000021 00000052849 00000012837 00121663103
00000000041 00000053869 00000013857 00122683487
00000000041 00000053869 00000013857 00122683487
00000000041 00000053869 00000013857 00122683487
00000000041 00000053869 00000013857 00122683487
00000000041 00000053869 00000013857 00122683487
00000000085 00000054913 00000014901 00123726917
00000000085 00000054913 00000014901 00123726917
00000000085 00000054913 00000014901 00123726917
00000000085 00000054913 00000014901 00123726917
00000000085 00000054913 00000014901 00123726917
00000000030 00000055858 00000015846 00124671708
00000000030 00000055858 00000015846 00124671708
00000000030 00000055858 00000015846 00124671708
00000000030 00000055858 00000015846 00124671708
00000000030 00000055858 00000015846 00124671708
00000000022 00000056850 00000016838 00125664299
00000000022 00000056850 00000016838 00125664299
00000000022 00000056850 00000016838 00125664299
00000000022 00000056850 00000016838 00125664299
00000000022 00000056850 00000016838 00125664299
00000000018 00000057846 00000017834 00126660172
00000000018 00000057846 00000017834 00126660172
00000000018 00000057846 00000017834 00126660172
00000000018 00000057846 00000017834 00126660172
00000000018 00000057846 00000017834 00126660172
00000000051 00000058880 00000018868 00127693885
00000000051 00000058880 00000018868 00127693885
00000000051 00000058880 00000018868 00127693885
00000000051 00000058880 00000018868 00127693885
00000000051 00000058880 00000018868 00127693885
00000000021 00000059850 00000019838 00128663647
00000000021 00000059850 00000019838 00128663647
00000000021 00000059850 00000019838 00128663647
00000000021 00000059850 00000019838 00128663647
00000000021 00000059850 00000019838 00128663647
00000000039 00000060868 00000020856 00129681618
00000000039 00000060868 00000020856 00129681618
00000000039 00000060868 00000020856 00129681618
00000000039 00000060868 00000020856 00129681618
00000000039 00000060868 00000020856 00129681618
00000000070 00000061899 00000021887 00130713285
00000000070 00000061899 00000021887 00130713285
00000000070 00000061899 00000021887 00130713285
00000000070 00000061899 00000021887 00130713285
00000000070 00000061899 00000021887 00130713285
00000000165 00000062994 00000022982 00131808005
00000000165 00000062994 00000022982 00131808005
00000000165 00000062994 00000022982 00131808005
00000000165 00000062994 00000022982 00131808005
00000000165 00000062994 00000022982 00131808005
00000000064 00000063894 00000023882 00132708525
00000000064 00000063894 00000023882 00132708525
00000000064 00000063894 00000023882 00132708525
00000000064 00000063894 00000023882 00132708525
00000000064 00000063894 00000023882 00132708525
00000000035 00000064865 00000024853 00133678778
00000000035 00000064865 00000024853 00133678778
00000000035 00000064865 00000024853 00133678778
00000000035 00000064865 00000024853 00133678778
00000000035 00000064865 00000024853 00133678778
00000000037 00000065867 00000025855 00134680539
00000000037 00000065867 00000025855 00134680539
00000000037 00000065867 00000025855 00134680539
00000000037 00000065867 00000025855 00134680539
00000000037 00000065867 00000025855 00134680539
00000000160 00000066990 00000026978 00135804513
00000000160 00000066990 00000026978 00135804513
00000000160 00000066990 00000026978 00135804513
00000000160 00000066990 00000026978 00135804513
00000000160 00000066990 00000026978 00135804513
00000000030 00000067860 00000027848 00136674266
00000000030 00000067860 00000027848 00136674266
00000000030 00000067860 00000027848 00136674266
00000000030 00000067860 00000027848 00136674266
00000000030 00000067860 00000027848 00136674266
00000000057 00000068888 00000028876 00137702323
00000000057 00000068888 00000028876 00137702323
00000000057 00000068888 00000028876 00137702323
00000000057 00000068888 00000028876 00137702323
00000000057 00000068888 00000028876 00137702323
00000000041 00000069872 00000029860 00138685839
00000000041 00000069872 00000029860 00138685839
00000000041 00000069872 00000029860 00138685839
00000000041 00000069872 00000029860 00138685839
00000000041 00000069872 00000029860 00138685839
00000000023 00000070854 00000030842 00139667690
00000000023 00000070854 00000030842 00139667690
00000000023 00000070854 00000030842 00139667690
00000000023 00000070854 00000030842 00139667690
00000000023 00000070854 00000030842 00139667690
00000000073 00000071904 00000031892 00140718117
00000000073 00000071904 00000031892 00140718117
00000000073 00000071904 00000031892 00140718117
00000000073 00000071904 00000031892 00140718117
00000000073 00000071904 00000031892 00140718117
00000000081 00000072912 00000032900 00141726344
00000000081 00000072912 00000032900 00141726344
00000000081 00000072912 00000032900 00141726344
00000000081 00000072912 00000032900 00141726344
00000000081 00000072912 00000032900 00141726344
00000000065 00000073896 00000033884 00142710174
00000000065 00000073896 00000033884 00142710174
00000000065 00000073896 00000033884 00142710174
00000000065 00000073896 00000033884 00142710174
00000000065 00000073896 00000033884 00142710174
00000000038 00000074873 00000034861 00143687262
00000000038 00000074873 00000034861 00143687262
00000000038 00000074873 00000034861 00143687262
00000000038 00000074873 00000034861 00143687262
00000000038 00000074873 00000034861 00143687262
00000000056 00000075891 00000015876 00144705055
00000000056 00000075891 00000015876 00144705055
00000000056 00000075891 00000015876 00144705055
00000000056 00000075891 00000015876 00144705055
00000000056 00000075891 00000015876 00144705055
00000000032 00000076867 00000016852 00145681076
00000000032 00000076867 00000016852 00145681076
00000000032 00000076867 00000016852 00145681076
00000000032 00000076867 00000016852 00145681076
00000000032 00000076867 00000016852 00145681076
00000000052 00000077887 00000013871 00146700997
00000000052 00000077887 00000013871 00146700997
00000000052 00000077887 00000013871 00146700997
00000000052 00000077887 00000013871 00146700997
00000000052 00000077887 00000013871 00146700997
00000000036 00000078872 00000014856 00147686000
00000000036 00000078872 00000014856 00147686000
00000000036 00000078872 00000014856 00147686000
00000000036 00000078872 00000014856 00147686000
00000000036 00000078872 00000014856 00147686000
00000000041 00000079877 00000015861 00148690836
00000000041 00000079877 00000015861 00148690836
00000000041 00000079877 00000015861 00148690836
00000000041 00000079877 00000015861 00148690836
00000000041 00000079877 00000015861 00148690836
00000000048 00000080884 00000016868 00149697866
00000000048 00000080884 00000016868 00149697866
00000000048 00000080884 00000016868 00149697866
00000000048 00000080884 00000016868 00149697866
00000000048 00000080884 00000016868 00149697866
00000000029 00000081865 00000017849 00150679441
00000000029 00000081865 00000017849 00150679441
00000000029 00000081865 00000017849 00150679441
00000000029 00000081865 00000017849 00150679441
00000000029 00000081865 00000017849 00150679441
00000000043 00000082879 00000018863 00151693181
00000000043 00000082879 00000018863 00151693181
00000000043 00000082879 00000018863 00151693181
00000000043 00000082879 00000018863 00151693181
00000000043 00000082879 00000018863 00151693181
00000000028 00000083871 00000019855 00152684677
00000000028 00000083871 00000019855 00152684677
00000000028 00000083871 00000019855 00152684677
00000000028 00000083871 00000019855 00152684677
00000000028 00000083871 00000019855 00152684677
00000000045 00000084888 00000020872 00153702250
00000000045 00000084888 00000020872 00153702250
00000000045 00000084888 00000020872 00153702250
00000000045 00000084888 00000020872 00153702250
00000000045 00000084888 00000020872 00153702250
00000000029 00000085872 00000021856 00154685957
00000000029 00000085872 00000021856 00154685957
00000000029 00000085872 00000021856 00154685957
00000000029 00000085872 00000021856 00154685957
00000000029 00000085872 00000021856 00154685957
00000000080 00000086923 00000022907 00155736622
00000000080 00000086923 00000022907 00155736622
00000000080 00000086923 00000022907 00155736622
00000000080 00000086923 00000022907 00155736622
00000000080 00000086923 00000022907 00155736622
00000000056 00000087899 00000023883 00156713339
00000000056 00000087899 00000023883 00156713339
00000000056 00000087899 00000023883 00156713339
00000000056 00000087899 00000023883 00156713339
00000000056 00000087899 00000023883 00156713339
00000000071 00000088914 00000024898 00157727567
00000000071 00000088914 00000024898 00157727567
00000000071 00000088914 00000024898 00157727567
00000000071 00000088914 00000024898 00157727567
00000000071 00000088914 00000024898 00157727567
00000000030 00000089874 00000025858 00158687553
00000000030 00000089874 00000025858 00158687553
00000000030 00000089874 00000025858 00158687553
00000000030 00000089874 00000025858 00158687553
00000000030 00000089874 00000025858 00158687553
00000000067 00000090911 00000026895 00159724688
00000000067 00000090911 00000026895 00159724688
00000000067 00000090911 00000026895 00159724688
00000000067 00000090911 00000026895 00159724688
00000000067 00000090911 00000026895 00159724688
00000000038 00000091882 00000027866 00160696138
00000000038 00000091882 00000027866 00160696138
00000000038 00000091882 00000027866 00160696138
00000000038 00000091882 00000027866 00160696138
00000000038 00000091882 00000027866 00160696138
00000000043 00000092887 00000028871 00161700884
00000000043 00000092887 00000028871 00161700884
00000000043 00000092887 00000028871 00161700884
00000000043 00000092887 00000028871 00161700884
00000000043 00000092887 00000028871 00161700884
00000000262 00000094106 00000030090 00162920206
00000000262 00000094106 00000030090 00162920206
00000000262 00000094106 00000030090 00162920206
00000000262 00000094106 00000030090 00162920206
00000000262 00000094106 00000030090 00162920206
00000000051 00000094896 00000030880 00163709874
00000000051 00000094896 00000030880 00163709874
00000000051 00000094896 00000030880 00163709874
00000000051 00000094896 00000030880 00163709874
00000000051 00000094896 00000030880 00163709874
00000000577 00000096422 00000032406 00165236284
00000000577 00000096422 00000032406 00165236284
00000000577 00000096422 00000032406 00165236284
00000000577 00000096422 00000032406 00165236284
00000000577 00000096422 00000032406 00165236284
00000000025 00000036855 00000012851 00165683848
00000000025 00000036855 00000012851 00165683848
00000000025 00000036855 00000012851 00165683848
00000000025 00000036855 00000012851 00165683848
00000000025 00000036855 00000012851 00165683848
00000000037 00000037867 00000013863 00166696285
00000000037 00000037867 00000013863 00166696285
00000000037 00000037867 00000013863 00166696285
00000000037 00000037867 00000013863 00166696285
00000000037 00000037867 00000013863 00166696285
00000000020 00000038850 00000014846 00167678762
00000000020 00000038850 00000014846 00167678762
00000000020 00000038850 00000014846 00167678762
00000000020 00000038850 00000014846 00167678762
00000000020 00000038850 00000014846 00167678762
00000000104 00000039934 00000015930 00168763112
00000000104 00000039934 00000015930 00168763112
00000000104 00000039934 00000015930 00168763112
00000000104 00000039934 00000015930 00168763112
00000000104 00000039934 00000015930 00168763112
00000000033 00000040864 00000016860 00169692829
00000000033 00000040864 00000016860 00169692829
00000000033 00000040864 00000016860 00169692829
00000000033 00000040864 00000016860 00169692829
00000000033 00000040864 00000016860 00169692829
00000000031 00000041862 00000017858 00170691111
00000000031 00000041862 00000017858 00170691111
00000000031 00000041862 00000017858 00170691111
00000000031 00000041862 00000017858 00170691111
00000000031 00000041862 00000017858 00170691111
00000000034 00000042865 00000018861 00171694410
00000000034 00000042865 00000018861 00171694410
00000000034 00000042865 00000018861 00171694410
00000000034 00000042865 00000018861 00171694410
00000000034 00000042865 00000018861 00171694410
00000000029 00000043860 00000019856 00172689438
00000000029 00000043860 00000019856 00172689438
00000000029 00000043860 00000019856 00172689438
00000000029 00000043860 00000019856 00172689438
00000000029 00000043860 00000019856 00172689438
00000000020 00000044851 00000020847 00173679610
00000000020 00000044851 00000020847 00173679610
00000000020 00000044851 00000020847 00173679610
00000000020 00000044851 00000020847 00173679610
00000000020 00000044851 00000020847 00173679610
00000000046 00000045878 00000021874 00174707464
00000000046 00000045878 00000021874 00174707464
00000000046 00000045878 00000021874 00174707464
00000000046 00000045878 00000021874 00174707464
00000000046 00000045878 00000021874 00174707464
00000000040 00000046872 00000022868 00175701229
00000000040 00000046872 00000022868 00175701229
00000000040 00000046872 00000022868 00175701229
00000000040 00000046872 00000022868 00175701229
00000000040 00000046872 00000022868 00175701229
00000000037 00000047869 00000023865 00176698290
00000000037 00000047869 00000023865 00176698290
00000000037 00000047869 00000023865 00176698290
00000000037 00000047869 00000023865 00176698290
00000000037 00000047869 00000023865 00176698290
00000000027 00000048859 00000024855 00177688441
00000000027 00000048859 00000024855 00177688441
00000000027 00000048859 00000024855 00177688441
00000000027 00000048859 00000024855 00177688441
00000000027 00000048859 00000024855 00177688441
00000000024 00000049856 00000025852 00178685426
00000000024 00000049856 00000025852 00178685426
00000000024 00000049856 00000025852 00178685426
00000000024 00000049856 00000025852 00178685426
00000000024 00000049856 00000025852 00178685426
00000000028 00000050861 00000026857 00179689749
00000000028 00000050861 00000026857 00179689749
00000000028 00000050861 00000026857 00179689749
00000000028 00000050861 00000026857 00179689749
00000000028 00000050861 00000026857 00179689749
00000000031 00000051864 00000027860 00180692837
00000000031 00000051864 00000027860 00180692837
00000000031 00000051864 00000027860 00180692837
00000000031 00000051864 00000027860 00180692837
00000000031 00000051864 00000027860 00180692837
00000000018 00000052851 00000028847 00181679669
00000000018 00000052851 00000028847 00181679669
00000000018 00000052851 00000028847 00181679669
00000000018 00000052851 00000028847 00181679669
00000000018 00000052851 00000028847 00181679669
00000000088 00000053921 00000029917 00182750168
00000000088 00000053921 00000029917 00182750168
00000000088 00000053921 00000029917 00182750168
00000000088 00000053921 00000029917 00182750168
00000000088 00000053921 00000029917 00182750168
00000000025 00000054858 00000030854 00183687256
00000000025 00000054858 00000030854 00183687256
00000000025 00000054858 00000030854 00183687256
00000000025 00000054858 00000030854 00183687256
00000000025 00000054858 00000030854 00183687256
00000000038 00000055871 00000031867 00184700477
00000000038 00000055871 00000031867 00184700477
00000000038 00000055871 00000031867 00184700477
00000000038 00000055871 00000031867 00184700477
00000000038 00000055871 00000031867 00184700477
00000000040 00000056874 00000012866 00185702881
00000000040 00000056874 00000012866 00185702881
00000000040 00000056874 00000012866 00185702881
00000000040 00000056874 00000012866 00185702881
00000000040 00000056874 00000012866 00185702881
00000000036 00000057870 00000013862 00186699228
00000000036 00000057870 00000013862 00186699228
00000000036 00000057870 00000013862 00186699228
00000000036 00000057870 00000013862 00186699228
00000000036 00000057870 00000013862 00186699228
00000000047 00000058881 00000014873 00187710043
00000000047 00000058881 00000014873 00187710043
00000000047 00000058881 00000014873 00187710043
00000000047 00000058881 00000014873 00187710043
00000000047 00000058881 00000014873 00187710043
00000000049 00000059883 00000015875 00188711895
00000000049 00000059883 00000015875 00188711895
00000000049 00000059883 00000015875 00188711895
00000000049 00000059883 00000015875 00188711895
00000000049 00000059883 00000015875 00188711895
00000000018 00000060852 00000016844 00189681204
00000000018 00000060852 00000016844 00189681204
00000000018 00000060852 00000016844 00189681204
00000000018 00000060852 00000016844 00189681204
00000000018 00000060852 00000016844 00189681204
00000000025 00000061860 00000017852 00190689090
00000000025 00000061860 00000017852 00190689090
00000000025 00000061860 00000017852 00190689090
00000000025 00000061860 00000017852 00190689090
00000000025 00000061860 00000017852 00190689090
00000000072 00000062907 00000018899 00191736501
00000000072 00000062907 00000018899 00191736501
00000000072 00000062907 00000018899 00191736501
00000000072 00000062907 00000018899 00191736501
00000000072 00000062907 00000018899 00191736501
00000000033 00000063868 00000019860 00192696871
00000000033 00000063868 00000019860 00192696871
00000000033 00000063868 00000019860 00192696871
00000000033 00000063868 00000019860 00192696871
00000000033 00000063868 00000019860 00192696871
00000000038 00000064873 00000020865 00193701571
00000000038 00000064873 00000020865 00193701571
00000000038 00000064873 00000020865 00193701571
00000000038 00000064873 00000020865 00193701571
00000000038 00000064873 00000020865 00193701571
00000000022 00000065857 00000021849 00194686434
00000000022 00000065857 00000021849 00194686434
00000000022 00000065857 00000021849 00194686434
00000000022 00000065857 00000021849 00194686434
00000000022 00000065857 00000021849 00194686434
00000000115 00000066951 00000022943 00195779815
00000000115 00000066951 00000022943 00195779815
00000000115 00000066951 00000022943 00195779815
00000000115 00000066951 00000022943 00195779815
00000000115 00000066951 00000022943 00195779815
00000000038 00000067874 00000023866 00196703480
00000000038 00000067874 00000023866 00196703480
00000000038 00000067874 00000023866 00196703480
00000000038 00000067874 00000023866 00196703480
00000000038 00000067874 00000023866 00196703480
00000000053 00000068889 00000024881 00197717852
00000000053 00000068889 00000024881 00197717852
00000000053 00000068889 00000024881 00197717852
00000000053 00000068889 00000024881 00197717852
00000000053 00000068889 00000024881 00197717852
00000000053 00000069889 00000025881 00198718037
00000000053 00000069889 00000025881 00198718037
00000000053 00000069889 00000025881 00198718037
00000000053 00000069889 00000025881 00198718037
00000000053 00000069889 00000025881 00198718037
00000000032 00000070868 00000026860 00199696548
00000000032 00000070868 00000026860 00199696548
00000000032 00000070868 00000026860 00199696548
00000000032 00000070868 00000026860 00199696548
00000000032 00000070868 00000026860 00199696548
00000000035 00000071871 00000027863 00200699988
00000000035 00000071871 00000027863 00200699988
00000000035 00000071871 00000027863 00200699988
00000000035 00000071871 00000027863 00200699988
00000000035 00000071871 00000027863 00200699988
00000000043 00000072879 00000028871 00201707556
00000000043 00000072879 00000028871 00201707556
00000000043 00000072879 00000028871 00201707556
00000000043 00000072879 00000028871 00201707556
00000000043 00000072879 00000028871 00201707556
00000000278 00000074114 00000030106 00202942931
00000000278 00000074114 00000030106 00202942931
00000000278 00000074114 00000030106 00202942931
00000000278 00000074114 00000030106 00202942931
00000000278 00000074114 00000030106 00202942931
00000000033 00000074869 00000030861 00203697834
00000000033 00000074869 00000030861 00203697834
00000000033 00000074869 00000030861 00203697834
00000000033 00000074869 00000030861 00203697834
00000000033 00000074869 00000030861 00203697834
00000000248 00000076084 00000032076 00204913045
00000000248 00000076084 00000032076 00204913045
00000000248 00000076084 00000032076 00204913045
00000000248 00000076084 00000032076 00204913045
00000000248 00000076084 00000032076 00204913045
00000000026 00000076862 00000012850 00205690898
00000000026 00000076862 00000012850 00205690898
00000000026 00000076862 00000012850 00205690898
00000000026 00000076862 00000012850 00205690898
00000000026 00000076862 00000012850 00205690898
00000000023 00000077860 00000013848 00206689248
00000000023 00000077860 00000013848 00206689248
00000000023 00000077860 00000013848 00206689248
00000000023 00000077860 00000013848 00206689248
00000000023 00000077860 00000013848 00206689248
00000000024 00000078861 00000014849 00207689633
00000000024 00000078861 00000014849 00207689633
00000000024 00000078861 00000014849 00207689633
00000000024 00000078861 00000014849 00207689633
00000000024 00000078861 00000014849 00207689633
00000000019 00000079856 00000015844 00208684751
00000000019 00000079856 00000015844 00208684751
00000000019 00000079856 00000015844 00208684751
00000000019 00000079856 00000015844 00208684751
00000000019 00000079856 00000015844 00208684751
00000000037 00000080874 00000016862 00209703307
00000000037 00000080874 00000016862 00209703307
00000000037 00000080874 00000016862 00209703307
00000000037 00000080874 00000016862 00209703307
00000000037 00000080874 00000016862 00209703307
00000000054 00000081891 00000017879 00210719596
00000000054 00000081891 00000017879 00210719596
00000000054 00000081891 00000017879 00210719596
00000000054 00000081891 00000017879 00210719596
00000000054 00000081891 00000017879 00210719596
00000000054 00000082892 00000018880 00211721255
00000000054 00000082892 00000018880 00211721255
00000000054 00000082892 00000018880 00211721255
00000000054 00000082892 00000018880 00211721255
00000000054 00000082892 00000018880 00211721255
00000000034 00000083872 00000019860 00212701233
00000000034 00000083872 00000019860 00212701233
00000000034 00000083872 00000019860 00212701233
00000000034 00000083872 00000019860 00212701233
00000000034 00000083872 00000019860 00212701233
00000000043 00000084881 00000020869 00213710173
00000000043 00000084881 00000020869 00213710173
00000000043 00000084881 00000020869 00213710173
00000000043 00000084881 00000020869 00213710173
00000000043 00000084881 00000020869 00213710173
00000000078 00000085916 00000021904 00214745192
00000000078 00000085916 00000021904 00214745192
00000000078 00000085916 00000021904 00214745192
00000000078 00000085916 00000021904 00214745192
00000000078 00000085916 00000021904 00214745192
00000000172 00000087010 00000022998 00215839409
00000000172 00000087010 00000022998 00215839409
00000000172 00000087010 00000022998 00215839409
00000000172 00000087010 00000022998 00215839409
00000000172 00000087010 00000022998 00215839409
00000000020 00000087859 00000023847 00216688377
00000000020 00000087859 00000023847 00216688377
00000000020 00000087859 00000023847 00216688377
00000000020 00000087859 00000023847 00216688377
00000000020 00000087859 00000023847 00216688377
00000000048 00000088887 00000024875 00217716428
00000000048 00000088887 00000024875 00217716428
00000000048 00000088887 00000024875 00217716428
00000000048 00000088887 00000024875 00217716428
00000000048 00000088887 00000024875 00217716428
00000000051 00000089890 00000025878 00218719290
00000000051 00000089890 00000025878 00218719290
00000000051 00000089890 00000025878 00218719290
00000000051 00000089890 00000025878 00218719290
00000000051 00000089890 00000025878 00218719290
00000000047 00000090886 00000026874 00219714976
00000000047 00000090886 00000026874 00219714976
00000000047 00000090886 00000026874 00219714976
00000000047 00000090886 00000026874 00219714976
00000000047 00000090886 00000026874 00219714976
00000000052 00000091891 00000027879 00220720176
00000000052 00000091891 00000027879 00220720176
00000000052 00000091891 00000027879 00220720176
00000000052 00000091891 00000027879 00220720176
00000000052 00000091891 00000027879 00220720176
00000000032 00000092871 00000028859 00221699699
00000000032 00000092871 00000028859 00221699699
00000000032 00000092871 00000028859 00221699699
00000000032 00000092871 00000028859 00221699699
00000000032 00000092871 00000028859 00221699699
00000000195 00000094035 00000030023 00222863696
00000000195 00000094035 00000030023 00222863696
00000000195 00000094035 00000030023 00222863696
00000000195 00000094035 00000030023 00222863696
00000000195 00000094035 00000030023 00222863696
00000000039 00000094879 00000030867 00223707751
00000000039 00000094879 00000030867 00223707751
00000000039 00000094879 00000030867 00223707751
00000000039 00000094879 00000030867 00223707751
00000000039 00000094879 00000030867 00223707751
00000000044 00000095884 00000031872 00224713204
00000000044 00000095884 00000031872 00224713204
00000000044 00000095884 00000031872 00224713204
00000000044 00000095884 00000031872 00224713204
00000000044 00000095884 00000031872 00224713204
00000000144 00000096984 00000032972 00225812752
00000000144 00000096984 00000032972 00225812752
00000000144 00000096984 00000032972 00225812752
00000000144 00000096984 00000032972 00225812752
00000000144 00000096984 00000032972 00225812752
00000000023 00000037852 00000013847 00226692513
00000000023 00000037852 00000013847 00226692513
00000000023 00000037852 00000013847 00226692513
00000000023 00000037852 00000013847 00226692513
00000000023 00000037852 00000013847 00226692513
00000000022 00000038852 00000014847 00227691994
00000000022 00000038852 00000014847 00227691994
00000000022 00000038852 00000014847 00227691994
00000000022 00000038852 00000014847 00227691994
00000000022 00000038852 00000014847 00227691994
00000000030 00000039860 00000015855 00228699756
00000000030 00000039860 00000015855 00228699756
00000000030 00000039860 00000015855 00228699756
00000000030 00000039860 00000015855 00228699756
00000000030 00000039860 00000015855 00228699756
00000000016 00000040846 00000016841 00229685989
00000000016 00000040846 00000016841 00229685989
00000000016 00000040846 00000016841 00229685989
00000000016 00000040846 00000016841 00229685989
00000000016 00000040846 00000016841 00229685989
00000000032 00000041862 00000017857 00230702481
00000000032 00000041862 00000017857 00230702481
00000000032 00000041862 00000017857 00230702481
00000000032 00000041862 00000017857 00230702481
00000000032 00000041862 00000017857 00230702481
00000000039 00000042876 00000018871 00231715868
00000000039 00000042876 00000018871 00231715868
00000000039 00000042876 00000018871 00231715868
00000000039 00000042876 00000018871 00231715868
00000000039 00000042876 00000018871 00231715868
00000000037 00000043874 00000019869 00232713671
00000000037 00000043874 00000019869 00232713671
00000000037 00000043874 00000019869 00232713671
00000000037 00000043874 00000019869 00232713671
00000000037 00000043874 00000019869 00232713671
00000000024 00000044861 00000020856 00233700843
00000000024 00000044861 00000020856 00233700843
00000000024 00000044861 00000020856 00233700843
00000000024 00000044861 00000020856 00233700843
00000000024 00000044861 00000020856 00233700843
00000000044 00000045882 00000021877 00234721927
00000000044 00000045882 00000021877 00234721927
00000000044 00000045882 00000021877 00234721927
00000000044 00000045882 00000021877 00234721927
00000000044 00000045882 00000021877 00234721927
00000000098 00000046936 00000022931 00235776144
00000000098 00000046936 00000022931 00235776144
00000000098 00000046936 00000022931 00235776144
00000000098 00000046936 00000022931 00235776144
00000000098 00000046936 00000022931 00235776144
00000000058 00000047896 00000023891 00236735965
00000000058 00000047896 00000023891 00236735965
00000000058 00000047896 00000023891 00236735965
00000000058 00000047896 00000023891 00236735965
00000000058 00000047896 00000023891 00236735965
00000000052 00000048890 00000024885 00237729752
00000000052 00000048890 00000024885 00237729752
00000000052 00000048890 00000024885 00237729752
00000000052 00000048890 00000024885 00237729752
00000000052 00000048890 00000024885 00237729752
00000000066 00000049904 00000025899 00238743648
00000000066 00000049904 00000025899 00238743648
00000000066 00000049904 00000025899 00238743648
00000000066 00000049904 00000025899 00238743648
00000000066 00000049904 00000025899 00238743648
00000000048 00000050887 00000026882 00239726637
00000000048 00000050887 00000026882 00239726637
00000000048 00000050887 00000026882 00239726637
00000000048 00000050887 00000026882 00239726637
00000000048 00000050887 00000026882 00239726637
00000000044 00000051883 00000027878 00240722737
00000000044 00000051883 00000027878 00240722737
00000000044 00000051883 00000027878 00240722737
00000000044 00000051883 00000027878 00240722737
00000000044 00000051883 00000027878 00240722737
00000000032 00000052871 00000028866 00241710709
00000000032 00000052871 00000028866 00241710709
00000000032 00000052871 00000028866 00241710709
00000000032 00000052871 00000028866 00241710709
00000000032 00000052871 00000028866 00241710709
00000000126 00000053965 00000029960 00242805123
00000000126 00000053965 00000029960 00242805123
00000000126 00000053965 00000029960 00242805123
00000000126 00000053965 00000029960 00242805123
00000000126 00000053965 00000029960 00242805123
00000000039 00000054878 00000030873 00243717858
00000000039 00000054878 00000030873 00243717858
00000000039 00000054878 00000030873 00243717858
00000000039 00000054878 00000030873 00243717858
00000000039 00000054878 00000030873 00243717858
00000000042 00000055882 00000031877 00244721914
00000000042 00000055882 00000031877 00244721914
00000000042 00000055882 00000031877 00244721914
00000000042 00000055882 00000031877 00244721914
00000000042 00000055882 00000031877 00244721914
00000000034 00000056874 00000012866 00245714404
00000000034 00000056874 00000012866 00245714404
00000000034 00000056874 00000012866 00245714404
00000000034 00000056874 00000012866 00245714404
00000000034 00000056874 00000012866 00245714404
00000000038 00000057878 00000013870 00246717930
00000000038 00000057878 00000013870 00246717930
00000000038 00000057878 00000013870 00246717930
00000000038 00000057878 00000013870 00246717930
00000000038 00000057878 00000013870 00246717930
00000000024 00000058864 00000014856 00247703669
00000000024 00000058864 00000014856 00247703669
00000000024 00000058864 00000014856 00247703669
00000000024 00000058864 00000014856 00247703669
00000000024 00000058864 00000014856 00247703669
00000000043 00000059883 00000015875 00248722624
00000000043 00000059883 00000015875 00248722624
00000000043 00000059883 00000015875 00248722624
00000000043 00000059883 00000015875 00248722624
00000000043 00000059883 00000015875 00248722624
00000000039 00000060880 00000016872 00249720233
00000000039 00000060880 00000016872 00249720233
00000000039 00000060880 00000016872 00249720233
00000000039 00000060880 00000016872 00249720233
00000000039 00000060880 00000016872 00249720233
00000000046 00000061887 00000017879 00250726638
00000000046 00000061887 00000017879 00250726638
00000000046 00000061887 00000017879 00250726638
00000000046 00000061887 00000017879 00250726638
00000000046 00000061887 00000017879 00250726638
00000000035 00000062876 00000018868 00251715595
00000000035 00000062876 00000018868 00251715595
00000000035 00000062876 00000018868 00251715595
00000000035 00000062876 00000018868 00251715595
00000000035 00000062876 00000018868 00251715595
00000000030 00000063871 00000019863 00252710990
00000000030 00000063871 00000019863 00252710990
00000000030 00000063871 00000019863 00252710990
00000000030 00000063871 00000019863 00252710990
00000000030 00000063871 00000019863 00252710990
00000000724 00000065565 00000021557 00254405459
00000000724 00000065565 00000021557 00254405459
00000000724 00000065565 00000021557 00254405459
00000000724 00000065565 00000021557 00254405459
00000000724 00000065565 00000021557 00254405459
00000000037 00000066557 00000022549 00255397471
00000000037 00000066557 00000022549 00255397471
00000000037 00000066557 00000022549 00255397471
00000000037 00000066557 00000022549 00255397471
00000000037 00000066557 00000022549 00255397471
00000000040 00000067560 00000023552 00256400174
00000000040 00000067560 00000023552 00256400174
00000000040 00000067560 00000023552 00256400174
00000000040 00000067560 00000023552 00256400174
00000000040 00000067560 00000023552 00256400174
00000000082 00000068603 00000024595 00257443494
00000000082 00000068603 00000024595 00257443494
00000000082 00000068603 00000024595 00257443494
00000000082 00000068603 00000024595 00257443494
00000000082 00000068603 00000024595 00257443494
00000000036 00000069557 00000025549 00258396763
00000000036 00000069557 00000025549 00258396763
00000000036 00000069557 00000025549 00258396763
00000000036 00000069557 00000025549 00258396763
00000000036 00000069557 00000025549 00258396763
00000000034 00000070555 00000026547 00259394877
00000000034 00000070555 00000026547 00259394877
00000000034 00000070555 00000026547 00259394877
00000000034 00000070555 00000026547 00259394877
00000000034 00000070555 00000026547 00259394877
00000000041 00000071562 00000027554 00260401687
00000000041 00000071562 00000027554 00260401687
00000000041 00000071562 00000027554 00260401687
00000000041 00000071562 00000027554 00260401687
00000000041 00000071562 00000027554 00260401687
00000000029 00000072550 00000028542 00261389821
00000000029 00000072550 00000028542 00261389821
00000000029 00000072550 00000028542 00261389821
00000000029 00000072550 00000028542 00261389821
00000000029 00000072550 00000028542 00261389821
00000000033 00000073554 00000029546 00262393654
00000000033 00000073554 00000029546 00262393654
00000000033 00000073554 00000029546 00262393654
00000000033 00000073554 00000029546 00262393654
00000000033 00000073554 00000029546 00262393654
00000000056 00000074578 00000030570 00263418533
00000000056 00000074578 00000030570 00263418533
00000000056 00000074578 00000030570 00263418533
00000000056 00000074578 00000030570 00263418533
00000000056 00000074578 00000030570 00263418533
00000000078 00000075600 00000031592 00264440403
00000000078 00000075600 00000031592 00264440403
00000000078 00000075600 00000031592 00264440403
00000000078 00000075600 00000031592 00264440403
00000000078 00000075600 00000031592 00264440403
00000000048 00000076570 00000032562 00265409939
00000000048 00000076570 00000032562 00265409939
00000000048 00000076570 00000032562 00265409939
00000000048 00000076570 00000032562 00265409939
00000000048 00000076570 00000032562 00265409939
00000000070 00000077592 00000033584 00266432070
00000000070 00000077592 00000033584 00266432070
00000000070 00000077592 00000033584 00266432070
00000000070 00000077592 00000033584 00266432070
00000000070 00000077592 00000033584 00266432070
00000000040 00000078562 00000034554 00267402002
00000000040 00000078562 00000034554 00267402002
00000000040 00000078562 00000034554 00267402002
00000000040 00000078562 00000034554 00267402002
00000000040 00000078562 00000034554 00267402002
00000000321 00000079844 00000035836 00268684407
00000000321 00000079844 00000035836 00268684407
00000000321 00000079844 00000035836 00268684407
00000000321 00000079844 00000035836 00268684407
00000000321 00000079844 00000035836 00268684407
00000000027 00000080550 00000036542 00269390060
00000000027 00000080550 00000036542 00269390060
00000000027 00000080550 00000036542 00269390060
00000000027 00000080550 00000036542 00269390060
00000000027 00000080550 00000036542 00269390060
00000000025 00000081548 00000037540 00270387873
00000000025 00000081548 00000037540 00270387873
00000000025 00000081548 00000037540 00270387873
00000000025 00000081548 00000037540 00270387873
00000000025 00000081548 00000037540 00270387873
00000000156 00000082679 00000038671 00271518743
00000000156 00000082679 00000038671 00271518743
00000000156 00000082679 00000038671 00271518743
00000000156 00000082679 00000038671 00271518743
00000000156 00000082679 00000038671 00271518743
00000000020 00000083543 00000039535 00272383401
00000000020 00000083543 00000039535 00272383401
00000000020 00000083543 00000039535 00272383401
00000000020 00000083543 00000039535 00272383401
00000000020 00000083543 00000039535 00272383401
00000000018 00000084542 00000040534 00273381997
00000000018 00000084542 00000040534 00273381997
00000000018 00000084542 00000040534 00273381997
00000000018 00000084542 00000040534 00273381997
00000000018 00000084542 00000040534 00273381997
00000000035 00000085559 00000041551 00274398732
00000000035 00000085559 00000041551 00274398732
00000000035 00000085559 00000041551 00274398732
00000000035 00000085559 00000041551 00274398732
00000000035 00000085559 00000041551 00274398732
00000000021 00000086545 00000022533 00275385183
00000000021 00000086545 00000022533 00275385183
00000000021 00000086545 00000022533 00275385183
00000000021 00000086545 00000022533 00275385183
00000000021 00000086545 00000022533 00275385183
00000000031 00000087555 00000023543 00276395251
00000000031 00000087555 00000023543 00276395251
00000000031 00000087555 00000023543 00276395251
00000000031 00000087555 00000023543 00276395251
00000000031 00000087555 00000023543 00276395251
00000000038 00000088562 00000016549 00277402060
00000000038 00000088562 00000016549 00277402060
00000000038 00000088562 00000016549 00277402060
00000000038 00000088562 00000016549 00277402060
00000000038 00000088562 00000016549 00277402060
00000000034 00000089559 00000017546 00278399141
00000000034 00000089559 00000017546 00278399141
00000000034 00000089559 00000017546 00278399141
00000000034 00000089559 00000017546 00278399141
00000000034 00000089559 00000017546 00278399141
00000000026 00000090551 00000018538 00279391268
00000000026 00000090551 00000018538 00279391268
00000000026 00000090551 00000018538 00279391268
00000000026 00000090551 00000018538 00279391268
00000000026 00000090551 00000018538 00279391268
00000000030 00000091555 00000019542 00280394726
00000000030 00000091555 00000019542 00280394726
00000000030 00000091555 00000019542 00280394726
00000000030 00000091555 00000019542 00280394726
00000000030 00000091555 00000019542 00280394726
00000000031 00000092556 00000020543 00281395608
00000000031 00000092556 00000020543 00281395608
00000000031 00000092556 00000020543 00281395608
00000000031 00000092556 00000020543 00281395608
00000000031 00000092556 00000020543 00281395608
00000000039 00000093564 00000021551 00282404081
00000000039 00000093564 00000021551 00282404081
00000000039 00000093564 00000021551 00282404081
00000000039 00000093564 00000021551 00282404081
00000000039 00000093564 00000021551 00282404081
00000000023 00000094549 00000022536 00283388568
00000000023 00000094549 00000022536 00283388568
00000000023 00000094549 00000022536 00283388568
00000000023 00000094549 00000022536 00283388568
00000000023 00000094549 00000022536 00283388568
00000000025 00000095551 00000023538 00284390797
00000000025 00000095551 00000023538 00284390797
00000000025 00000095551 00000023538 00284390797
00000000025 00000095551 00000023538 00284390797
00000000025 00000095551 00000023538 00284390797
00000000029 00000096555 00000024542 00285395519
00000000029 00000096555 00000024542 00285395519
00000000029 00000096555 00000024542 00285395519
00000000029 00000096555 00000024542 00285395519
00000000029 00000096555 00000024542 00285395519
00000000034 00000097560 00000025547 00286399879
00000000034 00000097560 00000025547 00286399879
00000000034 00000097560 00000025547 00286399879
00000000034 00000097560 00000025547 00286399879
00000000034 00000097560 00000025547 00286399879
00000000020 00000098546 00000026533 00287386346
00000000020 00000098546 00000026533 00287386346
00000000020 00000098546 00000026533 00287386346
00000000020 00000098546 00000026533 00287386346
00000000020 00000098546 00000026533 00287386346
00000000027 00000099553 00000027540 00288393376
00000000027 00000099553 00000027540 00288393376
00000000027 00000099553 00000027540 00288393376
00000000027 00000099553 00000027540 00288393376
00000000027 00000099553 00000027540 00288393376
00000000024 00000100551 00000028538 00289391083
00000000024 00000100551 00000028538 00289391083
00000000024 00000100551 00000028538 00289391083
00000000024 00000100551 00000028538 00289391083
00000000024 00000100551 00000028538 00289391083
00000000028 00000101560 00000029547 00290400530
00000000028 00000101560 00000029547 00290400530
00000000028 00000101560 00000029547 00290400530
00000000028 00000101560 00000029547 00290400530
00000000028 00000101560 00000029547 00290400530
00000000041 00000102573 00000030560 00291413329
00000000041 00000102573 00000030560 00291413329
00000000041 00000102573 00000030560 00291413329
00000000041 00000102573 00000030560 00291413329
00000000041 00000102573 00000030560 00291413329
00000000050 00000103582 00000031569 00292422113
00000000050 00000103582 00000031569 00292422113
00000000050 00000103582 00000031569 00292422113
00000000050 00000103582 00000031569 00292422113
00000000050 00000103582 00000031569 00292422113
00000000039 00000104571 00000032558 00293410664
00000000039 00000104571 00000032558 00293410664
00000000039 00000104571 00000032558 00293410664
00000000039 00000104571 00000032558 00293410664
00000000039 00000104571 00000032558 00293410664
00000000115 00000105648 00000033635 00294487831
00000000115 00000105648 00000033635 00294487831
00000000115 00000105648 00000033635 00294487831
00000000115 00000105648 00000033635 00294487831
00000000115 00000105648 00000033635 00294487831
00000000021 00000046543 00000014531 00295394384
00000000021 00000046543 00000014531 00295394384
00000000021 00000046543 00000014531 00295394384
00000000021 00000046543 00000014531 00295394384
00000000021 00000046543 00000014531 00295394384
00000000045 00000047567 00000015555 00296417606
00000000045 00000047567 00000015555 00296417606
00000000045 00000047567 00000015555 00296417606
00000000045 00000047567 00000015555 00296417606
00000000045 00000047567 00000015555 00296417606
00000000056 00000048578 00000016566 00297428615
00000000056 00000048578 00000016566 00297428615
00000000056 00000048578 00000016566 00297428615
00000000056 00000048578 00000016566 00297428615
00000000056 00000048578 00000016566 00297428615
00000000033 00000049555 00000017543 00298406414
00000000033 00000049555 00000017543 00298406414
00000000033 00000049555 00000017543 00298406414
00000000033 00000049555 00000017543 00298406414
00000000033 00000049555 00000017543 00298406414
00000000034 00000050557 00000018545 00299408188
00000000034 00000050557 00000018545 00299408188
00000000034 00000050557 00000018545 00299408188
00000000034 00000050557 00000018545 00299408188
00000000034 00000050557 00000018545 00299408188
00000000044 00000051567 00000019555 00300417590
00000000044 00000051567 00000019555 00300417590
00000000044 00000051567 00000019555 00300417590
00000000044 00000051567 00000019555 00300417590
00000000044 00000051567 00000019555 00300417590
00000000027 00000052550 00000020538 00301401475
00000000027 00000052550 00000020538 00301401475
00000000027 00000052550 00000020538 00301401475
00000000027 00000052550 00000020538 00301401475
00000000027 00000052550 00000020538 00301401475
00000000056 00000053579 00000021567 00302430200
00000000056 00000053579 00000021567 00302430200
00000000056 00000053579 00000021567 00302430200
00000000056 00000053579 00000021567 00302430200
00000000056 00000053579 00000021567 00302430200
00000000041 00000054564 00000022552 00303415457
00000000041 00000054564 00000022552 00303415457
00000000041 00000054564 00000022552 00303415457
00000000041 00000054564 00000022552 00303415457
00000000041 00000054564 00000022552 00303415457
00000000019 00000055543 00000023531 00304394441
00000000019 00000055543 00000023531 00304394441
00000000019 00000055543 00000023531 00304394441
00000000019 00000055543 00000023531 00304394441
00000000019 00000055543 00000023531 00304394441
00000000034 00000056558 00000024546 00305409227
00000000034 00000056558 00000024546 00305409227
00000000034 00000056558 00000024546 00305409227
00000000034 00000056558 00000024546 00305409227
00000000034 00000056558 00000024546 00305409227
00000000020 00000057544 00000025532 00306394933
00000000020 00000057544 00000025532 00306394933
00000000020 00000057544 00000025532 00306394933
00000000020 00000057544 00000025532 00306394933
00000000020 00000057544 00000025532 00306394933
00000000024 00000058548 00000026536 00307399186
00000000024 00000058548 00000026536 00307399186
00000000024 00000058548 00000026536 00307399186
00000000024 00000058548 00000026536 00307399186
00000000024 00000058548 00000026536 00307399186
00000000027 00000059551 00000027539 00308402496
00000000027 00000059551 00000027539 00308402496
00000000027 00000059551 00000027539 00308402496
00000000027 00000059551 00000027539 00308402496
00000000027 00000059551 00000027539 00308402496
00000000031 00000060555 00000028543 00309405954
00000000031 00000060555 00000028543 00309405954
00000000031 00000060555 00000028543 00309405954
00000000031 00000060555 00000028543 00309405954
00000000031 00000060555 00000028543 00309405954
00000000047 00000061572 00000029560 00310423128
00000000047 00000061572 00000029560 00310423128
00000000047 00000061572 00000029560 00310423128
00000000047 00000061572 00000029560 00310423128
00000000047 00000061572 00000029560 00310423128
00000000041 00000062566 00000030554 00311416793
00000000041 00000062566 00000030554 00311416793
00000000041 00000062566 00000030554 00311416793
00000000041 00000062566 00000030554 00311416793
00000000041 00000062566 00000030554 00311416793
00000000038 00000063563 00000031551 00312414469
00000000038 00000063563 00000031551 00312414469
00000000038 00000063563 00000031551 00312414469
00000000038 00000063563 00000031551 00312414469
00000000038 00000063563 00000031551 00312414469
00000000035 00000064560 00000012544 00313411120
00000000035 00000064560 00000012544 00313411120
00000000035 00000064560 00000012544 00313411120
00000000035 00000064560 00000012544 00313411120
00000000035 00000064560 00000012544 00313411120
00000000060 00000065585 00000013569 00314435996
00000000060 00000065585 00000013569 00314435996
00000000060 00000065585 00000013569 00314435996
00000000060 00000065585 00000013569 00314435996
00000000060 00000065585 00000013569 00314435996
00000000044 00000066570 00000014554 00315420936
00000000044 00000066570 00000014554 00315420936
00000000044 00000066570 00000014554 00315420936
00000000044 00000066570 00000014554 00315420936
00000000044 00000066570 00000014554 00315420936
00000000025 00000067551 00000015535 00316402341
00000000025 00000067551 00000015535 00316402341
00000000025 00000067551 00000015535 00316402341
00000000025 00000067551 00000015535 00316402341
00000000025 00000067551 00000015535 00316402341
00000000027 00000068553 00000016537 00317403998
00000000027 00000068553 00000016537 00317403998
00000000027 00000068553 00000016537 00317403998
00000000027 00000068553 00000016537 00317403998
00000000027 00000068553 00000016537 00317403998
