S[0, 0] 6153.605 15944435
S[0, 1] 5849.632 16649492
S[0, 2] 5066.27 16866339
S[0, 3] 4352.631 17152893
S[0, 4] 3421.031 17223078
S[0, 5] 2420.839 17223078
S[0, 6] 1641.493 17443920
S[0, 7] 1223.624 18026246
S[0, 8] 1288.335 19091158
C[[0, 0], 0] 9620.819 19411648
C[[0, 0], 1] 8628.153 19428014
C[[0, 0], 2] 7650.32 19450391
C[[0, 0], 3] 6685.392 19485654
C[[0, 0], 4] 5710.603 19512651
C[[0, 0], 5] 4743.346 19545586
C[[0, 0], 6] 3743.159 19545586
C[[0, 0], 7] 2742.964 19545586
C[[0, 0], 8] 1742.762 19545586
S[0, 9] 1336.962 20139959
C[[0, 0], 9] 1491.815 20294812
S[0, 10] 1343.107 21146276
C[[0, 0], 10] 1515.947 21319115
S[0, 11] 1339.701 22143047
C[[0, 0], 11] 1522.486 22325832
S[0, 12] 1326.621 23130136
C[[0, 0], 12] 1493.799 23297314
S[0, 13] 1333.022 24136719
C[[0, 0], 13] 1454.387 24258084
S[0, 14] 496.709 24300581
C[[0, 0], 14] 1483.952 25287824
S[0, 15] 505.043 25309085
C[[0, 0], 15] 1495.623 26299664
S[0, 16] 525.08 26329886
C[[0, 0], 16] 1503.231 27308036
S[0, 17] 519.703 27324679
C[[0, 0], 17] 1502.254 28307230
S[0, 18] 1309.33 29114503
C[[0, 0], 18] 1524.121 29329294
S[0, 19] 1496.756 30302114
C[[0, 0], 19] 2130.865 30936223
S[0, 20] 1510.991 31316523
C[[0, 1], 0] 1900.085 31705617
S[0, 21] 1526.402 32332974
C[[0, 1], 1] 1868.163 32674735
S[0, 22] 1545.605 33352363
C[[0, 1], 2] 1862.765 33669522
S[0, 23] 1554.64 34361580
C[[0, 1], 3] 1839.448 34646389
S[0, 24] 2458.606 36265755
C[[0, 1], 4] 2458.732 36265882
S[0, 25] 1952.242 36759600
C[[0, 1], 5] 2482.147 37289505
CS[0, 0] 27819.627 7803.327 37608856
S[0, 26] 1835.609 37643156
C[[0, 1], 6] 1867.159 37674706
S[0, 27] 1439.075 38246836
C[[0, 1], 7] 1747.111 38554872
S[0, 28] 1444.707 39252663
C[[0, 1], 8] 1826.742 39634698
S[0, 29] 1488.62 40296757
C[[0, 1], 9] 1858.089 40666227
S[0, 30] 1346.909 41155223
C[[0, 1], 10] 1637.456 41445770
S[0, 31] 1520.241 42328739
C[[0, 1], 11] 1819.394 42627892
S[0, 32] 1334.413 43143104
C[[0, 1], 12] 1659.963 43468655
S[0, 33] 1499.476 44308343
C[[0, 1], 13] 1913.853 44722720
S[0, 34] 1528.696 45337760
C[[0, 1], 14] 1866.499 45675563
S[0, 35] 1562.914 46372154
C[[0, 1], 15] 1858.061 46667301
S[0, 36] 1535.829 47345244
C[[0, 1], 16] 1823.948 47633363
S[0, 37] 1333.106 48142717
C[[0, 1], 17] 1660.337 48469949
S[0, 38] 1489.324 49299122
C[[0, 1], 18] 1837.364 49647162
S[0, 39] 1523.814 50333793
C[[0, 1], 19] 1824.748 50634727
S[0, 40] 1515.68 51325841
C[[0, 2], 0] 1814.597 51624758
S[0, 41] 1529.464 52339818
C[[0, 2], 1] 1887.202 52697556
S[0, 42] 1548.693 53359222
C[[0, 2], 2] 1802.89 53613419
S[0, 43] 829.573 53640285
S[0, 44] 918.794 54729687
C[[0, 2], 3] 2792.356 55603068
C[[0, 2], 4] 1792.175 55603068
S[0, 45] 1309.563 56120642
S[0, 46] 1715.492 57526750
C[[0, 2], 5] 2737.252 57548331
C[[0, 2], 6] 1829.452 57640710
S[0, 47] 1516.275 58327738
C[[0, 2], 7] 1780.426 58591889
S[0, 48] 1866.65 59678305
CS[0, 1] 29872.858 9868.229 59678390
C[[0, 2], 8] 1922.638 59734293
S[0, 49] 1531.772 60343602
C[[0, 2], 9] 1864.833 60676663
S[0, 50] 1522.667 61334681
C[[0, 2], 10] 1842.387 61654401
S[0, 51] 1537.242 62349430
C[[0, 2], 11] 1844.398 62656586
S[0, 52] 1524.227 63336597
C[[0, 2], 12] 1870.523 63682893
S[0, 53] 1533.887 64346449
C[[0, 2], 13] 1848.736 64661298
S[0, 54] 1559.595 65372336
C[[0, 2], 14] 1847.315 65660057
S[0, 55] 1289.888 66102818
S[0, 56] 1493.567 67306679
C[[0, 2], 15] 2855.521 67668451
C[[0, 2], 16] 1855.339 67668451
S[0, 57] 1343.263 68156548
S[0, 58] 1527.691 69341159
C[[0, 2], 17] 2653.395 69466680
C[[0, 2], 18] 1930.023 69743491
S[0, 59] 1508.223 70321870
C[[0, 2], 19] 2881.574 71695222
C[[0, 3], 0] 2724.127 72537951
S[1, 0] 3139.953 72953777
S[1, 1] 2753.815 73572973
SS0 63821.994 3796.138 73609956
S[1, 2] 1802.723 73622044
C[[0, 3], 1] 2831.349 73650508
C[[0, 3], 2] 1831.186 73650508
S[1, 3] 1580.145 74399685
S[1, 4] 854.629 74674355
C[[0, 3], 3] 2630.712 75450252
C[[0, 3], 4] 1742.835 75562561
S[1, 5] 861.734 75681639
C[[0, 3], 5] 1785.949 76605854
S[1, 6] 1316.465 77136564
C[[0, 3], 6] 1698.52 77518619
S[1, 7] 1500.002 78320277
C[[0, 3], 7] 1889.792 78710067
S[1, 8] 1568.852 79389316
S[1, 9] 1918.619 80739265
C[[0, 3], 9] 2075.512 80896158
C[[0, 3], 8] 3075.694 80896158
S[1, 10] 1734.847 81555673
C[[0, 3], 10] 1814.629 81635455
CS[0, 2] 32936.406 12932.743 82746566
S[1, 11] 1996.025 82817035
C[[0, 3], 11] 1996.109 82817119
S[1, 12] 1739.712 83560905
C[[0, 3], 12] 1815.539 83636731
S[1, 13] 1742.677 84564043
C[[0, 3], 13] 1830.255 84651622
S[1, 14] 1764.822 85586367
C[[0, 3], 14] 1810.245 85631790
S[1, 15] 1775.738 86597458
C[[0, 3], 15] 1816.865 86638585
S[1, 16] 1777.511 87599418
C[[0, 3], 16] 1821.07 87642977
S[1, 17] 1746.686 88568776
C[[0, 3], 17] 1804.445 88626535
S[1, 18] 1437.418 89259682
C[[0, 3], 18] 1772.359 89594624
S[1, 19] 835.607 89658059
C[[0, 3], 19] 1601.68 90424132
S[1, 20] 878.373 90701005
C[[0, 4], 0] 1860.637 91683268
S[1, 21] 1410.695 92233516
C[[0, 4], 1] 1827.804 92650625
S[1, 22] 1409.137 93232135
C[[0, 4], 2] 1755.379 93578377
S[1, 23] 882.707 93705880
C[[0, 4], 3] 1652.227 94475400
S[1, 24] 858.032 94681394
C[[0, 4], 4] 1813.56 95636922
S[1, 25] 873.089 95696632
C[[0, 4], 5] 1609.931 96433474
S[1, 26] 1493.982 97317711
C[[0, 4], 6] 1823.633 97647362
S[1, 27] 1539.729 98363646
C[[0, 4], 7] 1797.778 98621695
S[1, 28] 1566.022 99390117
C[[0, 4], 8] 1650.446 99474541
S[1, 29] 1732.139 100556420
C[[0, 4], 9] 1797.679 100621961
CS[0, 3] 31118.893 11110.086 100932717
S[1, 30] 1589.015 101413483
C[[0, 4], 10] 1648.614 101473082
S[1, 31] 1405.287 102229934
C[[0, 4], 11] 1820.047 102644694
S[1, 32] 1420.138 103244964
C[[0, 4], 12] 1784.719 103609545
S[1, 33] 1415.446 104240457
C[[0, 4], 13] 1819.751 104644762
S[1, 34] 1434.521 105259725
C[[0, 4], 14] 1655.373 105480577
S[1, 35] 1425.859 106251253
C[[0, 4], 15] 1798.391 106623785
S[1, 36] 1425.501 107251074
C[[0, 4], 16] 1615.198 107440772
S[1, 37] 1413.235 108239003
C[[0, 4], 17] 1788.071 108613839
S[1, 38] 1452.901 109278854
C[[0, 4], 18] 1773.75 109599703
S[1, 39] 1503.299 110329440
C[[0, 4], 19] 1889.807 110715948
S[1, 40] 1748.164 111574485
C[[0, 5], 0] 1860.461 111686782
S[1, 41] 1755.063 112581566
C[[0, 5], 1] 1795.643 112622146
S[1, 42] 1720.909 113547590
C[[0, 5], 2] 1824.246 113650927
S[1, 43] 1571.628 114398492
S[1, 44] 875.721 114702760
C[[0, 5], 3] 2808.068 115634932
C[[0, 5], 4] 1807.892 115634932
S[1, 45] 886.246 115713479
C[[0, 5], 5] 1782.012 116609245
S[1, 46] 1279.202 117105650
C[[0, 5], 6] 1854.493 117680941
S[1, 47] 1397.643 118224269
C[[0, 5], 7] 1807.604 118634231
S[1, 48] 1721.093 119547912
C[[0, 5], 8] 1771.987 119598806
S[1, 49] 1404.713 120231723
C[[0, 5], 9] 1829.633 120656643
CS[0, 4] 31588.425 11584.735 121411056
S[1, 50] 1643.566 121470765
C[[0, 5], 10] 1765.502 121592700
S[1, 51] 1484.972 122312362
C[[0, 5], 11] 1848.268 122675658
S[1, 52] 1527.812 123355378
C[[0, 5], 12] 1869.023 123696589
S[1, 53] 1743.415 124571161
C[[0, 5], 13] 1813.111 124640858
S[1, 54] 1737.554 125565485
C[[0, 5], 14] 1761.493 125589424
S[1, 55] 1706.36 126534472
C[[0, 5], 15] 1787.382 126615494
S[1, 56] 1761.945 127590241
C[[0, 5], 16] 1850.299 127678594
S[1, 57] 1709.152 128537635
C[[0, 5], 17] 1783.178 128611661
S[1, 58] 1399.425 129228092
S[1, 59] 1283.432 130112286
C[[0, 5], 19] 1810.844 130639698
C[[0, 5], 18] 2811.03 130639698
S[2, 0] 924.903 130753943
C[[0, 6], 0] 1901.53 131730570
S[2, 1] 1761.949 132591183
C[[0, 6], 1] 1799.299 132628533
SS1 63068.604 3053.388 132882428
S[2, 2] 1399.277 133228688
C[[0, 6], 2] 1759.916 133589327
S[2, 3] 1480.445 134310032
C[[0, 6], 3] 1794.505 134624092
S[2, 4] 1486.877 135316650
C[[1, 0], 0] 2056.24 135886013
S[2, 5] 1748.271 136578270
C[[1, 0], 1] 1799.259 136629258
S[2, 6] 1774.581 137604768
C[[1, 0], 2] 1845.219 137675405
S[2, 7] 1763.022 138593391
C[[1, 0], 3] 1813.92 138644289
S[2, 8] 1754.766 139585315
C[[1, 0], 4] 1794.84 139625389
S[2, 9] 1867.897 140698629
C[[1, 0], 5] 1867.981 140698713
S[2, 10] 1406.575 141237488
C[[1, 0], 6] 1895.549 141726462
C[[1, 0], 7] 1848.836 142679940
S[2, 11] 1848.912 142680016
S[2, 12] 1472 143303291
C[[1, 0], 8] 1801.935 143633226
CS[0, 5] 34215.173 14212.454 144041494
S[2, 13] 1401.798 144233304
S[2, 14] 1535.701 145367406
C[[1, 0], 10] 1827.898 145659603
C[[1, 0], 9] 2828.097 145659603
CS[0, 6] 16615.764 12615.031 146444804
S[2, 15] 1681.757 146513651
C[[1, 0], 11] 1857.672 146689566
S[2, 16] 1497.912 147329988
S[2, 17] 1586.535 148418795
C[[1, 0], 12] 2637.017 148469093
S[2, 18] 1736.174 149568618
C[[1, 0], 13] 2814.924 149647184
C[[1, 0], 14] 1814.74 149647184
S[2, 19] 1573.242 150405844
S[2, 20] 1412.783 151245571
C[[1, 0], 16] 1812.853 151645641
C[[1, 0], 15] 2813.039 151645641
S[2, 21] 1423.164 152256131
C[[1, 0], 17] 1808.675 152641642
S[2, 22] 1394.773 153227935
C[[1, 0], 18] 1780.697 153613859
S[2, 23] 1282.155 154115504
C[[1, 0], 19] 1737.842 154571191
S[2, 24] 1430.778 155264306
C[[1, 1], 0] 1824.795 155658322
S[2, 25] 1423.191 156256905
C[[1, 1], 1] 1619.938 156453653
S[2, 26] 879.57 156713464
C[[1, 1], 2] 1893.798 157727692
S[2, 27] 964.996 157799078
C[[1, 1], 3] 1790.126 158624208
S[2, 28] 1286.559 159120816
C[[1, 1], 4] 1824.961 159659218
S[2, 29] 1429.463 160263905
C[[1, 1], 5] 1791.074 160625516
S[2, 30] 1477.803 161312427
C[[1, 1], 6] 1849.944 161684568
S[2, 31] 1722.698 162557478
C[[1, 1], 7] 1783.464 162618243
S[2, 32] 1743.651 163578629
C[[1, 1], 8] 1862.474 163697452
S[2, 33] 1724.248 164559407
C[[1, 1], 9] 1794.997 164630156
CS[1, 0] 31406.636 11402.881 165236409
S[2, 34] 1494.321 165329671
C[[1, 1], 10] 1691.693 165527043
S[2, 35] 1411.397 166246936
C[[1, 1], 11] 1793.206 166628745
S[2, 36] 1430.334 167266055
C[[1, 1], 12] 1803.996 167639718
S[2, 37] 1414.872 168250770
S[2, 38] 1407.176 169243268
C[[1, 1], 13] 2638.486 169474384
C[[1, 1], 14] 1773.494 169609585
S[2, 39] 1419.519 170255796
S[2, 40] 1415.757 171252223
C[[1, 1], 15] 2633.472 171469750
C[[1, 1], 16] 1757.59 171594056
S[2, 41] 1415.553 172252223
S[2, 42] 1467.955 173304809
C[[1, 1], 17] 2679.298 173515968
C[[1, 1], 18] 1781.931 173618785
S[2, 43] 1476.357 174313396
C[[1, 1], 19] 1776.523 174613562
S[2, 44] 1711.859 175549076
C[[1, 2], 0] 1773.658 175610875
S[2, 45] 1648.34 176485743
S[2, 46] 1413.796 177251390
C[[1, 2], 1] 2624.225 177461628
S[2, 47] 1405.399 178243178
C[[1, 2], 2] 2619.302 178456897
C[[1, 2], 3] 1792.423 178630202
S[2, 48] 1409.042 179247008
C[[1, 2], 4] 1719.378 179557344
S[2, 49] 1437.74 180275862
S[2, 50] 1389.154 181227458
C[[1, 2], 5] 2610.929 181449052
C[[1, 2], 6] 1816.712 181655016
S[2, 51] 1398.854 182237338
C[[1, 2], 7] 1911.81 182750294
S[2, 52] 1403.203 183241865
C[[1, 2], 8] 1737.865 183576527
S[2, 53] 1467.121 184305970
C[[1, 2], 9] 1787.66 184626509
CS[1, 1] 31543.561 11539.872 185377089
S[2, 54] 1614.987 185454024
C[[1, 2], 10] 2643.811 186482848
S[2, 55] 1694.04 186533253
C[[1, 2], 11] 1773.006 186612219
S[2, 56] 1596.33 187435723
S[2, 57] 1419.245 188258981
C[[1, 2], 12] 2656.973 188496367
C[[1, 2], 13] 1834.007 188673743
S[2, 58] 1427.771 189267711
C[[1, 2], 14] 1781.211 189621150
S[2, 59] 1476.939 190317056
C[[1, 2], 15] 1839.4 190679517
S[3, 0] 969.214 190809506
C[[1, 2], 16] 1805.962 191646254
S[3, 1] 1747.275 192587758
C[[1, 2], 17] 1793.159 192633642
SS2 63251.586 3240.334 193080625
S[3, 2] 1736.973 193577641
C[[1, 2], 18] 1825.034 193665702
S[3, 3] 1475.102 194315953
C[[1, 2], 19] 1794.469 194635320
S[3, 4] 1715.234 195556269
C[[2, 0], 0] 1859.518 195700553
S[3, 5] 1413.808 196255029
S[3, 6] 862.191 196703603
C[[2, 0], 2] 1759.281 197600692
C[[2, 0], 1] 2759.471 197600692
S[3, 7] 876.38 197717975
C[[2, 0], 3] 1763.578 198605172
S[3, 8] 876.387 198718157
S[3, 9] 893.633 199735589
C[[2, 0], 5] 1746.958 200588914
C[[2, 0], 4] 2747.145 200588914
S[3, 10] 877.755 200719897
C[[2, 0], 6] 1660.612 201502754
S[3, 11] 894.782 201737105
C[[2, 0], 7] 1847.523 202689847
S[3, 12] 1499.997 203342504
C[[2, 0], 8] 1798.401 203640908
S[3, 13] 1489.382 204332043
CS[1, 3] 10978.571 10978.571 204819606
CS[1, 2] 30982.389 10978.571 204819606
C[[2, 0], 9] 2041.568 204884229
S[3, 14] 1645.174 205488050
S[3, 15] 1701.469 206544531
C[[2, 0], 11] 1788.192 206631254
C[[2, 0], 10] 2788.378 206631254
S[3, 16] 1754.419 207597660
C[[2, 0], 12] 1793.969 207637210
S[3, 17] 1692.446 208535903
C[[2, 0], 13] 1762.495 208605952
S[3, 18] 1593.68 209437327
S[3, 19] 1396.446 210240273
C[[2, 0], 14] 2784.31 210627957
C[[2, 0], 15] 1816.656 210660482
S[3, 20] 1418.344 211262347
S[3, 21] 1422.634 212266826
C[[2, 0], 16] 2688.291 212532294
C[[2, 0], 17] 1787.836 212632027
S[3, 22] 1486.61 213330980
C[[2, 0], 18] 1790.219 213634589
S[3, 23] 1338.938 214183498
C[[2, 0], 19] 2739.144 215583704
S[3, 24] 1795.723 215640464
C[[2, 1], 0] 1935.333 215780074
S[3, 25] 1732.707 216577630
C[[2, 1], 1] 1793.884 216638807
S[3, 26] 1708.037 217553138
C[[2, 1], 2] 1828.405 217673506
S[3, 27] 848.875 217694154
S[3, 28] 874.012 218719473
C[[2, 1], 3] 2731.687 219576966
C[[2, 1], 4] 1790.212 219635673
S[3, 29] 869.477 219715113
C[[2, 1], 5] 1806.636 220652272
S[3, 30] 874.486 220720302
C[[2, 1], 6] 1807.824 221653640
S[3, 31] 875.334 221721334
C[[2, 1], 7] 1824.884 222670884
S[3, 32] 1482.977 223329160
C[[2, 1], 8] 1806.161 223652344
S[3, 33] 1703.638 224550002
C[[2, 1], 9] 1807.187 224653551
S[3, 34] 1868.537 225715088
CS[2, 0] 31952.7 11948.994 225793735
S[3, 35] 1462.459 226309188
C[[2, 1], 11] 1768.21 226614939
C[[2, 1], 10] 2768.388 226614939
S[3, 36] 1406.197 227253111
C[[2, 1], 12] 1679.189 227526103
S[3, 37] 1398.358 228245451
C[[2, 1], 13] 1810.141 228657234
S[3, 38] 1446.075 229293351
C[[2, 1], 14] 1765.768 229613044
S[3, 39] 1406.621 230254108
C[[2, 1], 15] 1783.93 230631417
S[3, 40] 1398.248 231245917
C[[2, 1], 16] 1824.416 231672084
S[3, 41] 1406.865 232254710
C[[2, 1], 17] 1813.935 232661780
S[3, 42] 1493.521 233341553
C[[2, 1], 18] 1796.64 233644672
S[3, 43] 1336.196 234184410
C[[2, 1], 19] 1620.74 234468954
S[3, 44] 1731.083 235579486
C[[2, 2], 0] 1902.673 235751076
S[3, 45] 1822.432 236671019
C[[2, 2], 1] 1854.106 236702694
S[3, 46] 1798.507 237647281
C[[2, 2], 2] 1836.264 237685038
S[3, 47] 1766.162 238615113
C[[2, 2], 3] 1788.158 238637109
S[3, 48] 874.697 238723832
C[[2, 2], 4] 1852.16 239701295
S[3, 49] 1766.257 240615580
C[[2, 2], 5] 1795.673 240644996
S[3, 50] 854.354 240703859
C[[2, 2], 6] 1771.946 241621451
S[3, 51] 879.461 241729148
C[[2, 2], 7] 1788.385 242638072
S[3, 52] 990.45 242840311
S[3, 53] 1291.715 244141765
C[[2, 2], 8] 2730.794 244580654
CS[2, 1] 31550.309 11546.647 245395049
S[3, 54] 1596.377 245446633
C[[2, 2], 9] 2727.341 245577391
C[[2, 2], 10] 1767.337 245617593
S[3, 55] 1468.791 246319231
C[[2, 2], 11] 1799.369 246649809
S[3, 56] 1687.855 247538470
C[[2, 2], 12] 1783.003 247633617
S[3, 57] 1426.231 248277037
S[3, 58] 1415.395 249266381
C[[2, 2], 13] 2802.232 249653039
C[[2, 2], 14] 1802.053 249653039
S[3, 59] 3788.916 252640083
C[[2, 2], 15] 9409.917 258261085
C[[2, 3], 0] 5215.524 259067620
C[[2, 2], 19] 6215.709 259067620
C[[2, 2], 17] 8216.079 259067620
C[[2, 2], 18] 7215.888 259067620
C[[2, 2], 16] 9216.266 259067620
C[[2, 3], 2] 3791.378 259643813
C[[2, 3], 1] 4791.566 259643813
S[4, 0] 9972.769 259824123
S[4, 1] 9015.978 259867519
S[4, 2] 8015.787 259867519
S[4, 6] 4070.452 259922887
S[4, 5] 5070.64 259922887
S[4, 4] 6070.791 259922887
S[4, 3] 7070.976 259922887
S[4, 7] 3070.265 259922887
S[4, 8] 2437.492 260290303
S[4, 9] 1616.452 260469441
C[[2, 3], 4] 2663.402 260516213
C[[2, 3], 3] 3663.591 260516213
S[4, 10] 1488.394 261341564
SS3 71771.58 11760.518 261611872
C[[2, 3], 5] 2862.594 261715583
C[[2, 3], 6] 1881.882 261735052
S[4, 11] 1527.479 262380830
C[[2, 3], 7] 1804.204 262657555
S[4, 12] 1839.714 263693248
C[[3, 0], 0] 1839.794 263693328
S[4, 13] 1782.836 264636547
C[[3, 0], 1] 1825.586 264679298
S[4, 14] 1590.397 265444293
S[4, 15] 1525.487 266379563
C[[3, 0], 3] 1754.386 266608463
C[[3, 0], 2] 2754.568 266608463
S[4, 16] 1761.184 267615451
C[[3, 0], 4] 1761.232 267615500
S[4, 17] 1830.077 268684534
S[4, 18] 1396.847 269251493
C[[3, 0], 5] 3042.015 269896472
C[[3, 0], 6] 2041.826 269896472
S[4, 19] 1397.953 270252778
C[[3, 0], 7] 1876.242 270731067
S[4, 20] 1427.318 271282352
C[[3, 0], 8] 1771.111 271626145
S[4, 21] 1496.362 272351599
C[[3, 0], 9] 1777.56 272632797
S[4, 22] 1679.795 273535214
C[[3, 0], 10] 1723.701 273579120
S[4, 23] 1597.082 274452675
CS[2, 2] 41015.673 21011.98 274864076
S[4, 24] 1391.762 275247542
C[[3, 0], 12] 1841.678 275697458
C[[3, 0], 11] 2841.865 275697458
S[4, 25] 2083.861 276945926
CS[2, 3] 23093.92 15092.482 276946016
S[4, 26] 1731.909 277594159
C[[3, 0], 14] 1779.637 277641887
C[[3, 0], 13] 2779.822 277641887
S[4, 27] 1676.454 278538885
C[[3, 0], 15] 1775.278 278637708
S[4, 28] 1595.705 279458323
C[[3, 0], 16] 1668.866 279531484
S[4, 29] 1460.042 280322834
C[[3, 0], 17] 1769.602 280632394
S[4, 30] 1492.088 281355062
C[[3, 0], 18] 1845.93 281708904
S[4, 31] 1496.042 282359200
C[[3, 0], 19] 1791.577 282654736
S[4, 32] 1731.239 283594607
C[[3, 1], 0] 1800.24 283663608
C[[3, 1], 1] 1765.178 284628731
S[4, 33] 1765.259 284628812
S[4, 34] 1693.27 285556998
C[[3, 1], 2] 1751.552 285615280
S[4, 35] 1437.109 286301024
C[[3, 1], 3] 1664.931 286528846
S[4, 36] 1410.715 287274804
C[[3, 1], 4] 1691.453 287555543
S[4, 37] 1635.883 288500155
C[[3, 1], 5] 1664.129 288528402
S[4, 38] 1702.772 289567233
C[[3, 1], 6] 1760.2 289624661
S[4, 39] 1592.96 290457602
C[[3, 1], 7] 1718.049 290582691
S[4, 40] 1440.941 291305772
C[[3, 1], 8] 1878.329 291743160
S[4, 41] 1711.382 292576389
C[[3, 1], 9] 1811.821 292676828
S[4, 42] 1737.42 293602602
C[[3, 1], 10] 1777.424 293642605
CS[3, 0] 32582.104 12572.27 294435638
S[4, 43] 1708.496 294573864
C[[3, 1], 11] 1747.054 294612422
S[4, 44] 1706.804 295572343
C[[3, 1], 12] 1785.466 295651005
S[4, 45] 1594.274 296459994
C[[3, 1], 13] 1719.734 296585454
S[4, 46] 1499.488 297365390
C[[3, 1], 14] 1759.489 297625390
S[4, 47] 1596.49 298462567
C[[3, 1], 15] 1686.653 298552730
S[4, 48] 1707.848 299574110
C[[3, 1], 16] 1777.223 299643485
S[4, 49] 1606.519 300472975
C[[3, 1], 17] 1667.254 300533710
S[4, 50] 1500.509 301367149
C[[3, 1], 18] 1794.481 301661120
S[4, 51] 1485.83 302352646
C[[3, 1], 19] 1807.819 302674636
S[4, 52] 1756.213 303623215
C[[3, 2], 0] 1930.128 303797130
S[4, 53] 1714.271 304581451
C[[3, 2], 1] 1805.58 304672760
S[4, 54] 1684.411 305551784
C[[3, 2], 2] 1743.077 305610450
S[4, 55] 1414.694 306282244
S[4, 56] 1435.987 307303719
C[[3, 2], 3] 2674.253 307541803
C[[3, 2], 4] 1873.931 307741663
S[4, 57] 1407.057 308274976
C[[3, 2], 5] 1870.257 308738176
S[4, 58] 1399.449 309267552
C[[3, 2], 6] 1819.107 309687210
S[4, 59] 1490.792 310359070
S[5, 0] 1070.66 310939118
C[[3, 2], 7] 2070.923 310939201
C[[3, 2], 8] 1977.315 311845773
CS[3, 1] 30928.025 10924.391 312791393
S[5, 1] 1995.167 312863811
C[[3, 2], 9] 1995.231 312863876
SS4 63136.418 3119.314 312987772
S[5, 2] 1825.65 313694480
C[[3, 2], 10] 1898.026 313766856
S[5, 3] 1468.543 314337568
C[[3, 2], 11] 1764.06 314633085
S[5, 4] 1434.097 315303308
S[5, 5] 1402.193 316271580
C[[4, 0], 0] 2655.804 316525015
S[5, 6] 1405.112 317274681
C[[4, 0], 1] 2626.064 317495451
