00000000131 00000003417 00000023427 00072210678
00000000131 00000003417 00000023427 00072210678
00000000131 00000003417 00000023427 00072210678
00000000131 00000003417 00000023427 00072210678
00000000131 00000003417 00000023427 00072210678
00000000024 00000004311 00000024321 00073101757
00000000024 00000004311 00000024321 00073101757
00000000024 00000004311 00000024321 00073101757
00000000024 00000004311 00000024321 00073101757
00000000024 00000004311 00000024321 00073101757
00000000023 00000005311 00000025321 00074102416
00000000023 00000005311 00000025321 00074102416
00000000023 00000005311 00000025321 00074102416
00000000023 00000005311 00000025321 00074102416
00000000023 00000005311 00000025321 00074102416
00000000060 00000006348 00000026358 00075138550
00000000060 00000006348 00000026358 00075138550
00000000060 00000006348 00000026358 00075138550
00000000060 00000006348 00000026358 00075138550
00000000060 00000006348 00000026358 00075138550
00000000032 00000007320 00000007320 00076111428
00000000032 00000007320 00000007320 00076111428
00000000032 00000007320 00000007320 00076111428
00000000032 00000007320 00000007320 00076111428
00000000032 00000007320 00000007320 00076111428
00000000022 00000008310 00000008310 00077101054
00000000022 00000008310 00000008310 00077101054
00000000022 00000008310 00000008310 00077101054
00000000022 00000008310 00000008310 00077101054
00000000022 00000008310 00000008310 00077101054
00000000024 00000009312 00000009312 00078102910
00000000024 00000009312 00000009312 00078102910
00000000024 00000009312 00000009312 00078102910
00000000024 00000009312 00000009312 00078102910
00000000024 00000009312 00000009312 00078102910
00000000022 00000010311 00000010311 00079102172
00000000022 00000010311 00000010311 00079102172
00000000022 00000010311 00000010311 00079102172
00000000022 00000010311 00000010311 00079102172
00000000022 00000010311 00000010311 00079102172
00000000033 00000011322 00000011322 00080113410
00000000033 00000011322 00000011322 00080113410
00000000033 00000011322 00000011322 00080113410
00000000033 00000011322 00000011322 00080113410
00000000033 00000011322 00000011322 00080113410
00000000030 00000012319 00000012319 00081110234
00000000030 00000012319 00000012319 00081110234
00000000030 00000012319 00000012319 00081110234
00000000030 00000012319 00000012319 00081110234
00000000030 00000012319 00000012319 00081110234
00000000053 00000013342 00000013342 00082133301
00000000053 00000013342 00000013342 00082133301
00000000053 00000013342 00000013342 00082133301
00000000053 00000013342 00000013342 00082133301
00000000053 00000013342 00000013342 00082133301
00000000038 00000014327 00000014327 00083117702
00000000038 00000014327 00000014327 00083117702
00000000038 00000014327 00000014327 00083117702
00000000038 00000014327 00000014327 00083117702
00000000038 00000014327 00000014327 00083117702
00000000036 00000015326 00000015326 00084116703
00000000036 00000015326 00000015326 00084116703
00000000036 00000015326 00000015326 00084116703
00000000036 00000015326 00000015326 00084116703
00000000036 00000015326 00000015326 00084116703
00000000049 00000016339 00000016339 00085129837
00000000049 00000016339 00000016339 00085129837
00000000049 00000016339 00000016339 00085129837
00000000049 00000016339 00000016339 00085129837
00000000049 00000016339 00000016339 00085129837
00000000022 00000017312 00000017312 00086103131
00000000022 00000017312 00000017312 00086103131
00000000022 00000017312 00000017312 00086103131
00000000022 00000017312 00000017312 00086103131
00000000022 00000017312 00000017312 00086103131
00000000050 00000018340 00000018340 00087130662
00000000050 00000018340 00000018340 00087130662
00000000050 00000018340 00000018340 00087130662
00000000050 00000018340 00000018340 00087130662
00000000050 00000018340 00000018340 00087130662
00000000028 00000019319 00000019319 00088110177
00000000028 00000019319 00000019319 00088110177
00000000028 00000019319 00000019319 00088110177
00000000028 00000019319 00000019319 00088110177
00000000028 00000019319 00000019319 00088110177
00000000036 00000020327 00000020327 00089118194
00000000036 00000020327 00000020327 00089118194
00000000036 00000020327 00000020327 00089118194
00000000036 00000020327 00000020327 00089118194
00000000036 00000020327 00000020327 00089118194
00000000073 00000021364 00000021364 00090154577
00000000073 00000021364 00000021364 00090154577
00000000073 00000021364 00000021364 00090154577
00000000073 00000021364 00000021364 00090154577
00000000073 00000021364 00000021364 00090154577
00000000027 00000022318 00000022318 00091108714
00000000027 00000022318 00000022318 00091108714
00000000027 00000022318 00000022318 00091108714
00000000027 00000022318 00000022318 00091108714
00000000027 00000022318 00000022318 00091108714
00000000042 00000023333 00000023333 00092124078
00000000042 00000023333 00000023333 00092124078
00000000042 00000023333 00000023333 00092124078
00000000042 00000023333 00000023333 00092124078
00000000042 00000023333 00000023333 00092124078
00000000016 00000024308 00000024308 00093099249
00000000016 00000024308 00000024308 00093099249
00000000016 00000024308 00000024308 00093099249
00000000016 00000024308 00000024308 00093099249
00000000016 00000024308 00000024308 00093099249
00000000176 00000025468 00000025468 00094259504
00000000176 00000025468 00000025468 00094259504
00000000176 00000025468 00000025468 00094259504
00000000176 00000025468 00000025468 00094259504
00000000176 00000025468 00000025468 00094259504
00000000078 00000026370 00000026370 00095160597
00000000078 00000026370 00000026370 00095160597
00000000078 00000026370 00000026370 00095160597
00000000078 00000026370 00000026370 00095160597
00000000078 00000026370 00000026370 00095160597
00000000020 00000027312 00000007307 00096102598
00000000020 00000027312 00000007307 00096102598
00000000020 00000027312 00000007307 00096102598
00000000020 00000027312 00000007307 00096102598
00000000020 00000027312 00000007307 00096102598
00000000021 00000028313 00000008308 00097103526
00000000021 00000028313 00000008308 00097103526
00000000021 00000028313 00000008308 00097103526
00000000021 00000028313 00000008308 00097103526
00000000021 00000028313 00000008308 00097103526
00000000023 00000029316 00000009311 00098107312
00000000023 00000029316 00000009311 00098107312
00000000023 00000029316 00000009311 00098107312
00000000023 00000029316 00000009311 00098107312
00000000023 00000029316 00000009311 00098107312
00000000028 00000030321 00000010316 00099111634
00000000028 00000030321 00000010316 00099111634
00000000028 00000030321 00000010316 00099111634
00000000028 00000030321 00000010316 00099111634
00000000028 00000030321 00000010316 00099111634
00000000020 00000031313 00000011308 00100104085
00000000020 00000031313 00000011308 00100104085
00000000020 00000031313 00000011308 00100104085
00000000020 00000031313 00000011308 00100104085
00000000020 00000031313 00000011308 00100104085
00000000021 00000032314 00000012309 00101105193
00000000021 00000032314 00000012309 00101105193
00000000021 00000032314 00000012309 00101105193
00000000021 00000032314 00000012309 00101105193
00000000021 00000032314 00000012309 00101105193
00000000016 00000033309 00000013304 00102099822
00000000016 00000033309 00000013304 00102099822
00000000016 00000033309 00000013304 00102099822
00000000016 00000033309 00000013304 00102099822
00000000016 00000033309 00000013304 00102099822
00000000014 00000034308 00000014303 00103098788
00000000014 00000034308 00000014303 00103098788
00000000014 00000034308 00000014303 00103098788
00000000014 00000034308 00000014303 00103098788
00000000014 00000034308 00000014303 00103098788
00000000036 00000035330 00000015325 00104120870
00000000036 00000035330 00000015325 00104120870
00000000036 00000035330 00000015325 00104120870
00000000036 00000035330 00000015325 00104120870
00000000036 00000035330 00000015325 00104120870
00000000045 00000036339 00000016334 00105130521
00000000045 00000036339 00000016334 00105130521
00000000045 00000036339 00000016334 00105130521
00000000045 00000036339 00000016334 00105130521
00000000045 00000036339 00000016334 00105130521
00000000040 00000037334 00000017329 00106124959
00000000040 00000037334 00000017329 00106124959
00000000040 00000037334 00000017329 00106124959
00000000040 00000037334 00000017329 00106124959
00000000040 00000037334 00000017329 00106124959
00000000031 00000038325 00000018320 00107115772
00000000031 00000038325 00000018320 00107115772
00000000031 00000038325 00000018320 00107115772
00000000031 00000038325 00000018320 00107115772
00000000031 00000038325 00000018320 00107115772
00000000035 00000039329 00000019324 00108119929
00000000035 00000039329 00000019324 00108119929
00000000035 00000039329 00000019324 00108119929
00000000035 00000039329 00000019324 00108119929
00000000035 00000039329 00000019324 00108119929
00000000017 00000040312 00000020307 00109103018
00000000017 00000040312 00000020307 00109103018
00000000017 00000040312 00000020307 00109103018
00000000017 00000040312 00000020307 00109103018
00000000017 00000040312 00000020307 00109103018
00000000044 00000041339 00000021334 00110129787
00000000044 00000041339 00000021334 00110129787
00000000044 00000041339 00000021334 00110129787
00000000044 00000041339 00000021334 00110129787
00000000044 00000041339 00000021334 00110129787
00000000033 00000042328 00000022323 00111118566
00000000033 00000042328 00000022323 00111118566
00000000033 00000042328 00000022323 00111118566
00000000033 00000042328 00000022323 00111118566
00000000033 00000042328 00000022323 00111118566
00000000094 00000043389 00000023384 00112180123
00000000094 00000043389 00000023384 00112180123
00000000094 00000043389 00000023384 00112180123
00000000094 00000043389 00000023384 00112180123
00000000094 00000043389 00000023384 00112180123
00000000035 00000044330 00000024325 00113120653
00000000035 00000044330 00000024325 00113120653
00000000035 00000044330 00000024325 00113120653
00000000035 00000044330 00000024325 00113120653
00000000035 00000044330 00000024325 00113120653
00000000081 00000045377 00000025372 00114168479
00000000081 00000045377 00000025372 00114168479
00000000081 00000045377 00000025372 00114168479
00000000081 00000045377 00000025372 00114168479
00000000081 00000045377 00000025372 00114168479
00000000022 00000046318 00000006309 00115109113
00000000022 00000046318 00000006309 00115109113
00000000022 00000046318 00000006309 00115109113
00000000022 00000046318 00000006309 00115109113
00000000022 00000046318 00000006309 00115109113
00000000033 00000047329 00000007320 00116119738
00000000033 00000047329 00000007320 00116119738
00000000033 00000047329 00000007320 00116119738
00000000033 00000047329 00000007320 00116119738
00000000033 00000047329 00000007320 00116119738
00000000021 00000048317 00000008308 00117107766
00000000021 00000048317 00000008308 00117107766
00000000021 00000048317 00000008308 00117107766
00000000021 00000048317 00000008308 00117107766
00000000021 00000048317 00000008308 00117107766
00000000028 00000049324 00000009315 00118115376
00000000028 00000049324 00000009315 00118115376
00000000028 00000049324 00000009315 00118115376
00000000028 00000049324 00000009315 00118115376
00000000028 00000049324 00000009315 00118115376
00000000022 00000050319 00000010310 00119109643
00000000022 00000050319 00000010310 00119109643
00000000022 00000050319 00000010310 00119109643
00000000022 00000050319 00000010310 00119109643
00000000022 00000050319 00000010310 00119109643
00000000026 00000051323 00000011314 00120114227
00000000026 00000051323 00000011314 00120114227
00000000026 00000051323 00000011314 00120114227
00000000026 00000051323 00000011314 00120114227
00000000026 00000051323 00000011314 00120114227
00000000039 00000052336 00000012327 00121127397
00000000039 00000052336 00000012327 00121127397
00000000039 00000052336 00000012327 00121127397
00000000039 00000052336 00000012327 00121127397
00000000039 00000052336 00000012327 00121127397
00000000036 00000053333 00000013324 00122124157
00000000036 00000053333 00000013324 00122124157
00000000036 00000053333 00000013324 00122124157
00000000036 00000053333 00000013324 00122124157
00000000036 00000053333 00000013324 00122124157
00000000037 00000054334 00000014325 00123125248
00000000037 00000054334 00000014325 00123125248
00000000037 00000054334 00000014325 00123125248
00000000037 00000054334 00000014325 00123125248
00000000037 00000054334 00000014325 00123125248
00000000016 00000055314 00000015305 00124104966
00000000016 00000055314 00000015305 00124104966
00000000016 00000055314 00000015305 00124104966
00000000016 00000055314 00000015305 00124104966
00000000016 00000055314 00000015305 00124104966
00000000042 00000056340 00000016331 00125131023
00000000042 00000056340 00000016331 00125131023
00000000042 00000056340 00000016331 00125131023
00000000042 00000056340 00000016331 00125131023
00000000042 00000056340 00000016331 00125131023
00000000036 00000057334 00000017325 00126125490
00000000036 00000057334 00000017325 00126125490
00000000036 00000057334 00000017325 00126125490
00000000036 00000057334 00000017325 00126125490
00000000036 00000057334 00000017325 00126125490
00000000020 00000058318 00000018309 00127109325
00000000020 00000058318 00000018309 00127109325
00000000020 00000058318 00000018309 00127109325
00000000020 00000058318 00000018309 00127109325
00000000020 00000058318 00000018309 00127109325
00000000017 00000059315 00000019306 00128106378
00000000017 00000059315 00000019306 00128106378
00000000017 00000059315 00000019306 00128106378
00000000017 00000059315 00000019306 00128106378
00000000017 00000059315 00000019306 00128106378
00000000023 00000060321 00000020312 00129111679
00000000023 00000060321 00000020312 00129111679
00000000023 00000060321 00000020312 00129111679
00000000023 00000060321 00000020312 00129111679
00000000023 00000060321 00000020312 00129111679
00000000093 00000061392 00000021383 00130183058
00000000093 00000061392 00000021383 00130183058
00000000093 00000061392 00000021383 00130183058
00000000093 00000061392 00000021383 00130183058
00000000093 00000061392 00000021383 00130183058
00000000049 00000062348 00000022339 00131138849
00000000049 00000062348 00000022339 00131138849
00000000049 00000062348 00000022339 00131138849
00000000049 00000062348 00000022339 00131138849
00000000049 00000062348 00000022339 00131138849
00000000061 00000063360 00000023351 00132151376
00000000061 00000063360 00000023351 00132151376
00000000061 00000063360 00000023351 00132151376
00000000061 00000063360 00000023351 00132151376
00000000061 00000063360 00000023351 00132151376
00000000246 00000064545 00000024536 00133336020
00000000246 00000064545 00000024536 00133336020
00000000246 00000064545 00000024536 00133336020
00000000246 00000064545 00000024536 00133336020
00000000246 00000064545 00000024536 00133336020
00000000170 00000065469 00000025460 00134259828
00000000170 00000065469 00000025460 00134259828
00000000170 00000065469 00000025460 00134259828
00000000170 00000065469 00000025460 00134259828
00000000170 00000065469 00000025460 00134259828
00000000029 00000066329 00000006317 00135119741
00000000029 00000066329 00000006317 00135119741
00000000029 00000066329 00000006317 00135119741
00000000029 00000066329 00000006317 00135119741
00000000029 00000066329 00000006317 00135119741
00000000108 00000067408 00000007396 00136198687
00000000108 00000067408 00000007396 00136198687
00000000108 00000067408 00000007396 00136198687
00000000108 00000067408 00000007396 00136198687
00000000108 00000067408 00000007396 00136198687
00000000022 00000068322 00000005309 00137113422
00000000022 00000068322 00000005309 00137113422
00000000022 00000068322 00000005309 00137113422
00000000022 00000068322 00000005309 00137113422
00000000022 00000068322 00000005309 00137113422
00000000042 00000069342 00000006329 00138132706
00000000042 00000069342 00000006329 00138132706
00000000042 00000069342 00000006329 00138132706
00000000042 00000069342 00000006329 00138132706
00000000042 00000069342 00000006329 00138132706
00000000032 00000070332 00000007319 00139122743
00000000032 00000070332 00000007319 00139122743
00000000032 00000070332 00000007319 00139122743
00000000032 00000070332 00000007319 00139122743
00000000032 00000070332 00000007319 00139122743
00000000031 00000071332 00000008319 00140123062
00000000031 00000071332 00000008319 00140123062
00000000031 00000071332 00000008319 00140123062
00000000031 00000071332 00000008319 00140123062
00000000031 00000071332 00000008319 00140123062
00000000043 00000072344 00000009331 00141134775
00000000043 00000072344 00000009331 00141134775
00000000043 00000072344 00000009331 00141134775
00000000043 00000072344 00000009331 00141134775
00000000043 00000072344 00000009331 00141134775
00000000021 00000073322 00000010309 00142113018
00000000021 00000073322 00000010309 00142113018
00000000021 00000073322 00000010309 00142113018
00000000021 00000073322 00000010309 00142113018
00000000021 00000073322 00000010309 00142113018
00000000024 00000074325 00000011312 00143115858
00000000024 00000074325 00000011312 00143115858
00000000024 00000074325 00000011312 00143115858
00000000024 00000074325 00000011312 00143115858
00000000024 00000074325 00000011312 00143115858
00000000025 00000075326 00000012313 00144117319
00000000025 00000075326 00000012313 00144117319
00000000025 00000075326 00000012313 00144117319
00000000025 00000075326 00000012313 00144117319
00000000025 00000075326 00000012313 00144117319
00000000013 00000076315 00000013302 00145106183
00000000013 00000076315 00000013302 00145106183
00000000013 00000076315 00000013302 00145106183
00000000013 00000076315 00000013302 00145106183
00000000013 00000076315 00000013302 00145106183
00000000015 00000077317 00000014304 00146108453
00000000015 00000077317 00000014304 00146108453
00000000015 00000077317 00000014304 00146108453
00000000015 00000077317 00000014304 00146108453
00000000015 00000077317 00000014304 00146108453
00000000019 00000078321 00000015308 00147111592
00000000019 00000078321 00000015308 00147111592
00000000019 00000078321 00000015308 00147111592
00000000019 00000078321 00000015308 00147111592
00000000019 00000078321 00000015308 00147111592
00000000035 00000079337 00000016324 00148127653
00000000035 00000079337 00000016324 00148127653
00000000035 00000079337 00000016324 00148127653
00000000035 00000079337 00000016324 00148127653
00000000035 00000079337 00000016324 00148127653
00000000024 00000080326 00000017313 00149117059
00000000024 00000080326 00000017313 00149117059
00000000024 00000080326 00000017313 00149117059
00000000024 00000080326 00000017313 00149117059
00000000024 00000080326 00000017313 00149117059
00000000032 00000081334 00000018321 00150124684
00000000032 00000081334 00000018321 00150124684
00000000032 00000081334 00000018321 00150124684
00000000032 00000081334 00000018321 00150124684
00000000032 00000081334 00000018321 00150124684
00000000021 00000082324 00000019311 00151115166
00000000021 00000082324 00000019311 00151115166
00000000021 00000082324 00000019311 00151115166
00000000021 00000082324 00000019311 00151115166
00000000021 00000082324 00000019311 00151115166
00000000020 00000083323 00000020310 00152113939
00000000020 00000083323 00000020310 00152113939
00000000020 00000083323 00000020310 00152113939
00000000020 00000083323 00000020310 00152113939
00000000020 00000083323 00000020310 00152113939
00000000039 00000084342 00000021329 00153132636
00000000039 00000084342 00000021329 00153132636
00000000039 00000084342 00000021329 00153132636
00000000039 00000084342 00000021329 00153132636
00000000039 00000084342 00000021329 00153132636
00000000019 00000085322 00000022309 00154112829
00000000019 00000085322 00000022309 00154112829
00000000019 00000085322 00000022309 00154112829
00000000019 00000085322 00000022309 00154112829
00000000019 00000085322 00000022309 00154112829
00000000016 00000086319 00000023306 00155110057
00000000016 00000086319 00000023306 00155110057
00000000016 00000086319 00000023306 00155110057
00000000016 00000086319 00000023306 00155110057
00000000016 00000086319 00000023306 00155110057
00000000020 00000087324 00000024311 00156114990
00000000020 00000087324 00000024311 00156114990
00000000020 00000087324 00000024311 00156114990
00000000020 00000087324 00000024311 00156114990
00000000020 00000087324 00000024311 00156114990
00000000061 00000088365 00000025352 00157156291
00000000061 00000088365 00000025352 00157156291
00000000061 00000088365 00000025352 00157156291
00000000061 00000088365 00000025352 00157156291
00000000061 00000088365 00000025352 00157156291
00000000030 00000029322 00000006311 00158125471
00000000030 00000029322 00000006311 00158125471
00000000030 00000029322 00000006311 00158125471
00000000030 00000029322 00000006311 00158125471
00000000030 00000029322 00000006311 00158125471
00000000029 00000030321 00000007310 00159123679
00000000029 00000030321 00000007310 00159123679
00000000029 00000030321 00000007310 00159123679
00000000029 00000030321 00000007310 00159123679
00000000029 00000030321 00000007310 00159123679
00000000041 00000031333 00000008322 00160136398
00000000041 00000031333 00000008322 00160136398
00000000041 00000031333 00000008322 00160136398
00000000041 00000031333 00000008322 00160136398
00000000041 00000031333 00000008322 00160136398
00000000030 00000032322 00000009311 00161124538
00000000030 00000032322 00000009311 00161124538
00000000030 00000032322 00000009311 00161124538
00000000030 00000032322 00000009311 00161124538
00000000030 00000032322 00000009311 00161124538
00000000033 00000033326 00000010315 00162129054
00000000033 00000033326 00000010315 00162129054
00000000033 00000033326 00000010315 00162129054
00000000033 00000033326 00000010315 00162129054
00000000033 00000033326 00000010315 00162129054
00000000029 00000034322 00000011311 00163125306
00000000029 00000034322 00000011311 00163125306
00000000029 00000034322 00000011311 00163125306
00000000029 00000034322 00000011311 00163125306
00000000029 00000034322 00000011311 00163125306
00000000034 00000035327 00000012316 00164129727
00000000034 00000035327 00000012316 00164129727
00000000034 00000035327 00000012316 00164129727
00000000034 00000035327 00000012316 00164129727
00000000034 00000035327 00000012316 00164129727
00000000023 00000036316 00000013305 00165119297
00000000023 00000036316 00000013305 00165119297
00000000023 00000036316 00000013305 00165119297
00000000023 00000036316 00000013305 00165119297
00000000023 00000036316 00000013305 00165119297
00000000024 00000037317 00000014306 00166120100
00000000024 00000037317 00000014306 00166120100
00000000024 00000037317 00000014306 00166120100
00000000024 00000037317 00000014306 00166120100
00000000024 00000037317 00000014306 00166120100
00000000017 00000038317 00000015306 00167119890
00000000017 00000038317 00000015306 00167119890
00000000017 00000038317 00000015306 00167119890
00000000017 00000038317 00000015306 00167119890
00000000017 00000038317 00000015306 00167119890
00000000025 00000039325 00000016314 00168128158
00000000025 00000039325 00000016314 00168128158
00000000025 00000039325 00000016314 00168128158
00000000025 00000039325 00000016314 00168128158
00000000025 00000039325 00000016314 00168128158
00000000030 00000040330 00000017319 00169133163
00000000030 00000040330 00000017319 00169133163
00000000030 00000040330 00000017319 00169133163
00000000030 00000040330 00000017319 00169133163
00000000030 00000040330 00000017319 00169133163
00000000024 00000041324 00000018313 00170126610
00000000024 00000041324 00000018313 00170126610
00000000024 00000041324 00000018313 00170126610
00000000024 00000041324 00000018313 00170126610
00000000024 00000041324 00000018313 00170126610
00000000023 00000042323 00000019312 00171125568
00000000023 00000042323 00000019312 00171125568
00000000023 00000042323 00000019312 00171125568
00000000023 00000042323 00000019312 00171125568
00000000023 00000042323 00000019312 00171125568
00000000033 00000043333 00000020322 00172136416
00000000033 00000043333 00000020322 00172136416
00000000033 00000043333 00000020322 00172136416
00000000033 00000043333 00000020322 00172136416
00000000033 00000043333 00000020322 00172136416
00000000022 00000044323 00000021312 00173126221
00000000022 00000044323 00000021312 00173126221
00000000022 00000044323 00000021312 00173126221
00000000022 00000044323 00000021312 00173126221
00000000022 00000044323 00000021312 00173126221
00000000123 00000045424 00000022413 00174227221
00000000123 00000045424 00000022413 00174227221
00000000123 00000045424 00000022413 00174227221
00000000123 00000045424 00000022413 00174227221
00000000123 00000045424 00000022413 00174227221
00000000038 00000046339 00000023328 00175141565
00000000038 00000046339 00000023328 00175141565
00000000038 00000046339 00000023328 00175141565
00000000038 00000046339 00000023328 00175141565
00000000038 00000046339 00000023328 00175141565
00000000020 00000047321 00000024310 00176123927
00000000020 00000047321 00000024310 00176123927
00000000020 00000047321 00000024310 00176123927
00000000020 00000047321 00000024310 00176123927
00000000020 00000047321 00000024310 00176123927
00000000064 00000048365 00000025354 00177168296
00000000064 00000048365 00000025354 00177168296
00000000064 00000048365 00000025354 00177168296
00000000064 00000048365 00000025354 00177168296
00000000064 00000048365 00000025354 00177168296
00000000041 00000049343 00000006328 00178145754
00000000041 00000049343 00000006328 00178145754
00000000041 00000049343 00000006328 00178145754
00000000041 00000049343 00000006328 00178145754
00000000041 00000049343 00000006328 00178145754
00000000029 00000050331 00000007316 00179134441
00000000029 00000050331 00000007316 00179134441
00000000029 00000050331 00000007316 00179134441
00000000029 00000050331 00000007316 00179134441
00000000029 00000050331 00000007316 00179134441
00000000026 00000051328 00000008313 00180131218
00000000026 00000051328 00000008313 00180131218
00000000026 00000051328 00000008313 00180131218
00000000026 00000051328 00000008313 00180131218
00000000026 00000051328 00000008313 00180131218
00000000022 00000052324 00000009309 00181127263
00000000022 00000052324 00000009309 00181127263
00000000022 00000052324 00000009309 00181127263
00000000022 00000052324 00000009309 00181127263
00000000022 00000052324 00000009309 00181127263
00000000026 00000053328 00000010313 00182131304
00000000026 00000053328 00000010313 00182131304
00000000026 00000053328 00000010313 00182131304
00000000026 00000053328 00000010313 00182131304
00000000026 00000053328 00000010313 00182131304
00000000021 00000054324 00000011309 00183127250
00000000021 00000054324 00000011309 00183127250
00000000021 00000054324 00000011309 00183127250
00000000021 00000054324 00000011309 00183127250
00000000021 00000054324 00000011309 00183127250
00000000049 00000055352 00000012337 00184154815
00000000049 00000055352 00000012337 00184154815
00000000049 00000055352 00000012337 00184154815
00000000049 00000055352 00000012337 00184154815
00000000049 00000055352 00000012337 00184154815
00000000026 00000056329 00000013314 00185131676
00000000026 00000056329 00000013314 00185131676
00000000026 00000056329 00000013314 00185131676
00000000026 00000056329 00000013314 00185131676
00000000026 00000056329 00000013314 00185131676
00000000039 00000057342 00000014327 00186144694
00000000039 00000057342 00000014327 00186144694
00000000039 00000057342 00000014327 00186144694
00000000039 00000057342 00000014327 00186144694
00000000039 00000057342 00000014327 00186144694
00000000040 00000058343 00000015328 00187145710
00000000040 00000058343 00000015328 00187145710
00000000040 00000058343 00000015328 00187145710
00000000040 00000058343 00000015328 00187145710
00000000040 00000058343 00000015328 00187145710
00000000024 00000059327 00000016312 00188129923
00000000024 00000059327 00000016312 00188129923
00000000024 00000059327 00000016312 00188129923
00000000024 00000059327 00000016312 00188129923
00000000024 00000059327 00000016312 00188129923
00000000020 00000060324 00000017309 00189127197
00000000020 00000060324 00000017309 00189127197
00000000020 00000060324 00000017309 00189127197
00000000020 00000060324 00000017309 00189127197
00000000020 00000060324 00000017309 00189127197
00000000022 00000061326 00000018311 00190128699
00000000022 00000061326 00000018311 00190128699
00000000022 00000061326 00000018311 00190128699
00000000022 00000061326 00000018311 00190128699
00000000022 00000061326 00000018311 00190128699
00000000028 00000062332 00000019317 00191135493
00000000028 00000062332 00000019317 00191135493
00000000028 00000062332 00000019317 00191135493
00000000028 00000062332 00000019317 00191135493
00000000028 00000062332 00000019317 00191135493
00000000037 00000063341 00000020326 00192143763
00000000037 00000063341 00000020326 00192143763
00000000037 00000063341 00000020326 00192143763
00000000037 00000063341 00000020326 00192143763
00000000037 00000063341 00000020326 00192143763
00000000107 00000064411 00000021396 00193214016
00000000107 00000064411 00000021396 00193214016
00000000107 00000064411 00000021396 00193214016
00000000107 00000064411 00000021396 00193214016
00000000107 00000064411 00000021396 00193214016
00000000016 00000065321 00000022306 00194124458
00000000016 00000065321 00000022306 00194124458
00000000016 00000065321 00000022306 00194124458
00000000016 00000065321 00000022306 00194124458
00000000016 00000065321 00000022306 00194124458
00000000018 00000066323 00000023308 00195126181
00000000018 00000066323 00000023308 00195126181
00000000018 00000066323 00000023308 00195126181
00000000018 00000066323 00000023308 00195126181
00000000018 00000066323 00000023308 00195126181
00000000146 00000067451 00000024436 00196253995
00000000146 00000067451 00000024436 00196253995
00000000146 00000067451 00000024436 00196253995
00000000146 00000067451 00000024436 00196253995
00000000146 00000067451 00000024436 00196253995
00000000070 00000068375 00000025360 00197178098
00000000070 00000068375 00000025360 00197178098
00000000070 00000068375 00000025360 00197178098
00000000070 00000068375 00000025360 00197178098
00000000070 00000068375 00000025360 00197178098
00000000029 00000069334 00000007316 00198137155
00000000029 00000069334 00000007316 00198137155
00000000029 00000069334 00000007316 00198137155
00000000029 00000069334 00000007316 00198137155
00000000029 00000069334 00000007316 00198137155
00000000025 00000070331 00000008313 00199133657
00000000025 00000070331 00000008313 00199133657
00000000025 00000070331 00000008313 00199133657
00000000025 00000070331 00000008313 00199133657
00000000025 00000070331 00000008313 00199133657
00000000052 00000071358 00000009340 00200160806
00000000052 00000071358 00000009340 00200160806
00000000052 00000071358 00000009340 00200160806
00000000052 00000071358 00000009340 00200160806
00000000052 00000071358 00000009340 00200160806
00000000046 00000072352 00000010334 00201155427
00000000046 00000072352 00000010334 00201155427
00000000046 00000072352 00000010334 00201155427
00000000046 00000072352 00000010334 00201155427
00000000046 00000072352 00000010334 00201155427
00000000021 00000073327 00000011309 00202130399
00000000021 00000073327 00000011309 00202130399
00000000021 00000073327 00000011309 00202130399
00000000021 00000073327 00000011309 00202130399
00000000021 00000073327 00000011309 00202130399
00000000031 00000074337 00000012319 00203140041
00000000031 00000074337 00000012319 00203140041
00000000031 00000074337 00000012319 00203140041
00000000031 00000074337 00000012319 00203140041
00000000031 00000074337 00000012319 00203140041
00000000021 00000075327 00000013309 00204129853
00000000021 00000075327 00000013309 00204129853
00000000021 00000075327 00000013309 00204129853
00000000021 00000075327 00000013309 00204129853
00000000021 00000075327 00000013309 00204129853
00000000016 00000076323 00000014305 00205126107
00000000016 00000076323 00000014305 00205126107
00000000016 00000076323 00000014305 00205126107
00000000016 00000076323 00000014305 00205126107
00000000016 00000076323 00000014305 00205126107
00000000041 00000077348 00000015330 00206151438
00000000041 00000077348 00000015330 00206151438
00000000041 00000077348 00000015330 00206151438
00000000041 00000077348 00000015330 00206151438
00000000041 00000077348 00000015330 00206151438
00000000023 00000078330 00000016312 00207133317
00000000023 00000078330 00000016312 00207133317
00000000023 00000078330 00000016312 00207133317
00000000023 00000078330 00000016312 00207133317
00000000023 00000078330 00000016312 00207133317
00000000035 00000079342 00000017324 00208145309
00000000035 00000079342 00000017324 00208145309
00000000035 00000079342 00000017324 00208145309
00000000035 00000079342 00000017324 00208145309
00000000035 00000079342 00000017324 00208145309
00000000033 00000080340 00000018322 00209143105
00000000033 00000080340 00000018322 00209143105
00000000033 00000080340 00000018322 00209143105
00000000033 00000080340 00000018322 00209143105
00000000033 00000080340 00000018322 00209143105
00000000024 00000081332 00000019314 00210135117
00000000024 00000081332 00000019314 00210135117
00000000024 00000081332 00000019314 00210135117
00000000024 00000081332 00000019314 00210135117
00000000024 00000081332 00000019314 00210135117
00000000019 00000082327 00000020309 00211130012
00000000019 00000082327 00000020309 00211130012
00000000019 00000082327 00000020309 00211130012
00000000019 00000082327 00000020309 00211130012
00000000019 00000082327 00000020309 00211130012
00000000056 00000083364 00000021346 00212166868
00000000056 00000083364 00000021346 00212166868
00000000056 00000083364 00000021346 00212166868
00000000056 00000083364 00000021346 00212166868
00000000056 00000083364 00000021346 00212166868
00000000016 00000084324 00000022306 00213127497
00000000016 00000084324 00000022306 00213127497
00000000016 00000084324 00000022306 00213127497
00000000016 00000084324 00000022306 00213127497
00000000016 00000084324 00000022306 00213127497
00000000031 00000085339 00000023321 00214142000
00000000031 00000085339 00000023321 00214142000
00000000031 00000085339 00000023321 00214142000
00000000031 00000085339 00000023321 00214142000
00000000031 00000085339 00000023321 00214142000
00000000029 00000086338 00000024320 00215141478
00000000029 00000086338 00000024320 00215141478
00000000029 00000086338 00000024320 00215141478
00000000029 00000086338 00000024320 00215141478
00000000029 00000086338 00000024320 00215141478
00000000102 00000087411 00000025393 00216214437
00000000102 00000087411 00000025393 00216214437
00000000102 00000087411 00000025393 00216214437
00000000102 00000087411 00000025393 00216214437
00000000102 00000087411 00000025393 00216214437
00000000032 00000028323 00000006319 00217144507
00000000032 00000028323 00000006319 00217144507
00000000032 00000028323 00000006319 00217144507
00000000032 00000028323 00000006319 00217144507
00000000032 00000028323 00000006319 00217144507
00000000037 00000029328 00000007324 00218148571
00000000037 00000029328 00000007324 00218148571
00000000037 00000029328 00000007324 00218148571
00000000037 00000029328 00000007324 00218148571
00000000037 00000029328 00000007324 00218148571
00000000015 00000030306 00000008302 00219127319
00000000015 00000030306 00000008302 00219127319
00000000015 00000030306 00000008302 00219127319
00000000015 00000030306 00000008302 00219127319
00000000015 00000030306 00000008302 00219127319
00000000019 00000031310 00000009306 00220131477
00000000019 00000031310 00000009306 00220131477
00000000019 00000031310 00000009306 00220131477
00000000019 00000031310 00000009306 00220131477
00000000019 00000031310 00000009306 00220131477
00000000034 00000032326 00000010322 00221146914
00000000034 00000032326 00000010322 00221146914
00000000034 00000032326 00000010322 00221146914
00000000034 00000032326 00000010322 00221146914
00000000034 00000032326 00000010322 00221146914
00000000024 00000033316 00000011312 00222137037
00000000024 00000033316 00000011312 00222137037
00000000024 00000033316 00000011312 00222137037
00000000024 00000033316 00000011312 00222137037
00000000024 00000033316 00000011312 00222137037
00000000021 00000034313 00000012309 00223134309
00000000021 00000034313 00000012309 00223134309
00000000021 00000034313 00000012309 00223134309
00000000021 00000034313 00000012309 00223134309
00000000021 00000034313 00000012309 00223134309
00000000026 00000035318 00000013314 00224138700
00000000026 00000035318 00000013314 00224138700
00000000026 00000035318 00000013314 00224138700
00000000026 00000035318 00000013314 00224138700
00000000026 00000035318 00000013314 00224138700
00000000018 00000036310 00000014306 00225130951
00000000018 00000036310 00000014306 00225130951
00000000018 00000036310 00000014306 00225130951
00000000018 00000036310 00000014306 00225130951
00000000018 00000036310 00000014306 00225130951
00000000024 00000037317 00000015313 00226138363
00000000024 00000037317 00000015313 00226138363
00000000024 00000037317 00000015313 00226138363
00000000024 00000037317 00000015313 00226138363
00000000024 00000037317 00000015313 00226138363
00000000027 00000038320 00000016316 00227140693
00000000027 00000038320 00000016316 00227140693
00000000027 00000038320 00000016316 00227140693
00000000027 00000038320 00000016316 00227140693
00000000027 00000038320 00000016316 00227140693
00000000030 00000039323 00000017319 00228144447
00000000030 00000039323 00000017319 00228144447
00000000030 00000039323 00000017319 00228144447
00000000030 00000039323 00000017319 00228144447
00000000030 00000039323 00000017319 00228144447
00000000025 00000040318 00000018314 00229138697
00000000025 00000040318 00000018314 00229138697
00000000025 00000040318 00000018314 00229138697
00000000025 00000040318 00000018314 00229138697
00000000025 00000040318 00000018314 00229138697
00000000023 00000041316 00000019312 00230137494
00000000023 00000041316 00000019312 00230137494
00000000023 00000041316 00000019312 00230137494
00000000023 00000041316 00000019312 00230137494
00000000023 00000041316 00000019312 00230137494
00000000037 00000042330 00000020326 00231151388
00000000037 00000042330 00000020326 00231151388
00000000037 00000042330 00000020326 00231151388
00000000037 00000042330 00000020326 00231151388
00000000037 00000042330 00000020326 00231151388
00000000051 00000043345 00000021341 00232166219
00000000051 00000043345 00000021341 00232166219
00000000051 00000043345 00000021341 00232166219
00000000051 00000043345 00000021341 00232166219
00000000051 00000043345 00000021341 00232166219
00000000038 00000044332 00000022328 00233153013
00000000038 00000044332 00000022328 00233153013
00000000038 00000044332 00000022328 00233153013
00000000038 00000044332 00000022328 00233153013
00000000038 00000044332 00000022328 00233153013
00000000046 00000045340 00000023336 00234161216
00000000046 00000045340 00000023336 00234161216
00000000046 00000045340 00000023336 00234161216
00000000046 00000045340 00000023336 00234161216
00000000046 00000045340 00000023336 00234161216
00000000022 00000046316 00000024312 00235137113
00000000022 00000046316 00000024312 00235137113
00000000022 00000046316 00000024312 00235137113
00000000022 00000046316 00000024312 00235137113
00000000022 00000046316 00000024312 00235137113
00000000084 00000047378 00000025374 00236198909
00000000084 00000047378 00000025374 00236198909
00000000084 00000047378 00000025374 00236198909
00000000084 00000047378 00000025374 00236198909
00000000084 00000047378 00000025374 00236198909
00000000023 00000048318 00000006305 00237139098
00000000023 00000048318 00000006305 00237139098
00000000023 00000048318 00000006305 00237139098
00000000023 00000048318 00000006305 00237139098
00000000023 00000048318 00000006305 00237139098
00000000020 00000049320 00000007307 00238141102
00000000020 00000049320 00000007307 00238141102
00000000020 00000049320 00000007307 00238141102
00000000020 00000049320 00000007307 00238141102
00000000020 00000049320 00000007307 00238141102
00000000032 00000050332 00000008319 00239152875
00000000032 00000050332 00000008319 00239152875
00000000032 00000050332 00000008319 00239152875
00000000032 00000050332 00000008319 00239152875
00000000032 00000050332 00000008319 00239152875
00000000036 00000051336 00000009323 00240157144
00000000036 00000051336 00000009323 00240157144
00000000036 00000051336 00000009323 00240157144
00000000036 00000051336 00000009323 00240157144
00000000036 00000051336 00000009323 00240157144
00000000024 00000052324 00000010311 00241145121
00000000024 00000052324 00000010311 00241145121
00000000024 00000052324 00000010311 00241145121
00000000024 00000052324 00000010311 00241145121
00000000024 00000052324 00000010311 00241145121
00000000023 00000053324 00000011311 00242144854
00000000023 00000053324 00000011311 00242144854
00000000023 00000053324 00000011311 00242144854
00000000023 00000053324 00000011311 00242144854
00000000023 00000053324 00000011311 00242144854
00000000027 00000054328 00000012315 00243148929
00000000027 00000054328 00000012315 00243148929
00000000027 00000054328 00000012315 00243148929
00000000027 00000054328 00000012315 00243148929
00000000027 00000054328 00000012315 00243148929
00000000023 00000055324 00000013311 00244145314
00000000023 00000055324 00000013311 00244145314
00000000023 00000055324 00000013311 00244145314
00000000023 00000055324 00000013311 00244145314
00000000023 00000055324 00000013311 00244145314
00000000036 00000056337 00000014324 00245157592
00000000036 00000056337 00000014324 00245157592
00000000036 00000056337 00000014324 00245157592
00000000036 00000056337 00000014324 00245157592
00000000036 00000056337 00000014324 00245157592
00000000021 00000057322 00000015309 00246142721
00000000021 00000057322 00000015309 00246142721
00000000021 00000057322 00000015309 00246142721
00000000021 00000057322 00000015309 00246142721
00000000021 00000057322 00000015309 00246142721
00000000020 00000058321 00000016308 00247141564
00000000020 00000058321 00000016308 00247141564
00000000020 00000058321 00000016308 00247141564
00000000020 00000058321 00000016308 00247141564
00000000020 00000058321 00000016308 00247141564
00000000027 00000059329 00000017316 00248149744
00000000027 00000059329 00000017316 00248149744
00000000027 00000059329 00000017316 00248149744
00000000027 00000059329 00000017316 00248149744
00000000027 00000059329 00000017316 00248149744
00000000053 00000060355 00000018342 00249176070
00000000053 00000060355 00000018342 00249176070
00000000053 00000060355 00000018342 00249176070
00000000053 00000060355 00000018342 00249176070
00000000053 00000060355 00000018342 00249176070
00000000028 00000061330 00000019317 00250150693
00000000028 00000061330 00000019317 00250150693
00000000028 00000061330 00000019317 00250150693
00000000028 00000061330 00000019317 00250150693
00000000028 00000061330 00000019317 00250150693
00000000039 00000062341 00000020328 00251162239
00000000039 00000062341 00000020328 00251162239
00000000039 00000062341 00000020328 00251162239
00000000039 00000062341 00000020328 00251162239
00000000039 00000062341 00000020328 00251162239
00000000047 00000063349 00000021336 00252170285
00000000047 00000063349 00000021336 00252170285
00000000047 00000063349 00000021336 00252170285
00000000047 00000063349 00000021336 00252170285
00000000047 00000063349 00000021336 00252170285
00000000040 00000064343 00000022330 00253164012
00000000040 00000064343 00000022330 00253164012
00000000040 00000064343 00000022330 00253164012
00000000040 00000064343 00000022330 00253164012
00000000040 00000064343 00000022330 00253164012
00000000097 00000065400 00000023387 00254220881
00000000097 00000065400 00000023387 00254220881
00000000097 00000065400 00000023387 00254220881
00000000097 00000065400 00000023387 00254220881
00000000097 00000065400 00000023387 00254220881
00000000165 00000066468 00000024455 00255289231
00000000165 00000066468 00000024455 00255289231
00000000165 00000066468 00000024455 00255289231
00000000165 00000066468 00000024455 00255289231
00000000165 00000066468 00000024455 00255289231
00000000137 00000067440 00000005423 00256260553
00000000137 00000067440 00000005423 00256260553
00000000137 00000067440 00000005423 00256260553
00000000137 00000067440 00000005423 00256260553
00000000137 00000067440 00000005423 00256260553
00000000086 00000068389 00000006372 00257210115
00000000086 00000068389 00000006372 00257210115
00000000086 00000068389 00000006372 00257210115
00000000086 00000068389 00000006372 00257210115
00000000086 00000068389 00000006372 00257210115
00000000112 00000069416 00000007399 00258236826
00000000112 00000069416 00000007399 00258236826
00000000112 00000069416 00000007399 00258236826
00000000112 00000069416 00000007399 00258236826
00000000112 00000069416 00000007399 00258236826
00000000031 00000070335 00000007318 00259155659
00000000031 00000070335 00000007318 00259155659
00000000031 00000070335 00000007318 00259155659
00000000031 00000070335 00000007318 00259155659
00000000031 00000070335 00000007318 00259155659
00000000032 00000071336 00000008319 00260157409
00000000032 00000071336 00000008319 00260157409
00000000032 00000071336 00000008319 00260157409
00000000032 00000071336 00000008319 00260157409
00000000032 00000071336 00000008319 00260157409
00000000034 00000072338 00000009321 00261158593
00000000034 00000072338 00000009321 00261158593
00000000034 00000072338 00000009321 00261158593
00000000034 00000072338 00000009321 00261158593
00000000034 00000072338 00000009321 00261158593
00000000025 00000073329 00000010312 00262149800
00000000025 00000073329 00000010312 00262149800
00000000025 00000073329 00000010312 00262149800
00000000025 00000073329 00000010312 00262149800
00000000025 00000073329 00000010312 00262149800
00000000027 00000074331 00000011314 00263151958
00000000027 00000074331 00000011314 00263151958
00000000027 00000074331 00000011314 00263151958
00000000027 00000074331 00000011314 00263151958
00000000027 00000074331 00000011314 00263151958
00000000017 00000075322 00000012305 00264143139
00000000017 00000075322 00000012305 00264143139
00000000017 00000075322 00000012305 00264143139
00000000017 00000075322 00000012305 00264143139
00000000017 00000075322 00000012305 00264143139
00000000022 00000076327 00000013310 00265148385
00000000022 00000076327 00000013310 00265148385
00000000022 00000076327 00000013310 00265148385
00000000022 00000076327 00000013310 00265148385
00000000022 00000076327 00000013310 00265148385
00000000028 00000077333 00000014316 00266153568
00000000028 00000077333 00000014316 00266153568
00000000028 00000077333 00000014316 00266153568
00000000028 00000077333 00000014316 00266153568
00000000028 00000077333 00000014316 00266153568
00000000019 00000078324 00000015307 00267145084
00000000019 00000078324 00000015307 00267145084
00000000019 00000078324 00000015307 00267145084
00000000019 00000078324 00000015307 00267145084
00000000019 00000078324 00000015307 00267145084
00000000033 00000079338 00000016321 00268159472
00000000033 00000079338 00000016321 00268159472
00000000033 00000079338 00000016321 00268159472
00000000033 00000079338 00000016321 00268159472
00000000033 00000079338 00000016321 00268159472
00000000025 00000080331 00000017314 00269151822
00000000025 00000080331 00000017314 00269151822
00000000025 00000080331 00000017314 00269151822
00000000025 00000080331 00000017314 00269151822
00000000025 00000080331 00000017314 00269151822
00000000031 00000081337 00000018320 00270157970
00000000031 00000081337 00000018320 00270157970
00000000031 00000081337 00000018320 00270157970
00000000031 00000081337 00000018320 00270157970
00000000031 00000081337 00000018320 00270157970
00000000041 00000082347 00000019330 00271167985
00000000041 00000082347 00000019330 00271167985
00000000041 00000082347 00000019330 00271167985
00000000041 00000082347 00000019330 00271167985
00000000041 00000082347 00000019330 00271167985
00000000041 00000083347 00000020330 00272167676
00000000041 00000083347 00000020330 00272167676
00000000041 00000083347 00000020330 00272167676
00000000041 00000083347 00000020330 00272167676
00000000041 00000083347 00000020330 00272167676
00000000077 00000084383 00000021366 00273204061
00000000077 00000084383 00000021366 00273204061
00000000077 00000084383 00000021366 00273204061
00000000077 00000084383 00000021366 00273204061
00000000077 00000084383 00000021366 00273204061
00000000111 00000085418 00000022401 00274238791
00000000111 00000085418 00000022401 00274238791
00000000111 00000085418 00000022401 00274238791
00000000111 00000085418 00000022401 00274238791
00000000111 00000085418 00000022401 00274238791
00000000017 00000086324 00000023307 00275145487
00000000017 00000086324 00000023307 00275145487
00000000017 00000086324 00000023307 00275145487
00000000017 00000086324 00000023307 00275145487
00000000017 00000086324 00000023307 00275145487
00000000018 00000087325 00000024308 00276146189
00000000018 00000087325 00000024308 00276146189
00000000018 00000087325 00000024308 00276146189
00000000018 00000087325 00000024308 00276146189
00000000018 00000087325 00000024308 00276146189
00000000047 00000088354 00000025337 00277174883
00000000047 00000088354 00000025337 00277174883
00000000047 00000088354 00000025337 00277174883
00000000047 00000088354 00000025337 00277174883
00000000047 00000088354 00000025337 00277174883
00000000015 00000029306 00000006301 00278143314
00000000015 00000029306 00000006301 00278143314
00000000015 00000029306 00000006301 00278143314
00000000015 00000029306 00000006301 00278143314
00000000015 00000029306 00000006301 00278143314
00000000021 00000030312 00000007307 00279148814
00000000021 00000030312 00000007307 00279148814
00000000021 00000030312 00000007307 00279148814
00000000021 00000030312 00000007307 00279148814
00000000021 00000030312 00000007307 00279148814
00000000019 00000031311 00000008306 00280148276
00000000019 00000031311 00000008306 00280148276
00000000019 00000031311 00000008306 00280148276
00000000019 00000031311 00000008306 00280148276
00000000019 00000031311 00000008306 00280148276
00000000027 00000032319 00000009314 00281156292
00000000027 00000032319 00000009314 00281156292
00000000027 00000032319 00000009314 00281156292
00000000027 00000032319 00000009314 00281156292
00000000027 00000032319 00000009314 00281156292
00000000032 00000033324 00000010319 00282161158
00000000032 00000033324 00000010319 00282161158
00000000032 00000033324 00000010319 00282161158
00000000032 00000033324 00000010319 00282161158
00000000032 00000033324 00000010319 00282161158
00000000021 00000034313 00000011308 00283149990
00000000021 00000034313 00000011308 00283149990
00000000021 00000034313 00000011308 00283149990
00000000021 00000034313 00000011308 00283149990
00000000021 00000034313 00000011308 00283149990
00000000028 00000035320 00000012315 00284157507
00000000028 00000035320 00000012315 00284157507
00000000028 00000035320 00000012315 00284157507
00000000028 00000035320 00000012315 00284157507
00000000028 00000035320 00000012315 00284157507
00000000025 00000036318 00000013313 00285155111
00000000025 00000036318 00000013313 00285155111
00000000025 00000036318 00000013313 00285155111
00000000025 00000036318 00000013313 00285155111
00000000025 00000036318 00000013313 00285155111
00000000027 00000037320 00000014315 00286156648
00000000027 00000037320 00000014315 00286156648
00000000027 00000037320 00000014315 00286156648
00000000027 00000037320 00000014315 00286156648
00000000027 00000037320 00000014315 00286156648
00000000028 00000038321 00000015316 00287158336
00000000028 00000038321 00000015316 00287158336
00000000028 00000038321 00000015316 00287158336
00000000028 00000038321 00000015316 00287158336
00000000028 00000038321 00000015316 00287158336
00000000023 00000039316 00000016311 00288152956
00000000023 00000039316 00000016311 00288152956
00000000023 00000039316 00000016311 00288152956
00000000023 00000039316 00000016311 00288152956
00000000023 00000039316 00000016311 00288152956
00000000057 00000040350 00000017345 00289187112
00000000057 00000040350 00000017345 00289187112
00000000057 00000040350 00000017345 00289187112
00000000057 00000040350 00000017345 00289187112
00000000057 00000040350 00000017345 00289187112
00000000043 00000041336 00000018331 00290173412
00000000043 00000041336 00000018331 00290173412
00000000043 00000041336 00000018331 00290173412
00000000043 00000041336 00000018331 00290173412
00000000043 00000041336 00000018331 00290173412
00000000019 00000042313 00000019308 00291150468
00000000019 00000042313 00000019308 00291150468
00000000019 00000042313 00000019308 00291150468
00000000019 00000042313 00000019308 00291150468
00000000019 00000042313 00000019308 00291150468
00000000028 00000043322 00000020317 00292158761
00000000028 00000043322 00000020317 00292158761
00000000028 00000043322 00000020317 00292158761
00000000028 00000043322 00000020317 00292158761
00000000028 00000043322 00000020317 00292158761
00000000025 00000044319 00000021314 00293155632
00000000025 00000044319 00000021314 00293155632
00000000025 00000044319 00000021314 00293155632
00000000025 00000044319 00000021314 00293155632
00000000025 00000044319 00000021314 00293155632
00000000025 00000045319 00000022314 00294156367
00000000025 00000045319 00000022314 00294156367
00000000025 00000045319 00000022314 00294156367
00000000025 00000045319 00000022314 00294156367
00000000025 00000045319 00000022314 00294156367
00000000021 00000046315 00000023310 00295152271
00000000021 00000046315 00000023310 00295152271
00000000021 00000046315 00000023310 00295152271
00000000021 00000046315 00000023310 00295152271
00000000021 00000046315 00000023310 00295152271
00000000041 00000047336 00000024331 00296172924
00000000041 00000047336 00000024331 00296172924
00000000041 00000047336 00000024331 00296172924
00000000041 00000047336 00000024331 00296172924
00000000041 00000047336 00000024331 00296172924
00000000055 00000048350 00000025345 00297186923
00000000055 00000048350 00000025345 00297186923
00000000055 00000048350 00000025345 00297186923
00000000055 00000048350 00000025345 00297186923
00000000055 00000048350 00000025345 00297186923
00000000054 00000049349 00000006341 00298185600
00000000054 00000049349 00000006341 00298185600
00000000054 00000049349 00000006341 00298185600
00000000054 00000049349 00000006341 00298185600
00000000054 00000049349 00000006341 00298185600
00000000024 00000050319 00000007311 00299156140
00000000024 00000050319 00000007311 00299156140
00000000024 00000050319 00000007311 00299156140
00000000024 00000050319 00000007311 00299156140
00000000024 00000050319 00000007311 00299156140
00000000014 00000051309 00000008301 00300146196
00000000014 00000051309 00000008301 00300146196
00000000014 00000051309 00000008301 00300146196
00000000014 00000051309 00000008301 00300146196
00000000014 00000051309 00000008301 00300146196
00000000022 00000052317 00000009309 00301154456
00000000022 00000052317 00000009309 00301154456
00000000022 00000052317 00000009309 00301154456
00000000022 00000052317 00000009309 00301154456
00000000022 00000052317 00000009309 00301154456
00000000024 00000053320 00000010312 00302156820
00000000024 00000053320 00000010312 00302156820
00000000024 00000053320 00000010312 00302156820
00000000024 00000053320 00000010312 00302156820
00000000024 00000053320 00000010312 00302156820
00000000033 00000054329 00000011321 00303166508
00000000033 00000054329 00000011321 00303166508
00000000033 00000054329 00000011321 00303166508
00000000033 00000054329 00000011321 00303166508
00000000033 00000054329 00000011321 00303166508
00000000033 00000055329 00000012321 00304165944
00000000033 00000055329 00000012321 00304165944
00000000033 00000055329 00000012321 00304165944
00000000033 00000055329 00000012321 00304165944
00000000033 00000055329 00000012321 00304165944
