S[0, 0] 4499.242 14262332
S[0, 1] 3493.226 14264247
S[0, 2] 2959.046 14730283
S[0, 3] 2041.229 14812659
S[0, 4] 1114.948 14888143
S[0, 5] 1090.208 15863592
S[0, 6] 1066.947 16840524
C[[0, 0], 0] 7496.667 17259758
C[[0, 0], 1] 6500.812 17271833
C[[0, 0], 2] 5500.596 17271833
C[[0, 0], 3] 4500.402 17271833
C[[0, 0], 4] 3522.295 17295490
C[[0, 0], 5] 2560.627 17334011
C[[0, 0], 6] 1581.188 17354765
S[0, 7] 1065.5 17839254
C[[0, 0], 7] 1099.884 17873638
S[0, 8] 1061.489 18835434
C[[0, 0], 8] 1107.553 18881498
S[0, 9] 1070.144 19844267
C[[0, 0], 9] 1103.558 19877681
S[0, 10] 1051.814 20826116
C[[0, 0], 10] 1103.128 20877430
S[0, 11] 1076.256 21850766
C[[0, 0], 11] 1108.045 21882554
S[0, 12] 1076.533 22851221
C[[0, 0], 12] 1107.552 22882239
S[0, 13] 1102.508 23877383
C[[0, 0], 13] 1134.099 23908974
S[0, 14] 1068.834 24843885
S[0, 15] 116.798 24892029
C[[0, 0], 14] 2110.339 25885390
C[[0, 0], 15] 1110.16 25885390
S[0, 16] 136.175 25912162
C[[0, 0], 16] 1102.87 26878856
S[0, 17] 1048.524 27824693
C[[0, 0], 17] 1112.836 27889006
S[0, 18] 1048.514 28824887
C[[0, 0], 18] 1111.088 28887461
S[0, 19] 1115.352 29891908
C[[0, 0], 19] 1644.372 30420928
S[0, 20] 1076.244 30852979
C[[0, 1], 0] 1740.625 31517360
S[0, 21] 1303.221 32080983
S[0, 22] 1593.153 33371090
C[[0, 1], 2] 1843.68 33621616
C[[0, 1], 1] 2843.855 33621616
CS[0, 0] 23864.783 3849.84 33626573
S[0, 23] 1078.238 33856345
S[0, 24] 1103.146 34881430
C[[0, 1], 3] 2172.049 34950157
C[[0, 1], 4] 1171.872 34950157
S[0, 25] 1088.602 35867102
C[[0, 1], 5] 1133.868 35912368
S[0, 26] 1079.341 36858028
C[[0, 1], 6] 1148.089 36926775
S[0, 27] 1093.669 37872542
C[[0, 1], 7] 1135.723 37914597
S[0, 28] 1115.406 38894463
C[[0, 1], 8] 1174.893 38953950
S[0, 29] 1093.454 39872698
C[[0, 1], 9] 1190.736 39969979
S[0, 30] 1077.621 40857051
C[[0, 1], 10] 1140.204 40919633
S[0, 31] 1064.604 41844221
C[[0, 1], 11] 1148.279 41927896
S[0, 32] 1054.606 42834409
C[[0, 1], 12] 1156.277 42936080
S[0, 33] 1060.827 43840804
C[[0, 1], 13] 1132.181 43912157
S[0, 34] 1071.06 44851220
C[[0, 1], 14] 1146.412 44926571
S[0, 35] 1070.972 45851307
C[[0, 1], 15] 1152.361 45932695
S[0, 36] 1072.107 46852621
C[[0, 1], 16] 1164.689 46945203
S[0, 37] 1075.885 47856583
C[[0, 1], 17] 1153.056 47933754
S[0, 38] 1052.426 48833311
S[0, 39] 1056.905 49837980
C[[0, 1], 18] 2116.445 49897329
C[[0, 1], 19] 1221.31 50002385
S[0, 40] 1054.751 50836011
C[[0, 2], 0] 1354.797 51136058
S[0, 41] 1091.458 51872910
C[[0, 2], 1] 1229.04 52010492
S[0, 42] 1059.804 52841439
C[[0, 2], 2] 1372.553 53154188
S[0, 43] 1062.445 53844263
CS[0, 1] 24298.124 4293.599 54074859
S[0, 44] 1051.953 54833964
C[[0, 2], 3] 2175.615 54957434
C[[0, 2], 4] 1175.423 54957434
S[0, 45] 1102.164 55884354
C[[0, 2], 5] 1187.716 55969906
S[0, 46] 1079.789 56862162
C[[0, 2], 6] 1149.789 56932163
S[0, 47] 1077.401 57859994
C[[0, 2], 7] 1148.44 57931032
S[0, 48] 1074.127 58863140
C[[0, 2], 8] 1150.924 58939937
S[0, 49] 1084.313 59873513
C[[0, 2], 9] 1177.417 59966617
S[0, 50] 1079.773 60869161
S[0, 51] 144.033 60933605
C[[0, 2], 10] 1178.016 60967403
S[0, 52] 151.449 61941201
C[[0, 2], 11] 1166.804 61956377
S[0, 53] 166.917 62956862
C[[0, 2], 12] 2152.03 63941782
C[[0, 2], 13] 1151.838 63941782
S[0, 54] 177.001 63967131
C[[0, 2], 14] 1172.71 64962841
S[0, 55] 190.773 64981086
S[0, 56] 1079.666 66870193
C[[0, 2], 16] 1152.328 66942855
C[[0, 2], 15] 2152.542 66942855
S[0, 57] 1094.113 67884825
C[[0, 2], 17] 1144.66 67935372
S[0, 58] 1116.72 68907609
C[[0, 2], 18] 1185.25 68976139
S[0, 59] 1086.752 69877835
C[[0, 2], 19] 1890.268 70681351
S[1, 0] 1132.38 70923650
C[[0, 3], 0] 1239.457 71030727
S[1, 1] 860.862 71653284
SS0 62302.276 2271.795 72063063
C[[0, 3], 1] 1414.198 72206621
S[1, 2] 1111.777 72904380
C[[0, 3], 2] 1737.008 73529610
S[1, 3] 1101.742 73894524
S[1, 4] 1057.751 74850724
CS[0, 2] 25318.44 5308.43 75099700
C[[0, 3], 3] 2307.055 75099837
C[[0, 3], 4] 1306.864 75099837
S[1, 5] 1102.09 75895244
C[[0, 3], 5] 1169.632 75962786
S[1, 6] 1103.933 76897278
C[[0, 3], 6] 1185.687 76979031
S[1, 7] 1087.092 77880618
C[[0, 3], 7] 1154.617 77948143
S[1, 8] 1077.611 78871317
C[[0, 3], 8] 1143.981 78937687
S[1, 9] 1091.607 79885490
C[[0, 3], 9] 1167.754 79961636
S[1, 10] 1090.223 80884293
C[[0, 3], 10] 1168.798 80962868
S[1, 11] 1101.2 81895461
C[[0, 3], 11] 1162.368 81956630
S[1, 12] 338.948 82133419
C[[0, 3], 12] 1138.495 82932966
S[1, 13] 323.16 83117817
C[[0, 3], 13] 1149.097 83943754
S[1, 14] 313.306 84108150
C[[0, 3], 14] 1166.72 84961565
S[1, 15] 334.927 85129960
C[[0, 3], 15] 1182.441 85977475
S[1, 16] 1075.89 86871080
C[[0, 3], 16] 1155.244 86950434
S[1, 17] 335.416 87130785
S[1, 18] 345.314 88140872
C[[0, 3], 17] 2142.395 88937764
C[[0, 3], 18] 1142.206 88937764
S[1, 19] 338.031 89133771
C[[0, 3], 19] 1343.52 90139260
S[1, 20] 397.609 90193535
S[1, 21] 452.659 91248775
C[[0, 4], 0] 1504.492 91300419
C[[0, 4], 1] 1236.942 92033057
S[1, 22] 1082.834 92879138
C[[0, 4], 2] 1251.022 93047326
S[1, 23] 1115.088 93911574
S[1, 24] 1102.217 94898888
C[[0, 4], 3] 2317.751 95114237
C[[0, 4], 4] 1317.566 95114237
CS[0, 3] 25323.109 5318.453 95114379
S[1, 25] 1112.053 95908909
C[[0, 4], 5] 1192.139 95988996
S[1, 26] 1093.531 96890572
C[[0, 4], 6] 1151.184 96948225
S[1, 27] 1149.27 97946496
C[[0, 4], 7] 1174.296 97971521
S[1, 28] 1109.187 98906600
C[[0, 4], 8] 1183.765 98981178
S[1, 29] 1085.362 99882960
C[[0, 4], 9] 1161.627 99959224
S[1, 30] 1096.689 100894470
S[1, 31] 1086.232 101884190
C[[0, 4], 11] 1163.787 101961745
C[[0, 4], 10] 2163.964 101961745
S[1, 32] 1095.617 102893758
C[[0, 4], 12] 1186.125 102984265
S[1, 33] 1085 103883351
S[1, 34] 322.454 104120990
C[[0, 4], 14] 1144.479 104943014
C[[0, 4], 13] 2144.663 104943014
S[1, 35] 331.926 105130639
C[[0, 4], 15] 1141.63 105940342
S[1, 36] 326.184 106125079
C[[0, 4], 16] 1181.879 106980774
S[1, 37] 1064.715 107863791
C[[0, 4], 17] 1154.513 107953590
S[1, 38] 338.455 108137715
C[[0, 4], 18] 1171.519 108970778
S[1, 39] 1079.922 109879374
C[[0, 4], 19] 1245.694 110045146
S[1, 40] 1128.581 110928215
C[[0, 5], 0] 1492.769 111292403
S[1, 41] 1124.453 111924276
C[[0, 5], 1] 1365.588 112165411
C[[0, 5], 2] 1082.309 112882313
S[1, 42] 1115.86 112915864
S[1, 43] 1111.211 113911392
C[[0, 5], 3] 1333.532 114133714
CS[0, 4] 24337.862 4334.155 114133789
S[1, 44] 1142.65 114943015
C[[0, 5], 4] 1197.888 114998252
S[1, 45] 1098.325 115898865
C[[0, 5], 5] 1150.978 115951518
S[1, 46] 338.793 116139504
C[[0, 5], 6] 1156.171 116956883
S[1, 47] 1065.863 117866762
C[[0, 5], 7] 1155.797 117956697
S[1, 48] 1068.027 118869105
C[[0, 5], 8] 1155.195 118956273
S[1, 49] 1095.925 119897193
C[[0, 5], 9] 1183.575 119984843
S[1, 50] 1084.481 120885934
C[[0, 5], 10] 1162.778 120964231
S[1, 51] 1072.005 121873643
C[[0, 5], 11] 1168.966 121970605
S[1, 52] 1076.563 122878388
C[[0, 5], 12] 1173.284 122975109
S[1, 53] 1102.11 123904122
C[[0, 5], 13] 1166.844 123968857
S[1, 54] 1069.731 124871925
C[[0, 5], 14] 1147.815 124950009
S[1, 55] 1068.941 125871314
C[[0, 5], 15] 1153.082 125955455
S[1, 56] 1070.596 126873149
C[[0, 5], 16] 1157.132 126959686
S[1, 57] 1115.266 127918005
C[[0, 5], 17] 1208.073 128010811
S[1, 58] 1108.17 128911094
S[1, 59] 1085.294 129888408
C[[0, 5], 18] 2141.49 129944415
C[[0, 5], 19] 1356.053 130159168
S[2, 0] 1183.846 130987139
S[2, 1] 335.483 131138968
C[[0, 6], 0] 1491.412 131294705
SS1 62282.418 2270.395 132073688
C[[0, 6], 1] 1316.399 132119884
S[2, 2] 347.847 132151508
C[[0, 6], 2] 1324.854 133128515
S[2, 3] 532.301 133336142
CS[0, 5] 24390.161 4386.501 134189795
S[2, 4] 455.896 134259944
C[[1, 0], 0] 1582.747 134386588
C[[1, 0], 1] 1274.337 135078384
S[2, 5] 334.936 135139157
CS[0, 6] 6356.344 3355.797 136159638
S[2, 6] 413.216 136217620
C[[1, 0], 2] 2183.014 136987235
C[[1, 0], 3] 1182.831 136987235
S[2, 7] 1070.611 137875198
C[[1, 0], 4] 1152.586 137957172
S[2, 8] 1106.407 138911185
C[[1, 0], 5] 1160.321 138965099
S[2, 9] 1109.658 139914615
C[[1, 0], 6] 1160.058 139965015
S[2, 10] 1122.699 140927836
C[[1, 0], 7] 1178.156 140983293
S[2, 11] 1110.653 141915978
C[[1, 0], 8] 1160.369 141965694
S[2, 12] 1072.08 142877582
C[[1, 0], 9] 1161.19 142966692
S[2, 13] 1087.912 143893604
C[[1, 0], 10] 1184.925 143990617
S[2, 14] 1085.691 144897989
C[[1, 0], 11] 1174.398 144986696
S[2, 15] 1083.22 145895702
C[[1, 0], 12] 1158.276 145970759
S[2, 16] 1081.156 146893844
C[[1, 0], 13] 1146.302 146958990
S[2, 17] 1081.332 147894209
C[[1, 0], 14] 1144.371 147957249
S[2, 18] 1096.892 148909949
C[[1, 0], 15] 1170.48 148983537
S[2, 19] 1068.016 149881251
C[[1, 0], 16] 1157.647 149970882
S[2, 20] 311.38 150124808
C[[1, 0], 17] 1141.717 150955144
S[2, 21] 321.486 151135094
C[[1, 0], 18] 1141.495 151955103
S[2, 22] 1065.942 152879748
C[[1, 0], 19] 1194.693 153008499
S[2, 23] 1115.883 153929874
C[[1, 1], 0] 1228.849 154042840
S[2, 24] 1067.956 154882143
C[[1, 1], 1] 1187.074 155001262
S[2, 25] 1137.729 155952103
S[2, 26] 1099.804 156914362
C[[1, 1], 3] 1298.785 157113342
C[[1, 1], 2] 2298.968 157113342
CS[1, 0] 24309.611 4299.46 157113452
S[2, 27] 1093.498 157908238
C[[1, 1], 4] 1198.274 158013013
S[2, 28] 1103.254 158918175
C[[1, 1], 5] 1163.814 158978735
S[2, 29] 1092.72 159907834
C[[1, 1], 6] 1140.465 159955580
S[2, 30] 1103.851 160919145
C[[1, 1], 7] 1146.22 160961514
S[2, 31] 1121.315 161936792
C[[1, 1], 8] 1184.117 161999594
S[2, 32] 1117.795 162933465
C[[1, 1], 9] 1149.738 162965407
S[2, 33] 1063.48 163879325
C[[1, 1], 10] 1137.328 163953172
S[2, 34] 1079.167 164895206
C[[1, 1], 11] 1144.183 164960221
S[2, 35] 1069.432 165885648
C[[1, 1], 12] 1175.611 165991827
S[2, 36] 1058.845 166875238
C[[1, 1], 13] 1151.98 166968374
S[2, 37] 1064.623 167881206
C[[1, 1], 14] 1168.14 167984724
S[2, 38] 1062.348 168879111
C[[1, 1], 15] 1132.533 168949296
S[2, 39] 1096.677 169913617
C[[1, 1], 16] 1184.965 170001904
S[2, 40] 1095.485 170912624
C[[1, 1], 17] 1143.599 170960738
S[2, 41] 1083.591 171900916
C[[1, 1], 18] 1146.513 171963837
S[2, 42] 1068.863 172886373
C[[1, 1], 19] 1214.128 173031638
S[2, 43] 1086.114 173903803
C[[1, 2], 0] 1409.65 174227340
S[2, 44] 1101.63 174919516
C[[1, 2], 1] 1236.094 175053981
S[2, 45] 1134.798 175952866
S[2, 46] 1077.625 176895873
C[[1, 2], 2] 2314.921 177132990
CS[1, 1] 24319.084 4315.386 177133075
S[2, 47] 1093.978 177912446
C[[1, 2], 4] 1150.787 177969255
C[[1, 2], 3] 2151.007 177969255
S[2, 48] 1102.475 178921119
C[[1, 2], 5] 1166.813 178985458
S[2, 49] 1109.985 179928812
C[[1, 2], 6] 1171.106 179989932
S[2, 50] 1112.391 180931400
C[[1, 2], 7] 1152.044 180971053
S[2, 51] 1100.619 181919816
C[[1, 2], 8] 1173.216 181992413
S[2, 52] 1136.056 182955443
C[[1, 2], 9] 1189.394 183008781
S[2, 53] 1098.464 183918032
C[[1, 2], 10] 1166.566 183986133
S[2, 54] 335.183 184154939
C[[1, 2], 11] 1180.633 185000389
S[2, 55] 335.549 185155488
C[[1, 2], 12] 1141.5 185961438
S[2, 56] 348.768 186168894
C[[1, 2], 13] 1172.673 186992799
S[2, 57] 1043.662 187863977
S[2, 58] 1064.433 188884939
C[[1, 2], 15] 1143.528 188964034
C[[1, 2], 14] 2143.719 188964034
S[2, 59] 1082.002 189902691
C[[1, 2], 16] 1180.941 190001630
S[3, 0] 1064.177 190885051
SS2 61215.103 1197.522 191018396
C[[1, 2], 17] 1225.595 191046469
S[3, 1] 1103.316 191924381
C[[1, 2], 18] 1237.677 192058742
S[3, 2] 1078.166 192899418
C[[2, 0], 0] 1443.237 193264489
S[3, 3] 1064.194 193885632
C[[2, 0], 1] 1177.792 193999231
S[3, 4] 1117.817 194939441
C[[2, 0], 2] 1275.507 195097132
S[3, 5] 1086.097 195907903
S[3, 6] 1101.75 196923742
C[[2, 0], 3] 2316.599 197138404
CS[1, 2] 24320.794 5317.231 197138483
S[3, 7] 1092.615 197914793
C[[2, 0], 5] 1149.466 197971644
C[[2, 0], 4] 2149.653 197971644
S[3, 8] 1120.581 198942938
C[[2, 0], 6] 1150.052 198972409
S[3, 9] 1122.694 199945246
C[[2, 0], 7] 1174.463 199997015
S[3, 10] 1110.189 200932928
C[[2, 0], 8] 1134.244 200956982
S[3, 11] 1063.941 201886865
C[[2, 0], 9] 1153.549 201976473
S[3, 12] 1075.413 202898526
C[[2, 0], 10] 1161.939 202985052
S[3, 13] 1074.855 203898148
C[[2, 0], 11] 1163.34 203986633
S[3, 14] 1084.713 204908188
S[3, 15] 1073.935 205897591
C[[2, 0], 12] 2151.04 205974515
C[[2, 0], 13] 1171.302 205994957
S[3, 16] 1063.831 206887670
C[[2, 0], 14] 1167.99 206991830
S[3, 17] 1096.642 207920671
C[[2, 0], 15] 1171.693 207995722
S[3, 18] 1073.574 208897782
S[3, 19] 1082.135 209906527
C[[2, 0], 16] 2174.6 209998808
C[[2, 0], 17] 1174.416 209998808
S[3, 20] 1086.837 210911413
C[[2, 0], 18] 1172.852 210997429
S[3, 21] 1107.058 211931837
C[[2, 0], 19] 1323.525 212148304
S[3, 22] 1127.956 212952923
C[[2, 1], 0] 1443.474 213268440
S[3, 23] 1121.721 213946876
C[[2, 1], 1] 1249.959 214075114
S[3, 24] 1109.555 214934898
C[[2, 1], 2] 1217.816 215043159
S[3, 25] 1113.702 215944695
CS[2, 0] 24350.526 4346.812 216171779
S[3, 26] 1103.562 216934732
C[[2, 1], 4] 1187.525 217018695
C[[2, 1], 3] 2187.702 217018695
S[3, 27] 1108.227 217939585
C[[2, 1], 5] 1146.582 217977940
S[3, 28] 1105.072 218936615
C[[2, 1], 6] 1142.13 218973673
S[3, 29] 1103.396 219935112
C[[2, 1], 7] 1174.197 220005913
S[3, 30] 1133.167 220965075
C[[2, 1], 8] 1186.726 221018635
S[3, 31] 1138.963 221971054
C[[2, 1], 9] 1180.634 222012726
S[3, 32] 1088.88 222921147
C[[2, 1], 10] 1136.953 222969220
S[3, 33] 1096.964 223929422
C[[2, 1], 11] 1157.682 223990140
S[3, 34] 1089.008 224921649
C[[2, 1], 12] 1192.067 225024707
S[3, 35] 1087.427 225920260
C[[2, 1], 13] 1140.971 225973805
S[3, 36] 1078.663 226911674
C[[2, 1], 14] 1147.503 226980515
S[3, 37] 1066.871 227900072
C[[2, 1], 15] 1152.064 227985266
S[3, 38] 1126.483 228959864
C[[2, 1], 16] 1202.492 229035873
S[3, 39] 1080.511 229914082
S[3, 40] 334.144 230167904
C[[2, 1], 17] 2145.095 230978666
C[[2, 1], 18] 1144.906 230978666
S[3, 41] 336.673 231170616
C[[2, 1], 19] 1208.938 232042882
S[3, 42] 354.179 232188298
S[3, 43] 426.247 233260559
C[[2, 2], 0] 1426.524 233260644
C[[2, 2], 1] 1175.159 234009472
S[3, 44] 1036.71 234871224
C[[2, 2], 2] 1240.7 235075213
S[3, 45] 1067.51 235902204
S[3, 46] 1103.184 236938063
CS[2, 1] 25169.03 5159.877 236993996
C[[2, 2], 3] 2159.488 236994181
C[[2, 2], 4] 1159.303 236994181
S[3, 47] 1104.211 237939279
C[[2, 2], 5] 1157.203 237992272
S[3, 48] 1101.104 238936361
C[[2, 2], 6] 1163.334 238998591
S[3, 49] 1118.19 239953626
C[[2, 2], 7] 1145.148 239980584
S[3, 50] 1114.771 240950389
C[[2, 2], 8] 1160.779 240996398
S[3, 51] 1120.987 241956795
C[[2, 2], 9] 1180.458 242016265
S[3, 52] 1107.369 242943355
C[[2, 2], 10] 1166.538 243002523
S[3, 53] 1106.642 243942809
C[[2, 2], 11] 1148.282 243984450
S[3, 54] 1099.445 244935792
C[[2, 2], 12] 1154.786 244991133
S[3, 55] 1131.855 245968380
C[[2, 2], 13] 1182.05 246018576
S[3, 56] 1120.867 246957581
S[3, 57] 1084.541 247921433
C[[2, 2], 15] 1152.411 247989303
C[[2, 2], 14] 2152.589 247989303
S[3, 58] 1085.669 248922744
C[[2, 2], 16] 1143.48 248980555
S[3, 59] 338.943 249176210
C[[2, 2], 17] 1191.607 250028874
C[[2, 2], 18] 1157.82 250995266
S[4, 0] 1157.902 250995349
S[4, 1] 341.95 251179596
SS3 62227.825 2211.253 252048699
C[[2, 2], 19] 1303.715 252141361
S[4, 2] 359.294 252197129
S[4, 3] 385.614 253223639
C[[2, 3], 0] 1385.891 253223726
C[[3, 0], 0] 1298.294 254136319
S[4, 4] 413.343 254251553
C[[3, 0], 1] 1409.997 255248207
S[4, 5] 466.323 255304719
CS[2, 2] 24237.354 4233.638 256071474
C[[3, 0], 2] 1407.192 256245588
S[4, 6] 448.054 256286623
S[4, 7] 1073.938 257912696
C[[3, 0], 3] 2368.009 258206579
C[[3, 0], 4] 1367.82 258206579
CS[2, 3] 6368.811 5368.621 258206647
S[4, 8] 1077.404 258916340
C[[3, 0], 5] 1263.457 259102393
S[4, 9] 1072.391 259911523
S[4, 10] 1092.192 260931509
C[[3, 0], 7] 1144.298 260983615
C[[3, 0], 6] 2144.483 260983615
S[4, 11] 1102.503 261942007
C[[3, 0], 8] 1161.856 262001360
S[4, 12] 1107.166 262946864
C[[3, 0], 9] 1169.773 263009470
S[4, 13] 1096.059 263935936
S[4, 14] 119.139 263959202
C[[3, 0], 10] 1138.097 263977974
S[4, 15] 127.688 264967934
C[[3, 0], 11] 1151.03 264991094
S[4, 16] 138.496 265978926
C[[3, 0], 12] 1161.398 266001643
C[[3, 0], 13] 1164.393 267004823
S[4, 17] 1090.77 267931391
S[4, 18] 151.685 267992470
C[[3, 0], 14] 1151.933 267992554
C[[3, 0], 15] 1142.194 268982980
S[4, 19] 169.391 269010400
C[[3, 0], 16] 1125.46 269966469
S[4, 20] 316.89 270158089
C[[3, 0], 17] 1158.125 270999323
S[4, 21] 326.723 271168103
C[[3, 0], 18] 1165.749 272007129
S[4, 22] 326.235 272167794
C[[3, 0], 19] 1195.594 273037152
S[4, 23] 362.446 273204178
C[[3, 1], 0] 1383.108 274224840
S[4, 24] 413.847 274255743
C[[3, 1], 1] 1376.584 275218480
S[4, 25] 993.779 275835862
S[4, 26] 1069.206 276911467
C[[3, 1], 2] 2298.547 277140629
C[[3, 1], 3] 1298.368 277140629
CS[3, 0] 24302.715 4299.008 277140740
S[4, 27] 1088.517 277930990
C[[3, 1], 4] 1163.771 278006245
S[4, 28] 1138.54 278981205
C[[3, 1], 5] 1190.334 279032998
S[4, 29] 1096.092 279938943
C[[3, 1], 6] 1167.858 280010708
S[4, 30] 1070.331 280913370
C[[3, 1], 7] 1158.364 281001403
S[4, 31] 1071.001 281914219
C[[3, 1], 8] 1165.135 282008354
S[4, 32] 1089.467 282932871
C[[3, 1], 9] 1170.453 283013856
S[4, 33] 1075.756 283919344
C[[3, 1], 10] 1159.615 284003203
S[4, 34] 1072.673 284916437
C[[3, 1], 11] 1140.415 284984178
S[4, 35] 1073.458 285917409
C[[3, 1], 12] 1134.629 285978580
S[4, 36] 1072.667 286916808
C[[3, 1], 13] 1148.419 286992561
S[4, 37] 1066.324 287910641
C[[3, 1], 14] 1173.04 288017358
S[4, 38] 1086.854 288931360
C[[3, 1], 15] 1155.505 289000011
S[4, 39] 342.541 289187228
S[4, 40] 350.647 290195518
C[[3, 1], 16] 2143.913 290988600
C[[3, 1], 17] 1143.728 290988600
S[4, 41] 1101.439 291946490
C[[3, 1], 18] 1165.125 292010176
S[4, 42] 1098.255 292943481
C[[3, 1], 19] 1178.075 293023301
S[4, 43] 1102.255 293947675
C[[3, 2], 0] 1256.572 294101992
S[4, 44] 1111.11 294961752
C[[3, 2], 1] 1653.497 295504139
S[4, 45] 1130.549 295981384
S[4, 46] 1104.638 296955652
C[[3, 2], 2] 2291.94 297142775
C[[3, 2], 3] 1291.761 297142775
CS[3, 1] 24301.147 4297.46 297142880
S[4, 47] 1066.685 297917884
C[[3, 2], 4] 1175.573 298026772
S[4, 48] 1066.139 298917527
C[[3, 2], 5] 1153.398 299004787
S[4, 49] 1078.108 299929680
C[[3, 2], 6] 1157.795 300009368
S[4, 50] 1062.774 300914526
C[[3, 2], 7] 1145.717 300997469
S[4, 51] 1085.485 301937414
C[[3, 2], 8] 1174.111 302026040
S[4, 52] 1088.971 302941086
C[[3, 2], 9] 1160.439 303012555
S[4, 53] 1076.488 303928780
C[[3, 2], 10] 1161.293 304013585
